[ 2014-04-26T09:15:45+08:00 ] 123.245.224.191 /admin.php
INFO: [ app_begin ] --START--
INFO: ReadHtmlCache Behavior ::run [ RunTime:0.000416s ]
INFO: [ app_begin ] --END-- [ RunTime:0.000594s ]

[ 2014-04-26T09:15:46+08:00 ] 123.245.224.191 /admin.php/Login/index.html
INFO: [ route_check ] --START--
INFO: CheckRoute Behavior ::run [ RunTime:0.000387s ]
INFO: [ route_check ] --END-- [ RunTime:0.000484s ]
INFO: [ app_begin ] --START--
INFO: ReadHtmlCache Behavior ::run [ RunTime:0.000428s ]
INFO: [ app_begin ] --END-- [ RunTime:0.000538s ]
INFO: [ view_parse ] --START--
INFO: ParseTemplate Behavior ::run [ RunTime:0.016668s ]
INFO: [ view_parse ] --END-- [ RunTime:0.016882s ]
INFO: [ view_filter ] --START--
INFO: ContentReplace Behavior ::run [ RunTime:0.000664s ]
INFO: TokenBuild Behavior ::run [ RunTime:0.000511s ]
INFO: WriteHtmlCache Behavior ::run [ RunTime:0.000430s ]
INFO: ShowRuntime Behavior ::run [ RunTime:0.000511s ]
INFO: [ view_filter ] --END-- [ RunTime:0.002420s ]
INFO: [ view_end ] --START--
INFO: ShowPageTrace Behavior ::run [ RunTime:0.000459s ]
INFO: [ view_end ] --END-- [ RunTime:0.000541s ]

[ 2014-04-26T09:15:48+08:00 ] 123.245.224.191 /admin.php/Login/login
INFO: [ route_check ] --START--
INFO: CheckRoute Behavior ::run [ RunTime:0.000514s ]
INFO: [ route_check ] --END-- [ RunTime:0.000664s ]
INFO: [ app_begin ] --START--
INFO: ReadHtmlCache Behavior ::run [ RunTime:0.000740s ]
INFO: [ app_begin ] --END-- [ RunTime:0.000855s ]
SQL: SHOW COLUMNS FROM `lm_user` [ RunTime:0.000852s ]
SQL: SELECT * FROM `lm_user` WHERE ( `username` = 'longmamedia' ) AND ( `userpwd` = '9b16c0d7ffcb7ff1a046be2f3f846ac8' ) LIMIT 1   [ RunTime:0.001271s ]
NOTIC: [8] A session had already been started - ignoring session_start() /www/web/longmamedia_com/public_html/Admin/Lib/Action/LoginAction.class.php 第 15 行.
INFO: [ view_parse ] --START--
INFO: ParseTemplate Behavior ::run [ RunTime:0.018779s ]
INFO: [ view_parse ] --END-- [ RunTime:0.018906s ]
INFO: [ view_filter ] --START--
INFO: ContentReplace Behavior ::run [ RunTime:0.000968s ]
INFO: TokenBuild Behavior ::run [ RunTime:0.000602s ]
INFO: WriteHtmlCache Behavior ::run [ RunTime:0.000333s ]
INFO: ShowRuntime Behavior ::run [ RunTime:0.000421s ]
INFO: [ view_filter ] --END-- [ RunTime:0.002628s ]
INFO: [ view_end ] --START--
INFO: ShowPageTrace Behavior ::run [ RunTime:0.000645s ]
INFO: [ view_end ] --END-- [ RunTime:0.000852s ]

[ 2014-04-26T09:15:49+08:00 ] 123.245.224.191 /admin.php/Index/index
INFO: [ route_check ] --START--
INFO: CheckRoute Behavior ::run [ RunTime:0.000692s ]
INFO: [ route_check ] --END-- [ RunTime:0.000882s ]
INFO: [ app_begin ] --START--
INFO: ReadHtmlCache Behavior ::run [ RunTime:0.000497s ]
INFO: [ app_begin ] --END-- [ RunTime:0.000586s ]
INFO: [ view_parse ] --START--
NOTIC: [8] Undefined variable: stat /www/web/longmamedia_com/public_html/Admin/Runtime/Cache/20eabf8d43f497715f3e1a7ec1a2f00f.php 第 131 行.
NOTIC: [8] Undefined variable: stat /www/web/longmamedia_com/public_html/Admin/Runtime/Cache/20eabf8d43f497715f3e1a7ec1a2f00f.php 第 139 行.
NOTIC: [8] Undefined variable: stat /www/web/longmamedia_com/public_html/Admin/Runtime/Cache/20eabf8d43f497715f3e1a7ec1a2f00f.php 第 147 行.
NOTIC: [8] Undefined variable: stat /www/web/longmamedia_com/public_html/Admin/Runtime/Cache/20eabf8d43f497715f3e1a7ec1a2f00f.php 第 171 行.
NOTIC: [8] Undefined variable: stat /www/web/longmamedia_com/public_html/Admin/Runtime/Cache/20eabf8d43f497715f3e1a7ec1a2f00f.php 第 172 行.
NOTIC: [8] Undefined variable: stat /www/web/longmamedia_com/public_html/Admin/Runtime/Cache/20eabf8d43f497715f3e1a7ec1a2f00f.php 第 174 行.
NOTIC: [8] Undefined variable: stat /www/web/longmamedia_com/public_html/Admin/Runtime/Cache/20eabf8d43f497715f3e1a7ec1a2f00f.php 第 175 行.
NOTIC: [8] Undefined variable: stat /www/web/longmamedia_com/public_html/Admin/Runtime/Cache/20eabf8d43f497715f3e1a7ec1a2f00f.php 第 176 行.
NOTIC: [8] Undefined variable: log /www/web/longmamedia_com/public_html/Admin/Runtime/Cache/20eabf8d43f497715f3e1a7ec1a2f00f.php 第 197 行.
NOTIC: [8] Undefined variable: sysinfo /www/web/longmamedia_com/public_html/Admin/Runtime/Cache/20eabf8d43f497715f3e1a7ec1a2f00f.php 第 213 行.
NOTIC: [8] Undefined variable: sysinfo /www/web/longmamedia_com/public_html/Admin/Runtime/Cache/20eabf8d43f497715f3e1a7ec1a2f00f.php 第 213 行.
NOTIC: [8] Undefined variable: sysinfo /www/web/longmamedia_com/public_html/Admin/Runtime/Cache/20eabf8d43f497715f3e1a7ec1a2f00f.php 第 217 行.
NOTIC: [8] Undefined variable: sysinfo /www/web/longmamedia_com/public_html/Admin/Runtime/Cache/20eabf8d43f497715f3e1a7ec1a2f00f.php 第 221 行.
INFO: ParseTemplate Behavior ::run [ RunTime:0.047033s ]
INFO: [ view_parse ] --END-- [ RunTime:0.047308s ]
INFO: [ view_filter ] --START--
INFO: ContentReplace Behavior ::run [ RunTime:0.002635s ]
INFO: TokenBuild Behavior ::run [ RunTime:0.000648s ]
INFO: WriteHtmlCache Behavior ::run [ RunTime:0.000473s ]
INFO: ShowRuntime Behavior ::run [ RunTime:0.000562s ]
INFO: [ view_filter ] --END-- [ RunTime:0.004602s ]
INFO: [ view_end ] --START--
INFO: ShowPageTrace Behavior ::run [ RunTime:0.000969s ]
INFO: [ view_end ] --END-- [ RunTime:0.001058s ]

[ 2014-04-26T09:15:56+08:00 ] 123.245.224.191 /admin.php/Basis/guide
INFO: [ route_check ] --START--
INFO: CheckRoute Behavior ::run [ RunTime:0.000412s ]
INFO: [ route_check ] --END-- [ RunTime:0.000513s ]
INFO: [ app_begin ] --START--
INFO: ReadHtmlCache Behavior ::run [ RunTime:0.000415s ]
INFO: [ app_begin ] --END-- [ RunTime:0.000497s ]
SQL: SHOW COLUMNS FROM `lm_webconfig` [ RunTime:0.000825s ]
SQL: SELECT * FROM `lm_webconfig` WHERE ( `item` = 'prompt' ) LIMIT 1   [ RunTime:0.000181s ]
INFO: [ view_parse ] --START--
INFO: ParseTemplate Behavior ::run [ RunTime:0.030615s ]
INFO: [ view_parse ] --END-- [ RunTime:0.030846s ]
INFO: [ view_filter ] --START--
INFO: ContentReplace Behavior ::run [ RunTime:0.000958s ]
INFO: TokenBuild Behavior ::run [ RunTime:0.000600s ]
INFO: WriteHtmlCache Behavior ::run [ RunTime:0.000567s ]
INFO: ShowRuntime Behavior ::run [ RunTime:0.000696s ]
INFO: [ view_filter ] --END-- [ RunTime:0.003136s ]
INFO: [ view_end ] --START--
INFO: ShowPageTrace Behavior ::run [ RunTime:0.000573s ]
INFO: [ view_end ] --END-- [ RunTime:0.000675s ]

[ 2014-04-26T09:16:54+08:00 ] 123.245.224.191 /admin.php/Basis/uguide
INFO: [ route_check ] --START--
INFO: CheckRoute Behavior ::run [ RunTime:0.000455s ]
INFO: [ route_check ] --END-- [ RunTime:0.000570s ]
INFO: [ app_begin ] --START--
INFO: ReadHtmlCache Behavior ::run [ RunTime:0.000488s ]
INFO: [ app_begin ] --END-- [ RunTime:0.000586s ]
SQL: SHOW COLUMNS FROM `lm_webconfig` [ RunTime:0.001019s ]
SQL: UPDATE `lm_webconfig` SET `content`='4月26日世界知识产权日，让保护知识产权成为自觉' WHERE ( `item` = 'prompt' ) [ RunTime:0.052739s ]
INFO: [ view_parse ] --START--
INFO: ParseTemplate Behavior ::run [ RunTime:0.007299s ]
INFO: [ view_parse ] --END-- [ RunTime:0.007433s ]
INFO: [ view_filter ] --START--
INFO: ContentReplace Behavior ::run [ RunTime:0.000683s ]
INFO: TokenBuild Behavior ::run [ RunTime:0.000483s ]
INFO: WriteHtmlCache Behavior ::run [ RunTime:0.000397s ]
INFO: ShowRuntime Behavior ::run [ RunTime:0.000463s ]
INFO: [ view_filter ] --END-- [ RunTime:0.002257s ]
INFO: [ view_end ] --START--
INFO: ShowPageTrace Behavior ::run [ RunTime:0.000432s ]
INFO: [ view_end ] --END-- [ RunTime:0.000506s ]

[ 2014-04-26T09:16:55+08:00 ] 123.245.224.191 /admin.php/Basis/guide
INFO: [ route_check ] --START--
INFO: CheckRoute Behavior ::run [ RunTime:0.000475s ]
INFO: [ route_check ] --END-- [ RunTime:0.000573s ]
INFO: [ app_begin ] --START--
INFO: ReadHtmlCache Behavior ::run [ RunTime:0.000448s ]
INFO: [ app_begin ] --END-- [ RunTime:0.000529s ]
SQL: SHOW COLUMNS FROM `lm_webconfig` [ RunTime:0.000793s ]
SQL: SELECT * FROM `lm_webconfig` WHERE ( `item` = 'prompt' ) LIMIT 1   [ RunTime:0.000508s ]
INFO: [ view_parse ] --START--
INFO: ParseTemplate Behavior ::run [ RunTime:0.012409s ]
INFO: [ view_parse ] --END-- [ RunTime:0.012611s ]
INFO: [ view_filter ] --START--
INFO: ContentReplace Behavior ::run [ RunTime:0.000729s ]
INFO: TokenBuild Behavior ::run [ RunTime:0.000409s ]
INFO: WriteHtmlCache Behavior ::run [ RunTime:0.000316s ]
INFO: ShowRuntime Behavior ::run [ RunTime:0.000454s ]
INFO: [ view_filter ] --END-- [ RunTime:0.002220s ]
INFO: [ view_end ] --START--
INFO: ShowPageTrace Behavior ::run [ RunTime:0.000501s ]
INFO: [ view_end ] --END-- [ RunTime:0.000619s ]

[ 2014-04-26T09:17:14+08:00 ] 123.245.224.191 /admin.php/Config/listsConfig
INFO: [ route_check ] --START--
INFO: CheckRoute Behavior ::run [ RunTime:0.000517s ]
INFO: [ route_check ] --END-- [ RunTime:0.000665s ]
INFO: [ app_begin ] --START--
INFO: ReadHtmlCache Behavior ::run [ RunTime:0.000544s ]
INFO: [ app_begin ] --END-- [ RunTime:0.000656s ]
SQL: SHOW COLUMNS FROM `lm_webconfig` [ RunTime:0.001079s ]
SQL: SELECT * FROM `lm_webconfig`  [ RunTime:0.000453s ]
INFO: [ view_parse ] --START--
INFO: ParseTemplate Behavior ::run [ RunTime:0.052967s ]
INFO: [ view_parse ] --END-- [ RunTime:0.053155s ]
INFO: [ view_filter ] --START--
INFO: ContentReplace Behavior ::run [ RunTime:0.000821s ]
INFO: TokenBuild Behavior ::run [ RunTime:0.000505s ]
INFO: WriteHtmlCache Behavior ::run [ RunTime:0.000401s ]
INFO: ShowRuntime Behavior ::run [ RunTime:0.000541s ]
INFO: [ view_filter ] --END-- [ RunTime:0.002569s ]
INFO: [ view_end ] --START--
INFO: ShowPageTrace Behavior ::run [ RunTime:0.000492s ]
INFO: [ view_end ] --END-- [ RunTime:0.000577s ]

[ 2014-04-26T09:17:21+08:00 ] 123.245.224.191 /admin.php/Basis/guide
INFO: [ route_check ] --START--
INFO: CheckRoute Behavior ::run [ RunTime:0.000518s ]
INFO: [ route_check ] --END-- [ RunTime:0.000678s ]
INFO: [ app_begin ] --START--
INFO: ReadHtmlCache Behavior ::run [ RunTime:0.000540s ]
INFO: [ app_begin ] --END-- [ RunTime:0.000631s ]
SQL: SHOW COLUMNS FROM `lm_webconfig` [ RunTime:0.000986s ]
SQL: SELECT * FROM `lm_webconfig` WHERE ( `item` = 'prompt' ) LIMIT 1   [ RunTime:0.000460s ]
INFO: [ view_parse ] --START--
INFO: ParseTemplate Behavior ::run [ RunTime:0.013208s ]
INFO: [ view_parse ] --END-- [ RunTime:0.013342s ]
INFO: [ view_filter ] --START--
INFO: ContentReplace Behavior ::run [ RunTime:0.000655s ]
INFO: TokenBuild Behavior ::run [ RunTime:0.000456s ]
INFO: WriteHtmlCache Behavior ::run [ RunTime:0.000411s ]
INFO: ShowRuntime Behavior ::run [ RunTime:0.000463s ]
INFO: [ view_filter ] --END-- [ RunTime:0.002217s ]
INFO: [ view_end ] --START--
INFO: ShowPageTrace Behavior ::run [ RunTime:0.000465s ]
INFO: [ view_end ] --END-- [ RunTime:0.000565s ]

[ 2014-04-26T09:17:24+08:00 ] 123.245.224.191 /admin.php/Basis/uguide
INFO: [ route_check ] --START--
INFO: CheckRoute Behavior ::run [ RunTime:0.000385s ]
INFO: [ route_check ] --END-- [ RunTime:0.000484s ]
INFO: [ app_begin ] --START--
INFO: ReadHtmlCache Behavior ::run [ RunTime:0.000373s ]
INFO: [ app_begin ] --END-- [ RunTime:0.000466s ]
SQL: SHOW COLUMNS FROM `lm_webconfig` [ RunTime:0.000789s ]
SQL: UPDATE `lm_webconfig` SET `content`='4月26日世界知识产权日<br />让保护知识产权成为自觉' WHERE ( `item` = 'prompt' ) [ RunTime:0.000461s ]
INFO: [ view_parse ] --START--
INFO: ParseTemplate Behavior ::run [ RunTime:0.006550s ]
INFO: [ view_parse ] --END-- [ RunTime:0.006669s ]
INFO: [ view_filter ] --START--
INFO: ContentReplace Behavior ::run [ RunTime:0.000552s ]
INFO: TokenBuild Behavior ::run [ RunTime:0.000702s ]
INFO: WriteHtmlCache Behavior ::run [ RunTime:0.000588s ]
INFO: ShowRuntime Behavior ::run [ RunTime:0.000399s ]
INFO: [ view_filter ] --END-- [ RunTime:0.002476s ]
INFO: [ view_end ] --START--
INFO: ShowPageTrace Behavior ::run [ RunTime:0.000428s ]
INFO: [ view_end ] --END-- [ RunTime:0.000503s ]

[ 2014-04-26T09:17:25+08:00 ] 123.245.224.191 /admin.php/Basis/guide
INFO: [ route_check ] --START--
INFO: CheckRoute Behavior ::run [ RunTime:0.000481s ]
INFO: [ route_check ] --END-- [ RunTime:0.000600s ]
INFO: [ app_begin ] --START--
INFO: ReadHtmlCache Behavior ::run [ RunTime:0.000379s ]
INFO: [ app_begin ] --END-- [ RunTime:0.000476s ]
SQL: SHOW COLUMNS FROM `lm_webconfig` [ RunTime:0.000870s ]
SQL: SELECT * FROM `lm_webconfig` WHERE ( `item` = 'prompt' ) LIMIT 1   [ RunTime:0.000508s ]
INFO: [ view_parse ] --START--
INFO: ParseTemplate Behavior ::run [ RunTime:0.015152s ]
INFO: [ view_parse ] --END-- [ RunTime:0.016061s ]
INFO: [ view_filter ] --START--
INFO: ContentReplace Behavior ::run [ RunTime:0.000794s ]
INFO: TokenBuild Behavior ::run [ RunTime:0.000391s ]
INFO: WriteHtmlCache Behavior ::run [ RunTime:0.000515s ]
INFO: ShowRuntime Behavior ::run [ RunTime:0.005432s ]
INFO: [ view_filter ] --END-- [ RunTime:0.007515s ]
INFO: [ view_end ] --START--
INFO: ShowPageTrace Behavior ::run [ RunTime:0.000405s ]
INFO: [ view_end ] --END-- [ RunTime:0.000492s ]

[ 2014-04-26T09:17:38+08:00 ] 123.245.224.191 /admin.php/Basis/uguide
INFO: [ route_check ] --START--
INFO: CheckRoute Behavior ::run [ RunTime:0.000428s ]
INFO: [ route_check ] --END-- [ RunTime:0.000527s ]
INFO: [ app_begin ] --START--
INFO: ReadHtmlCache Behavior ::run [ RunTime:0.000473s ]
INFO: [ app_begin ] --END-- [ RunTime:0.000572s ]
SQL: SHOW COLUMNS FROM `lm_webconfig` [ RunTime:0.000896s ]
SQL: UPDATE `lm_webconfig` SET `content`='4月26日世界知识产权日' WHERE ( `item` = 'prompt' ) [ RunTime:0.000449s ]
INFO: [ view_parse ] --START--
INFO: ParseTemplate Behavior ::run [ RunTime:0.007728s ]
INFO: [ view_parse ] --END-- [ RunTime:0.007908s ]
INFO: [ view_filter ] --START--
INFO: ContentReplace Behavior ::run [ RunTime:0.000595s ]
INFO: TokenBuild Behavior ::run [ RunTime:0.000606s ]
INFO: WriteHtmlCache Behavior ::run [ RunTime:0.000422s ]
INFO: ShowRuntime Behavior ::run [ RunTime:0.000425s ]
INFO: [ view_filter ] --END-- [ RunTime:0.002853s ]
INFO: [ view_end ] --START--
INFO: ShowPageTrace Behavior ::run [ RunTime:0.000402s ]
INFO: [ view_end ] --END-- [ RunTime:0.000476s ]

[ 2014-04-26T09:17:39+08:00 ] 123.245.224.191 /admin.php/Basis/guide
INFO: [ route_check ] --START--
INFO: CheckRoute Behavior ::run [ RunTime:0.000484s ]
INFO: [ route_check ] --END-- [ RunTime:0.000603s ]
INFO: [ app_begin ] --START--
INFO: ReadHtmlCache Behavior ::run [ RunTime:0.000610s ]
INFO: [ app_begin ] --END-- [ RunTime:0.000697s ]
SQL: SHOW COLUMNS FROM `lm_webconfig` [ RunTime:0.000765s ]
SQL: SELECT * FROM `lm_webconfig` WHERE ( `item` = 'prompt' ) LIMIT 1   [ RunTime:0.000535s ]
INFO: [ view_parse ] --START--
INFO: ParseTemplate Behavior ::run [ RunTime:0.014397s ]
INFO: [ view_parse ] --END-- [ RunTime:0.014595s ]
INFO: [ view_filter ] --START--
INFO: ContentReplace Behavior ::run [ RunTime:0.000676s ]
INFO: TokenBuild Behavior ::run [ RunTime:0.000390s ]
INFO: WriteHtmlCache Behavior ::run [ RunTime:0.000438s ]
INFO: ShowRuntime Behavior ::run [ RunTime:0.000394s ]
INFO: [ view_filter ] --END-- [ RunTime:0.002137s ]
INFO: [ view_end ] --START--
INFO: ShowPageTrace Behavior ::run [ RunTime:0.000368s ]
INFO: [ view_end ] --END-- [ RunTime:0.000468s ]

[ 2014-04-26T09:17:40+08:00 ] 123.245.224.191 /admin.php/Basis/uguide
INFO: [ route_check ] --START--
INFO: CheckRoute Behavior ::run [ RunTime:0.000442s ]
INFO: [ route_check ] --END-- [ RunTime:0.000555s ]
INFO: [ app_begin ] --START--
INFO: ReadHtmlCache Behavior ::run [ RunTime:0.000499s ]
INFO: [ app_begin ] --END-- [ RunTime:0.000597s ]
SQL: SHOW COLUMNS FROM `lm_webconfig` [ RunTime:0.000738s ]
SQL: UPDATE `lm_webconfig` SET `content`='4月26日世界知识产权日' WHERE ( `item` = 'prompt' ) [ RunTime:0.000379s ]
INFO: [ view_parse ] --START--
INFO: ParseTemplate Behavior ::run [ RunTime:0.007041s ]
INFO: [ view_parse ] --END-- [ RunTime:0.007175s ]
INFO: [ view_filter ] --START--
INFO: ContentReplace Behavior ::run [ RunTime:0.000523s ]
INFO: TokenBuild Behavior ::run [ RunTime:0.000400s ]
INFO: WriteHtmlCache Behavior ::run [ RunTime:0.000408s ]
INFO: ShowRuntime Behavior ::run [ RunTime:0.000429s ]
INFO: [ view_filter ] --END-- [ RunTime:0.001985s ]
INFO: [ view_end ] --START--
INFO: ShowPageTrace Behavior ::run [ RunTime:0.000480s ]
INFO: [ view_end ] --END-- [ RunTime:0.000555s ]

