[ 2014-07-24T08:54:30+08:00 ] 123.245.251.198 /admin.php/Login/index.html
INFO: [ route_check ] --START--
INFO: CheckRoute Behavior ::run [ RunTime:0.000447s ]
INFO: [ route_check ] --END-- [ RunTime:0.000594s ]
INFO: [ app_begin ] --START--
INFO: ReadHtmlCache Behavior ::run [ RunTime:0.000445s ]
INFO: [ app_begin ] --END-- [ RunTime:0.000528s ]
INFO: [ view_parse ] --START--
INFO: ParseTemplate Behavior ::run [ RunTime:0.007144s ]
INFO: [ view_parse ] --END-- [ RunTime:0.007261s ]
INFO: [ view_filter ] --START--
INFO: ContentReplace Behavior ::run [ RunTime:0.000584s ]
INFO: TokenBuild Behavior ::run [ RunTime:0.000400s ]
INFO: WriteHtmlCache Behavior ::run [ RunTime:0.000387s ]
INFO: ShowRuntime Behavior ::run [ RunTime:0.000436s ]
INFO: [ view_filter ] --END-- [ RunTime:0.002030s ]
INFO: [ view_end ] --START--
INFO: ShowPageTrace Behavior ::run [ RunTime:0.000412s ]
INFO: [ view_end ] --END-- [ RunTime:0.000499s ]

[ 2014-07-24T08:54:30+08:00 ] 101.226.33.217 /admin.php/Login/index.html
INFO: [ route_check ] --START--
INFO: CheckRoute Behavior ::run [ RunTime:0.000442s ]
INFO: [ route_check ] --END-- [ RunTime:0.000547s ]
INFO: [ app_begin ] --START--
INFO: ReadHtmlCache Behavior ::run [ RunTime:0.000462s ]
INFO: [ app_begin ] --END-- [ RunTime:0.000540s ]
INFO: [ view_parse ] --START--
INFO: ParseTemplate Behavior ::run [ RunTime:0.005227s ]
INFO: [ view_parse ] --END-- [ RunTime:0.005349s ]
INFO: [ view_filter ] --START--
INFO: ContentReplace Behavior ::run [ RunTime:0.000451s ]
INFO: TokenBuild Behavior ::run [ RunTime:0.000381s ]
INFO: WriteHtmlCache Behavior ::run [ RunTime:0.000394s ]
INFO: ShowRuntime Behavior ::run [ RunTime:0.000402s ]
INFO: [ view_filter ] --END-- [ RunTime:0.001853s ]
INFO: [ view_end ] --START--
INFO: ShowPageTrace Behavior ::run [ RunTime:0.000397s ]
INFO: [ view_end ] --END-- [ RunTime:0.000483s ]

[ 2014-07-24T08:54:32+08:00 ] 123.245.251.198 /admin.php/Login/login
INFO: [ route_check ] --START--
INFO: CheckRoute Behavior ::run [ RunTime:0.000456s ]
INFO: [ route_check ] --END-- [ RunTime:0.000586s ]
INFO: [ app_begin ] --START--
INFO: ReadHtmlCache Behavior ::run [ RunTime:0.000470s ]
INFO: [ app_begin ] --END-- [ RunTime:0.000550s ]
SQL: SHOW COLUMNS FROM `lm_user` [ RunTime:0.001079s ]
SQL: SELECT * FROM `lm_user` WHERE ( `username` = 'longmamedia' ) AND ( `userpwd` = '9b16c0d7ffcb7ff1a046be2f3f846ac8' ) LIMIT 1   [ RunTime:0.000192s ]
NOTIC: [8] A session had already been started - ignoring session_start() /www/web/longmamedia_com/public_html/Admin/Lib/Action/LoginAction.class.php 第 15 行.
INFO: [ view_parse ] --START--
INFO: ParseTemplate Behavior ::run [ RunTime:0.007219s ]
INFO: [ view_parse ] --END-- [ RunTime:0.007328s ]
INFO: [ view_filter ] --START--
INFO: ContentReplace Behavior ::run [ RunTime:0.000524s ]
INFO: TokenBuild Behavior ::run [ RunTime:0.000391s ]
INFO: WriteHtmlCache Behavior ::run [ RunTime:0.000381s ]
INFO: ShowRuntime Behavior ::run [ RunTime:0.000482s ]
INFO: [ view_filter ] --END-- [ RunTime:0.002041s ]
INFO: [ view_end ] --START--
INFO: ShowPageTrace Behavior ::run [ RunTime:0.000543s ]
INFO: [ view_end ] --END-- [ RunTime:0.000641s ]

[ 2014-07-24T08:54:33+08:00 ] 123.245.251.198 /admin.php/Index/index
INFO: [ route_check ] --START--
INFO: CheckRoute Behavior ::run [ RunTime:0.000558s ]
INFO: [ route_check ] --END-- [ RunTime:0.000703s ]
INFO: [ app_begin ] --START--
INFO: ReadHtmlCache Behavior ::run [ RunTime:0.000417s ]
INFO: [ app_begin ] --END-- [ RunTime:0.000498s ]
INFO: [ view_parse ] --START--
NOTIC: [8] Undefined variable: stat /www/web/longmamedia_com/public_html/Admin/Runtime/Cache/20eabf8d43f497715f3e1a7ec1a2f00f.php 第 131 行.
NOTIC: [8] Undefined variable: stat /www/web/longmamedia_com/public_html/Admin/Runtime/Cache/20eabf8d43f497715f3e1a7ec1a2f00f.php 第 139 行.
NOTIC: [8] Undefined variable: stat /www/web/longmamedia_com/public_html/Admin/Runtime/Cache/20eabf8d43f497715f3e1a7ec1a2f00f.php 第 147 行.
NOTIC: [8] Undefined variable: stat /www/web/longmamedia_com/public_html/Admin/Runtime/Cache/20eabf8d43f497715f3e1a7ec1a2f00f.php 第 171 行.
NOTIC: [8] Undefined variable: stat /www/web/longmamedia_com/public_html/Admin/Runtime/Cache/20eabf8d43f497715f3e1a7ec1a2f00f.php 第 172 行.
NOTIC: [8] Undefined variable: stat /www/web/longmamedia_com/public_html/Admin/Runtime/Cache/20eabf8d43f497715f3e1a7ec1a2f00f.php 第 174 行.
NOTIC: [8] Undefined variable: stat /www/web/longmamedia_com/public_html/Admin/Runtime/Cache/20eabf8d43f497715f3e1a7ec1a2f00f.php 第 175 行.
NOTIC: [8] Undefined variable: stat /www/web/longmamedia_com/public_html/Admin/Runtime/Cache/20eabf8d43f497715f3e1a7ec1a2f00f.php 第 176 行.
NOTIC: [8] Undefined variable: log /www/web/longmamedia_com/public_html/Admin/Runtime/Cache/20eabf8d43f497715f3e1a7ec1a2f00f.php 第 197 行.
NOTIC: [8] Undefined variable: sysinfo /www/web/longmamedia_com/public_html/Admin/Runtime/Cache/20eabf8d43f497715f3e1a7ec1a2f00f.php 第 213 行.
NOTIC: [8] Undefined variable: sysinfo /www/web/longmamedia_com/public_html/Admin/Runtime/Cache/20eabf8d43f497715f3e1a7ec1a2f00f.php 第 213 行.
NOTIC: [8] Undefined variable: sysinfo /www/web/longmamedia_com/public_html/Admin/Runtime/Cache/20eabf8d43f497715f3e1a7ec1a2f00f.php 第 217 行.
NOTIC: [8] Undefined variable: sysinfo /www/web/longmamedia_com/public_html/Admin/Runtime/Cache/20eabf8d43f497715f3e1a7ec1a2f00f.php 第 221 行.
INFO: ParseTemplate Behavior ::run [ RunTime:0.018849s ]
INFO: [ view_parse ] --END-- [ RunTime:0.018972s ]
INFO: [ view_filter ] --START--
INFO: ContentReplace Behavior ::run [ RunTime:0.000712s ]
INFO: TokenBuild Behavior ::run [ RunTime:0.000395s ]
INFO: WriteHtmlCache Behavior ::run [ RunTime:0.000348s ]
INFO: ShowRuntime Behavior ::run [ RunTime:0.000456s ]
INFO: [ view_filter ] --END-- [ RunTime:0.002220s ]
INFO: [ view_end ] --START--
INFO: ShowPageTrace Behavior ::run [ RunTime:0.000432s ]
INFO: [ view_end ] --END-- [ RunTime:0.000514s ]

[ 2014-07-24T08:54:34+08:00 ] 180.153.161.55 /admin.php/Index/index
INFO: [ route_check ] --START--
INFO: CheckRoute Behavior ::run [ RunTime:0.000369s ]
INFO: [ route_check ] --END-- [ RunTime:0.000542s ]
INFO: [ app_begin ] --START--
INFO: ReadHtmlCache Behavior ::run [ RunTime:0.000449s ]
INFO: [ app_begin ] --END-- [ RunTime:0.000548s ]

[ 2014-07-24T08:54:57+08:00 ] 101.226.33.205 /admin.php/Login/login
INFO: [ route_check ] --START--
INFO: CheckRoute Behavior ::run [ RunTime:0.000419s ]
INFO: [ route_check ] --END-- [ RunTime:0.000579s ]
INFO: [ app_begin ] --START--
INFO: ReadHtmlCache Behavior ::run [ RunTime:0.000462s ]
INFO: [ app_begin ] --END-- [ RunTime:0.000537s ]
SQL: SHOW COLUMNS FROM `lm_user` [ RunTime:0.000913s ]
NOTIC: [8] Undefined index:  username /www/web/longmamedia_com/public_html/Admin/Lib/Action/LoginAction.class.php 第 13 行.
NOTIC: [8] Undefined index:  userpwd /www/web/longmamedia_com/public_html/Admin/Lib/Action/LoginAction.class.php 第 13 行.
SQL: SELECT * FROM `lm_user` WHERE ( `username` = null ) AND ( `userpwd` = 'd41d8cd98f00b204e9800998ecf8427e' ) LIMIT 1   [ RunTime:0.015229s ]
INFO: [ view_parse ] --START--
INFO: ParseTemplate Behavior ::run [ RunTime:0.007274s ]
INFO: [ view_parse ] --END-- [ RunTime:0.007393s ]
INFO: [ view_filter ] --START--
INFO: ContentReplace Behavior ::run [ RunTime:0.000659s ]
INFO: TokenBuild Behavior ::run [ RunTime:0.000438s ]
INFO: WriteHtmlCache Behavior ::run [ RunTime:0.000448s ]
INFO: ShowRuntime Behavior ::run [ RunTime:0.000442s ]
INFO: [ view_filter ] --END-- [ RunTime:0.002256s ]
INFO: [ view_end ] --START--
INFO: ShowPageTrace Behavior ::run [ RunTime:0.000426s ]
INFO: [ view_end ] --END-- [ RunTime:0.000522s ]

[ 2014-07-24T08:55:11+08:00 ] 123.245.251.198 /admin.php/Basis/cop
INFO: [ route_check ] --START--
INFO: CheckRoute Behavior ::run [ RunTime:0.000434s ]
INFO: [ route_check ] --END-- [ RunTime:0.000574s ]
INFO: [ app_begin ] --START--
INFO: ReadHtmlCache Behavior ::run [ RunTime:0.000408s ]
INFO: [ app_begin ] --END-- [ RunTime:0.000484s ]
SQL: SHOW COLUMNS FROM `lm_webconfig` [ RunTime:0.000768s ]
SQL: SELECT * FROM `lm_webconfig` WHERE ( `item` = 'copyright' ) LIMIT 1   [ RunTime:0.000209s ]
INFO: [ view_parse ] --START--
INFO: ParseTemplate Behavior ::run [ RunTime:0.012987s ]
INFO: [ view_parse ] --END-- [ RunTime:0.013100s ]
INFO: [ view_filter ] --START--
INFO: ContentReplace Behavior ::run [ RunTime:0.000666s ]
INFO: TokenBuild Behavior ::run [ RunTime:0.000428s ]
INFO: WriteHtmlCache Behavior ::run [ RunTime:0.000378s ]
INFO: ShowRuntime Behavior ::run [ RunTime:0.000585s ]
INFO: [ view_filter ] --END-- [ RunTime:0.002416s ]
INFO: [ view_end ] --START--
INFO: ShowPageTrace Behavior ::run [ RunTime:0.000408s ]
INFO: [ view_end ] --END-- [ RunTime:0.000494s ]

[ 2014-07-24T08:55:15+08:00 ] 112.64.235.89 /admin.php/Basis/cop
INFO: [ route_check ] --START--
INFO: CheckRoute Behavior ::run [ RunTime:0.000400s ]
INFO: [ route_check ] --END-- [ RunTime:0.000498s ]
INFO: [ app_begin ] --START--
INFO: ReadHtmlCache Behavior ::run [ RunTime:0.000398s ]
INFO: [ app_begin ] --END-- [ RunTime:0.000476s ]

[ 2014-07-24T08:55:27+08:00 ] 101.226.89.64 /admin.php/Login/index.html
INFO: [ route_check ] --START--
INFO: CheckRoute Behavior ::run [ RunTime:0.000362s ]
INFO: [ route_check ] --END-- [ RunTime:0.000592s ]
INFO: [ app_begin ] --START--
INFO: ReadHtmlCache Behavior ::run [ RunTime:0.000365s ]
INFO: [ app_begin ] --END-- [ RunTime:0.000439s ]
INFO: [ view_parse ] --START--
INFO: ParseTemplate Behavior ::run [ RunTime:0.008755s ]
INFO: [ view_parse ] --END-- [ RunTime:0.008875s ]
INFO: [ view_filter ] --START--
INFO: ContentReplace Behavior ::run [ RunTime:0.000535s ]
INFO: TokenBuild Behavior ::run [ RunTime:0.000405s ]
INFO: WriteHtmlCache Behavior ::run [ RunTime:0.000373s ]
INFO: ShowRuntime Behavior ::run [ RunTime:0.000420s ]
INFO: [ view_filter ] --END-- [ RunTime:0.001953s ]
INFO: [ view_end ] --START--
INFO: ShowPageTrace Behavior ::run [ RunTime:0.000387s ]
INFO: [ view_end ] --END-- [ RunTime:0.000461s ]

[ 2014-07-24T08:55:48+08:00 ] 123.245.251.198 /admin.php/Basis/ucop
INFO: [ route_check ] --START--
INFO: CheckRoute Behavior ::run [ RunTime:0.000567s ]
INFO: [ route_check ] --END-- [ RunTime:0.000711s ]
INFO: [ app_begin ] --START--
INFO: ReadHtmlCache Behavior ::run [ RunTime:0.000370s ]
INFO: [ app_begin ] --END-- [ RunTime:0.000450s ]
SQL: SHOW COLUMNS FROM `lm_webconfig` [ RunTime:0.000885s ]
SQL: UPDATE `lm_webconfig` SET `content`='Copyright © 2008-2012 All rights reserved www.longmamedia.com<br />龙马视艺广告传媒有限公司 版权所有  辽ICP备14009890号-1  <script type=\\\\\\\"text/javascript\\\\\\\">var cnzz_protocol = ((\\\\\\\"https:\\\\\\\" == document.location.protocol) ? \\\\\\\" https://\\\\\\\" : \\\\\\\" http://\\\\\\\");document.write(unescape(\\\\\\\"%3Cspan id=\\\\\\\'cnzz_stat_icon_1000299286\\\\\\\'%3E%3C/span%3E%3Cscript src=\\\\\\\'\\\\\\\" + cnzz_protocol + \\\\\\\"s5.cnzz.com/z_stat.php%3Fid%3D1000299286%26show%3Dpic\\\\\\\' type=\\\\\\\'text/javascript\\\\\\\'%3E%3C/script%3E\\\\\\\"));</script>' WHERE ( `item` = 'copyright' ) [ RunTime:0.000681s ]
INFO: [ view_parse ] --START--
INFO: ParseTemplate Behavior ::run [ RunTime:0.006931s ]
INFO: [ view_parse ] --END-- [ RunTime:0.007216s ]
INFO: [ view_filter ] --START--
INFO: ContentReplace Behavior ::run [ RunTime:0.000549s ]
INFO: TokenBuild Behavior ::run [ RunTime:0.000413s ]
INFO: WriteHtmlCache Behavior ::run [ RunTime:0.000390s ]
INFO: ShowRuntime Behavior ::run [ RunTime:0.000467s ]
INFO: [ view_filter ] --END-- [ RunTime:0.002086s ]
INFO: [ view_end ] --START--
INFO: ShowPageTrace Behavior ::run [ RunTime:0.000547s ]
INFO: [ view_end ] --END-- [ RunTime:0.000639s ]

[ 2014-07-24T08:55:48+08:00 ] 112.64.235.87 /admin.php/Basis/ucop
INFO: [ route_check ] --START--
INFO: CheckRoute Behavior ::run [ RunTime:0.000536s ]
INFO: [ route_check ] --END-- [ RunTime:0.000655s ]
INFO: [ app_begin ] --START--
INFO: ReadHtmlCache Behavior ::run [ RunTime:0.000636s ]
INFO: [ app_begin ] --END-- [ RunTime:0.000748s ]

[ 2014-07-24T08:55:49+08:00 ] 123.245.251.198 /admin.php/Basis/cop
INFO: [ route_check ] --START--
INFO: CheckRoute Behavior ::run [ RunTime:0.000439s ]
INFO: [ route_check ] --END-- [ RunTime:0.000595s ]
INFO: [ app_begin ] --START--
INFO: ReadHtmlCache Behavior ::run [ RunTime:0.000449s ]
INFO: [ app_begin ] --END-- [ RunTime:0.000532s ]
SQL: SHOW COLUMNS FROM `lm_webconfig` [ RunTime:0.001199s ]
SQL: SELECT * FROM `lm_webconfig` WHERE ( `item` = 'copyright' ) LIMIT 1   [ RunTime:0.000427s ]
INFO: [ view_parse ] --START--
INFO: ParseTemplate Behavior ::run [ RunTime:0.013190s ]
INFO: [ view_parse ] --END-- [ RunTime:0.013337s ]
INFO: [ view_filter ] --START--
INFO: ContentReplace Behavior ::run [ RunTime:0.000714s ]
INFO: TokenBuild Behavior ::run [ RunTime:0.000672s ]
INFO: WriteHtmlCache Behavior ::run [ RunTime:0.000520s ]
INFO: ShowRuntime Behavior ::run [ RunTime:0.000615s ]
INFO: [ view_filter ] --END-- [ RunTime:0.002864s ]
INFO: [ view_end ] --START--
INFO: ShowPageTrace Behavior ::run [ RunTime:0.000620s ]
INFO: [ view_end ] --END-- [ RunTime:0.000752s ]

[ 2014-07-24T08:59:05+08:00 ] 101.226.33.217 /admin.php/Login/
INFO: [ route_check ] --START--
INFO: CheckRoute Behavior ::run [ RunTime:0.000375s ]
INFO: [ route_check ] --END-- [ RunTime:0.000482s ]
INFO: [ app_begin ] --START--
INFO: ReadHtmlCache Behavior ::run [ RunTime:0.000382s ]
INFO: [ app_begin ] --END-- [ RunTime:0.000476s ]
INFO: [ view_parse ] --START--
INFO: ParseTemplate Behavior ::run [ RunTime:0.006853s ]
INFO: [ view_parse ] --END-- [ RunTime:0.006986s ]
INFO: [ view_filter ] --START--
INFO: ContentReplace Behavior ::run [ RunTime:0.000668s ]
INFO: TokenBuild Behavior ::run [ RunTime:0.000441s ]
INFO: WriteHtmlCache Behavior ::run [ RunTime:0.000464s ]
INFO: ShowRuntime Behavior ::run [ RunTime:0.000433s ]
INFO: [ view_filter ] --END-- [ RunTime:0.002402s ]
INFO: [ view_end ] --START--
INFO: ShowPageTrace Behavior ::run [ RunTime:0.000507s ]
INFO: [ view_end ] --END-- [ RunTime:0.000584s ]

[ 2014-07-24T09:04:45+08:00 ] 101.226.33.217 /admin.php/Login//
INFO: [ route_check ] --START--
INFO: CheckRoute Behavior ::run [ RunTime:0.000455s ]
INFO: [ route_check ] --END-- [ RunTime:0.000578s ]
INFO: [ app_begin ] --START--
INFO: ReadHtmlCache Behavior ::run [ RunTime:0.000688s ]
INFO: [ app_begin ] --END-- [ RunTime:0.000793s ]
INFO: [ view_parse ] --START--
INFO: ParseTemplate Behavior ::run [ RunTime:0.008575s ]
INFO: [ view_parse ] --END-- [ RunTime:0.008740s ]
INFO: [ view_filter ] --START--
INFO: ContentReplace Behavior ::run [ RunTime:0.000817s ]
INFO: TokenBuild Behavior ::run [ RunTime:0.000648s ]
INFO: WriteHtmlCache Behavior ::run [ RunTime:0.000537s ]
INFO: ShowRuntime Behavior ::run [ RunTime:0.000601s ]
INFO: [ view_filter ] --END-- [ RunTime:0.002966s ]
INFO: [ view_end ] --START--
INFO: ShowPageTrace Behavior ::run [ RunTime:0.000607s ]
INFO: [ view_end ] --END-- [ RunTime:0.000720s ]

[ 2014-07-24T09:05:24+08:00 ] 101.226.89.64 /admin.php/Login/
INFO: [ route_check ] --START--
INFO: CheckRoute Behavior ::run [ RunTime:0.000416s ]
INFO: [ route_check ] --END-- [ RunTime:0.000537s ]
INFO: [ app_begin ] --START--
INFO: ReadHtmlCache Behavior ::run [ RunTime:0.000589s ]
INFO: [ app_begin ] --END-- [ RunTime:0.000707s ]
INFO: [ view_parse ] --START--
INFO: ParseTemplate Behavior ::run [ RunTime:0.007775s ]
INFO: [ view_parse ] --END-- [ RunTime:0.007890s ]
INFO: [ view_filter ] --START--
INFO: ContentReplace Behavior ::run [ RunTime:0.000613s ]
INFO: TokenBuild Behavior ::run [ RunTime:0.000467s ]
INFO: WriteHtmlCache Behavior ::run [ RunTime:0.000488s ]
INFO: ShowRuntime Behavior ::run [ RunTime:0.000590s ]
INFO: [ view_filter ] --END-- [ RunTime:0.002443s ]
INFO: [ view_end ] --START--
INFO: ShowPageTrace Behavior ::run [ RunTime:0.000427s ]
INFO: [ view_end ] --END-- [ RunTime:0.000525s ]

[ 2014-07-24T09:05:46+08:00 ] 220.181.165.139 /admin.php
INFO: [ app_begin ] --START--
INFO: ReadHtmlCache Behavior ::run [ RunTime:0.000816s ]
INFO: [ app_begin ] --END-- [ RunTime:0.001093s ]

[ 2014-07-24T09:08:41+08:00 ] 220.181.165.4 /admin.php
INFO: [ app_begin ] --START--
INFO: ReadHtmlCache Behavior ::run [ RunTime:0.000567s ]
INFO: [ app_begin ] --END-- [ RunTime:0.000705s ]

[ 2014-07-24T09:38:40+08:00 ] 175.5.34.17 /admin.php
INFO: [ app_begin ] --START--
INFO: ReadHtmlCache Behavior ::run [ RunTime:0.000461s ]
INFO: [ app_begin ] --END-- [ RunTime:0.000583s ]

[ 2014-07-24T09:38:42+08:00 ] 175.5.34.17 /admin.php/Login/index.html
INFO: [ route_check ] --START--
INFO: CheckRoute Behavior ::run [ RunTime:0.000441s ]
INFO: [ route_check ] --END-- [ RunTime:0.000570s ]
INFO: [ app_begin ] --START--
INFO: ReadHtmlCache Behavior ::run [ RunTime:0.000516s ]
INFO: [ app_begin ] --END-- [ RunTime:0.000648s ]
INFO: [ view_parse ] --START--
INFO: ParseTemplate Behavior ::run [ RunTime:0.008200s ]
INFO: [ view_parse ] --END-- [ RunTime:0.008340s ]
INFO: [ view_filter ] --START--
INFO: ContentReplace Behavior ::run [ RunTime:0.000564s ]
INFO: TokenBuild Behavior ::run [ RunTime:0.000454s ]
INFO: WriteHtmlCache Behavior ::run [ RunTime:0.000510s ]
INFO: ShowRuntime Behavior ::run [ RunTime:0.000441s ]
INFO: [ view_filter ] --END-- [ RunTime:0.002229s ]
INFO: [ view_end ] --START--
INFO: ShowPageTrace Behavior ::run [ RunTime:0.000470s ]
INFO: [ view_end ] --END-- [ RunTime:0.000548s ]

[ 2014-07-24T09:38:52+08:00 ] 175.5.34.17 /admin.php/Login/login
INFO: [ route_check ] --START--
INFO: CheckRoute Behavior ::run [ RunTime:0.000480s ]
INFO: [ route_check ] --END-- [ RunTime:0.000610s ]
INFO: [ app_begin ] --START--
INFO: ReadHtmlCache Behavior ::run [ RunTime:0.000416s ]
INFO: [ app_begin ] --END-- [ RunTime:0.000527s ]
SQL: SHOW COLUMNS FROM `lm_user` [ RunTime:0.001327s ]
SQL: SELECT * FROM `lm_user` WHERE ( `username` = 'admin' ) AND ( `userpwd` = '21232f297a57a5a743894a0e4a801fc3' ) LIMIT 1   [ RunTime:0.000758s ]
INFO: [ view_parse ] --START--
INFO: ParseTemplate Behavior ::run [ RunTime:0.007719s ]
INFO: [ view_parse ] --END-- [ RunTime:0.007873s ]
INFO: [ view_filter ] --START--
INFO: ContentReplace Behavior ::run [ RunTime:0.000581s ]
INFO: TokenBuild Behavior ::run [ RunTime:0.000417s ]
INFO: WriteHtmlCache Behavior ::run [ RunTime:0.000389s ]
INFO: ShowRuntime Behavior ::run [ RunTime:0.000420s ]
INFO: [ view_filter ] --END-- [ RunTime:0.002056s ]
INFO: [ view_end ] --START--
INFO: ShowPageTrace Behavior ::run [ RunTime:0.000406s ]
INFO: [ view_end ] --END-- [ RunTime:0.000510s ]

[ 2014-07-24T09:45:29+08:00 ] 101.226.89.69 /admin.php/Login/index.html
INFO: [ route_check ] --START--
INFO: CheckRoute Behavior ::run [ RunTime:0.000400s ]
INFO: [ route_check ] --END-- [ RunTime:0.000591s ]
INFO: [ app_begin ] --START--
INFO: ReadHtmlCache Behavior ::run [ RunTime:0.000402s ]
INFO: [ app_begin ] --END-- [ RunTime:0.000493s ]
INFO: [ view_parse ] --START--
INFO: ParseTemplate Behavior ::run [ RunTime:0.008394s ]
INFO: [ view_parse ] --END-- [ RunTime:0.008570s ]
INFO: [ view_filter ] --START--
INFO: ContentReplace Behavior ::run [ RunTime:0.000551s ]
INFO: TokenBuild Behavior ::run [ RunTime:0.000393s ]
INFO: WriteHtmlCache Behavior ::run [ RunTime:0.000368s ]
INFO: ShowRuntime Behavior ::run [ RunTime:0.000388s ]
INFO: [ view_filter ] --END-- [ RunTime:0.001928s ]
INFO: [ view_end ] --START--
INFO: ShowPageTrace Behavior ::run [ RunTime:0.000413s ]
INFO: [ view_end ] --END-- [ RunTime:0.000488s ]

[ 2014-07-24T09:45:29+08:00 ] 101.226.89.69 /admin.php/Login/
INFO: [ route_check ] --START--
INFO: CheckRoute Behavior ::run [ RunTime:0.000398s ]
INFO: [ route_check ] --END-- [ RunTime:0.000511s ]
INFO: [ app_begin ] --START--
INFO: ReadHtmlCache Behavior ::run [ RunTime:0.000518s ]
INFO: [ app_begin ] --END-- [ RunTime:0.000616s ]
INFO: [ view_parse ] --START--
INFO: ParseTemplate Behavior ::run [ RunTime:0.005708s ]
INFO: [ view_parse ] --END-- [ RunTime:0.005822s ]
INFO: [ view_filter ] --START--
INFO: ContentReplace Behavior ::run [ RunTime:0.000486s ]
INFO: TokenBuild Behavior ::run [ RunTime:0.000426s ]
INFO: WriteHtmlCache Behavior ::run [ RunTime:0.000332s ]
INFO: ShowRuntime Behavior ::run [ RunTime:0.000431s ]
INFO: [ view_filter ] --END-- [ RunTime:0.001930s ]
INFO: [ view_end ] --START--
INFO: ShowPageTrace Behavior ::run [ RunTime:0.000391s ]
INFO: [ view_end ] --END-- [ RunTime:0.000464s ]

[ 2014-07-24T09:45:30+08:00 ] 101.226.89.69 /admin.php/Login//
INFO: [ route_check ] --START--
INFO: CheckRoute Behavior ::run [ RunTime:0.000374s ]
INFO: [ route_check ] --END-- [ RunTime:0.000547s ]
INFO: [ app_begin ] --START--
INFO: ReadHtmlCache Behavior ::run [ RunTime:0.000672s ]
INFO: [ app_begin ] --END-- [ RunTime:0.000751s ]
INFO: [ view_parse ] --START--
INFO: ParseTemplate Behavior ::run [ RunTime:0.007967s ]
INFO: [ view_parse ] --END-- [ RunTime:0.008093s ]
INFO: [ view_filter ] --START--
INFO: ContentReplace Behavior ::run [ RunTime:0.000657s ]
INFO: TokenBuild Behavior ::run [ RunTime:0.000627s ]
INFO: WriteHtmlCache Behavior ::run [ RunTime:0.000365s ]
INFO: ShowRuntime Behavior ::run [ RunTime:0.000641s ]
INFO: [ view_filter ] --END-- [ RunTime:0.002576s ]
INFO: [ view_end ] --START--
INFO: ShowPageTrace Behavior ::run [ RunTime:0.000602s ]
INFO: [ view_end ] --END-- [ RunTime:0.000994s ]

[ 2014-07-24T09:45:30+08:00 ] 101.226.89.69 /admin.php/Login///
INFO: [ route_check ] --START--
INFO: CheckRoute Behavior ::run [ RunTime:0.000414s ]
INFO: [ route_check ] --END-- [ RunTime:0.000586s ]
INFO: [ app_begin ] --START--
INFO: ReadHtmlCache Behavior ::run [ RunTime:0.000567s ]
INFO: [ app_begin ] --END-- [ RunTime:0.000668s ]
INFO: [ view_parse ] --START--
INFO: ParseTemplate Behavior ::run [ RunTime:0.006865s ]
INFO: [ view_parse ] --END-- [ RunTime:0.006999s ]
INFO: [ view_filter ] --START--
INFO: ContentReplace Behavior ::run [ RunTime:0.000479s ]
INFO: TokenBuild Behavior ::run [ RunTime:0.000438s ]
INFO: WriteHtmlCache Behavior ::run [ RunTime:0.000413s ]
INFO: ShowRuntime Behavior ::run [ RunTime:0.000477s ]
INFO: [ view_filter ] --END-- [ RunTime:0.002047s ]
INFO: [ view_end ] --START--
INFO: ShowPageTrace Behavior ::run [ RunTime:0.000442s ]
INFO: [ view_end ] --END-- [ RunTime:0.000567s ]

[ 2014-07-24T09:45:30+08:00 ] 101.226.89.69 /admin.php/Login////
INFO: [ route_check ] --START--
INFO: CheckRoute Behavior ::run [ RunTime:0.000439s ]
INFO: [ route_check ] --END-- [ RunTime:0.000608s ]
INFO: [ app_begin ] --START--
INFO: ReadHtmlCache Behavior ::run [ RunTime:0.000788s ]
INFO: [ app_begin ] --END-- [ RunTime:0.000903s ]
INFO: [ view_parse ] --START--
INFO: ParseTemplate Behavior ::run [ RunTime:0.007162s ]
INFO: [ view_parse ] --END-- [ RunTime:0.007277s ]
INFO: [ view_filter ] --START--
INFO: ContentReplace Behavior ::run [ RunTime:0.000487s ]
INFO: TokenBuild Behavior ::run [ RunTime:0.000471s ]
INFO: WriteHtmlCache Behavior ::run [ RunTime:0.000318s ]
INFO: ShowRuntime Behavior ::run [ RunTime:0.000459s ]
INFO: [ view_filter ] --END-- [ RunTime:0.001966s ]
INFO: [ view_end ] --START--
INFO: ShowPageTrace Behavior ::run [ RunTime:0.000424s ]
INFO: [ view_end ] --END-- [ RunTime:0.000520s ]

[ 2014-07-24T09:45:30+08:00 ] 101.226.89.69 /admin.php/Login/////
INFO: [ route_check ] --START--
INFO: CheckRoute Behavior ::run [ RunTime:0.000422s ]
INFO: [ route_check ] --END-- [ RunTime:0.000534s ]
INFO: [ app_begin ] --START--
INFO: ReadHtmlCache Behavior ::run [ RunTime:0.000435s ]
INFO: [ app_begin ] --END-- [ RunTime:0.000526s ]
INFO: [ view_parse ] --START--
INFO: ParseTemplate Behavior ::run [ RunTime:0.005240s ]
INFO: [ view_parse ] --END-- [ RunTime:0.005351s ]
INFO: [ view_filter ] --START--
INFO: ContentReplace Behavior ::run [ RunTime:0.000523s ]
INFO: TokenBuild Behavior ::run [ RunTime:0.000420s ]
INFO: WriteHtmlCache Behavior ::run [ RunTime:0.000402s ]
INFO: ShowRuntime Behavior ::run [ RunTime:0.000484s ]
INFO: [ view_filter ] --END-- [ RunTime:0.002098s ]
INFO: [ view_end ] --START--
INFO: ShowPageTrace Behavior ::run [ RunTime:0.000452s ]
INFO: [ view_end ] --END-- [ RunTime:0.000534s ]

[ 2014-07-24T09:45:31+08:00 ] 101.226.89.69 /admin.php/Login//////
INFO: [ route_check ] --START--
INFO: CheckRoute Behavior ::run [ RunTime:0.000413s ]
INFO: [ route_check ] --END-- [ RunTime:0.000534s ]
INFO: [ app_begin ] --START--
INFO: ReadHtmlCache Behavior ::run [ RunTime:0.000448s ]
INFO: [ app_begin ] --END-- [ RunTime:0.000548s ]
INFO: [ view_parse ] --START--
INFO: ParseTemplate Behavior ::run [ RunTime:0.009759s ]
INFO: [ view_parse ] --END-- [ RunTime:0.009891s ]
INFO: [ view_filter ] --START--
INFO: ContentReplace Behavior ::run [ RunTime:0.000515s ]
INFO: TokenBuild Behavior ::run [ RunTime:0.000366s ]
INFO: WriteHtmlCache Behavior ::run [ RunTime:0.000431s ]
INFO: ShowRuntime Behavior ::run [ RunTime:0.000415s ]
INFO: [ view_filter ] --END-- [ RunTime:0.001932s ]
INFO: [ view_end ] --START--
INFO: ShowPageTrace Behavior ::run [ RunTime:0.000518s ]
INFO: [ view_end ] --END-- [ RunTime:0.000596s ]

[ 2014-07-24T09:45:31+08:00 ] 101.226.89.69 /admin.php/Login///////
INFO: [ route_check ] --START--
INFO: CheckRoute Behavior ::run [ RunTime:0.000433s ]
INFO: [ route_check ] --END-- [ RunTime:0.000564s ]
INFO: [ app_begin ] --START--
INFO: ReadHtmlCache Behavior ::run [ RunTime:0.000757s ]
INFO: [ app_begin ] --END-- [ RunTime:0.000874s ]
INFO: [ view_parse ] --START--
INFO: ParseTemplate Behavior ::run [ RunTime:0.008163s ]
INFO: [ view_parse ] --END-- [ RunTime:0.008292s ]
INFO: [ view_filter ] --START--
INFO: ContentReplace Behavior ::run [ RunTime:0.000477s ]
INFO: TokenBuild Behavior ::run [ RunTime:0.000372s ]
INFO: WriteHtmlCache Behavior ::run [ RunTime:0.000311s ]
INFO: ShowRuntime Behavior ::run [ RunTime:0.000427s ]
INFO: [ view_filter ] --END-- [ RunTime:0.001796s ]
INFO: [ view_end ] --START--
INFO: ShowPageTrace Behavior ::run [ RunTime:0.000383s ]
INFO: [ view_end ] --END-- [ RunTime:0.000458s ]

