[ 2014-04-09T19:41:41+08:00 ] 10.0.3.6 /lm/admin.php
INFO: [ app_begin ] --START--
INFO: ReadHtmlCache Behavior ::run [ RunTime:0.000599s ]
INFO: [ app_begin ] --END-- [ RunTime:0.000697s ]
INFO: [ view_parse ] --START--
NOTIC: [8] Undefined variable: stat D:\phpsite\lm\Admin\Runtime\Cache\20eabf8d43f497715f3e1a7ec1a2f00f.php 第 131 行.
NOTIC: [8] Undefined variable: stat D:\phpsite\lm\Admin\Runtime\Cache\20eabf8d43f497715f3e1a7ec1a2f00f.php 第 139 行.
NOTIC: [8] Undefined variable: stat D:\phpsite\lm\Admin\Runtime\Cache\20eabf8d43f497715f3e1a7ec1a2f00f.php 第 147 行.
NOTIC: [8] Undefined variable: stat D:\phpsite\lm\Admin\Runtime\Cache\20eabf8d43f497715f3e1a7ec1a2f00f.php 第 171 行.
NOTIC: [8] Undefined variable: stat D:\phpsite\lm\Admin\Runtime\Cache\20eabf8d43f497715f3e1a7ec1a2f00f.php 第 172 行.
NOTIC: [8] Undefined variable: stat D:\phpsite\lm\Admin\Runtime\Cache\20eabf8d43f497715f3e1a7ec1a2f00f.php 第 174 行.
NOTIC: [8] Undefined variable: stat D:\phpsite\lm\Admin\Runtime\Cache\20eabf8d43f497715f3e1a7ec1a2f00f.php 第 175 行.
NOTIC: [8] Undefined variable: stat D:\phpsite\lm\Admin\Runtime\Cache\20eabf8d43f497715f3e1a7ec1a2f00f.php 第 176 行.
NOTIC: [8] Undefined variable: log D:\phpsite\lm\Admin\Runtime\Cache\20eabf8d43f497715f3e1a7ec1a2f00f.php 第 197 行.
NOTIC: [8] Undefined variable: sysinfo D:\phpsite\lm\Admin\Runtime\Cache\20eabf8d43f497715f3e1a7ec1a2f00f.php 第 213 行.
NOTIC: [8] Undefined variable: sysinfo D:\phpsite\lm\Admin\Runtime\Cache\20eabf8d43f497715f3e1a7ec1a2f00f.php 第 213 行.
NOTIC: [8] Undefined variable: sysinfo D:\phpsite\lm\Admin\Runtime\Cache\20eabf8d43f497715f3e1a7ec1a2f00f.php 第 217 行.
NOTIC: [8] Undefined variable: sysinfo D:\phpsite\lm\Admin\Runtime\Cache\20eabf8d43f497715f3e1a7ec1a2f00f.php 第 221 行.
INFO: ParseTemplate Behavior ::run [ RunTime:0.012127s ]
INFO: [ view_parse ] --END-- [ RunTime:0.012220s ]
INFO: [ view_filter ] --START--
INFO: ContentReplace Behavior ::run [ RunTime:0.000633s ]
INFO: TokenBuild Behavior ::run [ RunTime:0.000513s ]
INFO: WriteHtmlCache Behavior ::run [ RunTime:0.000355s ]
INFO: ShowRuntime Behavior ::run [ RunTime:0.000540s ]
INFO: [ view_filter ] --END-- [ RunTime:0.002247s ]
INFO: [ view_end ] --START--
INFO: ShowPageTrace Behavior ::run [ RunTime:0.000537s ]
INFO: [ view_end ] --END-- [ RunTime:0.000606s ]

[ 2014-04-09T19:41:44+08:00 ] 10.0.3.6 /lm/admin.php/Web/downlist
INFO: [ route_check ] --START--
INFO: CheckRoute Behavior ::run [ RunTime:0.000913s ]
INFO: [ route_check ] --END-- [ RunTime:0.001033s ]
INFO: [ app_begin ] --START--
INFO: ReadHtmlCache Behavior ::run [ RunTime:0.000689s ]
INFO: [ app_begin ] --END-- [ RunTime:0.000785s ]
NOTIC: [2048] Declaration of WebAction::show() should be compatible with Action::show($content, $charset = '', $contentType = '', $prefix = '') D:\phpsite\lm\Admin\Lib\Action\WebAction.class.php 第 680 行.
SQL: SHOW COLUMNS FROM `lm_company` [ RunTime:0.002817s ]
SQL: SELECT * FROM `lm_company` WHERE ( `pid` = 999 )  [ RunTime:0.000310s ]
INFO: [ view_parse ] --START--
INFO: ParseTemplate Behavior ::run [ RunTime:0.009262s ]
INFO: [ view_parse ] --END-- [ RunTime:0.009369s ]
INFO: [ view_filter ] --START--
INFO: ContentReplace Behavior ::run [ RunTime:0.000433s ]
INFO: TokenBuild Behavior ::run [ RunTime:0.000391s ]
INFO: WriteHtmlCache Behavior ::run [ RunTime:0.000320s ]
INFO: ShowRuntime Behavior ::run [ RunTime:0.000442s ]
INFO: [ view_filter ] --END-- [ RunTime:0.001774s ]
INFO: [ view_end ] --START--
INFO: ShowPageTrace Behavior ::run [ RunTime:0.000490s ]
INFO: [ view_end ] --END-- [ RunTime:0.000573s ]

[ 2014-04-09T19:41:45+08:00 ] 10.0.3.6 /lm/admin.php/Web/adddown
INFO: [ route_check ] --START--
INFO: CheckRoute Behavior ::run [ RunTime:0.000659s ]
INFO: [ route_check ] --END-- [ RunTime:0.000761s ]
INFO: [ app_begin ] --START--
INFO: ReadHtmlCache Behavior ::run [ RunTime:0.000497s ]
INFO: [ app_begin ] --END-- [ RunTime:0.000576s ]
NOTIC: [2048] Declaration of WebAction::show() should be compatible with Action::show($content, $charset = '', $contentType = '', $prefix = '') D:\phpsite\lm\Admin\Lib\Action\WebAction.class.php 第 680 行.
INFO: [ view_parse ] --START--
INFO: ParseTemplate Behavior ::run [ RunTime:0.007483s ]
INFO: [ view_parse ] --END-- [ RunTime:0.007563s ]
INFO: [ view_filter ] --START--
INFO: ContentReplace Behavior ::run [ RunTime:0.000491s ]
INFO: TokenBuild Behavior ::run [ RunTime:0.000455s ]
INFO: WriteHtmlCache Behavior ::run [ RunTime:0.000341s ]
INFO: ShowRuntime Behavior ::run [ RunTime:0.000457s ]
INFO: [ view_filter ] --END-- [ RunTime:0.001985s ]
INFO: [ view_end ] --START--
INFO: ShowPageTrace Behavior ::run [ RunTime:0.000523s ]
INFO: [ view_end ] --END-- [ RunTime:0.000590s ]

[ 2014-04-09T19:42:12+08:00 ] 10.0.3.6 /lm/admin.php/Web/insedown/
INFO: [ route_check ] --START--
INFO: CheckRoute Behavior ::run [ RunTime:0.000606s ]
INFO: [ route_check ] --END-- [ RunTime:0.000708s ]
INFO: [ app_begin ] --START--
INFO: ReadHtmlCache Behavior ::run [ RunTime:0.000537s ]
INFO: [ app_begin ] --END-- [ RunTime:0.000616s ]
NOTIC: [2048] Declaration of WebAction::show() should be compatible with Action::show($content, $charset = '', $contentType = '', $prefix = '') D:\phpsite\lm\Admin\Lib\Action\WebAction.class.php 第 680 行.
SQL: SHOW COLUMNS FROM `lm_company` [ RunTime:0.003138s ]
SQL: INSERT INTO `lm_company` (`title`,`lowertitle`,`outline`,`pic`,`content`,`pid`) VALUES ('123','123','123','534532141f8f5.png','534532141fd5f.png',999) [ RunTime:0.000347s ]
INFO: [ view_parse ] --START--
INFO: ParseTemplate Behavior ::run [ RunTime:0.007590s ]
INFO: [ view_parse ] --END-- [ RunTime:0.007673s ]
INFO: [ view_filter ] --START--
INFO: ContentReplace Behavior ::run [ RunTime:0.000899s ]
INFO: TokenBuild Behavior ::run [ RunTime:0.000839s ]
INFO: WriteHtmlCache Behavior ::run [ RunTime:0.000657s ]
INFO: ShowRuntime Behavior ::run [ RunTime:0.000817s ]
INFO: [ view_filter ] --END-- [ RunTime:0.003426s ]
INFO: [ view_end ] --START--
INFO: ShowPageTrace Behavior ::run [ RunTime:0.000952s ]
INFO: [ view_end ] --END-- [ RunTime:0.001019s ]

[ 2014-04-09T19:42:13+08:00 ] 10.0.3.6 /lm/admin.php/Web/adddown
INFO: [ route_check ] --START--
INFO: CheckRoute Behavior ::run [ RunTime:0.001051s ]
INFO: [ route_check ] --END-- [ RunTime:0.001143s ]
INFO: [ app_begin ] --START--
INFO: ReadHtmlCache Behavior ::run [ RunTime:0.000944s ]
INFO: [ app_begin ] --END-- [ RunTime:0.001017s ]
NOTIC: [2048] Declaration of WebAction::show() should be compatible with Action::show($content, $charset = '', $contentType = '', $prefix = '') D:\phpsite\lm\Admin\Lib\Action\WebAction.class.php 第 680 行.
INFO: [ view_parse ] --START--
INFO: ParseTemplate Behavior ::run [ RunTime:0.009655s ]
INFO: [ view_parse ] --END-- [ RunTime:0.009747s ]
INFO: [ view_filter ] --START--
INFO: ContentReplace Behavior ::run [ RunTime:0.000866s ]
INFO: TokenBuild Behavior ::run [ RunTime:0.000727s ]
INFO: WriteHtmlCache Behavior ::run [ RunTime:0.000913s ]
INFO: ShowRuntime Behavior ::run [ RunTime:0.000901s ]
INFO: [ view_filter ] --END-- [ RunTime:0.003595s ]
INFO: [ view_end ] --START--
INFO: ShowPageTrace Behavior ::run [ RunTime:0.000922s ]
INFO: [ view_end ] --END-- [ RunTime:0.000993s ]

[ 2014-04-09T19:42:23+08:00 ] 10.0.3.6 /lm/admin.php/Web/insedown/
INFO: [ route_check ] --START--
INFO: CheckRoute Behavior ::run [ RunTime:0.001145s ]
INFO: [ route_check ] --END-- [ RunTime:0.001265s ]
INFO: [ app_begin ] --START--
INFO: ReadHtmlCache Behavior ::run [ RunTime:0.000997s ]
INFO: [ app_begin ] --END-- [ RunTime:0.001097s ]
NOTIC: [2048] Declaration of WebAction::show() should be compatible with Action::show($content, $charset = '', $contentType = '', $prefix = '') D:\phpsite\lm\Admin\Lib\Action\WebAction.class.php 第 680 行.
SQL: SHOW COLUMNS FROM `lm_company` [ RunTime:0.003657s ]
SQL: INSERT INTO `lm_company` (`title`,`lowertitle`,`outline`,`pic`,`content`,`pid`) VALUES ('321','321','321','5345321f7aac7.jpg','5345321f7af46.jpg',999) [ RunTime:0.000323s ]
INFO: [ view_parse ] --START--
INFO: ParseTemplate Behavior ::run [ RunTime:0.007381s ]
INFO: [ view_parse ] --END-- [ RunTime:0.007465s ]
INFO: [ view_filter ] --START--
INFO: ContentReplace Behavior ::run [ RunTime:0.001207s ]
INFO: TokenBuild Behavior ::run [ RunTime:0.000786s ]
INFO: WriteHtmlCache Behavior ::run [ RunTime:0.000657s ]
INFO: ShowRuntime Behavior ::run [ RunTime:0.000796s ]
INFO: [ view_filter ] --END-- [ RunTime:0.003650s ]
INFO: [ view_end ] --START--
INFO: ShowPageTrace Behavior ::run [ RunTime:0.000887s ]
INFO: [ view_end ] --END-- [ RunTime:0.000956s ]

[ 2014-04-09T19:42:24+08:00 ] 10.0.3.6 /lm/admin.php/Web/adddown
INFO: [ route_check ] --START--
INFO: CheckRoute Behavior ::run [ RunTime:0.001440s ]
INFO: [ route_check ] --END-- [ RunTime:0.001555s ]
INFO: [ app_begin ] --START--
INFO: ReadHtmlCache Behavior ::run [ RunTime:0.000972s ]
INFO: [ app_begin ] --END-- [ RunTime:0.001060s ]
NOTIC: [2048] Declaration of WebAction::show() should be compatible with Action::show($content, $charset = '', $contentType = '', $prefix = '') D:\phpsite\lm\Admin\Lib\Action\WebAction.class.php 第 680 行.
INFO: [ view_parse ] --START--
INFO: ParseTemplate Behavior ::run [ RunTime:0.010683s ]
INFO: [ view_parse ] --END-- [ RunTime:0.010800s ]
INFO: [ view_filter ] --START--
INFO: ContentReplace Behavior ::run [ RunTime:0.000930s ]
INFO: TokenBuild Behavior ::run [ RunTime:0.000824s ]
INFO: WriteHtmlCache Behavior ::run [ RunTime:0.000711s ]
INFO: ShowRuntime Behavior ::run [ RunTime:0.000857s ]
INFO: [ view_filter ] --END-- [ RunTime:0.003545s ]
INFO: [ view_end ] --START--
INFO: ShowPageTrace Behavior ::run [ RunTime:0.000901s ]
INFO: [ view_end ] --END-- [ RunTime:0.000974s ]

[ 2014-04-09T19:42:39+08:00 ] 10.0.3.6 /lm/admin.php/Web/insedown/
INFO: [ route_check ] --START--
INFO: CheckRoute Behavior ::run [ RunTime:0.001158s ]
INFO: [ route_check ] --END-- [ RunTime:0.001260s ]
INFO: [ app_begin ] --START--
INFO: ReadHtmlCache Behavior ::run [ RunTime:0.000996s ]
INFO: [ app_begin ] --END-- [ RunTime:0.001083s ]
NOTIC: [2048] Declaration of WebAction::show() should be compatible with Action::show($content, $charset = '', $contentType = '', $prefix = '') D:\phpsite\lm\Admin\Lib\Action\WebAction.class.php 第 680 行.
SQL: SHOW COLUMNS FROM `lm_company` [ RunTime:0.003500s ]
SQL: INSERT INTO `lm_company` (`title`,`lowertitle`,`outline`,`pic`,`content`,`pid`) VALUES ('456','456','456','5345322f4af30.jpg','5345322f4b3a2.jpg',999) [ RunTime:0.000364s ]
INFO: [ view_parse ] --START--
INFO: ParseTemplate Behavior ::run [ RunTime:0.008169s ]
INFO: [ view_parse ] --END-- [ RunTime:0.008264s ]
INFO: [ view_filter ] --START--
INFO: ContentReplace Behavior ::run [ RunTime:0.000776s ]
INFO: TokenBuild Behavior ::run [ RunTime:0.000730s ]
INFO: WriteHtmlCache Behavior ::run [ RunTime:0.000630s ]
INFO: ShowRuntime Behavior ::run [ RunTime:0.000781s ]
INFO: [ view_filter ] --END-- [ RunTime:0.003113s ]
INFO: [ view_end ] --START--
INFO: ShowPageTrace Behavior ::run [ RunTime:0.000849s ]
INFO: [ view_end ] --END-- [ RunTime:0.000941s ]

[ 2014-04-09T19:42:40+08:00 ] 10.0.3.6 /lm/admin.php/Web/adddown
INFO: [ route_check ] --START--
INFO: CheckRoute Behavior ::run [ RunTime:0.001036s ]
INFO: [ route_check ] --END-- [ RunTime:0.001133s ]
INFO: [ app_begin ] --START--
INFO: ReadHtmlCache Behavior ::run [ RunTime:0.000992s ]
INFO: [ app_begin ] --END-- [ RunTime:0.001123s ]
NOTIC: [2048] Declaration of WebAction::show() should be compatible with Action::show($content, $charset = '', $contentType = '', $prefix = '') D:\phpsite\lm\Admin\Lib\Action\WebAction.class.php 第 680 行.
INFO: [ view_parse ] --START--
INFO: ParseTemplate Behavior ::run [ RunTime:0.010396s ]
INFO: [ view_parse ] --END-- [ RunTime:0.010490s ]
INFO: [ view_filter ] --START--
INFO: ContentReplace Behavior ::run [ RunTime:0.000820s ]
INFO: TokenBuild Behavior ::run [ RunTime:0.000778s ]
INFO: WriteHtmlCache Behavior ::run [ RunTime:0.000684s ]
INFO: ShowRuntime Behavior ::run [ RunTime:0.000846s ]
INFO: [ view_filter ] --END-- [ RunTime:0.003316s ]
INFO: [ view_end ] --START--
INFO: ShowPageTrace Behavior ::run [ RunTime:0.000875s ]
INFO: [ view_end ] --END-- [ RunTime:0.000948s ]

[ 2014-04-09T19:42:50+08:00 ] 10.0.3.6 /lm/admin.php/Web/insedown/
INFO: [ route_check ] --START--
INFO: CheckRoute Behavior ::run [ RunTime:0.001094s ]
INFO: [ route_check ] --END-- [ RunTime:0.001203s ]
INFO: [ app_begin ] --START--
INFO: ReadHtmlCache Behavior ::run [ RunTime:0.001004s ]
INFO: [ app_begin ] --END-- [ RunTime:0.001097s ]
NOTIC: [2048] Declaration of WebAction::show() should be compatible with Action::show($content, $charset = '', $contentType = '', $prefix = '') D:\phpsite\lm\Admin\Lib\Action\WebAction.class.php 第 680 行.
SQL: SHOW COLUMNS FROM `lm_company` [ RunTime:0.003141s ]
SQL: INSERT INTO `lm_company` (`title`,`lowertitle`,`outline`,`pic`,`content`,`pid`) VALUES ('654','654','654','5345323a3713e.jpg','5345323a375cb.jpg',999) [ RunTime:0.000350s ]
INFO: [ view_parse ] --START--
INFO: ParseTemplate Behavior ::run [ RunTime:0.008060s ]
INFO: [ view_parse ] --END-- [ RunTime:0.008159s ]
INFO: [ view_filter ] --START--
INFO: ContentReplace Behavior ::run [ RunTime:0.000843s ]
INFO: TokenBuild Behavior ::run [ RunTime:0.000860s ]
INFO: WriteHtmlCache Behavior ::run [ RunTime:0.000728s ]
INFO: ShowRuntime Behavior ::run [ RunTime:0.000813s ]
INFO: [ view_filter ] --END-- [ RunTime:0.003450s ]
INFO: [ view_end ] --START--
INFO: ShowPageTrace Behavior ::run [ RunTime:0.000872s ]
INFO: [ view_end ] --END-- [ RunTime:0.000941s ]

[ 2014-04-09T19:42:51+08:00 ] 10.0.3.6 /lm/admin.php/Web/adddown
INFO: [ route_check ] --START--
INFO: CheckRoute Behavior ::run [ RunTime:0.001202s ]
INFO: [ route_check ] --END-- [ RunTime:0.001298s ]
INFO: [ app_begin ] --START--
INFO: ReadHtmlCache Behavior ::run [ RunTime:0.000886s ]
INFO: [ app_begin ] --END-- [ RunTime:0.000958s ]
NOTIC: [2048] Declaration of WebAction::show() should be compatible with Action::show($content, $charset = '', $contentType = '', $prefix = '') D:\phpsite\lm\Admin\Lib\Action\WebAction.class.php 第 680 行.
INFO: [ view_parse ] --START--
INFO: ParseTemplate Behavior ::run [ RunTime:0.009883s ]
INFO: [ view_parse ] --END-- [ RunTime:0.009971s ]
INFO: [ view_filter ] --START--
INFO: ContentReplace Behavior ::run [ RunTime:0.000831s ]
INFO: TokenBuild Behavior ::run [ RunTime:0.000787s ]
INFO: WriteHtmlCache Behavior ::run [ RunTime:0.000660s ]
INFO: ShowRuntime Behavior ::run [ RunTime:0.000817s ]
INFO: [ view_filter ] --END-- [ RunTime:0.003289s ]
INFO: [ view_end ] --START--
INFO: ShowPageTrace Behavior ::run [ RunTime:0.000862s ]
INFO: [ view_end ] --END-- [ RunTime:0.000929s ]

[ 2014-04-09T19:43:08+08:00 ] 10.0.3.6 /lm/admin.php/Web/insedown/
INFO: [ route_check ] --START--
INFO: CheckRoute Behavior ::run [ RunTime:0.001082s ]
INFO: [ route_check ] --END-- [ RunTime:0.001186s ]
INFO: [ app_begin ] --START--
INFO: ReadHtmlCache Behavior ::run [ RunTime:0.000912s ]
INFO: [ app_begin ] --END-- [ RunTime:0.000994s ]
NOTIC: [2048] Declaration of WebAction::show() should be compatible with Action::show($content, $charset = '', $contentType = '', $prefix = '') D:\phpsite\lm\Admin\Lib\Action\WebAction.class.php 第 680 行.
SQL: SHOW COLUMNS FROM `lm_company` [ RunTime:0.003397s ]
SQL: INSERT INTO `lm_company` (`title`,`lowertitle`,`outline`,`pic`,`content`,`pid`) VALUES ('1','1','1','5345324c3d489.jpg','5345324c40a2a.jpg',999) [ RunTime:0.000392s ]
INFO: [ view_parse ] --START--
INFO: ParseTemplate Behavior ::run [ RunTime:0.008336s ]
INFO: [ view_parse ] --END-- [ RunTime:0.008434s ]
INFO: [ view_filter ] --START--
INFO: ContentReplace Behavior ::run [ RunTime:0.000814s ]
INFO: TokenBuild Behavior ::run [ RunTime:0.000773s ]
INFO: WriteHtmlCache Behavior ::run [ RunTime:0.000657s ]
INFO: ShowRuntime Behavior ::run [ RunTime:0.000842s ]
INFO: [ view_filter ] --END-- [ RunTime:0.003282s ]
INFO: [ view_end ] --START--
INFO: ShowPageTrace Behavior ::run [ RunTime:0.000873s ]
INFO: [ view_end ] --END-- [ RunTime:0.000941s ]

[ 2014-04-09T19:43:09+08:00 ] 10.0.3.6 /lm/admin.php/Web/adddown
INFO: [ route_check ] --START--
INFO: CheckRoute Behavior ::run [ RunTime:0.000997s ]
INFO: [ route_check ] --END-- [ RunTime:0.001087s ]
INFO: [ app_begin ] --START--
INFO: ReadHtmlCache Behavior ::run [ RunTime:0.000840s ]
INFO: [ app_begin ] --END-- [ RunTime:0.000909s ]
NOTIC: [2048] Declaration of WebAction::show() should be compatible with Action::show($content, $charset = '', $contentType = '', $prefix = '') D:\phpsite\lm\Admin\Lib\Action\WebAction.class.php 第 680 行.
INFO: [ view_parse ] --START--
INFO: ParseTemplate Behavior ::run [ RunTime:0.009832s ]
INFO: [ view_parse ] --END-- [ RunTime:0.009915s ]
INFO: [ view_filter ] --START--
INFO: ContentReplace Behavior ::run [ RunTime:0.000812s ]
INFO: TokenBuild Behavior ::run [ RunTime:0.000743s ]
INFO: WriteHtmlCache Behavior ::run [ RunTime:0.000654s ]
INFO: ShowRuntime Behavior ::run [ RunTime:0.000790s ]
INFO: [ view_filter ] --END-- [ RunTime:0.003188s ]
INFO: [ view_end ] --START--
INFO: ShowPageTrace Behavior ::run [ RunTime:0.000864s ]
INFO: [ view_end ] --END-- [ RunTime:0.000948s ]

[ 2014-04-09T19:43:16+08:00 ] 10.0.3.6 /lm/admin.php/Web/insedown/
INFO: [ route_check ] --START--
INFO: CheckRoute Behavior ::run [ RunTime:0.000994s ]
INFO: [ route_check ] --END-- [ RunTime:0.001093s ]
INFO: [ app_begin ] --START--
INFO: ReadHtmlCache Behavior ::run [ RunTime:0.000875s ]
INFO: [ app_begin ] --END-- [ RunTime:0.000962s ]
NOTIC: [2048] Declaration of WebAction::show() should be compatible with Action::show($content, $charset = '', $contentType = '', $prefix = '') D:\phpsite\lm\Admin\Lib\Action\WebAction.class.php 第 680 行.
SQL: SHOW COLUMNS FROM `lm_company` [ RunTime:0.003615s ]
SQL: INSERT INTO `lm_company` (`title`,`lowertitle`,`outline`,`pic`,`content`,`pid`) VALUES ('2','2','2','53453254a1152.jpg','53453254a1531.jpg',999) [ RunTime:0.000389s ]
INFO: [ view_parse ] --START--
INFO: ParseTemplate Behavior ::run [ RunTime:0.008946s ]
INFO: [ view_parse ] --END-- [ RunTime:0.009048s ]
INFO: [ view_filter ] --START--
INFO: ContentReplace Behavior ::run [ RunTime:0.000900s ]
INFO: TokenBuild Behavior ::run [ RunTime:0.000853s ]
INFO: WriteHtmlCache Behavior ::run [ RunTime:0.000764s ]
INFO: ShowRuntime Behavior ::run [ RunTime:0.000968s ]
INFO: [ view_filter ] --END-- [ RunTime:0.003738s ]
INFO: [ view_end ] --START--
INFO: ShowPageTrace Behavior ::run [ RunTime:0.001058s ]
INFO: [ view_end ] --END-- [ RunTime:0.001152s ]

[ 2014-04-09T19:43:17+08:00 ] 10.0.3.6 /lm/admin.php/Web/adddown
INFO: [ route_check ] --START--
INFO: CheckRoute Behavior ::run [ RunTime:0.001467s ]
INFO: [ route_check ] --END-- [ RunTime:0.001600s ]
INFO: [ app_begin ] --START--
INFO: ReadHtmlCache Behavior ::run [ RunTime:0.001267s ]
INFO: [ app_begin ] --END-- [ RunTime:0.001354s ]
NOTIC: [2048] Declaration of WebAction::show() should be compatible with Action::show($content, $charset = '', $contentType = '', $prefix = '') D:\phpsite\lm\Admin\Lib\Action\WebAction.class.php 第 680 行.
INFO: [ view_parse ] --START--
INFO: ParseTemplate Behavior ::run [ RunTime:0.009920s ]
INFO: [ view_parse ] --END-- [ RunTime:0.010013s ]
INFO: [ view_filter ] --START--
INFO: ContentReplace Behavior ::run [ RunTime:0.000896s ]
INFO: TokenBuild Behavior ::run [ RunTime:0.000792s ]
INFO: WriteHtmlCache Behavior ::run [ RunTime:0.000657s ]
INFO: ShowRuntime Behavior ::run [ RunTime:0.000829s ]
INFO: [ view_filter ] --END-- [ RunTime:0.003381s ]
INFO: [ view_end ] --START--
INFO: ShowPageTrace Behavior ::run [ RunTime:0.000980s ]
INFO: [ view_end ] --END-- [ RunTime:0.001050s ]

[ 2014-04-09T19:47:27+08:00 ] 10.0.3.6 /lm/admin.php/Web/insedown/
INFO: [ route_check ] --START--
INFO: CheckRoute Behavior ::run [ RunTime:0.000724s ]
INFO: [ route_check ] --END-- [ RunTime:0.000842s ]
INFO: [ app_begin ] --START--
INFO: ReadHtmlCache Behavior ::run [ RunTime:0.000553s ]
INFO: [ app_begin ] --END-- [ RunTime:0.000649s ]
NOTIC: [2048] Declaration of WebAction::show() should be compatible with Action::show($content, $charset = '', $contentType = '', $prefix = '') D:\phpsite\lm\Admin\Lib\Action\WebAction.class.php 第 680 行.
SQL: SHOW COLUMNS FROM `lm_company` [ RunTime:0.003027s ]
SQL: INSERT INTO `lm_company` (`title`,`lowertitle`,`outline`,`pic`,`content`,`pid`) VALUES ('8','8','8','5345334f074b8.jpg','5345334f078d8.jpg',999) [ RunTime:0.000367s ]
INFO: [ view_parse ] --START--
INFO: ParseTemplate Behavior ::run [ RunTime:0.007828s ]
INFO: [ view_parse ] --END-- [ RunTime:0.007919s ]
INFO: [ view_filter ] --START--
INFO: ContentReplace Behavior ::run [ RunTime:0.000833s ]
INFO: TokenBuild Behavior ::run [ RunTime:0.000768s ]
INFO: WriteHtmlCache Behavior ::run [ RunTime:0.000678s ]
INFO: ShowRuntime Behavior ::run [ RunTime:0.000907s ]
INFO: [ view_filter ] --END-- [ RunTime:0.003416s ]
INFO: [ view_end ] --START--
INFO: ShowPageTrace Behavior ::run [ RunTime:0.001175s ]
INFO: [ view_end ] --END-- [ RunTime:0.001296s ]

[ 2014-04-09T19:47:28+08:00 ] 10.0.3.6 /lm/admin.php/Web/adddown
INFO: [ route_check ] --START--
INFO: CheckRoute Behavior ::run [ RunTime:0.001022s ]
INFO: [ route_check ] --END-- [ RunTime:0.001130s ]
INFO: [ app_begin ] --START--
INFO: ReadHtmlCache Behavior ::run [ RunTime:0.000871s ]
INFO: [ app_begin ] --END-- [ RunTime:0.000950s ]
NOTIC: [2048] Declaration of WebAction::show() should be compatible with Action::show($content, $charset = '', $contentType = '', $prefix = '') D:\phpsite\lm\Admin\Lib\Action\WebAction.class.php 第 680 行.
INFO: [ view_parse ] --START--
INFO: ParseTemplate Behavior ::run [ RunTime:0.009851s ]
INFO: [ view_parse ] --END-- [ RunTime:0.009945s ]
INFO: [ view_filter ] --START--
INFO: ContentReplace Behavior ::run [ RunTime:0.000842s ]
INFO: TokenBuild Behavior ::run [ RunTime:0.000786s ]
INFO: WriteHtmlCache Behavior ::run [ RunTime:0.000722s ]
INFO: ShowRuntime Behavior ::run [ RunTime:0.000844s ]
INFO: [ view_filter ] --END-- [ RunTime:0.003394s ]
INFO: [ view_end ] --START--
INFO: ShowPageTrace Behavior ::run [ RunTime:0.001004s ]
INFO: [ view_end ] --END-- [ RunTime:0.001072s ]

[ 2014-04-09T19:59:47+08:00 ] 10.0.3.6 /lm/admin.php/Web/company
INFO: [ route_check ] --START--
INFO: CheckRoute Behavior ::run [ RunTime:0.000682s ]
INFO: [ route_check ] --END-- [ RunTime:0.000852s ]
INFO: [ app_begin ] --START--
INFO: ReadHtmlCache Behavior ::run [ RunTime:0.000498s ]
INFO: [ app_begin ] --END-- [ RunTime:0.000584s ]
NOTIC: [2048] Declaration of WebAction::show() should be compatible with Action::show($content, $charset = '', $contentType = '', $prefix = '') D:\phpsite\lm\Admin\Lib\Action\WebAction.class.php 第 680 行.
SQL: SHOW COLUMNS FROM `lm_company` [ RunTime:0.003750s ]
SQL: SELECT * FROM `lm_company` WHERE ( `pid` = 0 )  [ RunTime:0.000630s ]
INFO: [ view_parse ] --START--
INFO: ParseTemplate Behavior ::run [ RunTime:0.012773s ]
INFO: [ view_parse ] --END-- [ RunTime:0.012906s ]
INFO: [ view_filter ] --START--
INFO: ContentReplace Behavior ::run [ RunTime:0.000994s ]
INFO: TokenBuild Behavior ::run [ RunTime:0.000407s ]
INFO: WriteHtmlCache Behavior ::run [ RunTime:0.000304s ]
INFO: ShowRuntime Behavior ::run [ RunTime:0.000437s ]
INFO: [ view_filter ] --END-- [ RunTime:0.002377s ]
INFO: [ view_end ] --START--
INFO: ShowPageTrace Behavior ::run [ RunTime:0.000482s ]
INFO: [ view_end ] --END-- [ RunTime:0.000562s ]

[ 2014-04-09T20:00:19+08:00 ] 10.0.3.6 /lm/admin.php/Web/addm
INFO: [ route_check ] --START--
INFO: CheckRoute Behavior ::run [ RunTime:0.000644s ]
INFO: [ route_check ] --END-- [ RunTime:0.000747s ]
INFO: [ app_begin ] --START--
INFO: ReadHtmlCache Behavior ::run [ RunTime:0.000519s ]
INFO: [ app_begin ] --END-- [ RunTime:0.000595s ]
NOTIC: [2048] Declaration of WebAction::show() should be compatible with Action::show($content, $charset = '', $contentType = '', $prefix = '') D:\phpsite\lm\Admin\Lib\Action\WebAction.class.php 第 680 行.
INFO: [ view_parse ] --START--
INFO: ParseTemplate Behavior ::run [ RunTime:0.009197s ]
INFO: [ view_parse ] --END-- [ RunTime:0.009301s ]
INFO: [ view_filter ] --START--
INFO: ContentReplace Behavior ::run [ RunTime:0.000620s ]
INFO: TokenBuild Behavior ::run [ RunTime:0.000368s ]
INFO: WriteHtmlCache Behavior ::run [ RunTime:0.000267s ]
INFO: ShowRuntime Behavior ::run [ RunTime:0.000437s ]
INFO: [ view_filter ] --END-- [ RunTime:0.001926s ]
INFO: [ view_end ] --START--
INFO: ShowPageTrace Behavior ::run [ RunTime:0.000499s ]
INFO: [ view_end ] --END-- [ RunTime:0.000581s ]

[ 2014-04-09T20:00:28+08:00 ] 10.0.3.6 /lm/admin.php/Web/insem
INFO: [ route_check ] --START--
INFO: CheckRoute Behavior ::run [ RunTime:0.000713s ]
INFO: [ route_check ] --END-- [ RunTime:0.000833s ]
INFO: [ app_begin ] --START--
INFO: ReadHtmlCache Behavior ::run [ RunTime:0.000993s ]
INFO: [ app_begin ] --END-- [ RunTime:0.001080s ]
NOTIC: [2048] Declaration of WebAction::show() should be compatible with Action::show($content, $charset = '', $contentType = '', $prefix = '') D:\phpsite\lm\Admin\Lib\Action\WebAction.class.php 第 680 行.
SQL: SHOW COLUMNS FROM `lm_menu` [ RunTime:0.003633s ]
SQL: INSERT INTO `lm_menu` (`title`,`path`) VALUES ('w ','w') [ RunTime:0.000268s ]
INFO: [ view_parse ] --START--
INFO: ParseTemplate Behavior ::run [ RunTime:0.005727s ]
INFO: [ view_parse ] --END-- [ RunTime:0.005822s ]
INFO: [ view_filter ] --START--
INFO: ContentReplace Behavior ::run [ RunTime:0.000404s ]
INFO: TokenBuild Behavior ::run [ RunTime:0.000409s ]
INFO: WriteHtmlCache Behavior ::run [ RunTime:0.000340s ]
INFO: ShowRuntime Behavior ::run [ RunTime:0.000450s ]
INFO: [ view_filter ] --END-- [ RunTime:0.001820s ]
INFO: [ view_end ] --START--
INFO: ShowPageTrace Behavior ::run [ RunTime:0.000504s ]
INFO: [ view_end ] --END-- [ RunTime:0.000579s ]

[ 2014-04-09T20:00:29+08:00 ] 10.0.3.6 /lm/admin.php/Web/addm
INFO: [ route_check ] --START--
INFO: CheckRoute Behavior ::run [ RunTime:0.000566s ]
INFO: [ route_check ] --END-- [ RunTime:0.000679s ]
INFO: [ app_begin ] --START--
INFO: ReadHtmlCache Behavior ::run [ RunTime:0.000426s ]
INFO: [ app_begin ] --END-- [ RunTime:0.000496s ]
NOTIC: [2048] Declaration of WebAction::show() should be compatible with Action::show($content, $charset = '', $contentType = '', $prefix = '') D:\phpsite\lm\Admin\Lib\Action\WebAction.class.php 第 680 行.
INFO: [ view_parse ] --START--
INFO: ParseTemplate Behavior ::run [ RunTime:0.008100s ]
INFO: [ view_parse ] --END-- [ RunTime:0.008198s ]
INFO: [ view_filter ] --START--
INFO: ContentReplace Behavior ::run [ RunTime:0.000445s ]
INFO: TokenBuild Behavior ::run [ RunTime:0.000394s ]
INFO: WriteHtmlCache Behavior ::run [ RunTime:0.000293s ]
INFO: ShowRuntime Behavior ::run [ RunTime:0.000461s ]
INFO: [ view_filter ] --END-- [ RunTime:0.001795s ]
INFO: [ view_end ] --START--
INFO: ShowPageTrace Behavior ::run [ RunTime:0.000483s ]
INFO: [ view_end ] --END-- [ RunTime:0.000549s ]

[ 2014-04-09T20:00:33+08:00 ] 10.0.3.6 /lm/admin.php/Web/company
INFO: [ route_check ] --START--
INFO: CheckRoute Behavior ::run [ RunTime:0.000591s ]
INFO: [ route_check ] --END-- [ RunTime:0.000689s ]
INFO: [ app_begin ] --START--
INFO: ReadHtmlCache Behavior ::run [ RunTime:0.000428s ]
INFO: [ app_begin ] --END-- [ RunTime:0.000506s ]
NOTIC: [2048] Declaration of WebAction::show() should be compatible with Action::show($content, $charset = '', $contentType = '', $prefix = '') D:\phpsite\lm\Admin\Lib\Action\WebAction.class.php 第 680 行.
SQL: SHOW COLUMNS FROM `lm_company` [ RunTime:0.003323s ]
SQL: SELECT * FROM `lm_company` WHERE ( `pid` = 0 )  [ RunTime:0.000288s ]
INFO: [ view_parse ] --START--
INFO: ParseTemplate Behavior ::run [ RunTime:0.008612s ]
INFO: [ view_parse ] --END-- [ RunTime:0.008717s ]
INFO: [ view_filter ] --START--
INFO: ContentReplace Behavior ::run [ RunTime:0.000523s ]
INFO: TokenBuild Behavior ::run [ RunTime:0.000352s ]
INFO: WriteHtmlCache Behavior ::run [ RunTime:0.000214s ]
INFO: ShowRuntime Behavior ::run [ RunTime:0.000374s ]
INFO: [ view_filter ] --END-- [ RunTime:0.001720s ]
INFO: [ view_end ] --START--
INFO: ShowPageTrace Behavior ::run [ RunTime:0.000422s ]
INFO: [ view_end ] --END-- [ RunTime:0.000492s ]

[ 2014-04-09T20:02:21+08:00 ] 10.0.3.6 /lm/admin.php/Web/addm
INFO: [ route_check ] --START--
INFO: CheckRoute Behavior ::run [ RunTime:0.000746s ]
INFO: [ route_check ] --END-- [ RunTime:0.000859s ]
INFO: [ app_begin ] --START--
INFO: ReadHtmlCache Behavior ::run [ RunTime:0.000473s ]
INFO: [ app_begin ] --END-- [ RunTime:0.000617s ]
NOTIC: [2048] Declaration of WebAction::show() should be compatible with Action::show($content, $charset = '', $contentType = '', $prefix = '') D:\phpsite\lm\Admin\Lib\Action\WebAction.class.php 第 680 行.
INFO: [ view_parse ] --START--
INFO: ParseTemplate Behavior ::run [ RunTime:0.008210s ]
INFO: [ view_parse ] --END-- [ RunTime:0.008316s ]
INFO: [ view_filter ] --START--
INFO: ContentReplace Behavior ::run [ RunTime:0.000441s ]
INFO: TokenBuild Behavior ::run [ RunTime:0.000398s ]
INFO: WriteHtmlCache Behavior ::run [ RunTime:0.000298s ]
INFO: ShowRuntime Behavior ::run [ RunTime:0.000462s ]
INFO: [ view_filter ] --END-- [ RunTime:0.001833s ]
INFO: [ view_end ] --START--
INFO: ShowPageTrace Behavior ::run [ RunTime:0.000603s ]
INFO: [ view_end ] --END-- [ RunTime:0.000678s ]

[ 2014-04-09T20:02:24+08:00 ] 10.0.3.6 /lm/admin.php/Web/insem
INFO: [ route_check ] --START--
INFO: CheckRoute Behavior ::run [ RunTime:0.000583s ]
INFO: [ route_check ] --END-- [ RunTime:0.000677s ]
INFO: [ app_begin ] --START--
INFO: ReadHtmlCache Behavior ::run [ RunTime:0.000505s ]
INFO: [ app_begin ] --END-- [ RunTime:0.000579s ]
NOTIC: [2048] Declaration of WebAction::show() should be compatible with Action::show($content, $charset = '', $contentType = '', $prefix = '') D:\phpsite\lm\Admin\Lib\Action\WebAction.class.php 第 680 行.
SQL: SHOW COLUMNS FROM `lm_company` [ RunTime:0.002922s ]
SQL: INSERT INTO `lm_company` (`title`) VALUES ('e') [ RunTime:0.000244s ]
INFO: [ view_parse ] --START--
INFO: ParseTemplate Behavior ::run [ RunTime:0.005436s ]
INFO: [ view_parse ] --END-- [ RunTime:0.005543s ]
INFO: [ view_filter ] --START--
INFO: ContentReplace Behavior ::run [ RunTime:0.000322s ]
INFO: TokenBuild Behavior ::run [ RunTime:0.000389s ]
INFO: WriteHtmlCache Behavior ::run [ RunTime:0.000250s ]
INFO: ShowRuntime Behavior ::run [ RunTime:0.000392s ]
INFO: [ view_filter ] --END-- [ RunTime:0.001565s ]
INFO: [ view_end ] --START--
INFO: ShowPageTrace Behavior ::run [ RunTime:0.000450s ]
INFO: [ view_end ] --END-- [ RunTime:0.000524s ]

[ 2014-04-09T20:02:25+08:00 ] 10.0.3.6 /lm/admin.php/Web/addm
INFO: [ route_check ] --START--
INFO: CheckRoute Behavior ::run [ RunTime:0.000725s ]
INFO: [ route_check ] --END-- [ RunTime:0.000838s ]
INFO: [ app_begin ] --START--
INFO: ReadHtmlCache Behavior ::run [ RunTime:0.000558s ]
INFO: [ app_begin ] --END-- [ RunTime:0.000648s ]
NOTIC: [2048] Declaration of WebAction::show() should be compatible with Action::show($content, $charset = '', $contentType = '', $prefix = '') D:\phpsite\lm\Admin\Lib\Action\WebAction.class.php 第 680 行.
INFO: [ view_parse ] --START--
INFO: ParseTemplate Behavior ::run [ RunTime:0.009671s ]
INFO: [ view_parse ] --END-- [ RunTime:0.009785s ]
INFO: [ view_filter ] --START--
INFO: ContentReplace Behavior ::run [ RunTime:0.000531s ]
INFO: TokenBuild Behavior ::run [ RunTime:0.000443s ]
INFO: WriteHtmlCache Behavior ::run [ RunTime:0.000304s ]
INFO: ShowRuntime Behavior ::run [ RunTime:0.000541s ]
INFO: [ view_filter ] --END-- [ RunTime:0.002066s ]
INFO: [ view_end ] --START--
INFO: ShowPageTrace Behavior ::run [ RunTime:0.000565s ]
INFO: [ view_end ] --END-- [ RunTime:0.000655s ]

[ 2014-04-09T20:02:28+08:00 ] 10.0.3.6 /lm/admin.php/Web/casel
INFO: [ route_check ] --START--
INFO: CheckRoute Behavior ::run [ RunTime:0.001205s ]
INFO: [ route_check ] --END-- [ RunTime:0.001392s ]
INFO: [ app_begin ] --START--
INFO: ReadHtmlCache Behavior ::run [ RunTime:0.000904s ]
INFO: [ app_begin ] --END-- [ RunTime:0.001060s ]
NOTIC: [2048] Declaration of WebAction::show() should be compatible with Action::show($content, $charset = '', $contentType = '', $prefix = '') D:\phpsite\lm\Admin\Lib\Action\WebAction.class.php 第 680 行.
SQL: SHOW COLUMNS FROM `lm_company` [ RunTime:0.003363s ]
SQL: SELECT * FROM `lm_company` WHERE ( `id` NOT IN ('1','2','3') )  [ RunTime:0.000340s ]
INFO: [ view_parse ] --START--
INFO: ParseTemplate Behavior ::run [ RunTime:0.009059s ]
INFO: [ view_parse ] --END-- [ RunTime:0.009148s ]
INFO: [ view_filter ] --START--
INFO: ContentReplace Behavior ::run [ RunTime:0.000534s ]
INFO: TokenBuild Behavior ::run [ RunTime:0.000368s ]
INFO: WriteHtmlCache Behavior ::run [ RunTime:0.000248s ]
INFO: ShowRuntime Behavior ::run [ RunTime:0.000458s ]
INFO: [ view_filter ] --END-- [ RunTime:0.001810s ]
INFO: [ view_end ] --START--
INFO: ShowPageTrace Behavior ::run [ RunTime:0.000461s ]
INFO: [ view_end ] --END-- [ RunTime:0.000536s ]

[ 2014-04-09T20:02:32+08:00 ] 10.0.3.6 /lm/admin.php/Web/sclass
INFO: [ route_check ] --START--
INFO: CheckRoute Behavior ::run [ RunTime:0.000962s ]
INFO: [ route_check ] --END-- [ RunTime:0.001101s ]
INFO: [ app_begin ] --START--
INFO: ReadHtmlCache Behavior ::run [ RunTime:0.000560s ]
INFO: [ app_begin ] --END-- [ RunTime:0.000649s ]
NOTIC: [2048] Declaration of WebAction::show() should be compatible with Action::show($content, $charset = '', $contentType = '', $prefix = '') D:\phpsite\lm\Admin\Lib\Action\WebAction.class.php 第 680 行.
SQL: SHOW COLUMNS FROM `lm_sclass` [ RunTime:0.003976s ]
SQL: SELECT * FROM `lm_sclass`  [ RunTime:0.000379s ]
INFO: [ view_parse ] --START--
INFO: ParseTemplate Behavior ::run [ RunTime:0.009618s ]
INFO: [ view_parse ] --END-- [ RunTime:0.009727s ]
INFO: [ view_filter ] --START--
INFO: ContentReplace Behavior ::run [ RunTime:0.000577s ]
INFO: TokenBuild Behavior ::run [ RunTime:0.000425s ]
INFO: WriteHtmlCache Behavior ::run [ RunTime:0.000298s ]
INFO: ShowRuntime Behavior ::run [ RunTime:0.000500s ]
INFO: [ view_filter ] --END-- [ RunTime:0.002008s ]
INFO: [ view_end ] --START--
INFO: ShowPageTrace Behavior ::run [ RunTime:0.000524s ]
INFO: [ view_end ] --END-- [ RunTime:0.000597s ]

[ 2014-04-09T20:02:44+08:00 ] 10.0.3.6 /lm/admin.php/Web/company
INFO: [ route_check ] --START--
INFO: CheckRoute Behavior ::run [ RunTime:0.000793s ]
INFO: [ route_check ] --END-- [ RunTime:0.001087s ]
INFO: [ app_begin ] --START--
INFO: ReadHtmlCache Behavior ::run [ RunTime:0.000615s ]
INFO: [ app_begin ] --END-- [ RunTime:0.000715s ]
NOTIC: [2048] Declaration of WebAction::show() should be compatible with Action::show($content, $charset = '', $contentType = '', $prefix = '') D:\phpsite\lm\Admin\Lib\Action\WebAction.class.php 第 680 行.
SQL: SHOW COLUMNS FROM `lm_company` [ RunTime:0.003572s ]
SQL: SELECT * FROM `lm_company` WHERE ( `pid` = 0 )  [ RunTime:0.000346s ]
INFO: [ view_parse ] --START--
INFO: ParseTemplate Behavior ::run [ RunTime:0.009010s ]
INFO: [ view_parse ] --END-- [ RunTime:0.009134s ]
INFO: [ view_filter ] --START--
INFO: ContentReplace Behavior ::run [ RunTime:0.000469s ]
INFO: TokenBuild Behavior ::run [ RunTime:0.000385s ]
INFO: WriteHtmlCache Behavior ::run [ RunTime:0.000258s ]
INFO: ShowRuntime Behavior ::run [ RunTime:0.000442s ]
INFO: [ view_filter ] --END-- [ RunTime:0.001764s ]
INFO: [ view_end ] --START--
INFO: ShowPageTrace Behavior ::run [ RunTime:0.000502s ]
INFO: [ view_end ] --END-- [ RunTime:0.000574s ]

[ 2014-04-09T20:03:18+08:00 ] 10.0.3.6 /lm/admin.php/Web/updac/id/47
INFO: [ route_check ] --START--
INFO: CheckRoute Behavior ::run [ RunTime:0.000582s ]
INFO: [ route_check ] --END-- [ RunTime:0.000677s ]
INFO: [ app_begin ] --START--
INFO: ReadHtmlCache Behavior ::run [ RunTime:0.000444s ]
INFO: [ app_begin ] --END-- [ RunTime:0.000518s ]
NOTIC: [2048] Declaration of WebAction::show() should be compatible with Action::show($content, $charset = '', $contentType = '', $prefix = '') D:\phpsite\lm\Admin\Lib\Action\WebAction.class.php 第 680 行.
SQL: SHOW COLUMNS FROM `lm_company` [ RunTime:0.003065s ]
SQL: SELECT * FROM `lm_company` WHERE ( `id` = 47 ) LIMIT 1   [ RunTime:0.000300s ]
INFO: [ view_parse ] --START--
INFO: ParseTemplate Behavior ::run [ RunTime:0.008476s ]
INFO: [ view_parse ] --END-- [ RunTime:0.008570s ]
INFO: [ view_filter ] --START--
INFO: ContentReplace Behavior ::run [ RunTime:0.000435s ]
INFO: TokenBuild Behavior ::run [ RunTime:0.000366s ]
INFO: WriteHtmlCache Behavior ::run [ RunTime:0.000255s ]
INFO: ShowRuntime Behavior ::run [ RunTime:0.000502s ]
INFO: [ view_filter ] --END-- [ RunTime:0.001762s ]
INFO: [ view_end ] --START--
INFO: ShowPageTrace Behavior ::run [ RunTime:0.000469s ]
INFO: [ view_end ] --END-- [ RunTime:0.000539s ]

[ 2014-04-09T20:03:40+08:00 ] 10.0.3.6 /lm/admin.php/Web/savecase/id/
INFO: [ route_check ] --START--
INFO: CheckRoute Behavior ::run [ RunTime:0.000636s ]
INFO: [ route_check ] --END-- [ RunTime:0.000747s ]
INFO: [ app_begin ] --START--
INFO: ReadHtmlCache Behavior ::run [ RunTime:0.000589s ]
INFO: [ app_begin ] --END-- [ RunTime:0.000726s ]
NOTIC: [2048] Declaration of WebAction::show() should be compatible with Action::show($content, $charset = '', $contentType = '', $prefix = '') D:\phpsite\lm\Admin\Lib\Action\WebAction.class.php 第 680 行.
ERR: 参数错误或者未定义:id

[ 2014-04-09T20:08:36+08:00 ] 10.0.3.6 /lm/admin.php/Web/updac/id/47
INFO: [ route_check ] --START--
INFO: CheckRoute Behavior ::run [ RunTime:0.000701s ]
INFO: [ route_check ] --END-- [ RunTime:0.000808s ]
INFO: [ app_begin ] --START--
INFO: ReadHtmlCache Behavior ::run [ RunTime:0.000504s ]
INFO: [ app_begin ] --END-- [ RunTime:0.000584s ]
NOTIC: [2048] Declaration of WebAction::show() should be compatible with Action::show($content, $charset = '', $contentType = '', $prefix = '') D:\phpsite\lm\Admin\Lib\Action\WebAction.class.php 第 680 行.
SQL: SHOW COLUMNS FROM `lm_company` [ RunTime:0.005276s ]
SQL: SELECT * FROM `lm_company` WHERE ( `id` = 47 ) LIMIT 1   [ RunTime:0.000304s ]
INFO: [ view_parse ] --START--
INFO: ParseTemplate Behavior ::run [ RunTime:0.008633s ]
INFO: [ view_parse ] --END-- [ RunTime:0.008777s ]
INFO: [ view_filter ] --START--
INFO: ContentReplace Behavior ::run [ RunTime:0.000502s ]
INFO: TokenBuild Behavior ::run [ RunTime:0.000455s ]
INFO: WriteHtmlCache Behavior ::run [ RunTime:0.000325s ]
INFO: ShowRuntime Behavior ::run [ RunTime:0.000681s ]
INFO: [ view_filter ] --END-- [ RunTime:0.002173s ]
INFO: [ view_end ] --START--
INFO: ShowPageTrace Behavior ::run [ RunTime:0.000549s ]
INFO: [ view_end ] --END-- [ RunTime:0.000622s ]

[ 2014-04-09T20:08:52+08:00 ] 10.0.3.6 /lm/admin.php/Web/updac/id/4
INFO: [ route_check ] --START--
INFO: CheckRoute Behavior ::run [ RunTime:0.000740s ]
INFO: [ route_check ] --END-- [ RunTime:0.000852s ]
INFO: [ app_begin ] --START--
INFO: ReadHtmlCache Behavior ::run [ RunTime:0.000606s ]
INFO: [ app_begin ] --END-- [ RunTime:0.000721s ]
NOTIC: [2048] Declaration of WebAction::show() should be compatible with Action::show($content, $charset = '', $contentType = '', $prefix = '') D:\phpsite\lm\Admin\Lib\Action\WebAction.class.php 第 680 行.
SQL: SHOW COLUMNS FROM `lm_company` [ RunTime:0.003666s ]
SQL: SELECT * FROM `lm_company` WHERE ( `id` = 4 ) LIMIT 1   [ RunTime:0.000428s ]
NOTIC: [8] Array to string conversion D:\phpsite\lm\Admin\Lib\Action\WebAction.class.php 第 378 行.
INFO: [ view_parse ] --START--
INFO: ParseTemplate Behavior ::run [ RunTime:0.008831s ]
INFO: [ view_parse ] --END-- [ RunTime:0.008930s ]
INFO: [ view_filter ] --START--
INFO: ContentReplace Behavior ::run [ RunTime:0.000449s ]
INFO: TokenBuild Behavior ::run [ RunTime:0.000367s ]
INFO: WriteHtmlCache Behavior ::run [ RunTime:0.000291s ]
INFO: ShowRuntime Behavior ::run [ RunTime:0.000472s ]
INFO: [ view_filter ] --END-- [ RunTime:0.001791s ]
INFO: [ view_end ] --START--
INFO: ShowPageTrace Behavior ::run [ RunTime:0.000539s ]
INFO: [ view_end ] --END-- [ RunTime:0.000616s ]

[ 2014-04-09T20:09:01+08:00 ] 10.0.3.6 /lm/admin.php/Web/company
INFO: [ route_check ] --START--
INFO: CheckRoute Behavior ::run [ RunTime:0.000634s ]
INFO: [ route_check ] --END-- [ RunTime:0.000731s ]
INFO: [ app_begin ] --START--
INFO: ReadHtmlCache Behavior ::run [ RunTime:0.000455s ]
INFO: [ app_begin ] --END-- [ RunTime:0.000528s ]
NOTIC: [2048] Declaration of WebAction::show() should be compatible with Action::show($content, $charset = '', $contentType = '', $prefix = '') D:\phpsite\lm\Admin\Lib\Action\WebAction.class.php 第 680 行.
SQL: SHOW COLUMNS FROM `lm_company` [ RunTime:0.003249s ]
SQL: SELECT * FROM `lm_company` WHERE ( `pid` = 0 )  [ RunTime:0.000393s ]
INFO: [ view_parse ] --START--
INFO: ParseTemplate Behavior ::run [ RunTime:0.008943s ]
INFO: [ view_parse ] --END-- [ RunTime:0.009041s ]
INFO: [ view_filter ] --START--
INFO: ContentReplace Behavior ::run [ RunTime:0.000445s ]
INFO: TokenBuild Behavior ::run [ RunTime:0.000352s ]
INFO: WriteHtmlCache Behavior ::run [ RunTime:0.000246s ]
INFO: ShowRuntime Behavior ::run [ RunTime:0.000438s ]
INFO: [ view_filter ] --END-- [ RunTime:0.001709s ]
INFO: [ view_end ] --START--
INFO: ShowPageTrace Behavior ::run [ RunTime:0.000455s ]
INFO: [ view_end ] --END-- [ RunTime:0.000531s ]

[ 2014-04-09T20:09:03+08:00 ] 10.0.3.6 /lm/admin.php/Web/updac/id/4
INFO: [ route_check ] --START--
INFO: CheckRoute Behavior ::run [ RunTime:0.000602s ]
INFO: [ route_check ] --END-- [ RunTime:0.000704s ]
INFO: [ app_begin ] --START--
INFO: ReadHtmlCache Behavior ::run [ RunTime:0.000434s ]
INFO: [ app_begin ] --END-- [ RunTime:0.000503s ]
NOTIC: [2048] Declaration of WebAction::show() should be compatible with Action::show($content, $charset = '', $contentType = '', $prefix = '') D:\phpsite\lm\Admin\Lib\Action\WebAction.class.php 第 680 行.
SQL: SHOW COLUMNS FROM `lm_company` [ RunTime:0.003210s ]
SQL: SELECT * FROM `lm_company` WHERE ( `id` = 4 ) LIMIT 1   [ RunTime:0.000246s ]
NOTIC: [8] Array to string conversion D:\phpsite\lm\Admin\Lib\Action\WebAction.class.php 第 378 行.
INFO: [ view_parse ] --START--
INFO: ParseTemplate Behavior ::run [ RunTime:0.008524s ]
INFO: [ view_parse ] --END-- [ RunTime:0.008638s ]
INFO: [ view_filter ] --START--
INFO: ContentReplace Behavior ::run [ RunTime:0.000872s ]
INFO: TokenBuild Behavior ::run [ RunTime:0.000416s ]
INFO: WriteHtmlCache Behavior ::run [ RunTime:0.000258s ]
INFO: ShowRuntime Behavior ::run [ RunTime:0.000456s ]
INFO: [ view_filter ] --END-- [ RunTime:0.002209s ]
INFO: [ view_end ] --START--
INFO: ShowPageTrace Behavior ::run [ RunTime:0.000548s ]
INFO: [ view_end ] --END-- [ RunTime:0.000620s ]

[ 2014-04-09T20:09:18+08:00 ] 10.0.3.6 /lm/admin.php/Web/savecase/id/4
INFO: [ route_check ] --START--
INFO: CheckRoute Behavior ::run [ RunTime:0.000630s ]
INFO: [ route_check ] --END-- [ RunTime:0.000738s ]
INFO: [ app_begin ] --START--
INFO: ReadHtmlCache Behavior ::run [ RunTime:0.000461s ]
INFO: [ app_begin ] --END-- [ RunTime:0.000542s ]
NOTIC: [2048] Declaration of WebAction::show() should be compatible with Action::show($content, $charset = '', $contentType = '', $prefix = '') D:\phpsite\lm\Admin\Lib\Action\WebAction.class.php 第 680 行.
SQL: SHOW COLUMNS FROM `lm_company` [ RunTime:0.003325s ]
SQL: SHOW COLUMNS FROM `lm_slide` [ RunTime:0.003863s ]
SQL: DELETE FROM `lm_slide` WHERE ( `pid` = 4 ) [ RunTime:0.000644s ]
SQL: INSERT INTO `lm_slide` (`image`,`title`,`url`,`pid`) VALUES ('5345386e0d4c5.jpg','afas','asdf',4) [ RunTime:0.000332s ]
SQL: INSERT INTO `lm_slide` (`image`,`title`,`url`,`pid`) VALUES ('5345386e0d8ba.jpg','afas','asdf',4) [ RunTime:0.000579s ]
SQL: UPDATE `lm_company` SET `title`='e',`lowertitle`='',`outline`='',`content`='<p>asdfasraertsfg<br/></p>',`pic`='5345386e0dc59.jpg' WHERE ( `id` = 4 ) [ RunTime:0.000320s ]
INFO: [ view_parse ] --START--
INFO: ParseTemplate Behavior ::run [ RunTime:0.008141s ]
INFO: [ view_parse ] --END-- [ RunTime:0.008260s ]
INFO: [ view_filter ] --START--
INFO: ContentReplace Behavior ::run [ RunTime:0.000945s ]
INFO: TokenBuild Behavior ::run [ RunTime:0.000764s ]
INFO: WriteHtmlCache Behavior ::run [ RunTime:0.000653s ]
INFO: ShowRuntime Behavior ::run [ RunTime:0.000836s ]
INFO: [ view_filter ] --END-- [ RunTime:0.003448s ]
INFO: [ view_end ] --START--
INFO: ShowPageTrace Behavior ::run [ RunTime:0.000889s ]
INFO: [ view_end ] --END-- [ RunTime:0.000968s ]

[ 2014-04-09T20:09:19+08:00 ] 10.0.3.6 /lm/admin.php/Web/updac/id/4
INFO: [ route_check ] --START--
INFO: CheckRoute Behavior ::run [ RunTime:0.001058s ]
INFO: [ route_check ] --END-- [ RunTime:0.001153s ]
INFO: [ app_begin ] --START--
INFO: ReadHtmlCache Behavior ::run [ RunTime:0.000684s ]
INFO: [ app_begin ] --END-- [ RunTime:0.000753s ]
NOTIC: [2048] Declaration of WebAction::show() should be compatible with Action::show($content, $charset = '', $contentType = '', $prefix = '') D:\phpsite\lm\Admin\Lib\Action\WebAction.class.php 第 680 行.
SQL: SHOW COLUMNS FROM `lm_company` [ RunTime:0.003320s ]
SQL: SELECT * FROM `lm_company` WHERE ( `id` = 4 ) LIMIT 1   [ RunTime:0.000248s ]
NOTIC: [8] Array to string conversion D:\phpsite\lm\Admin\Lib\Action\WebAction.class.php 第 378 行.
INFO: [ view_parse ] --START--
INFO: ParseTemplate Behavior ::run [ RunTime:0.010709s ]
INFO: [ view_parse ] --END-- [ RunTime:0.010838s ]
INFO: [ view_filter ] --START--
INFO: ContentReplace Behavior ::run [ RunTime:0.000908s ]
INFO: TokenBuild Behavior ::run [ RunTime:0.000729s ]
INFO: WriteHtmlCache Behavior ::run [ RunTime:0.000575s ]
INFO: ShowRuntime Behavior ::run [ RunTime:0.000710s ]
INFO: [ view_filter ] --END-- [ RunTime:0.003166s ]
INFO: [ view_end ] --START--
INFO: ShowPageTrace Behavior ::run [ RunTime:0.000705s ]
INFO: [ view_end ] --END-- [ RunTime:0.000780s ]

[ 2014-04-09T20:10:12+08:00 ] 10.0.3.6 /lm/admin.php/Web/olay
INFO: [ route_check ] --START--
INFO: CheckRoute Behavior ::run [ RunTime:0.000732s ]
INFO: [ route_check ] --END-- [ RunTime:0.000836s ]
INFO: [ app_begin ] --START--
INFO: ReadHtmlCache Behavior ::run [ RunTime:0.000590s ]
INFO: [ app_begin ] --END-- [ RunTime:0.000670s ]
NOTIC: [2048] Declaration of WebAction::show() should be compatible with Action::show($content, $charset = '', $contentType = '', $prefix = '') D:\phpsite\lm\Admin\Lib\Action\WebAction.class.php 第 680 行.
SQL: SHOW COLUMNS FROM `lm_olay` [ RunTime:0.003334s ]
SQL: SELECT * FROM `lm_olay`  [ RunTime:0.000216s ]
INFO: [ view_parse ] --START--
INFO: ParseTemplate Behavior ::run [ RunTime:0.010240s ]
INFO: [ view_parse ] --END-- [ RunTime:0.010347s ]
INFO: [ view_filter ] --START--
INFO: ContentReplace Behavior ::run [ RunTime:0.000601s ]
INFO: TokenBuild Behavior ::run [ RunTime:0.000497s ]
INFO: WriteHtmlCache Behavior ::run [ RunTime:0.000381s ]
INFO: ShowRuntime Behavior ::run [ RunTime:0.000543s ]
INFO: [ view_filter ] --END-- [ RunTime:0.002213s ]
INFO: [ view_end ] --START--
INFO: ShowPageTrace Behavior ::run [ RunTime:0.000558s ]
INFO: [ view_end ] --END-- [ RunTime:0.000626s ]

[ 2014-04-09T20:10:15+08:00 ] 10.0.3.6 /lm/admin.php/Web/sclass
INFO: [ route_check ] --START--
INFO: CheckRoute Behavior ::run [ RunTime:0.000658s ]
INFO: [ route_check ] --END-- [ RunTime:0.000754s ]
INFO: [ app_begin ] --START--
INFO: ReadHtmlCache Behavior ::run [ RunTime:0.000507s ]
INFO: [ app_begin ] --END-- [ RunTime:0.000579s ]
NOTIC: [2048] Declaration of WebAction::show() should be compatible with Action::show($content, $charset = '', $contentType = '', $prefix = '') D:\phpsite\lm\Admin\Lib\Action\WebAction.class.php 第 680 行.
SQL: SHOW COLUMNS FROM `lm_sclass` [ RunTime:0.003204s ]
SQL: SELECT * FROM `lm_sclass`  [ RunTime:0.000269s ]
INFO: [ view_parse ] --START--
INFO: ParseTemplate Behavior ::run [ RunTime:0.009510s ]
INFO: [ view_parse ] --END-- [ RunTime:0.009628s ]
INFO: [ view_filter ] --START--
INFO: ContentReplace Behavior ::run [ RunTime:0.000766s ]
INFO: TokenBuild Behavior ::run [ RunTime:0.000602s ]
INFO: WriteHtmlCache Behavior ::run [ RunTime:0.000361s ]
INFO: ShowRuntime Behavior ::run [ RunTime:0.000579s ]
INFO: [ view_filter ] --END-- [ RunTime:0.002526s ]
INFO: [ view_end ] --START--
INFO: ShowPageTrace Behavior ::run [ RunTime:0.000569s ]
INFO: [ view_end ] --END-- [ RunTime:0.000639s ]

[ 2014-04-09T20:10:26+08:00 ] 10.0.3.6 /lm/admin.php/Web/adds
INFO: [ route_check ] --START--
INFO: CheckRoute Behavior ::run [ RunTime:0.000863s ]
INFO: [ route_check ] --END-- [ RunTime:0.000964s ]
INFO: [ app_begin ] --START--
INFO: ReadHtmlCache Behavior ::run [ RunTime:0.000634s ]
INFO: [ app_begin ] --END-- [ RunTime:0.000708s ]
NOTIC: [2048] Declaration of WebAction::show() should be compatible with Action::show($content, $charset = '', $contentType = '', $prefix = '') D:\phpsite\lm\Admin\Lib\Action\WebAction.class.php 第 680 行.
SQL: SHOW COLUMNS FROM `lm_bclass` [ RunTime:0.002912s ]
SQL: SELECT * FROM `lm_bclass`  [ RunTime:0.000266s ]
INFO: [ view_parse ] --START--
INFO: ParseTemplate Behavior ::run [ RunTime:0.009000s ]
INFO: [ view_parse ] --END-- [ RunTime:0.009094s ]
INFO: [ view_filter ] --START--
INFO: ContentReplace Behavior ::run [ RunTime:0.000526s ]
INFO: TokenBuild Behavior ::run [ RunTime:0.000489s ]
INFO: WriteHtmlCache Behavior ::run [ RunTime:0.000343s ]
INFO: ShowRuntime Behavior ::run [ RunTime:0.000528s ]
INFO: [ view_filter ] --END-- [ RunTime:0.002064s ]
INFO: [ view_end ] --START--
INFO: ShowPageTrace Behavior ::run [ RunTime:0.000625s ]
INFO: [ view_end ] --END-- [ RunTime:0.000701s ]

[ 2014-04-09T20:10:36+08:00 ] 10.0.3.6 /lm/admin.php/Web/inses
INFO: [ route_check ] --START--
INFO: CheckRoute Behavior ::run [ RunTime:0.000713s ]
INFO: [ route_check ] --END-- [ RunTime:0.000819s ]
INFO: [ app_begin ] --START--
INFO: ReadHtmlCache Behavior ::run [ RunTime:0.000636s ]
INFO: [ app_begin ] --END-- [ RunTime:0.000719s ]
NOTIC: [2048] Declaration of WebAction::show() should be compatible with Action::show($content, $charset = '', $contentType = '', $prefix = '') D:\phpsite\lm\Admin\Lib\Action\WebAction.class.php 第 680 行.
SQL: SHOW COLUMNS FROM `lm_sclass` [ RunTime:0.003207s ]
SQL: INSERT INTO `lm_sclass` (`title`,`pid`) VALUES ('test',3) [ RunTime:0.000322s ]
INFO: [ view_parse ] --START--
INFO: ParseTemplate Behavior ::run [ RunTime:0.006525s ]
INFO: [ view_parse ] --END-- [ RunTime:0.006620s ]
INFO: [ view_filter ] --START--
INFO: ContentReplace Behavior ::run [ RunTime:0.000671s ]
INFO: TokenBuild Behavior ::run [ RunTime:0.000522s ]
INFO: WriteHtmlCache Behavior ::run [ RunTime:0.000363s ]
INFO: ShowRuntime Behavior ::run [ RunTime:0.000505s ]
INFO: [ view_filter ] --END-- [ RunTime:0.002284s ]
INFO: [ view_end ] --START--
INFO: ShowPageTrace Behavior ::run [ RunTime:0.000599s ]
INFO: [ view_end ] --END-- [ RunTime:0.000668s ]

[ 2014-04-09T20:10:37+08:00 ] 10.0.3.6 /lm/admin.php/Web/adds
INFO: [ route_check ] --START--
INFO: CheckRoute Behavior ::run [ RunTime:0.000714s ]
INFO: [ route_check ] --END-- [ RunTime:0.000827s ]
INFO: [ app_begin ] --START--
INFO: ReadHtmlCache Behavior ::run [ RunTime:0.000585s ]
INFO: [ app_begin ] --END-- [ RunTime:0.000658s ]
NOTIC: [2048] Declaration of WebAction::show() should be compatible with Action::show($content, $charset = '', $contentType = '', $prefix = '') D:\phpsite\lm\Admin\Lib\Action\WebAction.class.php 第 680 行.
SQL: SHOW COLUMNS FROM `lm_bclass` [ RunTime:0.002944s ]
SQL: SELECT * FROM `lm_bclass`  [ RunTime:0.000215s ]
INFO: [ view_parse ] --START--
INFO: ParseTemplate Behavior ::run [ RunTime:0.008860s ]
INFO: [ view_parse ] --END-- [ RunTime:0.008950s ]
INFO: [ view_filter ] --START--
INFO: ContentReplace Behavior ::run [ RunTime:0.000512s ]
INFO: TokenBuild Behavior ::run [ RunTime:0.000437s ]
INFO: WriteHtmlCache Behavior ::run [ RunTime:0.000368s ]
INFO: ShowRuntime Behavior ::run [ RunTime:0.000537s ]
INFO: [ view_filter ] --END-- [ RunTime:0.002042s ]
INFO: [ view_end ] --START--
INFO: ShowPageTrace Behavior ::run [ RunTime:0.000559s ]
INFO: [ view_end ] --END-- [ RunTime:0.000625s ]

[ 2014-04-09T20:13:24+08:00 ] 10.0.3.6 /lm/admin.php/Web/inses
INFO: [ route_check ] --START--
INFO: CheckRoute Behavior ::run [ RunTime:0.000725s ]
INFO: [ route_check ] --END-- [ RunTime:0.000852s ]
INFO: [ app_begin ] --START--
INFO: ReadHtmlCache Behavior ::run [ RunTime:0.000593s ]
INFO: [ app_begin ] --END-- [ RunTime:0.000689s ]
NOTIC: [2048] Declaration of WebAction::show() should be compatible with Action::show($content, $charset = '', $contentType = '', $prefix = '') D:\phpsite\lm\Admin\Lib\Action\WebAction.class.php 第 680 行.
SQL: SHOW COLUMNS FROM `lm_sclass` [ RunTime:0.003476s ]
SQL: INSERT INTO `lm_sclass` (`title`,`pid`) VALUES ('shsdfg',3) [ RunTime:0.000236s ]
INFO: [ view_parse ] --START--
INFO: ParseTemplate Behavior ::run [ RunTime:0.005442s ]
INFO: [ view_parse ] --END-- [ RunTime:0.005529s ]
INFO: [ view_filter ] --START--
INFO: ContentReplace Behavior ::run [ RunTime:0.000306s ]
INFO: TokenBuild Behavior ::run [ RunTime:0.000352s ]
INFO: WriteHtmlCache Behavior ::run [ RunTime:0.000303s ]
INFO: ShowRuntime Behavior ::run [ RunTime:0.000414s ]
INFO: [ view_filter ] --END-- [ RunTime:0.001569s ]
INFO: [ view_end ] --START--
INFO: ShowPageTrace Behavior ::run [ RunTime:0.000516s ]
INFO: [ view_end ] --END-- [ RunTime:0.000588s ]

[ 2014-04-09T20:13:25+08:00 ] 10.0.3.6 /lm/admin.php/Web/adds
INFO: [ route_check ] --START--
INFO: CheckRoute Behavior ::run [ RunTime:0.001139s ]
INFO: [ route_check ] --END-- [ RunTime:0.001308s ]
INFO: [ app_begin ] --START--
INFO: ReadHtmlCache Behavior ::run [ RunTime:0.000849s ]
INFO: [ app_begin ] --END-- [ RunTime:0.000997s ]
NOTIC: [2048] Declaration of WebAction::show() should be compatible with Action::show($content, $charset = '', $contentType = '', $prefix = '') D:\phpsite\lm\Admin\Lib\Action\WebAction.class.php 第 680 行.
SQL: SHOW COLUMNS FROM `lm_bclass` [ RunTime:0.003057s ]
SQL: SELECT * FROM `lm_bclass`  [ RunTime:0.000249s ]
INFO: [ view_parse ] --START--
INFO: ParseTemplate Behavior ::run [ RunTime:0.010116s ]
INFO: [ view_parse ] --END-- [ RunTime:0.010230s ]
INFO: [ view_filter ] --START--
INFO: ContentReplace Behavior ::run [ RunTime:0.000492s ]
INFO: TokenBuild Behavior ::run [ RunTime:0.000442s ]
INFO: WriteHtmlCache Behavior ::run [ RunTime:0.000323s ]
INFO: ShowRuntime Behavior ::run [ RunTime:0.000503s ]
INFO: [ view_filter ] --END-- [ RunTime:0.001988s ]
INFO: [ view_end ] --START--
INFO: ShowPageTrace Behavior ::run [ RunTime:0.000533s ]
INFO: [ view_end ] --END-- [ RunTime:0.000612s ]

