[ 2014-04-06T00:18:06+08:00 ] 127.0.0.1 /lm/admin.php/Web/menu
INFO: [ route_check ] --START--
INFO: CheckRoute Behavior ::run [ RunTime:0.001405s ]
INFO: [ route_check ] --END-- [ RunTime:0.001495s ]
INFO: [ app_begin ] --START--
INFO: ReadHtmlCache Behavior ::run [ RunTime:0.000604s ]
INFO: [ app_begin ] --END-- [ RunTime:0.000660s ]
NOTIC: [2048] Declaration of WebAction::show() should be compatible with that of Action::show() D:\wamp\www\lm\admin\Lib\Action\WebAction.class.php 第 679 行.
SQL: SHOW COLUMNS FROM `lm_menu` [ RunTime:0.003896s ]
SQL: SELECT * FROM `lm_menu`  [ RunTime:0.000380s ]
INFO: [ view_parse ] --START--
INFO: ParseTemplate Behavior ::run [ RunTime:0.013963s ]
INFO: [ view_parse ] --END-- [ RunTime:0.014179s ]
INFO: [ view_filter ] --START--
INFO: ContentReplace Behavior ::run [ RunTime:0.000718s ]
INFO: TokenBuild Behavior ::run [ RunTime:0.000565s ]
INFO: WriteHtmlCache Behavior ::run [ RunTime:0.000356s ]
INFO: ShowRuntime Behavior ::run [ RunTime:0.000544s ]
INFO: [ view_filter ] --END-- [ RunTime:0.002333s ]
INFO: [ view_end ] --START--
INFO: ShowPageTrace Behavior ::run [ RunTime:0.000714s ]
INFO: [ view_end ] --END-- [ RunTime:0.000775s ]

[ 2014-04-06T00:18:15+08:00 ] 127.0.0.1 /lm/admin.php/Config/listsConfig
INFO: [ route_check ] --START--
INFO: CheckRoute Behavior ::run [ RunTime:0.000741s ]
INFO: [ route_check ] --END-- [ RunTime:0.000838s ]
INFO: [ app_begin ] --START--
INFO: ReadHtmlCache Behavior ::run [ RunTime:0.000488s ]
INFO: [ app_begin ] --END-- [ RunTime:0.000540s ]
SQL: SHOW COLUMNS FROM `lm_webconfig` [ RunTime:0.003754s ]
SQL: SELECT * FROM `lm_webconfig`  [ RunTime:0.000344s ]
INFO: [ view_parse ] --START--
INFO: ParseTemplate Behavior ::run [ RunTime:0.010778s ]
INFO: [ view_parse ] --END-- [ RunTime:0.010867s ]
INFO: [ view_filter ] --START--
INFO: ContentReplace Behavior ::run [ RunTime:0.000413s ]
INFO: TokenBuild Behavior ::run [ RunTime:0.000349s ]
INFO: WriteHtmlCache Behavior ::run [ RunTime:0.000246s ]
INFO: ShowRuntime Behavior ::run [ RunTime:0.000405s ]
INFO: [ view_filter ] --END-- [ RunTime:0.001552s ]
INFO: [ view_end ] --START--
INFO: ShowPageTrace Behavior ::run [ RunTime:0.000506s ]
INFO: [ view_end ] --END-- [ RunTime:0.000566s ]

[ 2014-04-06T00:18:25+08:00 ] 127.0.0.1 /lm/admin.php/Basis/guide
INFO: [ route_check ] --START--
INFO: CheckRoute Behavior ::run [ RunTime:0.000914s ]
INFO: [ route_check ] --END-- [ RunTime:0.001039s ]
INFO: [ app_begin ] --START--
INFO: ReadHtmlCache Behavior ::run [ RunTime:0.000651s ]
INFO: [ app_begin ] --END-- [ RunTime:0.000728s ]
SQL: SHOW COLUMNS FROM `lm_webconfig` [ RunTime:0.004027s ]
SQL: SELECT * FROM `lm_webconfig` WHERE ( `item` = 'prompt' ) LIMIT 1   [ RunTime:0.000726s ]
INFO: [ view_parse ] --START--
INFO: ParseTemplate Behavior ::run [ RunTime:0.009605s ]
INFO: [ view_parse ] --END-- [ RunTime:0.009748s ]
INFO: [ view_filter ] --START--
INFO: ContentReplace Behavior ::run [ RunTime:0.000558s ]
INFO: TokenBuild Behavior ::run [ RunTime:0.000480s ]
INFO: WriteHtmlCache Behavior ::run [ RunTime:0.000305s ]
INFO: ShowRuntime Behavior ::run [ RunTime:0.000457s ]
INFO: [ view_filter ] --END-- [ RunTime:0.001992s ]
INFO: [ view_end ] --START--
INFO: ShowPageTrace Behavior ::run [ RunTime:0.000562s ]
INFO: [ view_end ] --END-- [ RunTime:0.000655s ]

[ 2014-04-06T00:18:31+08:00 ] 127.0.0.1 /lm/admin.php/Web/show
INFO: [ route_check ] --START--
INFO: CheckRoute Behavior ::run [ RunTime:0.000836s ]
INFO: [ route_check ] --END-- [ RunTime:0.000920s ]
INFO: [ app_begin ] --START--
INFO: ReadHtmlCache Behavior ::run [ RunTime:0.000553s ]
INFO: [ app_begin ] --END-- [ RunTime:0.000614s ]
NOTIC: [2048] Declaration of WebAction::show() should be compatible with that of Action::show() D:\wamp\www\lm\admin\Lib\Action\WebAction.class.php 第 679 行.
SQL: SHOW COLUMNS FROM `lm_show` [ RunTime:0.003726s ]
SQL: SELECT * FROM `lm_show`  [ RunTime:0.000290s ]
INFO: [ view_parse ] --START--
INFO: ParseTemplate Behavior ::run [ RunTime:0.021629s ]
INFO: [ view_parse ] --END-- [ RunTime:0.021788s ]
INFO: [ view_filter ] --START--
INFO: ContentReplace Behavior ::run [ RunTime:0.000579s ]
INFO: TokenBuild Behavior ::run [ RunTime:0.000460s ]
INFO: WriteHtmlCache Behavior ::run [ RunTime:0.000305s ]
INFO: ShowRuntime Behavior ::run [ RunTime:0.000505s ]
INFO: [ view_filter ] --END-- [ RunTime:0.002003s ]
INFO: [ view_end ] --START--
INFO: ShowPageTrace Behavior ::run [ RunTime:0.000575s ]
INFO: [ view_end ] --END-- [ RunTime:0.000623s ]

[ 2014-04-06T00:18:36+08:00 ] 127.0.0.1 /lm/admin.php/Web/updashow/id//im/1
INFO: [ route_check ] --START--
INFO: CheckRoute Behavior ::run [ RunTime:0.000838s ]
INFO: [ route_check ] --END-- [ RunTime:0.000982s ]
INFO: [ app_begin ] --START--
INFO: ReadHtmlCache Behavior ::run [ RunTime:0.000635s ]
INFO: [ app_begin ] --END-- [ RunTime:0.000690s ]
NOTIC: [2048] Declaration of WebAction::show() should be compatible with that of Action::show() D:\wamp\www\lm\admin\Lib\Action\WebAction.class.php 第 679 行.
SQL: SHOW COLUMNS FROM `lm_show` [ RunTime:0.003789s ]
NOTIC: [8] Undefined index: im D:\wamp\www\lm\admin\Lib\Action\WebAction.class.php 第 612 行.
SQL: SELECT `id`,`title`,`url` FROM `lm_show` WHERE ( `id` = 0 ) LIMIT 1   [ RunTime:0.000647s ]
INFO: [ view_parse ] --START--
NOTIC: [8] Undefined index: im D:\wamp\www\lm\admin\Runtime\Cache\7ee0057fb7de2932b96258af5a2fff98.php 第 119 行.
NOTIC: [8] Undefined index: im D:\wamp\www\lm\admin\Runtime\Cache\7ee0057fb7de2932b96258af5a2fff98.php 第 120 行.
INFO: ParseTemplate Behavior ::run [ RunTime:0.011793s ]
INFO: [ view_parse ] --END-- [ RunTime:0.011911s ]
INFO: [ view_filter ] --START--
INFO: ContentReplace Behavior ::run [ RunTime:0.000672s ]
INFO: TokenBuild Behavior ::run [ RunTime:0.000394s ]
INFO: WriteHtmlCache Behavior ::run [ RunTime:0.000273s ]
INFO: ShowRuntime Behavior ::run [ RunTime:0.000408s ]
INFO: [ view_filter ] --END-- [ RunTime:0.001926s ]
INFO: [ view_end ] --START--
INFO: ShowPageTrace Behavior ::run [ RunTime:0.000541s ]
INFO: [ view_end ] --END-- [ RunTime:0.000590s ]

[ 2014-04-06T00:18:53+08:00 ] 127.0.0.1 /lm/admin.php/Web/saveshow/id//im/
INFO: [ route_check ] --START--
INFO: CheckRoute Behavior ::run [ RunTime:0.000751s ]
INFO: [ route_check ] --END-- [ RunTime:0.000846s ]
INFO: [ app_begin ] --START--
INFO: ReadHtmlCache Behavior ::run [ RunTime:0.000899s ]
INFO: [ app_begin ] --END-- [ RunTime:0.000981s ]
NOTIC: [2048] Declaration of WebAction::show() should be compatible with that of Action::show() D:\wamp\www\lm\admin\Lib\Action\WebAction.class.php 第 679 行.
SQL: SHOW COLUMNS FROM `lm_show` [ RunTime:0.004053s ]
SQL: UPDATE `lm_show` SET `title`='easdfa',`url`='asdfa' WHERE ( `id` = 0 ) [ RunTime:0.000439s ]
INFO: [ view_parse ] --START--
INFO: ParseTemplate Behavior ::run [ RunTime:0.007526s ]
INFO: [ view_parse ] --END-- [ RunTime:0.007651s ]
INFO: [ view_filter ] --START--
INFO: ContentReplace Behavior ::run [ RunTime:0.000406s ]
INFO: TokenBuild Behavior ::run [ RunTime:0.000461s ]
INFO: WriteHtmlCache Behavior ::run [ RunTime:0.000435s ]
INFO: ShowRuntime Behavior ::run [ RunTime:0.000484s ]
INFO: [ view_filter ] --END-- [ RunTime:0.001976s ]
INFO: [ view_end ] --START--
INFO: ShowPageTrace Behavior ::run [ RunTime:0.000610s ]
INFO: [ view_end ] --END-- [ RunTime:0.000666s ]

[ 2014-04-06T00:26:09+08:00 ] 127.0.0.1 /lm/admin.php/Web/casel
INFO: [ route_check ] --START--
INFO: CheckRoute Behavior ::run [ RunTime:0.001271s ]
INFO: [ route_check ] --END-- [ RunTime:0.001445s ]
INFO: [ app_begin ] --START--
INFO: ReadHtmlCache Behavior ::run [ RunTime:0.000713s ]
INFO: [ app_begin ] --END-- [ RunTime:0.000776s ]
NOTIC: [2048] Declaration of WebAction::show() should be compatible with that of Action::show() D:\wamp\www\lm\admin\Lib\Action\WebAction.class.php 第 679 行.
SQL: SHOW COLUMNS FROM `lm_company` [ RunTime:0.004042s ]
SQL: SELECT * FROM `lm_company` WHERE ( `id` NOT IN ('1','2','3') )  [ RunTime:0.000379s ]
INFO: [ view_parse ] --START--
INFO: ParseTemplate Behavior ::run [ RunTime:0.010894s ]
INFO: [ view_parse ] --END-- [ RunTime:0.011008s ]
INFO: [ view_filter ] --START--
INFO: ContentReplace Behavior ::run [ RunTime:0.000521s ]
INFO: TokenBuild Behavior ::run [ RunTime:0.000408s ]
INFO: WriteHtmlCache Behavior ::run [ RunTime:0.000344s ]
INFO: ShowRuntime Behavior ::run [ RunTime:0.000500s ]
INFO: [ view_filter ] --END-- [ RunTime:0.001920s ]
INFO: [ view_end ] --START--
INFO: ShowPageTrace Behavior ::run [ RunTime:0.000591s ]
INFO: [ view_end ] --END-- [ RunTime:0.000642s ]

[ 2014-04-06T00:26:18+08:00 ] 127.0.0.1 /lm/admin.php/Web/addcase
INFO: [ route_check ] --START--
INFO: CheckRoute Behavior ::run [ RunTime:0.000705s ]
INFO: [ route_check ] --END-- [ RunTime:0.000786s ]
INFO: [ app_begin ] --START--
INFO: ReadHtmlCache Behavior ::run [ RunTime:0.000467s ]
INFO: [ app_begin ] --END-- [ RunTime:0.000520s ]
NOTIC: [2048] Declaration of WebAction::show() should be compatible with that of Action::show() D:\wamp\www\lm\admin\Lib\Action\WebAction.class.php 第 679 行.
SQL: SHOW COLUMNS FROM `lm_sclass` [ RunTime:0.003613s ]
SQL: SELECT * FROM `lm_sclass`  [ RunTime:0.000726s ]
INFO: [ view_parse ] --START--
INFO: ParseTemplate Behavior ::run [ RunTime:0.015387s ]
INFO: [ view_parse ] --END-- [ RunTime:0.015559s ]
INFO: [ view_filter ] --START--
INFO: ContentReplace Behavior ::run [ RunTime:0.000696s ]
INFO: TokenBuild Behavior ::run [ RunTime:0.000566s ]
INFO: WriteHtmlCache Behavior ::run [ RunTime:0.000391s ]
INFO: ShowRuntime Behavior ::run [ RunTime:0.000466s ]
INFO: [ view_filter ] --END-- [ RunTime:0.002348s ]
INFO: [ view_end ] --START--
INFO: ShowPageTrace Behavior ::run [ RunTime:0.000687s ]
INFO: [ view_end ] --END-- [ RunTime:0.000762s ]

[ 2014-04-06T00:30:05+08:00 ] 127.0.0.1 /lm/admin.php/Web/insecase
INFO: [ route_check ] --START--
INFO: CheckRoute Behavior ::run [ RunTime:0.000887s ]
INFO: [ route_check ] --END-- [ RunTime:0.000985s ]
INFO: [ app_begin ] --START--
INFO: ReadHtmlCache Behavior ::run [ RunTime:0.000640s ]
INFO: [ app_begin ] --END-- [ RunTime:0.000703s ]
NOTIC: [2048] Declaration of WebAction::show() should be compatible with that of Action::show() D:\wamp\www\lm\admin\Lib\Action\WebAction.class.php 第 680 行.
SQL: SHOW COLUMNS FROM `lm_company` [ RunTime:0.003537s ]
SQL: SHOW COLUMNS FROM `lm_slide` [ RunTime:0.003578s ]
SQL: INSERT INTO `lm_company` (`title`,`lowertitle`,`outline`,`pid`,`content`,`pic`) VALUES ('asdf','sdf','asdfas',1,'<p>asdf<br/></p>','53402f8de19dc.jpg') [ RunTime:0.001100s ]
NOTIC: [8] Undefined variable: i D:\wamp\www\lm\admin\Lib\Action\WebAction.class.php 第 52 行.
NOTIC: [8] Undefined variable: i D:\wamp\www\lm\admin\Lib\Action\WebAction.class.php 第 53 行.
NOTIC: [8] Undefined index: url D:\wamp\www\lm\admin\Lib\Action\WebAction.class.php 第 53 行.
SQL: INSERT INTO `lm_slide` (`image`,`title`,`url`,`pid`) VALUES ('53402f8de1320.jpg','asdf',null,38) [ RunTime:0.000304s ]
ERR: 1048:Column 'url' cannot be null
 [ SQL语句 ] : INSERT INTO `lm_slide` (`image`,`title`,`url`,`pid`) VALUES ('53402f8de1320.jpg','asdf',null,38)
INFO: [ view_parse ] --START--
INFO: ParseTemplate Behavior ::run [ RunTime:0.008237s ]
INFO: [ view_parse ] --END-- [ RunTime:0.008336s ]
INFO: [ view_filter ] --START--
INFO: ContentReplace Behavior ::run [ RunTime:0.000469s ]
INFO: TokenBuild Behavior ::run [ RunTime:0.000417s ]
INFO: WriteHtmlCache Behavior ::run [ RunTime:0.000347s ]
INFO: ShowRuntime Behavior ::run [ RunTime:0.000491s ]
INFO: [ view_filter ] --END-- [ RunTime:0.001864s ]
INFO: [ view_end ] --START--
INFO: ShowPageTrace Behavior ::run [ RunTime:0.000606s ]
INFO: [ view_end ] --END-- [ RunTime:0.000656s ]

[ 2014-04-06T00:30:07+08:00 ] 127.0.0.1 /lm/admin.php/Web/addcase
INFO: [ route_check ] --START--
INFO: CheckRoute Behavior ::run [ RunTime:0.001251s ]
INFO: [ route_check ] --END-- [ RunTime:0.001341s ]
INFO: [ app_begin ] --START--
INFO: ReadHtmlCache Behavior ::run [ RunTime:0.000918s ]
INFO: [ app_begin ] --END-- [ RunTime:0.000980s ]
NOTIC: [2048] Declaration of WebAction::show() should be compatible with that of Action::show() D:\wamp\www\lm\admin\Lib\Action\WebAction.class.php 第 680 行.
SQL: SHOW COLUMNS FROM `lm_sclass` [ RunTime:0.004425s ]
SQL: SELECT * FROM `lm_sclass`  [ RunTime:0.000396s ]
INFO: [ view_parse ] --START--
INFO: ParseTemplate Behavior ::run [ RunTime:0.013025s ]
INFO: [ view_parse ] --END-- [ RunTime:0.013176s ]
INFO: [ view_filter ] --START--
INFO: ContentReplace Behavior ::run [ RunTime:0.000508s ]
INFO: TokenBuild Behavior ::run [ RunTime:0.000375s ]
INFO: WriteHtmlCache Behavior ::run [ RunTime:0.000280s ]
INFO: ShowRuntime Behavior ::run [ RunTime:0.000438s ]
INFO: [ view_filter ] --END-- [ RunTime:0.001760s ]
INFO: [ view_end ] --START--
INFO: ShowPageTrace Behavior ::run [ RunTime:0.000586s ]
INFO: [ view_end ] --END-- [ RunTime:0.000645s ]

[ 2014-04-06T00:31:11+08:00 ] 127.0.0.1 /lm/admin.php/Web/insecase
INFO: [ route_check ] --START--
INFO: CheckRoute Behavior ::run [ RunTime:0.001371s ]
INFO: [ route_check ] --END-- [ RunTime:0.001525s ]
INFO: [ app_begin ] --START--
INFO: ReadHtmlCache Behavior ::run [ RunTime:0.000665s ]
INFO: [ app_begin ] --END-- [ RunTime:0.000719s ]
NOTIC: [2048] Declaration of WebAction::show() should be compatible with that of Action::show() D:\wamp\www\lm\admin\Lib\Action\WebAction.class.php 第 683 行.
SQL: SHOW COLUMNS FROM `lm_company` [ RunTime:0.003822s ]
SQL: SHOW COLUMNS FROM `lm_slide` [ RunTime:0.003420s ]
SQL: INSERT INTO `lm_company` (`title`,`lowertitle`,`outline`,`pid`,`content`) VALUES ('sdasa','asdf','sadf',1,'<p>asdfasg<br/></p>') [ RunTime:0.000483s ]
NOTIC: [8] Undefined variable: i D:\wamp\www\lm\admin\Lib\Action\WebAction.class.php 第 55 行.
NOTIC: [8] Undefined variable: i D:\wamp\www\lm\admin\Lib\Action\WebAction.class.php 第 56 行.
NOTIC: [8] Undefined index: url D:\wamp\www\lm\admin\Lib\Action\WebAction.class.php 第 56 行.
SQL: INSERT INTO `lm_slide` (`image`,`title`,`url`,`pid`) VALUES ('53402fcfc2f7c.jpg','sdasa',null,39) [ RunTime:0.000608s ]
ERR: 1048:Column 'url' cannot be null
 [ SQL语句 ] : INSERT INTO `lm_slide` (`image`,`title`,`url`,`pid`) VALUES ('53402fcfc2f7c.jpg','sdasa',null,39)
NOTIC: [8] Undefined variable: i D:\wamp\www\lm\admin\Lib\Action\WebAction.class.php 第 55 行.
NOTIC: [8] Undefined variable: i D:\wamp\www\lm\admin\Lib\Action\WebAction.class.php 第 56 行.
NOTIC: [8] Undefined index: url D:\wamp\www\lm\admin\Lib\Action\WebAction.class.php 第 56 行.
SQL: INSERT INTO `lm_slide` (`image`,`title`,`url`,`pid`) VALUES ('53402fcfc3597.jpg','sdasa',null,39) [ RunTime:0.000206s ]
ERR: 1048:Column 'url' cannot be null
 [ SQL语句 ] : INSERT INTO `lm_slide` (`image`,`title`,`url`,`pid`) VALUES ('53402fcfc3597.jpg','sdasa',null,39)

[ 2014-04-06T00:32:09+08:00 ] 127.0.0.1 /lm/admin.php/Web/insecase
INFO: [ route_check ] --START--
INFO: CheckRoute Behavior ::run [ RunTime:0.000887s ]
INFO: [ route_check ] --END-- [ RunTime:0.000973s ]
INFO: [ app_begin ] --START--
INFO: ReadHtmlCache Behavior ::run [ RunTime:0.000551s ]
INFO: [ app_begin ] --END-- [ RunTime:0.000606s ]
NOTIC: [2048] Declaration of WebAction::show() should be compatible with that of Action::show() D:\wamp\www\lm\admin\Lib\Action\WebAction.class.php 第 683 行.
SQL: SHOW COLUMNS FROM `lm_company` [ RunTime:0.005497s ]
SQL: SHOW COLUMNS FROM `lm_slide` [ RunTime:0.004810s ]
SQL: INSERT INTO `lm_company` (`title`,`lowertitle`,`outline`,`pid`,`content`) VALUES ('sdasa','asdf','sadf',1,'<p>asdfasg<br/></p>') [ RunTime:0.000479s ]
NOTIC: [8] Undefined variable: i D:\wamp\www\lm\admin\Lib\Action\WebAction.class.php 第 55 行.
NOTIC: [8] Undefined variable: i D:\wamp\www\lm\admin\Lib\Action\WebAction.class.php 第 56 行.
NOTIC: [8] Undefined index: url D:\wamp\www\lm\admin\Lib\Action\WebAction.class.php 第 56 行.
SQL: INSERT INTO `lm_slide` (`image`,`title`,`url`,`pid`) VALUES ('53403009006da.jpg','sdasa',null,40) [ RunTime:0.000488s ]
ERR: 1048:Column 'url' cannot be null
 [ SQL语句 ] : INSERT INTO `lm_slide` (`image`,`title`,`url`,`pid`) VALUES ('53403009006da.jpg','sdasa',null,40)
NOTIC: [8] Undefined variable: i D:\wamp\www\lm\admin\Lib\Action\WebAction.class.php 第 55 行.
NOTIC: [8] Undefined variable: i D:\wamp\www\lm\admin\Lib\Action\WebAction.class.php 第 56 行.
NOTIC: [8] Undefined index: url D:\wamp\www\lm\admin\Lib\Action\WebAction.class.php 第 56 行.
SQL: INSERT INTO `lm_slide` (`image`,`title`,`url`,`pid`) VALUES ('5340300900d07.jpg','sdasa',null,40) [ RunTime:0.000166s ]
ERR: 1048:Column 'url' cannot be null
 [ SQL语句 ] : INSERT INTO `lm_slide` (`image`,`title`,`url`,`pid`) VALUES ('5340300900d07.jpg','sdasa',null,40)

[ 2014-04-06T00:32:39+08:00 ] 127.0.0.1 /lm/admin.php/Web/addcase
INFO: [ route_check ] --START--
INFO: CheckRoute Behavior ::run [ RunTime:0.001291s ]
INFO: [ route_check ] --END-- [ RunTime:0.001461s ]
INFO: [ app_begin ] --START--
INFO: ReadHtmlCache Behavior ::run [ RunTime:0.000917s ]
INFO: [ app_begin ] --END-- [ RunTime:0.001025s ]
NOTIC: [2048] Declaration of WebAction::show() should be compatible with that of Action::show() D:\wamp\www\lm\admin\Lib\Action\WebAction.class.php 第 683 行.
SQL: SHOW COLUMNS FROM `lm_sclass` [ RunTime:0.004586s ]
SQL: SELECT * FROM `lm_sclass`  [ RunTime:0.000417s ]
INFO: [ view_parse ] --START--
INFO: ParseTemplate Behavior ::run [ RunTime:0.013314s ]
INFO: [ view_parse ] --END-- [ RunTime:0.013450s ]
INFO: [ view_filter ] --START--
INFO: ContentReplace Behavior ::run [ RunTime:0.000531s ]
INFO: TokenBuild Behavior ::run [ RunTime:0.000422s ]
INFO: WriteHtmlCache Behavior ::run [ RunTime:0.000404s ]
INFO: ShowRuntime Behavior ::run [ RunTime:0.000487s ]
INFO: [ view_filter ] --END-- [ RunTime:0.001997s ]
INFO: [ view_end ] --START--
INFO: ShowPageTrace Behavior ::run [ RunTime:0.000598s ]
INFO: [ view_end ] --END-- [ RunTime:0.000654s ]

[ 2014-04-06T00:32:49+08:00 ] 127.0.0.1 /lm/admin.php/Web/insecase
INFO: [ route_check ] --START--
INFO: CheckRoute Behavior ::run [ RunTime:0.000835s ]
INFO: [ route_check ] --END-- [ RunTime:0.000964s ]
INFO: [ app_begin ] --START--
INFO: ReadHtmlCache Behavior ::run [ RunTime:0.000669s ]
INFO: [ app_begin ] --END-- [ RunTime:0.000756s ]
NOTIC: [2048] Declaration of WebAction::show() should be compatible with that of Action::show() D:\wamp\www\lm\admin\Lib\Action\WebAction.class.php 第 683 行.
SQL: SHOW COLUMNS FROM `lm_company` [ RunTime:0.003813s ]
SQL: SHOW COLUMNS FROM `lm_slide` [ RunTime:0.003259s ]
SQL: INSERT INTO `lm_company` (`title`,`lowertitle`,`outline`,`pid`,`content`) VALUES ('asdw4','weae','asdfas',1,'') [ RunTime:0.000294s ]
NOTIC: [8] Undefined variable: i D:\wamp\www\lm\admin\Lib\Action\WebAction.class.php 第 55 行.
NOTIC: [8] Undefined variable: i D:\wamp\www\lm\admin\Lib\Action\WebAction.class.php 第 56 行.
NOTIC: [8] Undefined index: url D:\wamp\www\lm\admin\Lib\Action\WebAction.class.php 第 56 行.
SQL: INSERT INTO `lm_slide` (`image`,`title`,`url`,`pid`) VALUES ('53403031f0b36.jpg','asdw4',null,41) [ RunTime:0.000317s ]
ERR: 1048:Column 'url' cannot be null
 [ SQL语句 ] : INSERT INTO `lm_slide` (`image`,`title`,`url`,`pid`) VALUES ('53403031f0b36.jpg','asdw4',null,41)

[ 2014-04-06T00:33:22+08:00 ] 127.0.0.1 /lm/admin.php/Web/insecase
INFO: [ route_check ] --START--
INFO: CheckRoute Behavior ::run [ RunTime:0.001169s ]
INFO: [ route_check ] --END-- [ RunTime:0.001320s ]
INFO: [ app_begin ] --START--
INFO: ReadHtmlCache Behavior ::run [ RunTime:0.000728s ]
INFO: [ app_begin ] --END-- [ RunTime:0.000806s ]
NOTIC: [2048] Declaration of WebAction::show() should be compatible with that of Action::show() D:\wamp\www\lm\admin\Lib\Action\WebAction.class.php 第 683 行.
SQL: SHOW COLUMNS FROM `lm_company` [ RunTime:0.006770s ]
SQL: SHOW COLUMNS FROM `lm_slide` [ RunTime:0.006335s ]
SQL: INSERT INTO `lm_company` (`title`,`lowertitle`,`outline`,`pid`,`content`) VALUES ('asdw4','weae','asdfas',1,'') [ RunTime:0.000958s ]
NOTIC: [8] Undefined variable: i D:\wamp\www\lm\admin\Lib\Action\WebAction.class.php 第 55 行.
NOTIC: [8] Undefined variable: i D:\wamp\www\lm\admin\Lib\Action\WebAction.class.php 第 56 行.
NOTIC: [8] Undefined index: url D:\wamp\www\lm\admin\Lib\Action\WebAction.class.php 第 56 行.
SQL: INSERT INTO `lm_slide` (`image`,`title`,`url`,`pid`) VALUES ('53403052a7330.jpg','asdw4',null,42) [ RunTime:0.000828s ]
ERR: 1048:Column 'url' cannot be null
 [ SQL语句 ] : INSERT INTO `lm_slide` (`image`,`title`,`url`,`pid`) VALUES ('53403052a7330.jpg','asdw4',null,42)

[ 2014-04-06T00:34:13+08:00 ] 127.0.0.1 /lm/admin.php/Web/addcase
INFO: [ route_check ] --START--
INFO: CheckRoute Behavior ::run [ RunTime:0.000975s ]
INFO: [ route_check ] --END-- [ RunTime:0.001081s ]
INFO: [ app_begin ] --START--
INFO: ReadHtmlCache Behavior ::run [ RunTime:0.000601s ]
INFO: [ app_begin ] --END-- [ RunTime:0.000712s ]
NOTIC: [2048] Declaration of WebAction::show() should be compatible with that of Action::show() D:\wamp\www\lm\admin\Lib\Action\WebAction.class.php 第 683 行.
SQL: SHOW COLUMNS FROM `lm_sclass` [ RunTime:0.003737s ]
SQL: SELECT * FROM `lm_sclass`  [ RunTime:0.000594s ]
INFO: [ view_parse ] --START--
INFO: ParseTemplate Behavior ::run [ RunTime:0.011007s ]
INFO: [ view_parse ] --END-- [ RunTime:0.011179s ]
INFO: [ view_filter ] --START--
INFO: ContentReplace Behavior ::run [ RunTime:0.000456s ]
INFO: TokenBuild Behavior ::run [ RunTime:0.000371s ]
INFO: WriteHtmlCache Behavior ::run [ RunTime:0.000278s ]
INFO: ShowRuntime Behavior ::run [ RunTime:0.000437s ]
INFO: [ view_filter ] --END-- [ RunTime:0.001699s ]
INFO: [ view_end ] --START--
INFO: ShowPageTrace Behavior ::run [ RunTime:0.000546s ]
INFO: [ view_end ] --END-- [ RunTime:0.000598s ]

[ 2014-04-06T00:34:25+08:00 ] 127.0.0.1 /lm/admin.php/Web/insecase
INFO: [ route_check ] --START--
INFO: CheckRoute Behavior ::run [ RunTime:0.000861s ]
INFO: [ route_check ] --END-- [ RunTime:0.000960s ]
INFO: [ app_begin ] --START--
INFO: ReadHtmlCache Behavior ::run [ RunTime:0.000623s ]
INFO: [ app_begin ] --END-- [ RunTime:0.000678s ]
NOTIC: [2048] Declaration of WebAction::show() should be compatible with that of Action::show() D:\wamp\www\lm\admin\Lib\Action\WebAction.class.php 第 683 行.
SQL: SHOW COLUMNS FROM `lm_company` [ RunTime:0.003849s ]
SQL: SHOW COLUMNS FROM `lm_slide` [ RunTime:0.003753s ]
SQL: INSERT INTO `lm_company` (`title`,`lowertitle`,`outline`,`pid`,`content`,`pic`) VALUES ('asdf','fasd','fasga',1,'','53403090f3102.jpg') [ RunTime:0.000781s ]
NOTIC: [8] Undefined variable: i D:\wamp\www\lm\admin\Lib\Action\WebAction.class.php 第 55 行.
NOTIC: [8] Undefined variable: i D:\wamp\www\lm\admin\Lib\Action\WebAction.class.php 第 56 行.
NOTIC: [8] Undefined index: url D:\wamp\www\lm\admin\Lib\Action\WebAction.class.php 第 56 行.
SQL: INSERT INTO `lm_slide` (`image`,`title`,`url`,`pid`) VALUES ('53403090f2b42.jpg','asdf',null,43) [ RunTime:0.000203s ]
ERR: 1048:Column 'url' cannot be null
 [ SQL语句 ] : INSERT INTO `lm_slide` (`image`,`title`,`url`,`pid`) VALUES ('53403090f2b42.jpg','asdf',null,43)

[ 2014-04-06T00:35:09+08:00 ] 127.0.0.1 /lm/admin.php/Web/insecase
INFO: [ route_check ] --START--
INFO: CheckRoute Behavior ::run [ RunTime:0.000781s ]
INFO: [ route_check ] --END-- [ RunTime:0.000867s ]
INFO: [ app_begin ] --START--
INFO: ReadHtmlCache Behavior ::run [ RunTime:0.000470s ]
INFO: [ app_begin ] --END-- [ RunTime:0.000522s ]
NOTIC: [2048] Declaration of WebAction::show() should be compatible with that of Action::show() D:\wamp\www\lm\admin\Lib\Action\WebAction.class.php 第 683 行.
SQL: SHOW COLUMNS FROM `lm_company` [ RunTime:0.003805s ]
SQL: SHOW COLUMNS FROM `lm_slide` [ RunTime:0.003377s ]
SQL: INSERT INTO `lm_company` (`title`,`lowertitle`,`outline`,`pid`,`content`,`pic`) VALUES ('asdf','fasd','fasga',1,'','534030bd853f8.jpg') [ RunTime:0.000918s ]
NOTIC: [8] Undefined variable: i D:\wamp\www\lm\admin\Lib\Action\WebAction.class.php 第 55 行.
NOTIC: [8] Undefined variable: i D:\wamp\www\lm\admin\Lib\Action\WebAction.class.php 第 56 行.
NOTIC: [8] Undefined index: url D:\wamp\www\lm\admin\Lib\Action\WebAction.class.php 第 56 行.
SQL: INSERT INTO `lm_slide` (`image`,`title`,`url`,`pid`) VALUES ('534030bd84e12.jpg','asdf',null,44) [ RunTime:0.000328s ]
ERR: 1048:Column 'url' cannot be null
 [ SQL语句 ] : INSERT INTO `lm_slide` (`image`,`title`,`url`,`pid`) VALUES ('534030bd84e12.jpg','asdf',null,44)

[ 2014-04-06T00:36:42+08:00 ] 127.0.0.1 /lm/admin.php/Web/insecase
INFO: [ route_check ] --START--
INFO: CheckRoute Behavior ::run [ RunTime:0.001595s ]
INFO: [ route_check ] --END-- [ RunTime:0.001746s ]
INFO: [ app_begin ] --START--
INFO: ReadHtmlCache Behavior ::run [ RunTime:0.001117s ]
INFO: [ app_begin ] --END-- [ RunTime:0.001261s ]
NOTIC: [2048] Declaration of WebAction::show() should be compatible with that of Action::show() D:\wamp\www\lm\admin\Lib\Action\WebAction.class.php 第 680 行.
SQL: SHOW COLUMNS FROM `lm_company` [ RunTime:0.006230s ]
SQL: SHOW COLUMNS FROM `lm_slide` [ RunTime:0.005412s ]
SQL: INSERT INTO `lm_company` (`title`,`lowertitle`,`outline`,`pid`,`content`,`pic`) VALUES ('asdf','fasd','fasga',1,'','5340311a0227c.jpg') [ RunTime:0.001335s ]
NOTIC: [8] Undefined variable: i D:\wamp\www\lm\admin\Lib\Action\WebAction.class.php 第 52 行.
NOTIC: [8] Undefined variable: i D:\wamp\www\lm\admin\Lib\Action\WebAction.class.php 第 53 行.
NOTIC: [8] Undefined index: url D:\wamp\www\lm\admin\Lib\Action\WebAction.class.php 第 53 行.
SQL: INSERT INTO `lm_slide` (`image`,`title`,`url`,`pid`) VALUES ('5340311a0195c.jpg','asdf',null,45) [ RunTime:0.000384s ]
ERR: 1048:Column 'url' cannot be null
 [ SQL语句 ] : INSERT INTO `lm_slide` (`image`,`title`,`url`,`pid`) VALUES ('5340311a0195c.jpg','asdf',null,45)

[ 2014-04-06T00:38:42+08:00 ] 127.0.0.1 /lm/admin.php/Web/insecase
INFO: [ route_check ] --START--
INFO: CheckRoute Behavior ::run [ RunTime:0.001077s ]
INFO: [ route_check ] --END-- [ RunTime:0.001197s ]
INFO: [ app_begin ] --START--
INFO: ReadHtmlCache Behavior ::run [ RunTime:0.000938s ]
INFO: [ app_begin ] --END-- [ RunTime:0.001041s ]
NOTIC: [2048] Declaration of WebAction::show() should be compatible with that of Action::show() D:\wamp\www\lm\admin\Lib\Action\WebAction.class.php 第 683 行.
SQL: SHOW COLUMNS FROM `lm_company` [ RunTime:0.006923s ]
SQL: SHOW COLUMNS FROM `lm_slide` [ RunTime:0.004740s ]
SQL: INSERT INTO `lm_company` (`title`,`lowertitle`,`outline`,`pid`,`content`,`pic`) VALUES ('asdf','fasd','fasga',1,'','53403192ae706.jpg') [ RunTime:0.000782s ]
SQL: INSERT INTO `lm_slide` (`image`,`title`,`url`,`pid`) VALUES ('53403192ae143.jpg','','',46) [ RunTime:0.000312s ]

[ 2014-04-06T00:40:43+08:00 ] 127.0.0.1 /lm/admin.php/Web/insecase
INFO: [ route_check ] --START--
INFO: CheckRoute Behavior ::run [ RunTime:0.000700s ]
INFO: [ route_check ] --END-- [ RunTime:0.000790s ]
INFO: [ app_begin ] --START--
INFO: ReadHtmlCache Behavior ::run [ RunTime:0.000458s ]
INFO: [ app_begin ] --END-- [ RunTime:0.000512s ]
NOTIC: [2048] Declaration of WebAction::show() should be compatible with that of Action::show() D:\wamp\www\lm\admin\Lib\Action\WebAction.class.php 第 683 行.
SQL: SHOW COLUMNS FROM `lm_company` [ RunTime:0.004073s ]
SQL: SHOW COLUMNS FROM `lm_slide` [ RunTime:0.003238s ]
SQL: INSERT INTO `lm_company` (`title`,`lowertitle`,`outline`,`pid`,`content`,`pic`) VALUES ('asdf','fasd','fasga',1,'<p>this is a test<br/></p>','5340320b64bc9.jpg') [ RunTime:0.000531s ]
SQL: INSERT INTO `lm_slide` (`image`,`title`,`url`,`pid`) VALUES ('5340320b6301f.jpg','','',47) [ RunTime:0.000215s ]
SQL: INSERT INTO `lm_slide` (`image`,`title`,`url`,`pid`) VALUES ('5340320b6369e.jpg','','',47) [ RunTime:0.000187s ]
SQL: INSERT INTO `lm_slide` (`image`,`title`,`url`,`pid`) VALUES ('5340320b63cc8.jpg','','',47) [ RunTime:0.000182s ]
SQL: INSERT INTO `lm_slide` (`image`,`title`,`url`,`pid`) VALUES ('5340320b645a0.jpg','','',47) [ RunTime:0.000202s ]
INFO: [ view_parse ] --START--
INFO: ParseTemplate Behavior ::run [ RunTime:0.008214s ]
INFO: [ view_parse ] --END-- [ RunTime:0.008327s ]
INFO: [ view_filter ] --START--
INFO: ContentReplace Behavior ::run [ RunTime:0.000477s ]
INFO: TokenBuild Behavior ::run [ RunTime:0.000421s ]
INFO: WriteHtmlCache Behavior ::run [ RunTime:0.000336s ]
INFO: ShowRuntime Behavior ::run [ RunTime:0.000510s ]
INFO: [ view_filter ] --END-- [ RunTime:0.001885s ]
INFO: [ view_end ] --START--
INFO: ShowPageTrace Behavior ::run [ RunTime:0.000608s ]
INFO: [ view_end ] --END-- [ RunTime:0.000657s ]

[ 2014-04-06T00:40:44+08:00 ] 127.0.0.1 /lm/admin.php/Web/addcase
INFO: [ route_check ] --START--
INFO: CheckRoute Behavior ::run [ RunTime:0.001153s ]
INFO: [ route_check ] --END-- [ RunTime:0.001272s ]
INFO: [ app_begin ] --START--
INFO: ReadHtmlCache Behavior ::run [ RunTime:0.000866s ]
INFO: [ app_begin ] --END-- [ RunTime:0.000955s ]
NOTIC: [2048] Declaration of WebAction::show() should be compatible with that of Action::show() D:\wamp\www\lm\admin\Lib\Action\WebAction.class.php 第 683 行.
SQL: SHOW COLUMNS FROM `lm_sclass` [ RunTime:0.005642s ]
SQL: SELECT * FROM `lm_sclass`  [ RunTime:0.000718s ]
INFO: [ view_parse ] --START--
INFO: ParseTemplate Behavior ::run [ RunTime:0.013063s ]
INFO: [ view_parse ] --END-- [ RunTime:0.013240s ]
INFO: [ view_filter ] --START--
INFO: ContentReplace Behavior ::run [ RunTime:0.000491s ]
INFO: TokenBuild Behavior ::run [ RunTime:0.000361s ]
INFO: WriteHtmlCache Behavior ::run [ RunTime:0.000256s ]
INFO: ShowRuntime Behavior ::run [ RunTime:0.000407s ]
INFO: [ view_filter ] --END-- [ RunTime:0.001664s ]
INFO: [ view_end ] --START--
INFO: ShowPageTrace Behavior ::run [ RunTime:0.000614s ]
INFO: [ view_end ] --END-- [ RunTime:0.000686s ]

[ 2014-04-06T00:46:33+08:00 ] 127.0.0.1 /lm/admin.php/Web/insecase
INFO: [ route_check ] --START--
INFO: CheckRoute Behavior ::run [ RunTime:0.000987s ]
INFO: [ route_check ] --END-- [ RunTime:0.001088s ]
INFO: [ app_begin ] --START--
INFO: ReadHtmlCache Behavior ::run [ RunTime:0.000647s ]
INFO: [ app_begin ] --END-- [ RunTime:0.000700s ]
NOTIC: [2048] Declaration of WebAction::show() should be compatible with that of Action::show() D:\wamp\www\lm\admin\Lib\Action\WebAction.class.php 第 681 行.
SQL: SHOW COLUMNS FROM `lm_company` [ RunTime:0.004011s ]
SQL: SHOW COLUMNS FROM `lm_slide` [ RunTime:0.004706s ]
SQL: INSERT INTO `lm_company` (`title`,`lowertitle`,`outline`,`pid`,`content`,`pic`) VALUES ('asd','fas','sdfa',1,'<p>asasgasdf<br/></p>','5340336943c4e.jpg') [ RunTime:0.000806s ]
SQL: INSERT INTO `lm_slide` (`image`,`title`,`url`,`pid`) VALUES ('53403369421a3.jpg','','',48) [ RunTime:0.000248s ]
SQL: INSERT INTO `lm_slide` (`image`,`title`,`url`,`pid`) VALUES ('53403369427c9.jpg','','',48) [ RunTime:0.000212s ]
SQL: INSERT INTO `lm_slide` (`image`,`title`,`url`,`pid`) VALUES ('5340336942cfd.jpg','','',48) [ RunTime:0.000208s ]
SQL: INSERT INTO `lm_slide` (`image`,`title`,`url`,`pid`) VALUES ('534033694359d.jpg','','',48) [ RunTime:0.000210s ]

[ 2014-04-06T00:46:54+08:00 ] 127.0.0.1 /lm/admin.php/Web/insecase
INFO: [ route_check ] --START--
INFO: CheckRoute Behavior ::run [ RunTime:0.000880s ]
INFO: [ route_check ] --END-- [ RunTime:0.000976s ]
INFO: [ app_begin ] --START--
INFO: ReadHtmlCache Behavior ::run [ RunTime:0.000544s ]
INFO: [ app_begin ] --END-- [ RunTime:0.000597s ]
NOTIC: [2048] Declaration of WebAction::show() should be compatible with that of Action::show() D:\wamp\www\lm\admin\Lib\Action\WebAction.class.php 第 681 行.
SQL: SHOW COLUMNS FROM `lm_company` [ RunTime:0.004795s ]
SQL: SHOW COLUMNS FROM `lm_slide` [ RunTime:0.003591s ]
SQL: INSERT INTO `lm_company` (`title`,`lowertitle`,`outline`,`pid`,`content`,`pic`) VALUES ('asd','fas','sdfa',1,'<p>asasgasdf<br/></p>','5340337e0df6c.jpg') [ RunTime:0.000576s ]
SQL: INSERT INTO `lm_slide` (`image`,`title`,`url`,`pid`) VALUES ('5340337e0c55e.jpg','fasd','',49) [ RunTime:0.000173s ]
SQL: INSERT INTO `lm_slide` (`image`,`title`,`url`,`pid`) VALUES ('5340337e0cb5a.jpg','asdf','',49) [ RunTime:0.000154s ]
SQL: INSERT INTO `lm_slide` (`image`,`title`,`url`,`pid`) VALUES ('5340337e0d076.jpg','fasd','',49) [ RunTime:0.000157s ]
SQL: INSERT INTO `lm_slide` (`image`,`title`,`url`,`pid`) VALUES ('5340337e0d908.jpg','asdf','',49) [ RunTime:0.000150s ]

[ 2014-04-06T00:47:11+08:00 ] 127.0.0.1 /lm/admin.php/Web/addcase
INFO: [ route_check ] --START--
INFO: CheckRoute Behavior ::run [ RunTime:0.001743s ]
INFO: [ route_check ] --END-- [ RunTime:0.001885s ]
INFO: [ app_begin ] --START--
INFO: ReadHtmlCache Behavior ::run [ RunTime:0.000706s ]
INFO: [ app_begin ] --END-- [ RunTime:0.000772s ]
NOTIC: [2048] Declaration of WebAction::show() should be compatible with that of Action::show() D:\wamp\www\lm\admin\Lib\Action\WebAction.class.php 第 681 行.
SQL: SHOW COLUMNS FROM `lm_sclass` [ RunTime:0.003805s ]
SQL: SELECT * FROM `lm_sclass`  [ RunTime:0.000404s ]
INFO: [ view_parse ] --START--
INFO: ParseTemplate Behavior ::run [ RunTime:0.010996s ]
INFO: [ view_parse ] --END-- [ RunTime:0.011129s ]
INFO: [ view_filter ] --START--
INFO: ContentReplace Behavior ::run [ RunTime:0.000600s ]
INFO: TokenBuild Behavior ::run [ RunTime:0.000529s ]
INFO: WriteHtmlCache Behavior ::run [ RunTime:0.000332s ]
INFO: ShowRuntime Behavior ::run [ RunTime:0.000507s ]
INFO: [ view_filter ] --END-- [ RunTime:0.002120s ]
INFO: [ view_end ] --START--
INFO: ShowPageTrace Behavior ::run [ RunTime:0.000601s ]
INFO: [ view_end ] --END-- [ RunTime:0.000654s ]

