[ 2014-04-04T23:15:02+08:00 ] 123.245.252.185 /admin.php/Login/index
INFO: [ route_check ] --START--
INFO: CheckRoute Behavior ::run [ RunTime:0.001913s ]
INFO: [ route_check ] --END-- [ RunTime:0.002146s ]
INFO: [ app_begin ] --START--
INFO: ReadHtmlCache Behavior ::run [ RunTime:0.001075s ]
INFO: [ app_begin ] --END-- [ RunTime:0.001206s ]
NOTIC: [2] session_start() [<a href='function.session-start'>function.session-start</a>]: Cannot send session cookie - headers already sent by (output started at D:\webs\web1\config.inc.php:1) D:\webs\web1\ThinkPHP\Common\functions.php 第 566 行.
NOTIC: [2] session_start() [<a href='function.session-start'>function.session-start</a>]: Cannot send session cache limiter - headers already sent (output started at D:\webs\web1\config.inc.php:1) D:\webs\web1\ThinkPHP\Common\functions.php 第 566 行.
INFO: [ view_parse ] --START--
INFO: ParseTemplate Behavior ::run [ RunTime:0.019301s ]
INFO: [ view_parse ] --END-- [ RunTime:0.019641s ]
INFO: [ view_filter ] --START--
INFO: ContentReplace Behavior ::run [ RunTime:0.001118s ]
INFO: TokenBuild Behavior ::run [ RunTime:0.006157s ]
INFO: WriteHtmlCache Behavior ::run [ RunTime:0.001105s ]
INFO: ShowRuntime Behavior ::run [ RunTime:0.002312s ]
INFO: [ view_filter ] --END-- [ RunTime:0.011085s ]
NOTIC: [2] Cannot modify header information - headers already sent by (output started at D:\webs\web1\config.inc.php:1) D:\webs\web1\ThinkPHP\Lib\Core\View.class.php 第 95 行.
NOTIC: [2] Cannot modify header information - headers already sent by (output started at D:\webs\web1\config.inc.php:1) D:\webs\web1\ThinkPHP\Lib\Core\View.class.php 第 96 行.
NOTIC: [2] Cannot modify header information - headers already sent by (output started at D:\webs\web1\config.inc.php:1) D:\webs\web1\ThinkPHP\Lib\Core\View.class.php 第 97 行.
INFO: [ view_end ] --START--
INFO: ShowPageTrace Behavior ::run [ RunTime:0.002315s ]
INFO: [ view_end ] --END-- [ RunTime:0.002497s ]

[ 2014-04-04T23:15:03+08:00 ] 123.245.252.185 /admin.php/Login/login
INFO: [ route_check ] --START--
INFO: CheckRoute Behavior ::run [ RunTime:0.001553s ]
INFO: [ route_check ] --END-- [ RunTime:0.001754s ]
INFO: [ app_begin ] --START--
INFO: ReadHtmlCache Behavior ::run [ RunTime:0.001040s ]
INFO: [ app_begin ] --END-- [ RunTime:0.001179s ]
NOTIC: [2] session_start() [<a href='function.session-start'>function.session-start</a>]: Cannot send session cookie - headers already sent by (output started at D:\webs\web1\config.inc.php:1) D:\webs\web1\ThinkPHP\Common\functions.php 第 566 行.
NOTIC: [2] session_start() [<a href='function.session-start'>function.session-start</a>]: Cannot send session cache limiter - headers already sent (output started at D:\webs\web1\config.inc.php:1) D:\webs\web1\ThinkPHP\Common\functions.php 第 566 行.
SQL: SHOW COLUMNS FROM `lm_user` [ RunTime:0.002041s ]
SQL: SELECT * FROM `lm_user` WHERE ( `username` = 'admin' ) AND ( `userpwd` = '21232f297a57a5a743894a0e4a801fc3' ) LIMIT 1   [ RunTime:0.000285s ]
NOTIC: [8] A session had already been started - ignoring session_start() D:\webs\web1\admin\Lib\Action\LoginAction.class.php 第 23 行.
INFO: [ view_parse ] --START--
INFO: ParseTemplate Behavior ::run [ RunTime:0.019655s ]
INFO: [ view_parse ] --END-- [ RunTime:0.019860s ]
INFO: [ view_filter ] --START--
INFO: ContentReplace Behavior ::run [ RunTime:0.000907s ]
INFO: TokenBuild Behavior ::run [ RunTime:0.001650s ]
INFO: WriteHtmlCache Behavior ::run [ RunTime:0.000780s ]
INFO: ShowRuntime Behavior ::run [ RunTime:0.002185s ]
INFO: [ view_filter ] --END-- [ RunTime:0.005896s ]
NOTIC: [2] Cannot modify header information - headers already sent by (output started at D:\webs\web1\config.inc.php:1) D:\webs\web1\ThinkPHP\Lib\Core\View.class.php 第 95 行.
NOTIC: [2] Cannot modify header information - headers already sent by (output started at D:\webs\web1\config.inc.php:1) D:\webs\web1\ThinkPHP\Lib\Core\View.class.php 第 96 行.
NOTIC: [2] Cannot modify header information - headers already sent by (output started at D:\webs\web1\config.inc.php:1) D:\webs\web1\ThinkPHP\Lib\Core\View.class.php 第 97 行.
INFO: [ view_end ] --START--
INFO: ShowPageTrace Behavior ::run [ RunTime:0.002310s ]
INFO: [ view_end ] --END-- [ RunTime:0.002476s ]

[ 2014-04-04T23:15:05+08:00 ] 123.245.252.185 /admin.php/Index/index
INFO: [ route_check ] --START--
INFO: CheckRoute Behavior ::run [ RunTime:0.002363s ]
INFO: [ route_check ] --END-- [ RunTime:0.002649s ]
INFO: [ app_begin ] --START--
INFO: ReadHtmlCache Behavior ::run [ RunTime:0.001173s ]
INFO: [ app_begin ] --END-- [ RunTime:0.001310s ]
NOTIC: [2] session_start() [<a href='function.session-start'>function.session-start</a>]: Cannot send session cookie - headers already sent by (output started at D:\webs\web1\config.inc.php:1) D:\webs\web1\ThinkPHP\Common\functions.php 第 566 行.
NOTIC: [2] session_start() [<a href='function.session-start'>function.session-start</a>]: Cannot send session cache limiter - headers already sent (output started at D:\webs\web1\config.inc.php:1) D:\webs\web1\ThinkPHP\Common\functions.php 第 566 行.
INFO: [ view_parse ] --START--
NOTIC: [8] Undefined variable: stat D:\webs\web1\admin\Runtime\Cache\4c18d5952d0dbf1eedb8a1ec796fa788.php 第 131 行.
NOTIC: [8] Undefined variable: stat D:\webs\web1\admin\Runtime\Cache\4c18d5952d0dbf1eedb8a1ec796fa788.php 第 139 行.
NOTIC: [8] Undefined variable: stat D:\webs\web1\admin\Runtime\Cache\4c18d5952d0dbf1eedb8a1ec796fa788.php 第 147 行.
NOTIC: [8] Undefined variable: stat D:\webs\web1\admin\Runtime\Cache\4c18d5952d0dbf1eedb8a1ec796fa788.php 第 171 行.
NOTIC: [8] Undefined variable: stat D:\webs\web1\admin\Runtime\Cache\4c18d5952d0dbf1eedb8a1ec796fa788.php 第 172 行.
NOTIC: [8] Undefined variable: stat D:\webs\web1\admin\Runtime\Cache\4c18d5952d0dbf1eedb8a1ec796fa788.php 第 174 行.
NOTIC: [8] Undefined variable: stat D:\webs\web1\admin\Runtime\Cache\4c18d5952d0dbf1eedb8a1ec796fa788.php 第 175 行.
NOTIC: [8] Undefined variable: stat D:\webs\web1\admin\Runtime\Cache\4c18d5952d0dbf1eedb8a1ec796fa788.php 第 176 行.
NOTIC: [8] Undefined variable: log D:\webs\web1\admin\Runtime\Cache\4c18d5952d0dbf1eedb8a1ec796fa788.php 第 197 行.
NOTIC: [8] Undefined variable: sysinfo D:\webs\web1\admin\Runtime\Cache\4c18d5952d0dbf1eedb8a1ec796fa788.php 第 213 行.
NOTIC: [8] Undefined variable: sysinfo D:\webs\web1\admin\Runtime\Cache\4c18d5952d0dbf1eedb8a1ec796fa788.php 第 213 行.
NOTIC: [8] Undefined variable: sysinfo D:\webs\web1\admin\Runtime\Cache\4c18d5952d0dbf1eedb8a1ec796fa788.php 第 217 行.
NOTIC: [8] Undefined variable: sysinfo D:\webs\web1\admin\Runtime\Cache\4c18d5952d0dbf1eedb8a1ec796fa788.php 第 221 行.
INFO: ParseTemplate Behavior ::run [ RunTime:0.043953s ]
INFO: [ view_parse ] --END-- [ RunTime:0.044121s ]
INFO: [ view_filter ] --START--
INFO: ContentReplace Behavior ::run [ RunTime:0.001027s ]
INFO: TokenBuild Behavior ::run [ RunTime:0.001627s ]
INFO: WriteHtmlCache Behavior ::run [ RunTime:0.000673s ]
INFO: ShowRuntime Behavior ::run [ RunTime:0.001797s ]
INFO: [ view_filter ] --END-- [ RunTime:0.005503s ]
NOTIC: [2] Cannot modify header information - headers already sent by (output started at D:\webs\web1\config.inc.php:1) D:\webs\web1\ThinkPHP\Lib\Core\View.class.php 第 95 行.
NOTIC: [2] Cannot modify header information - headers already sent by (output started at D:\webs\web1\config.inc.php:1) D:\webs\web1\ThinkPHP\Lib\Core\View.class.php 第 96 行.
NOTIC: [2] Cannot modify header information - headers already sent by (output started at D:\webs\web1\config.inc.php:1) D:\webs\web1\ThinkPHP\Lib\Core\View.class.php 第 97 行.
INFO: [ view_end ] --START--
INFO: ShowPageTrace Behavior ::run [ RunTime:0.002150s ]
INFO: [ view_end ] --END-- [ RunTime:0.002306s ]

[ 2014-04-04T23:23:22+08:00 ] 123.245.252.185 /admin.php/Login/index
INFO: [ route_check ] --START--
INFO: CheckRoute Behavior ::run [ RunTime:0.002149s ]
INFO: [ route_check ] --END-- [ RunTime:0.002386s ]
INFO: [ app_begin ] --START--
INFO: ReadHtmlCache Behavior ::run [ RunTime:0.001527s ]
INFO: [ app_begin ] --END-- [ RunTime:0.001672s ]
NOTIC: [2] session_start() [<a href='function.session-start'>function.session-start</a>]: Cannot send session cookie - headers already sent by (output started at D:\webs\web1\config.inc.php:1) D:\webs\web1\ThinkPHP\Common\functions.php 第 566 行.
NOTIC: [2] session_start() [<a href='function.session-start'>function.session-start</a>]: Cannot send session cache limiter - headers already sent (output started at D:\webs\web1\config.inc.php:1) D:\webs\web1\ThinkPHP\Common\functions.php 第 566 行.
INFO: [ view_parse ] --START--
INFO: ParseTemplate Behavior ::run [ RunTime:0.023026s ]
INFO: [ view_parse ] --END-- [ RunTime:0.023212s ]
INFO: [ view_filter ] --START--
INFO: ContentReplace Behavior ::run [ RunTime:0.001120s ]
INFO: TokenBuild Behavior ::run [ RunTime:0.001556s ]
INFO: WriteHtmlCache Behavior ::run [ RunTime:0.000927s ]
INFO: ShowRuntime Behavior ::run [ RunTime:0.001942s ]
INFO: [ view_filter ] --END-- [ RunTime:0.005921s ]
NOTIC: [2] Cannot modify header information - headers already sent by (output started at D:\webs\web1\config.inc.php:1) D:\webs\web1\ThinkPHP\Lib\Core\View.class.php 第 95 行.
NOTIC: [2] Cannot modify header information - headers already sent by (output started at D:\webs\web1\config.inc.php:1) D:\webs\web1\ThinkPHP\Lib\Core\View.class.php 第 96 行.
NOTIC: [2] Cannot modify header information - headers already sent by (output started at D:\webs\web1\config.inc.php:1) D:\webs\web1\ThinkPHP\Lib\Core\View.class.php 第 97 行.
INFO: [ view_end ] --START--
INFO: ShowPageTrace Behavior ::run [ RunTime:0.002128s ]
INFO: [ view_end ] --END-- [ RunTime:0.002260s ]

[ 2014-04-04T23:23:26+08:00 ] 113.108.70.13 /admin.php/Login/index
INFO: [ route_check ] --START--
INFO: CheckRoute Behavior ::run [ RunTime:0.001957s ]
INFO: [ route_check ] --END-- [ RunTime:0.002122s ]
INFO: [ app_begin ] --START--
INFO: ReadHtmlCache Behavior ::run [ RunTime:0.001652s ]
INFO: [ app_begin ] --END-- [ RunTime:0.001791s ]
NOTIC: [2] session_start() [<a href='function.session-start'>function.session-start</a>]: Cannot send session cookie - headers already sent by (output started at D:\webs\web1\config.inc.php:1) D:\webs\web1\ThinkPHP\Common\functions.php 第 566 行.
NOTIC: [2] session_start() [<a href='function.session-start'>function.session-start</a>]: Cannot send session cache limiter - headers already sent (output started at D:\webs\web1\config.inc.php:1) D:\webs\web1\ThinkPHP\Common\functions.php 第 566 行.
INFO: [ view_parse ] --START--
INFO: ParseTemplate Behavior ::run [ RunTime:0.018542s ]
INFO: [ view_parse ] --END-- [ RunTime:0.018726s ]
INFO: [ view_filter ] --START--
INFO: ContentReplace Behavior ::run [ RunTime:0.001144s ]
INFO: TokenBuild Behavior ::run [ RunTime:0.001117s ]
INFO: WriteHtmlCache Behavior ::run [ RunTime:0.001080s ]
INFO: ShowRuntime Behavior ::run [ RunTime:0.001479s ]
INFO: [ view_filter ] --END-- [ RunTime:0.005152s ]
NOTIC: [2] Cannot modify header information - headers already sent by (output started at D:\webs\web1\config.inc.php:1) D:\webs\web1\ThinkPHP\Lib\Core\View.class.php 第 95 行.
NOTIC: [2] Cannot modify header information - headers already sent by (output started at D:\webs\web1\config.inc.php:1) D:\webs\web1\ThinkPHP\Lib\Core\View.class.php 第 96 行.
NOTIC: [2] Cannot modify header information - headers already sent by (output started at D:\webs\web1\config.inc.php:1) D:\webs\web1\ThinkPHP\Lib\Core\View.class.php 第 97 行.
INFO: [ view_end ] --START--
INFO: ShowPageTrace Behavior ::run [ RunTime:0.001788s ]
INFO: [ view_end ] --END-- [ RunTime:0.001920s ]

[ 2014-04-04T23:23:26+08:00 ] 113.108.70.13 /admin.php/Login/index/
INFO: [ route_check ] --START--
INFO: CheckRoute Behavior ::run [ RunTime:0.001827s ]
INFO: [ route_check ] --END-- [ RunTime:0.002045s ]
INFO: [ app_begin ] --START--
INFO: ReadHtmlCache Behavior ::run [ RunTime:0.001229s ]
INFO: [ app_begin ] --END-- [ RunTime:0.001402s ]
NOTIC: [2] session_start() [<a href='function.session-start'>function.session-start</a>]: Cannot send session cookie - headers already sent by (output started at D:\webs\web1\config.inc.php:1) D:\webs\web1\ThinkPHP\Common\functions.php 第 566 行.
NOTIC: [2] session_start() [<a href='function.session-start'>function.session-start</a>]: Cannot send session cache limiter - headers already sent (output started at D:\webs\web1\config.inc.php:1) D:\webs\web1\ThinkPHP\Common\functions.php 第 566 行.
INFO: [ view_parse ] --START--
INFO: ParseTemplate Behavior ::run [ RunTime:0.015606s ]
INFO: [ view_parse ] --END-- [ RunTime:0.015766s ]
INFO: [ view_filter ] --START--
INFO: ContentReplace Behavior ::run [ RunTime:0.002766s ]
INFO: TokenBuild Behavior ::run [ RunTime:0.000640s ]
INFO: WriteHtmlCache Behavior ::run [ RunTime:0.000397s ]
INFO: ShowRuntime Behavior ::run [ RunTime:0.000815s ]
INFO: [ view_filter ] --END-- [ RunTime:0.004972s ]
NOTIC: [2] Cannot modify header information - headers already sent by (output started at D:\webs\web1\config.inc.php:1) D:\webs\web1\ThinkPHP\Lib\Core\View.class.php 第 95 行.
NOTIC: [2] Cannot modify header information - headers already sent by (output started at D:\webs\web1\config.inc.php:1) D:\webs\web1\ThinkPHP\Lib\Core\View.class.php 第 96 行.
NOTIC: [2] Cannot modify header information - headers already sent by (output started at D:\webs\web1\config.inc.php:1) D:\webs\web1\ThinkPHP\Lib\Core\View.class.php 第 97 行.
INFO: [ view_end ] --START--
INFO: ShowPageTrace Behavior ::run [ RunTime:0.001101s ]
INFO: [ view_end ] --END-- [ RunTime:0.001246s ]

[ 2014-04-04T23:23:26+08:00 ] 113.108.70.13 /admin.php/Login/index/
INFO: [ route_check ] --START--
INFO: CheckRoute Behavior ::run [ RunTime:0.001482s ]
INFO: [ route_check ] --END-- [ RunTime:0.001644s ]
INFO: [ app_begin ] --START--
INFO: ReadHtmlCache Behavior ::run [ RunTime:0.000956s ]
INFO: [ app_begin ] --END-- [ RunTime:0.001082s ]
NOTIC: [2] session_start() [<a href='function.session-start'>function.session-start</a>]: Cannot send session cookie - headers already sent by (output started at D:\webs\web1\config.inc.php:1) D:\webs\web1\ThinkPHP\Common\functions.php 第 566 行.
NOTIC: [2] session_start() [<a href='function.session-start'>function.session-start</a>]: Cannot send session cache limiter - headers already sent (output started at D:\webs\web1\config.inc.php:1) D:\webs\web1\ThinkPHP\Common\functions.php 第 566 行.
INFO: [ view_parse ] --START--
INFO: ParseTemplate Behavior ::run [ RunTime:0.016087s ]
INFO: [ view_parse ] --END-- [ RunTime:0.016253s ]
INFO: [ view_filter ] --START--
INFO: ContentReplace Behavior ::run [ RunTime:0.000738s ]
INFO: TokenBuild Behavior ::run [ RunTime:0.000616s ]
INFO: WriteHtmlCache Behavior ::run [ RunTime:0.000414s ]
INFO: ShowRuntime Behavior ::run [ RunTime:0.000991s ]
INFO: [ view_filter ] --END-- [ RunTime:0.003164s ]
NOTIC: [2] Cannot modify header information - headers already sent by (output started at D:\webs\web1\config.inc.php:1) D:\webs\web1\ThinkPHP\Lib\Core\View.class.php 第 95 行.
NOTIC: [2] Cannot modify header information - headers already sent by (output started at D:\webs\web1\config.inc.php:1) D:\webs\web1\ThinkPHP\Lib\Core\View.class.php 第 96 行.
NOTIC: [2] Cannot modify header information - headers already sent by (output started at D:\webs\web1\config.inc.php:1) D:\webs\web1\ThinkPHP\Lib\Core\View.class.php 第 97 行.
INFO: [ view_end ] --START--
INFO: ShowPageTrace Behavior ::run [ RunTime:0.001133s ]
INFO: [ view_end ] --END-- [ RunTime:0.001259s ]

[ 2014-04-04T23:23:26+08:00 ] 180.153.213.141 /admin.php/Login/index
INFO: [ route_check ] --START--
INFO: CheckRoute Behavior ::run [ RunTime:0.002026s ]
INFO: [ route_check ] --END-- [ RunTime:0.002194s ]
INFO: [ app_begin ] --START--
INFO: ReadHtmlCache Behavior ::run [ RunTime:0.001443s ]
INFO: [ app_begin ] --END-- [ RunTime:0.001626s ]
NOTIC: [2] session_start() [<a href='function.session-start'>function.session-start</a>]: Cannot send session cookie - headers already sent by (output started at D:\webs\web1\config.inc.php:1) D:\webs\web1\ThinkPHP\Common\functions.php 第 566 行.
NOTIC: [2] session_start() [<a href='function.session-start'>function.session-start</a>]: Cannot send session cache limiter - headers already sent (output started at D:\webs\web1\config.inc.php:1) D:\webs\web1\ThinkPHP\Common\functions.php 第 566 行.
INFO: [ view_parse ] --START--
INFO: ParseTemplate Behavior ::run [ RunTime:0.017890s ]
INFO: [ view_parse ] --END-- [ RunTime:0.018055s ]
INFO: [ view_filter ] --START--
INFO: ContentReplace Behavior ::run [ RunTime:0.001282s ]
INFO: TokenBuild Behavior ::run [ RunTime:0.001062s ]
INFO: WriteHtmlCache Behavior ::run [ RunTime:0.000836s ]
INFO: ShowRuntime Behavior ::run [ RunTime:0.001390s ]
INFO: [ view_filter ] --END-- [ RunTime:0.004942s ]
NOTIC: [2] Cannot modify header information - headers already sent by (output started at D:\webs\web1\config.inc.php:1) D:\webs\web1\ThinkPHP\Lib\Core\View.class.php 第 95 行.
NOTIC: [2] Cannot modify header information - headers already sent by (output started at D:\webs\web1\config.inc.php:1) D:\webs\web1\ThinkPHP\Lib\Core\View.class.php 第 96 行.
NOTIC: [2] Cannot modify header information - headers already sent by (output started at D:\webs\web1\config.inc.php:1) D:\webs\web1\ThinkPHP\Lib\Core\View.class.php 第 97 行.
INFO: [ view_end ] --START--
INFO: ShowPageTrace Behavior ::run [ RunTime:0.002461s ]
INFO: [ view_end ] --END-- [ RunTime:0.002693s ]

[ 2014-04-04T23:23:26+08:00 ] 113.108.70.13 /admin.php/Login/index/
INFO: [ route_check ] --START--
INFO: CheckRoute Behavior ::run [ RunTime:0.002153s ]
INFO: [ route_check ] --END-- [ RunTime:0.002351s ]
INFO: [ app_begin ] --START--
INFO: ReadHtmlCache Behavior ::run [ RunTime:0.001448s ]
INFO: [ app_begin ] --END-- [ RunTime:0.001579s ]
NOTIC: [2] session_start() [<a href='function.session-start'>function.session-start</a>]: Cannot send session cookie - headers already sent by (output started at D:\webs\web1\config.inc.php:1) D:\webs\web1\ThinkPHP\Common\functions.php 第 566 行.
NOTIC: [2] session_start() [<a href='function.session-start'>function.session-start</a>]: Cannot send session cache limiter - headers already sent (output started at D:\webs\web1\config.inc.php:1) D:\webs\web1\ThinkPHP\Common\functions.php 第 566 行.
INFO: [ view_parse ] --START--
INFO: ParseTemplate Behavior ::run [ RunTime:0.019955s ]
INFO: [ view_parse ] --END-- [ RunTime:0.020123s ]
INFO: [ view_filter ] --START--
INFO: ContentReplace Behavior ::run [ RunTime:0.001317s ]
INFO: TokenBuild Behavior ::run [ RunTime:0.001261s ]
INFO: WriteHtmlCache Behavior ::run [ RunTime:0.000979s ]
INFO: ShowRuntime Behavior ::run [ RunTime:0.001388s ]
INFO: [ view_filter ] --END-- [ RunTime:0.005288s ]
NOTIC: [2] Cannot modify header information - headers already sent by (output started at D:\webs\web1\config.inc.php:1) D:\webs\web1\ThinkPHP\Lib\Core\View.class.php 第 95 行.
NOTIC: [2] Cannot modify header information - headers already sent by (output started at D:\webs\web1\config.inc.php:1) D:\webs\web1\ThinkPHP\Lib\Core\View.class.php 第 96 行.
NOTIC: [2] Cannot modify header information - headers already sent by (output started at D:\webs\web1\config.inc.php:1) D:\webs\web1\ThinkPHP\Lib\Core\View.class.php 第 97 行.
INFO: [ view_end ] --START--
INFO: ShowPageTrace Behavior ::run [ RunTime:0.002008s ]
INFO: [ view_end ] --END-- [ RunTime:0.002155s ]

[ 2014-04-04T23:23:27+08:00 ] 113.108.70.13 /admin.php/Login/index/
INFO: [ route_check ] --START--
INFO: CheckRoute Behavior ::run [ RunTime:0.001622s ]
INFO: [ route_check ] --END-- [ RunTime:0.001808s ]
INFO: [ app_begin ] --START--
INFO: ReadHtmlCache Behavior ::run [ RunTime:0.001036s ]
INFO: [ app_begin ] --END-- [ RunTime:0.001175s ]
NOTIC: [2] session_start() [<a href='function.session-start'>function.session-start</a>]: Cannot send session cookie - headers already sent by (output started at D:\webs\web1\config.inc.php:1) D:\webs\web1\ThinkPHP\Common\functions.php 第 566 行.
NOTIC: [2] session_start() [<a href='function.session-start'>function.session-start</a>]: Cannot send session cache limiter - headers already sent (output started at D:\webs\web1\config.inc.php:1) D:\webs\web1\ThinkPHP\Common\functions.php 第 566 行.
INFO: [ view_parse ] --START--
INFO: ParseTemplate Behavior ::run [ RunTime:0.022883s ]
INFO: [ view_parse ] --END-- [ RunTime:0.023063s ]
INFO: [ view_filter ] --START--
INFO: ContentReplace Behavior ::run [ RunTime:0.001225s ]
INFO: TokenBuild Behavior ::run [ RunTime:0.002412s ]
INFO: WriteHtmlCache Behavior ::run [ RunTime:0.001010s ]
INFO: ShowRuntime Behavior ::run [ RunTime:0.002562s ]
INFO: [ view_filter ] --END-- [ RunTime:0.007696s ]
NOTIC: [2] Cannot modify header information - headers already sent by (output started at D:\webs\web1\config.inc.php:1) D:\webs\web1\ThinkPHP\Lib\Core\View.class.php 第 95 行.
NOTIC: [2] Cannot modify header information - headers already sent by (output started at D:\webs\web1\config.inc.php:1) D:\webs\web1\ThinkPHP\Lib\Core\View.class.php 第 96 行.
NOTIC: [2] Cannot modify header information - headers already sent by (output started at D:\webs\web1\config.inc.php:1) D:\webs\web1\ThinkPHP\Lib\Core\View.class.php 第 97 行.
INFO: [ view_end ] --START--
INFO: ShowPageTrace Behavior ::run [ RunTime:0.002634s ]
INFO: [ view_end ] --END-- [ RunTime:0.002841s ]

[ 2014-04-04T23:23:27+08:00 ] 113.108.70.13 /admin.php/Login/index/
INFO: [ route_check ] --START--
INFO: CheckRoute Behavior ::run [ RunTime:0.001549s ]
INFO: [ route_check ] --END-- [ RunTime:0.001716s ]
INFO: [ app_begin ] --START--
INFO: ReadHtmlCache Behavior ::run [ RunTime:0.001009s ]
INFO: [ app_begin ] --END-- [ RunTime:0.001142s ]
NOTIC: [2] session_start() [<a href='function.session-start'>function.session-start</a>]: Cannot send session cookie - headers already sent by (output started at D:\webs\web1\config.inc.php:1) D:\webs\web1\ThinkPHP\Common\functions.php 第 566 行.
NOTIC: [2] session_start() [<a href='function.session-start'>function.session-start</a>]: Cannot send session cache limiter - headers already sent (output started at D:\webs\web1\config.inc.php:1) D:\webs\web1\ThinkPHP\Common\functions.php 第 566 行.
INFO: [ view_parse ] --START--
INFO: ParseTemplate Behavior ::run [ RunTime:0.020198s ]
INFO: [ view_parse ] --END-- [ RunTime:0.020441s ]
INFO: [ view_filter ] --START--
INFO: ContentReplace Behavior ::run [ RunTime:0.002736s ]
INFO: TokenBuild Behavior ::run [ RunTime:0.001765s ]
INFO: WriteHtmlCache Behavior ::run [ RunTime:0.000720s ]
INFO: ShowRuntime Behavior ::run [ RunTime:0.001659s ]
INFO: [ view_filter ] --END-- [ RunTime:0.007288s ]
NOTIC: [2] Cannot modify header information - headers already sent by (output started at D:\webs\web1\config.inc.php:1) D:\webs\web1\ThinkPHP\Lib\Core\View.class.php 第 95 行.
NOTIC: [2] Cannot modify header information - headers already sent by (output started at D:\webs\web1\config.inc.php:1) D:\webs\web1\ThinkPHP\Lib\Core\View.class.php 第 96 行.
NOTIC: [2] Cannot modify header information - headers already sent by (output started at D:\webs\web1\config.inc.php:1) D:\webs\web1\ThinkPHP\Lib\Core\View.class.php 第 97 行.
INFO: [ view_end ] --START--
INFO: ShowPageTrace Behavior ::run [ RunTime:0.001925s ]
INFO: [ view_end ] --END-- [ RunTime:0.002063s ]

[ 2014-04-04T23:23:27+08:00 ] 113.108.70.13 /admin.php/Login/index/
INFO: [ route_check ] --START--
INFO: CheckRoute Behavior ::run [ RunTime:0.001400s ]
INFO: [ route_check ] --END-- [ RunTime:0.001557s ]
INFO: [ app_begin ] --START--
INFO: ReadHtmlCache Behavior ::run [ RunTime:0.000924s ]
INFO: [ app_begin ] --END-- [ RunTime:0.001047s ]
NOTIC: [2] session_start() [<a href='function.session-start'>function.session-start</a>]: Cannot send session cookie - headers already sent by (output started at D:\webs\web1\config.inc.php:1) D:\webs\web1\ThinkPHP\Common\functions.php 第 566 行.
NOTIC: [2] session_start() [<a href='function.session-start'>function.session-start</a>]: Cannot send session cache limiter - headers already sent (output started at D:\webs\web1\config.inc.php:1) D:\webs\web1\ThinkPHP\Common\functions.php 第 566 行.
INFO: [ view_parse ] --START--
INFO: ParseTemplate Behavior ::run [ RunTime:0.020972s ]
INFO: [ view_parse ] --END-- [ RunTime:0.021139s ]
INFO: [ view_filter ] --START--
INFO: ContentReplace Behavior ::run [ RunTime:0.000954s ]
INFO: TokenBuild Behavior ::run [ RunTime:0.001554s ]
INFO: WriteHtmlCache Behavior ::run [ RunTime:0.000758s ]
INFO: ShowRuntime Behavior ::run [ RunTime:0.001821s ]
INFO: [ view_filter ] --END-- [ RunTime:0.005485s ]
NOTIC: [2] Cannot modify header information - headers already sent by (output started at D:\webs\web1\config.inc.php:1) D:\webs\web1\ThinkPHP\Lib\Core\View.class.php 第 95 行.
NOTIC: [2] Cannot modify header information - headers already sent by (output started at D:\webs\web1\config.inc.php:1) D:\webs\web1\ThinkPHP\Lib\Core\View.class.php 第 96 行.
NOTIC: [2] Cannot modify header information - headers already sent by (output started at D:\webs\web1\config.inc.php:1) D:\webs\web1\ThinkPHP\Lib\Core\View.class.php 第 97 行.
INFO: [ view_end ] --START--
INFO: ShowPageTrace Behavior ::run [ RunTime:0.002216s ]
INFO: [ view_end ] --END-- [ RunTime:0.002346s ]

[ 2014-04-04T23:23:28+08:00 ] 113.108.70.13 /admin.php/Login/index/
INFO: [ route_check ] --START--
INFO: CheckRoute Behavior ::run [ RunTime:0.001696s ]
INFO: [ route_check ] --END-- [ RunTime:0.001881s ]
INFO: [ app_begin ] --START--
INFO: ReadHtmlCache Behavior ::run [ RunTime:0.001329s ]
INFO: [ app_begin ] --END-- [ RunTime:0.001489s ]
NOTIC: [2] session_start() [<a href='function.session-start'>function.session-start</a>]: Cannot send session cookie - headers already sent by (output started at D:\webs\web1\config.inc.php:1) D:\webs\web1\ThinkPHP\Common\functions.php 第 566 行.
NOTIC: [2] session_start() [<a href='function.session-start'>function.session-start</a>]: Cannot send session cache limiter - headers already sent (output started at D:\webs\web1\config.inc.php:1) D:\webs\web1\ThinkPHP\Common\functions.php 第 566 行.
INFO: [ view_parse ] --START--
INFO: ParseTemplate Behavior ::run [ RunTime:0.030351s ]
INFO: [ view_parse ] --END-- [ RunTime:0.031126s ]
INFO: [ view_filter ] --START--
INFO: ContentReplace Behavior ::run [ RunTime:0.001206s ]
INFO: TokenBuild Behavior ::run [ RunTime:0.002610s ]
INFO: WriteHtmlCache Behavior ::run [ RunTime:0.001065s ]
INFO: ShowRuntime Behavior ::run [ RunTime:0.002162s ]
INFO: [ view_filter ] --END-- [ RunTime:0.007523s ]
NOTIC: [2] Cannot modify header information - headers already sent by (output started at D:\webs\web1\config.inc.php:1) D:\webs\web1\ThinkPHP\Lib\Core\View.class.php 第 95 行.
NOTIC: [2] Cannot modify header information - headers already sent by (output started at D:\webs\web1\config.inc.php:1) D:\webs\web1\ThinkPHP\Lib\Core\View.class.php 第 96 行.
NOTIC: [2] Cannot modify header information - headers already sent by (output started at D:\webs\web1\config.inc.php:1) D:\webs\web1\ThinkPHP\Lib\Core\View.class.php 第 97 行.
INFO: [ view_end ] --START--
INFO: ShowPageTrace Behavior ::run [ RunTime:0.002452s ]
INFO: [ view_end ] --END-- [ RunTime:0.002691s ]

[ 2014-04-04T23:23:39+08:00 ] 180.153.114.190 /admin.php/Login/index
INFO: [ route_check ] --START--
INFO: CheckRoute Behavior ::run [ RunTime:0.001439s ]
INFO: [ route_check ] --END-- [ RunTime:0.001601s ]
INFO: [ app_begin ] --START--
INFO: ReadHtmlCache Behavior ::run [ RunTime:0.000998s ]
INFO: [ app_begin ] --END-- [ RunTime:0.001127s ]
NOTIC: [2] session_start() [<a href='function.session-start'>function.session-start</a>]: Cannot send session cookie - headers already sent by (output started at D:\webs\web1\config.inc.php:1) D:\webs\web1\ThinkPHP\Common\functions.php 第 566 行.
NOTIC: [2] session_start() [<a href='function.session-start'>function.session-start</a>]: Cannot send session cache limiter - headers already sent (output started at D:\webs\web1\config.inc.php:1) D:\webs\web1\ThinkPHP\Common\functions.php 第 566 行.
INFO: [ view_parse ] --START--
INFO: ParseTemplate Behavior ::run [ RunTime:0.022499s ]
INFO: [ view_parse ] --END-- [ RunTime:0.022675s ]
INFO: [ view_filter ] --START--
INFO: ContentReplace Behavior ::run [ RunTime:0.001014s ]
INFO: TokenBuild Behavior ::run [ RunTime:0.001552s ]
INFO: WriteHtmlCache Behavior ::run [ RunTime:0.000666s ]
INFO: ShowRuntime Behavior ::run [ RunTime:0.001846s ]
INFO: [ view_filter ] --END-- [ RunTime:0.005420s ]
NOTIC: [2] Cannot modify header information - headers already sent by (output started at D:\webs\web1\config.inc.php:1) D:\webs\web1\ThinkPHP\Lib\Core\View.class.php 第 95 行.
NOTIC: [2] Cannot modify header information - headers already sent by (output started at D:\webs\web1\config.inc.php:1) D:\webs\web1\ThinkPHP\Lib\Core\View.class.php 第 96 行.
NOTIC: [2] Cannot modify header information - headers already sent by (output started at D:\webs\web1\config.inc.php:1) D:\webs\web1\ThinkPHP\Lib\Core\View.class.php 第 97 行.
INFO: [ view_end ] --START--
INFO: ShowPageTrace Behavior ::run [ RunTime:0.002029s ]
INFO: [ view_end ] --END-- [ RunTime:0.002158s ]

[ 2014-04-04T23:23:52+08:00 ] 222.161.201.140 /admin.php/Login/index
INFO: [ route_check ] --START--
INFO: CheckRoute Behavior ::run [ RunTime:0.001449s ]
INFO: [ route_check ] --END-- [ RunTime:0.001614s ]
INFO: [ app_begin ] --START--
INFO: ReadHtmlCache Behavior ::run [ RunTime:0.000960s ]
INFO: [ app_begin ] --END-- [ RunTime:0.001083s ]
NOTIC: [2] session_start() [<a href='function.session-start'>function.session-start</a>]: Cannot send session cookie - headers already sent by (output started at D:\webs\web1\config.inc.php:1) D:\webs\web1\ThinkPHP\Common\functions.php 第 566 行.
NOTIC: [2] session_start() [<a href='function.session-start'>function.session-start</a>]: Cannot send session cache limiter - headers already sent (output started at D:\webs\web1\config.inc.php:1) D:\webs\web1\ThinkPHP\Common\functions.php 第 566 行.
INFO: [ view_parse ] --START--
INFO: ParseTemplate Behavior ::run [ RunTime:0.015403s ]
INFO: [ view_parse ] --END-- [ RunTime:0.015575s ]
INFO: [ view_filter ] --START--
INFO: ContentReplace Behavior ::run [ RunTime:0.000635s ]
INFO: TokenBuild Behavior ::run [ RunTime:0.000641s ]
INFO: WriteHtmlCache Behavior ::run [ RunTime:0.000421s ]
INFO: ShowRuntime Behavior ::run [ RunTime:0.000825s ]
INFO: [ view_filter ] --END-- [ RunTime:0.002849s ]
NOTIC: [2] Cannot modify header information - headers already sent by (output started at D:\webs\web1\config.inc.php:1) D:\webs\web1\ThinkPHP\Lib\Core\View.class.php 第 95 行.
NOTIC: [2] Cannot modify header information - headers already sent by (output started at D:\webs\web1\config.inc.php:1) D:\webs\web1\ThinkPHP\Lib\Core\View.class.php 第 96 行.
NOTIC: [2] Cannot modify header information - headers already sent by (output started at D:\webs\web1\config.inc.php:1) D:\webs\web1\ThinkPHP\Lib\Core\View.class.php 第 97 行.
INFO: [ view_end ] --START--
INFO: ShowPageTrace Behavior ::run [ RunTime:0.001138s ]
INFO: [ view_end ] --END-- [ RunTime:0.001283s ]

[ 2014-04-04T23:25:05+08:00 ] 123.245.252.185 /admin.php/Login/index
INFO: [ route_check ] --START--
INFO: CheckRoute Behavior ::run [ RunTime:0.001858s ]
INFO: [ route_check ] --END-- [ RunTime:0.002052s ]
INFO: [ app_begin ] --START--
INFO: ReadHtmlCache Behavior ::run [ RunTime:0.001107s ]
INFO: [ app_begin ] --END-- [ RunTime:0.001270s ]
NOTIC: [2] session_start() [<a href='function.session-start'>function.session-start</a>]: Cannot send session cookie - headers already sent by (output started at D:\webs\web1\config.inc.php:1) D:\webs\web1\ThinkPHP\Common\functions.php 第 566 行.
NOTIC: [2] session_start() [<a href='function.session-start'>function.session-start</a>]: Cannot send session cache limiter - headers already sent (output started at D:\webs\web1\config.inc.php:1) D:\webs\web1\ThinkPHP\Common\functions.php 第 566 行.
INFO: [ view_parse ] --START--
INFO: ParseTemplate Behavior ::run [ RunTime:0.019351s ]
INFO: [ view_parse ] --END-- [ RunTime:0.019523s ]
INFO: [ view_filter ] --START--
INFO: ContentReplace Behavior ::run [ RunTime:0.000963s ]
INFO: TokenBuild Behavior ::run [ RunTime:0.001523s ]
INFO: WriteHtmlCache Behavior ::run [ RunTime:0.000846s ]
INFO: ShowRuntime Behavior ::run [ RunTime:0.001871s ]
INFO: [ view_filter ] --END-- [ RunTime:0.005632s ]
NOTIC: [2] Cannot modify header information - headers already sent by (output started at D:\webs\web1\config.inc.php:1) D:\webs\web1\ThinkPHP\Lib\Core\View.class.php 第 95 行.
NOTIC: [2] Cannot modify header information - headers already sent by (output started at D:\webs\web1\config.inc.php:1) D:\webs\web1\ThinkPHP\Lib\Core\View.class.php 第 96 行.
NOTIC: [2] Cannot modify header information - headers already sent by (output started at D:\webs\web1\config.inc.php:1) D:\webs\web1\ThinkPHP\Lib\Core\View.class.php 第 97 行.
INFO: [ view_end ] --START--
INFO: ShowPageTrace Behavior ::run [ RunTime:0.001952s ]
INFO: [ view_end ] --END-- [ RunTime:0.002140s ]

[ 2014-04-04T23:25:06+08:00 ] 123.245.252.185 /admin.php/Login/login
INFO: [ route_check ] --START--
INFO: CheckRoute Behavior ::run [ RunTime:0.001579s ]
INFO: [ route_check ] --END-- [ RunTime:0.001761s ]
INFO: [ app_begin ] --START--
INFO: ReadHtmlCache Behavior ::run [ RunTime:0.000953s ]
INFO: [ app_begin ] --END-- [ RunTime:0.001076s ]
NOTIC: [2] session_start() [<a href='function.session-start'>function.session-start</a>]: Cannot send session cookie - headers already sent by (output started at D:\webs\web1\config.inc.php:1) D:\webs\web1\ThinkPHP\Common\functions.php 第 566 行.
NOTIC: [2] session_start() [<a href='function.session-start'>function.session-start</a>]: Cannot send session cache limiter - headers already sent (output started at D:\webs\web1\config.inc.php:1) D:\webs\web1\ThinkPHP\Common\functions.php 第 566 行.
SQL: SHOW COLUMNS FROM `lm_user` [ RunTime:0.006073s ]
SQL: SELECT * FROM `lm_user` WHERE ( `username` = 'admin' ) AND ( `userpwd` = '21232f297a57a5a743894a0e4a801fc3' ) LIMIT 1   [ RunTime:0.000420s ]
NOTIC: [8] A session had already been started - ignoring session_start() D:\webs\web1\admin\Lib\Action\LoginAction.class.php 第 23 行.
INFO: [ view_parse ] --START--
INFO: ParseTemplate Behavior ::run [ RunTime:0.016789s ]
INFO: [ view_parse ] --END-- [ RunTime:0.016979s ]
INFO: [ view_filter ] --START--
INFO: ContentReplace Behavior ::run [ RunTime:0.000586s ]
INFO: TokenBuild Behavior ::run [ RunTime:0.000729s ]
INFO: WriteHtmlCache Behavior ::run [ RunTime:0.000388s ]
INFO: ShowRuntime Behavior ::run [ RunTime:0.000905s ]
INFO: [ view_filter ] --END-- [ RunTime:0.002993s ]
NOTIC: [2] Cannot modify header information - headers already sent by (output started at D:\webs\web1\config.inc.php:1) D:\webs\web1\ThinkPHP\Lib\Core\View.class.php 第 95 行.
NOTIC: [2] Cannot modify header information - headers already sent by (output started at D:\webs\web1\config.inc.php:1) D:\webs\web1\ThinkPHP\Lib\Core\View.class.php 第 96 行.
NOTIC: [2] Cannot modify header information - headers already sent by (output started at D:\webs\web1\config.inc.php:1) D:\webs\web1\ThinkPHP\Lib\Core\View.class.php 第 97 行.
INFO: [ view_end ] --START--
INFO: ShowPageTrace Behavior ::run [ RunTime:0.001165s ]
INFO: [ view_end ] --END-- [ RunTime:0.001291s ]

[ 2014-04-04T23:25:07+08:00 ] 123.245.252.185 /admin.php/Index/index
INFO: [ route_check ] --START--
INFO: CheckRoute Behavior ::run [ RunTime:0.001463s ]
INFO: [ route_check ] --END-- [ RunTime:0.001624s ]
INFO: [ app_begin ] --START--
INFO: ReadHtmlCache Behavior ::run [ RunTime:0.001040s ]
INFO: [ app_begin ] --END-- [ RunTime:0.001166s ]
NOTIC: [2] session_start() [<a href='function.session-start'>function.session-start</a>]: Cannot send session cookie - headers already sent by (output started at D:\webs\web1\config.inc.php:1) D:\webs\web1\ThinkPHP\Common\functions.php 第 566 行.
NOTIC: [2] session_start() [<a href='function.session-start'>function.session-start</a>]: Cannot send session cache limiter - headers already sent (output started at D:\webs\web1\config.inc.php:1) D:\webs\web1\ThinkPHP\Common\functions.php 第 566 行.
INFO: [ view_parse ] --START--
NOTIC: [8] Undefined variable: stat D:\webs\web1\admin\Runtime\Cache\4c18d5952d0dbf1eedb8a1ec796fa788.php 第 131 行.
NOTIC: [8] Undefined variable: stat D:\webs\web1\admin\Runtime\Cache\4c18d5952d0dbf1eedb8a1ec796fa788.php 第 139 行.
NOTIC: [8] Undefined variable: stat D:\webs\web1\admin\Runtime\Cache\4c18d5952d0dbf1eedb8a1ec796fa788.php 第 147 行.
NOTIC: [8] Undefined variable: stat D:\webs\web1\admin\Runtime\Cache\4c18d5952d0dbf1eedb8a1ec796fa788.php 第 171 行.
NOTIC: [8] Undefined variable: stat D:\webs\web1\admin\Runtime\Cache\4c18d5952d0dbf1eedb8a1ec796fa788.php 第 172 行.
NOTIC: [8] Undefined variable: stat D:\webs\web1\admin\Runtime\Cache\4c18d5952d0dbf1eedb8a1ec796fa788.php 第 174 行.
NOTIC: [8] Undefined variable: stat D:\webs\web1\admin\Runtime\Cache\4c18d5952d0dbf1eedb8a1ec796fa788.php 第 175 行.
NOTIC: [8] Undefined variable: stat D:\webs\web1\admin\Runtime\Cache\4c18d5952d0dbf1eedb8a1ec796fa788.php 第 176 行.
NOTIC: [8] Undefined variable: log D:\webs\web1\admin\Runtime\Cache\4c18d5952d0dbf1eedb8a1ec796fa788.php 第 197 行.
NOTIC: [8] Undefined variable: sysinfo D:\webs\web1\admin\Runtime\Cache\4c18d5952d0dbf1eedb8a1ec796fa788.php 第 213 行.
NOTIC: [8] Undefined variable: sysinfo D:\webs\web1\admin\Runtime\Cache\4c18d5952d0dbf1eedb8a1ec796fa788.php 第 213 行.
NOTIC: [8] Undefined variable: sysinfo D:\webs\web1\admin\Runtime\Cache\4c18d5952d0dbf1eedb8a1ec796fa788.php 第 217 行.
NOTIC: [8] Undefined variable: sysinfo D:\webs\web1\admin\Runtime\Cache\4c18d5952d0dbf1eedb8a1ec796fa788.php 第 221 行.
INFO: ParseTemplate Behavior ::run [ RunTime:0.038503s ]
INFO: [ view_parse ] --END-- [ RunTime:0.038659s ]
INFO: [ view_filter ] --START--
INFO: ContentReplace Behavior ::run [ RunTime:0.000718s ]
INFO: TokenBuild Behavior ::run [ RunTime:0.000775s ]
INFO: WriteHtmlCache Behavior ::run [ RunTime:0.000396s ]
INFO: ShowRuntime Behavior ::run [ RunTime:0.000788s ]
INFO: [ view_filter ] --END-- [ RunTime:0.003053s ]
NOTIC: [2] Cannot modify header information - headers already sent by (output started at D:\webs\web1\config.inc.php:1) D:\webs\web1\ThinkPHP\Lib\Core\View.class.php 第 95 行.
NOTIC: [2] Cannot modify header information - headers already sent by (output started at D:\webs\web1\config.inc.php:1) D:\webs\web1\ThinkPHP\Lib\Core\View.class.php 第 96 行.
NOTIC: [2] Cannot modify header information - headers already sent by (output started at D:\webs\web1\config.inc.php:1) D:\webs\web1\ThinkPHP\Lib\Core\View.class.php 第 97 行.
INFO: [ view_end ] --START--
INFO: ShowPageTrace Behavior ::run [ RunTime:0.001145s ]
INFO: [ view_end ] --END-- [ RunTime:0.001300s ]

[ 2014-04-04T23:27:58+08:00 ] 123.245.252.185 /admin.php/Login/login
INFO: [ route_check ] --START--
INFO: CheckRoute Behavior ::run [ RunTime:0.001893s ]
INFO: [ route_check ] --END-- [ RunTime:0.002119s ]
INFO: [ app_begin ] --START--
INFO: ReadHtmlCache Behavior ::run [ RunTime:0.001260s ]
INFO: [ app_begin ] --END-- [ RunTime:0.001430s ]
NOTIC: [2] session_start() [<a href='function.session-start'>function.session-start</a>]: Cannot send session cookie - headers already sent by (output started at D:\webs\web1\config.inc.php:1) D:\webs\web1\ThinkPHP\Common\functions.php 第 566 行.
NOTIC: [2] session_start() [<a href='function.session-start'>function.session-start</a>]: Cannot send session cache limiter - headers already sent (output started at D:\webs\web1\config.inc.php:1) D:\webs\web1\ThinkPHP\Common\functions.php 第 566 行.
SQL: SHOW COLUMNS FROM `lm_user` [ RunTime:0.002143s ]
SQL: SELECT * FROM `lm_user` WHERE ( `username` = 'admin' ) AND ( `userpwd` = '21232f297a57a5a743894a0e4a801fc3' ) LIMIT 1   [ RunTime:0.000425s ]
NOTIC: [8] A session had already been started - ignoring session_start() D:\webs\web1\admin\Lib\Action\LoginAction.class.php 第 23 行.
INFO: [ view_parse ] --START--
INFO: ParseTemplate Behavior ::run [ RunTime:0.016865s ]
INFO: [ view_parse ] --END-- [ RunTime:0.017068s ]
INFO: [ view_filter ] --START--
INFO: ContentReplace Behavior ::run [ RunTime:0.000629s ]
INFO: TokenBuild Behavior ::run [ RunTime:0.000622s ]
INFO: WriteHtmlCache Behavior ::run [ RunTime:0.000404s ]
INFO: ShowRuntime Behavior ::run [ RunTime:0.000942s ]
INFO: [ view_filter ] --END-- [ RunTime:0.002954s ]
NOTIC: [2] Cannot modify header information - headers already sent by (output started at D:\webs\web1\config.inc.php:1) D:\webs\web1\ThinkPHP\Lib\Core\View.class.php 第 95 行.
NOTIC: [2] Cannot modify header information - headers already sent by (output started at D:\webs\web1\config.inc.php:1) D:\webs\web1\ThinkPHP\Lib\Core\View.class.php 第 96 行.
NOTIC: [2] Cannot modify header information - headers already sent by (output started at D:\webs\web1\config.inc.php:1) D:\webs\web1\ThinkPHP\Lib\Core\View.class.php 第 97 行.
INFO: [ view_end ] --START--
INFO: ShowPageTrace Behavior ::run [ RunTime:0.001150s ]
INFO: [ view_end ] --END-- [ RunTime:0.001282s ]

[ 2014-04-04T23:27:59+08:00 ] 123.245.252.185 /admin.php/Index/index
INFO: [ route_check ] --START--
INFO: CheckRoute Behavior ::run [ RunTime:0.001705s ]
INFO: [ route_check ] --END-- [ RunTime:0.001885s ]
INFO: [ app_begin ] --START--
INFO: ReadHtmlCache Behavior ::run [ RunTime:0.001030s ]
INFO: [ app_begin ] --END-- [ RunTime:0.001174s ]
NOTIC: [2] session_start() [<a href='function.session-start'>function.session-start</a>]: Cannot send session cookie - headers already sent by (output started at D:\webs\web1\config.inc.php:1) D:\webs\web1\ThinkPHP\Common\functions.php 第 566 行.
NOTIC: [2] session_start() [<a href='function.session-start'>function.session-start</a>]: Cannot send session cache limiter - headers already sent (output started at D:\webs\web1\config.inc.php:1) D:\webs\web1\ThinkPHP\Common\functions.php 第 566 行.
INFO: [ view_parse ] --START--
NOTIC: [8] Undefined variable: stat D:\webs\web1\admin\Runtime\Cache\4c18d5952d0dbf1eedb8a1ec796fa788.php 第 131 行.
NOTIC: [8] Undefined variable: stat D:\webs\web1\admin\Runtime\Cache\4c18d5952d0dbf1eedb8a1ec796fa788.php 第 139 行.
NOTIC: [8] Undefined variable: stat D:\webs\web1\admin\Runtime\Cache\4c18d5952d0dbf1eedb8a1ec796fa788.php 第 147 行.
NOTIC: [8] Undefined variable: stat D:\webs\web1\admin\Runtime\Cache\4c18d5952d0dbf1eedb8a1ec796fa788.php 第 171 行.
NOTIC: [8] Undefined variable: stat D:\webs\web1\admin\Runtime\Cache\4c18d5952d0dbf1eedb8a1ec796fa788.php 第 172 行.
NOTIC: [8] Undefined variable: stat D:\webs\web1\admin\Runtime\Cache\4c18d5952d0dbf1eedb8a1ec796fa788.php 第 174 行.
NOTIC: [8] Undefined variable: stat D:\webs\web1\admin\Runtime\Cache\4c18d5952d0dbf1eedb8a1ec796fa788.php 第 175 行.
NOTIC: [8] Undefined variable: stat D:\webs\web1\admin\Runtime\Cache\4c18d5952d0dbf1eedb8a1ec796fa788.php 第 176 行.
NOTIC: [8] Undefined variable: log D:\webs\web1\admin\Runtime\Cache\4c18d5952d0dbf1eedb8a1ec796fa788.php 第 197 行.
NOTIC: [8] Undefined variable: sysinfo D:\webs\web1\admin\Runtime\Cache\4c18d5952d0dbf1eedb8a1ec796fa788.php 第 213 行.
NOTIC: [8] Undefined variable: sysinfo D:\webs\web1\admin\Runtime\Cache\4c18d5952d0dbf1eedb8a1ec796fa788.php 第 213 行.
NOTIC: [8] Undefined variable: sysinfo D:\webs\web1\admin\Runtime\Cache\4c18d5952d0dbf1eedb8a1ec796fa788.php 第 217 行.
NOTIC: [8] Undefined variable: sysinfo D:\webs\web1\admin\Runtime\Cache\4c18d5952d0dbf1eedb8a1ec796fa788.php 第 221 行.
INFO: ParseTemplate Behavior ::run [ RunTime:0.041374s ]
INFO: [ view_parse ] --END-- [ RunTime:0.041557s ]
INFO: [ view_filter ] --START--
INFO: ContentReplace Behavior ::run [ RunTime:0.001197s ]
INFO: TokenBuild Behavior ::run [ RunTime:0.001838s ]
INFO: WriteHtmlCache Behavior ::run [ RunTime:0.000742s ]
INFO: ShowRuntime Behavior ::run [ RunTime:0.001919s ]
INFO: [ view_filter ] --END-- [ RunTime:0.006118s ]
NOTIC: [2] Cannot modify header information - headers already sent by (output started at D:\webs\web1\config.inc.php:1) D:\webs\web1\ThinkPHP\Lib\Core\View.class.php 第 95 行.
NOTIC: [2] Cannot modify header information - headers already sent by (output started at D:\webs\web1\config.inc.php:1) D:\webs\web1\ThinkPHP\Lib\Core\View.class.php 第 96 行.
NOTIC: [2] Cannot modify header information - headers already sent by (output started at D:\webs\web1\config.inc.php:1) D:\webs\web1\ThinkPHP\Lib\Core\View.class.php 第 97 行.
INFO: [ view_end ] --START--
INFO: ShowPageTrace Behavior ::run [ RunTime:0.002250s ]
INFO: [ view_end ] --END-- [ RunTime:0.002411s ]

[ 2014-04-04T23:28:56+08:00 ] 123.245.252.185 /admin.php/Config/listsConfig
INFO: [ route_check ] --START--
INFO: CheckRoute Behavior ::run [ RunTime:0.002630s ]
INFO: [ route_check ] --END-- [ RunTime:0.002921s ]
INFO: [ app_begin ] --START--
INFO: ReadHtmlCache Behavior ::run [ RunTime:0.001554s ]
INFO: [ app_begin ] --END-- [ RunTime:0.001729s ]
NOTIC: [2] session_start() [<a href='function.session-start'>function.session-start</a>]: Cannot send session cookie - headers already sent by (output started at D:\webs\web1\config.inc.php:1) D:\webs\web1\ThinkPHP\Common\functions.php 第 566 行.
NOTIC: [2] session_start() [<a href='function.session-start'>function.session-start</a>]: Cannot send session cache limiter - headers already sent (output started at D:\webs\web1\config.inc.php:1) D:\webs\web1\ThinkPHP\Common\functions.php 第 566 行.
SQL: SHOW COLUMNS FROM `lm_webconfig` [ RunTime:0.002210s ]
SQL: SELECT * FROM `lm_webconfig`  [ RunTime:0.000306s ]
INFO: [ view_parse ] --START--
INFO: ParseTemplate Behavior ::run [ RunTime:0.038353s ]
INFO: [ view_parse ] --END-- [ RunTime:0.038588s ]
INFO: [ view_filter ] --START--
INFO: ContentReplace Behavior ::run [ RunTime:0.001411s ]
INFO: TokenBuild Behavior ::run [ RunTime:0.001711s ]
INFO: WriteHtmlCache Behavior ::run [ RunTime:0.000973s ]
INFO: ShowRuntime Behavior ::run [ RunTime:0.001780s ]
INFO: [ view_filter ] --END-- [ RunTime:0.006317s ]
NOTIC: [2] Cannot modify header information - headers already sent by (output started at D:\webs\web1\config.inc.php:1) D:\webs\web1\ThinkPHP\Lib\Core\View.class.php 第 95 行.
NOTIC: [2] Cannot modify header information - headers already sent by (output started at D:\webs\web1\config.inc.php:1) D:\webs\web1\ThinkPHP\Lib\Core\View.class.php 第 96 行.
NOTIC: [2] Cannot modify header information - headers already sent by (output started at D:\webs\web1\config.inc.php:1) D:\webs\web1\ThinkPHP\Lib\Core\View.class.php 第 97 行.
INFO: [ view_end ] --START--
INFO: ShowPageTrace Behavior ::run [ RunTime:0.002370s ]
INFO: [ view_end ] --END-- [ RunTime:0.002541s ]

[ 2014-04-04T23:28:59+08:00 ] 123.245.252.185 /admin.php/Web/casel
INFO: [ route_check ] --START--
INFO: CheckRoute Behavior ::run [ RunTime:0.001666s ]
INFO: [ route_check ] --END-- [ RunTime:0.001877s ]
INFO: [ app_begin ] --START--
INFO: ReadHtmlCache Behavior ::run [ RunTime:0.001068s ]
INFO: [ app_begin ] --END-- [ RunTime:0.001197s ]
NOTIC: [2] session_start() [<a href='function.session-start'>function.session-start</a>]: Cannot send session cookie - headers already sent by (output started at D:\webs\web1\config.inc.php:1) D:\webs\web1\ThinkPHP\Common\functions.php 第 566 行.
NOTIC: [2] session_start() [<a href='function.session-start'>function.session-start</a>]: Cannot send session cache limiter - headers already sent (output started at D:\webs\web1\config.inc.php:1) D:\webs\web1\ThinkPHP\Common\functions.php 第 566 行.
SQL: SHOW COLUMNS FROM `lm_company` [ RunTime:0.003842s ]
SQL: SELECT * FROM `lm_company` WHERE ( `id` NOT IN ('1','2','3') )  [ RunTime:0.000604s ]
INFO: [ view_parse ] --START--
INFO: ParseTemplate Behavior ::run [ RunTime:0.041179s ]
INFO: [ view_parse ] --END-- [ RunTime:0.041394s ]
INFO: [ view_filter ] --START--
INFO: ContentReplace Behavior ::run [ RunTime:0.001120s ]
INFO: TokenBuild Behavior ::run [ RunTime:0.001591s ]
INFO: WriteHtmlCache Behavior ::run [ RunTime:0.000722s ]
INFO: ShowRuntime Behavior ::run [ RunTime:0.001775s ]
INFO: [ view_filter ] --END-- [ RunTime:0.005580s ]
NOTIC: [2] Cannot modify header information - headers already sent by (output started at D:\webs\web1\config.inc.php:1) D:\webs\web1\ThinkPHP\Lib\Core\View.class.php 第 95 行.
NOTIC: [2] Cannot modify header information - headers already sent by (output started at D:\webs\web1\config.inc.php:1) D:\webs\web1\ThinkPHP\Lib\Core\View.class.php 第 96 行.
NOTIC: [2] Cannot modify header information - headers already sent by (output started at D:\webs\web1\config.inc.php:1) D:\webs\web1\ThinkPHP\Lib\Core\View.class.php 第 97 行.
INFO: [ view_end ] --START--
INFO: ShowPageTrace Behavior ::run [ RunTime:0.002264s ]
INFO: [ view_end ] --END-- [ RunTime:0.002403s ]

[ 2014-04-04T23:50:31+08:00 ] 123.245.252.185 /admin.php/Web/casel
INFO: [ route_check ] --START--
INFO: CheckRoute Behavior ::run [ RunTime:0.002359s ]
INFO: [ route_check ] --END-- [ RunTime:0.002516s ]
INFO: [ app_begin ] --START--
INFO: ReadHtmlCache Behavior ::run [ RunTime:0.001089s ]
INFO: [ app_begin ] --END-- [ RunTime:0.001273s ]
NOTIC: [2] session_start() [<a href='function.session-start'>function.session-start</a>]: Cannot send session cookie - headers already sent by (output started at D:\webs\web1\config.inc.php:1) D:\webs\web1\ThinkPHP\Common\functions.php 第 566 行.
NOTIC: [2] session_start() [<a href='function.session-start'>function.session-start</a>]: Cannot send session cache limiter - headers already sent (output started at D:\webs\web1\config.inc.php:1) D:\webs\web1\ThinkPHP\Common\functions.php 第 566 行.
SQL: SHOW COLUMNS FROM `lm_company` [ RunTime:0.013067s ]
SQL: SELECT * FROM `lm_company` WHERE ( `id` NOT IN ('1','2','3') )  [ RunTime:0.000836s ]
INFO: [ view_parse ] --START--
INFO: ParseTemplate Behavior ::run [ RunTime:0.122333s ]
INFO: [ view_parse ] --END-- [ RunTime:0.123540s ]
INFO: [ view_filter ] --START--
INFO: ContentReplace Behavior ::run [ RunTime:0.015653s ]
INFO: TokenBuild Behavior ::run [ RunTime:0.023461s ]
INFO: WriteHtmlCache Behavior ::run [ RunTime:0.008725s ]
INFO: ShowRuntime Behavior ::run [ RunTime:0.021463s ]
INFO: [ view_filter ] --END-- [ RunTime:0.074218s ]
NOTIC: [2] Cannot modify header information - headers already sent by (output started at D:\webs\web1\config.inc.php:1) D:\webs\web1\ThinkPHP\Lib\Core\View.class.php 第 95 行.
NOTIC: [2] Cannot modify header information - headers already sent by (output started at D:\webs\web1\config.inc.php:1) D:\webs\web1\ThinkPHP\Lib\Core\View.class.php 第 96 行.
NOTIC: [2] Cannot modify header information - headers already sent by (output started at D:\webs\web1\config.inc.php:1) D:\webs\web1\ThinkPHP\Lib\Core\View.class.php 第 97 行.
INFO: [ view_end ] --START--
INFO: ShowPageTrace Behavior ::run [ RunTime:0.002644s ]
INFO: [ view_end ] --END-- [ RunTime:0.003194s ]

[ 2014-04-04T23:51:16+08:00 ] 123.245.252.185 /admin.php/Web/casel
INFO: [ route_check ] --START--
INFO: CheckRoute Behavior ::run [ RunTime:0.001671s ]
INFO: [ route_check ] --END-- [ RunTime:0.001849s ]
INFO: [ app_begin ] --START--
INFO: ReadHtmlCache Behavior ::run [ RunTime:0.001062s ]
INFO: [ app_begin ] --END-- [ RunTime:0.001192s ]
NOTIC: [2] session_start() [<a href='function.session-start'>function.session-start</a>]: Cannot send session cookie - headers already sent by (output started at D:\webs\web1\config.inc.php:1) D:\webs\web1\ThinkPHP\Common\functions.php 第 566 行.
NOTIC: [2] session_start() [<a href='function.session-start'>function.session-start</a>]: Cannot send session cache limiter - headers already sent (output started at D:\webs\web1\config.inc.php:1) D:\webs\web1\ThinkPHP\Common\functions.php 第 566 行.
SQL: SHOW COLUMNS FROM `lm_company` [ RunTime:0.002049s ]
SQL: SELECT * FROM `lm_company` WHERE ( `id` NOT IN ('1','2','3') )  [ RunTime:0.000740s ]
INFO: [ view_parse ] --START--
INFO: ParseTemplate Behavior ::run [ RunTime:0.045089s ]
INFO: [ view_parse ] --END-- [ RunTime:0.045313s ]
INFO: [ view_filter ] --START--
INFO: ContentReplace Behavior ::run [ RunTime:0.001856s ]
INFO: TokenBuild Behavior ::run [ RunTime:0.001524s ]
INFO: WriteHtmlCache Behavior ::run [ RunTime:0.001144s ]
INFO: ShowRuntime Behavior ::run [ RunTime:0.001256s ]
INFO: [ view_filter ] --END-- [ RunTime:0.006160s ]
NOTIC: [2] Cannot modify header information - headers already sent by (output started at D:\webs\web1\config.inc.php:1) D:\webs\web1\ThinkPHP\Lib\Core\View.class.php 第 95 行.
NOTIC: [2] Cannot modify header information - headers already sent by (output started at D:\webs\web1\config.inc.php:1) D:\webs\web1\ThinkPHP\Lib\Core\View.class.php 第 96 行.
NOTIC: [2] Cannot modify header information - headers already sent by (output started at D:\webs\web1\config.inc.php:1) D:\webs\web1\ThinkPHP\Lib\Core\View.class.php 第 97 行.
INFO: [ view_end ] --START--
INFO: ShowPageTrace Behavior ::run [ RunTime:0.001466s ]
INFO: [ view_end ] --END-- [ RunTime:0.001726s ]

[ 2014-04-04T23:51:21+08:00 ] 123.245.252.185 /admin.php/Index/index
INFO: [ route_check ] --START--
INFO: CheckRoute Behavior ::run [ RunTime:0.001740s ]
INFO: [ route_check ] --END-- [ RunTime:0.001968s ]
INFO: [ app_begin ] --START--
INFO: ReadHtmlCache Behavior ::run [ RunTime:0.001660s ]
INFO: [ app_begin ] --END-- [ RunTime:0.001887s ]
NOTIC: [2] session_start() [<a href='function.session-start'>function.session-start</a>]: Cannot send session cookie - headers already sent by (output started at D:\webs\web1\config.inc.php:1) D:\webs\web1\ThinkPHP\Common\functions.php 第 566 行.
NOTIC: [2] session_start() [<a href='function.session-start'>function.session-start</a>]: Cannot send session cache limiter - headers already sent (output started at D:\webs\web1\config.inc.php:1) D:\webs\web1\ThinkPHP\Common\functions.php 第 566 行.
INFO: [ view_parse ] --START--
NOTIC: [8] Undefined variable: stat D:\webs\web1\admin\Runtime\Cache\4c18d5952d0dbf1eedb8a1ec796fa788.php 第 131 行.
NOTIC: [8] Undefined variable: stat D:\webs\web1\admin\Runtime\Cache\4c18d5952d0dbf1eedb8a1ec796fa788.php 第 139 行.
NOTIC: [8] Undefined variable: stat D:\webs\web1\admin\Runtime\Cache\4c18d5952d0dbf1eedb8a1ec796fa788.php 第 147 行.
NOTIC: [8] Undefined variable: stat D:\webs\web1\admin\Runtime\Cache\4c18d5952d0dbf1eedb8a1ec796fa788.php 第 171 行.
NOTIC: [8] Undefined variable: stat D:\webs\web1\admin\Runtime\Cache\4c18d5952d0dbf1eedb8a1ec796fa788.php 第 172 行.
NOTIC: [8] Undefined variable: stat D:\webs\web1\admin\Runtime\Cache\4c18d5952d0dbf1eedb8a1ec796fa788.php 第 174 行.
NOTIC: [8] Undefined variable: stat D:\webs\web1\admin\Runtime\Cache\4c18d5952d0dbf1eedb8a1ec796fa788.php 第 175 行.
NOTIC: [8] Undefined variable: stat D:\webs\web1\admin\Runtime\Cache\4c18d5952d0dbf1eedb8a1ec796fa788.php 第 176 行.
NOTIC: [8] Undefined variable: log D:\webs\web1\admin\Runtime\Cache\4c18d5952d0dbf1eedb8a1ec796fa788.php 第 197 行.
NOTIC: [8] Undefined variable: sysinfo D:\webs\web1\admin\Runtime\Cache\4c18d5952d0dbf1eedb8a1ec796fa788.php 第 213 行.
NOTIC: [8] Undefined variable: sysinfo D:\webs\web1\admin\Runtime\Cache\4c18d5952d0dbf1eedb8a1ec796fa788.php 第 213 行.
NOTIC: [8] Undefined variable: sysinfo D:\webs\web1\admin\Runtime\Cache\4c18d5952d0dbf1eedb8a1ec796fa788.php 第 217 行.
NOTIC: [8] Undefined variable: sysinfo D:\webs\web1\admin\Runtime\Cache\4c18d5952d0dbf1eedb8a1ec796fa788.php 第 221 行.
INFO: ParseTemplate Behavior ::run [ RunTime:0.053431s ]
INFO: [ view_parse ] --END-- [ RunTime:0.053579s ]
INFO: [ view_filter ] --START--
INFO: ContentReplace Behavior ::run [ RunTime:0.001068s ]
INFO: TokenBuild Behavior ::run [ RunTime:0.002335s ]
INFO: WriteHtmlCache Behavior ::run [ RunTime:0.001004s ]
INFO: ShowRuntime Behavior ::run [ RunTime:0.003818s ]
INFO: [ view_filter ] --END-- [ RunTime:0.008991s ]
NOTIC: [2] Cannot modify header information - headers already sent by (output started at D:\webs\web1\config.inc.php:1) D:\webs\web1\ThinkPHP\Lib\Core\View.class.php 第 95 行.
NOTIC: [2] Cannot modify header information - headers already sent by (output started at D:\webs\web1\config.inc.php:1) D:\webs\web1\ThinkPHP\Lib\Core\View.class.php 第 96 行.
NOTIC: [2] Cannot modify header information - headers already sent by (output started at D:\webs\web1\config.inc.php:1) D:\webs\web1\ThinkPHP\Lib\Core\View.class.php 第 97 行.
INFO: [ view_end ] --START--
INFO: ShowPageTrace Behavior ::run [ RunTime:0.002188s ]
INFO: [ view_end ] --END-- [ RunTime:0.002337s ]

