[ 2014-03-25T17:52:42+08:00 ] 127.0.0.1 /longma/admin.php/User/admin.php/Auser/lists
ERR: 非法操作:admin.php

[ 2014-03-25T17:57:57+08:00 ] 127.0.0.1 /longma/admin.php/User/
ERR: 非法操作:index

[ 2014-03-25T17:58:01+08:00 ] 127.0.0.1 /longma/admin.php/User/Auser/lists
ERR: 非法操作:Auser

[ 2014-03-25T17:58:06+08:00 ] 127.0.0.1 /longma/admin.php/User/User/lists
ERR: 非法操作:User

[ 2014-03-25T18:02:45+08:00 ] 127.0.0.1 /longma/admin.php/User/User/lists
ERR: 非法操作:User

[ 2014-03-25T20:21:45+08:00 ] 127.0.0.1 /longma/admin.php/Goods/lists
ERR: 无法加载模块:Goods

[ 2014-03-25T20:58:06+08:00 ] 127.0.0.1 /longma/admin.php/Friend/lists
ERR: 无法加载模块:Friend

[ 2014-03-25T20:58:10+08:00 ] 127.0.0.1 /longma/admin.php/Basis/lists
ERR: 无法加载模块:Basis

[ 2014-03-25T20:58:16+08:00 ] 127.0.0.1 /longma/admin.php/Basis/lists
ERR: 无法加载模块:Basis

[ 2014-03-25T21:20:41+08:00 ] 127.0.0.1 /longma/admin.php/Basis/add
ERR: 非法操作:add

[ 2014-03-25T21:20:44+08:00 ] 127.0.0.1 /longma/admin.php/Basis/cpo
ERR: 非法操作:cpo

[ 2014-03-25T21:25:48+08:00 ] 127.0.0.1 /longma/admin.php/Basis/add
ERR: 非法操作:add

[ 2014-03-25T21:42:09+08:00 ] 127.0.0.1 /longma/admin.php/Basis/add
ERR: 非法操作:add

[ 2014-03-25T21:58:24+08:00 ] 127.0.0.1 /longma/admin.php/Basis/add
ERR: 非法操作:add

[ 2014-03-25T22:08:05+08:00 ] 127.0.0.1 /longma/admin.php/Basis/uslide/id/1
ERR: 非法操作:uslide

[ 2014-03-25T22:30:14+08:00 ] 127.0.0.1 /longma/admin.php/Basis/add
ERR: 非法操作:add

[ 2014-03-25T22:37:13+08:00 ] 127.0.0.1 /longma/admin.php/Basis/add
ERR: 非法操作:add

[ 2014-03-25T10:13:47+08:00 ] 127.0.0.1 /longma/admin.php/
INFO: [ route_check ] --START--
INFO: CheckRoute Behavior ::run [ RunTime:0.005282s ]
INFO: [ route_check ] --END-- [ RunTime:0.005482s ]
INFO: [ app_begin ] --START--
INFO: ReadHtmlCache Behavior ::run [ RunTime:0.003413s ]
INFO: [ app_begin ] --END-- [ RunTime:0.003543s ]
INFO: [ view_parse ] --START--
INFO: ParseTemplate Behavior ::run [ RunTime:0.031994s ]
INFO: [ view_parse ] --END-- [ RunTime:0.032126s ]
INFO: [ view_filter ] --START--
INFO: ContentReplace Behavior ::run [ RunTime:0.002123s ]
INFO: TokenBuild Behavior ::run [ RunTime:0.002672s ]
INFO: WriteHtmlCache Behavior ::run [ RunTime:0.002418s ]
INFO: ShowRuntime Behavior ::run [ RunTime:0.004055s ]
INFO: [ view_filter ] --END-- [ RunTime:0.011535s ]
INFO: [ view_end ] --START--
INFO: ShowPageTrace Behavior ::run [ RunTime:0.002927s ]
INFO: [ view_end ] --END-- [ RunTime:0.003017s ]

[ 2014-03-25T10:13:50+08:00 ] 127.0.0.1 /longma/admin.php/Login/index
INFO: [ route_check ] --START--
INFO: CheckRoute Behavior ::run [ RunTime:0.001416s ]
INFO: [ route_check ] --END-- [ RunTime:0.001562s ]
INFO: [ app_begin ] --START--
INFO: ReadHtmlCache Behavior ::run [ RunTime:0.000965s ]
INFO: [ app_begin ] --END-- [ RunTime:0.001067s ]
INFO: [ view_parse ] --START--
INFO: ParseTemplate Behavior ::run [ RunTime:0.018232s ]
INFO: [ view_parse ] --END-- [ RunTime:0.018422s ]
INFO: [ view_filter ] --START--
INFO: ContentReplace Behavior ::run [ RunTime:0.000692s ]
INFO: TokenBuild Behavior ::run [ RunTime:0.000677s ]
INFO: WriteHtmlCache Behavior ::run [ RunTime:0.000466s ]
INFO: ShowRuntime Behavior ::run [ RunTime:0.000832s ]
INFO: [ view_filter ] --END-- [ RunTime:0.002955s ]
INFO: [ view_end ] --START--
INFO: ShowPageTrace Behavior ::run [ RunTime:0.001040s ]
INFO: [ view_end ] --END-- [ RunTime:0.001140s ]

[ 2014-03-25T10:13:54+08:00 ] 127.0.0.1 /longma/admin.php/Login/login
INFO: [ route_check ] --START--
INFO: CheckRoute Behavior ::run [ RunTime:0.001171s ]
INFO: [ route_check ] --END-- [ RunTime:0.001300s ]
INFO: [ app_begin ] --START--
INFO: ReadHtmlCache Behavior ::run [ RunTime:0.000835s ]
INFO: [ app_begin ] --END-- [ RunTime:0.000916s ]
SQL: SHOW COLUMNS FROM `lm_user` [ RunTime:0.017767s ]
SQL: SELECT * FROM `lm_user` WHERE ( `username` = 'admin' ) AND ( `userpwd` = '21232f297a57a5a743894a0e4a801fc3' ) LIMIT 1   [ RunTime:0.006232s ]
INFO: [ view_parse ] --START--
INFO: ParseTemplate Behavior ::run [ RunTime:0.014134s ]
INFO: [ view_parse ] --END-- [ RunTime:0.014335s ]
INFO: [ view_filter ] --START--
INFO: ContentReplace Behavior ::run [ RunTime:0.000779s ]
INFO: TokenBuild Behavior ::run [ RunTime:0.000685s ]
INFO: WriteHtmlCache Behavior ::run [ RunTime:0.000495s ]
INFO: ShowRuntime Behavior ::run [ RunTime:0.000873s ]
INFO: [ view_filter ] --END-- [ RunTime:0.003160s ]
INFO: [ view_end ] --START--
INFO: ShowPageTrace Behavior ::run [ RunTime:0.001292s ]
INFO: [ view_end ] --END-- [ RunTime:0.001392s ]

[ 2014-03-25T10:13:55+08:00 ] 127.0.0.1 /longma/admin.php/Index/index
INFO: [ route_check ] --START--
INFO: CheckRoute Behavior ::run [ RunTime:0.001176s ]
INFO: [ route_check ] --END-- [ RunTime:0.001292s ]
INFO: [ app_begin ] --START--
INFO: ReadHtmlCache Behavior ::run [ RunTime:0.000981s ]
INFO: [ app_begin ] --END-- [ RunTime:0.001075s ]
INFO: [ view_parse ] --START--
NOTIC: [8] Undefined variable: stat C:\AppServ\www\longma\admin\Runtime\Cache\4c18d5952d0dbf1eedb8a1ec796fa788.php 第 131 行.
NOTIC: [8] Undefined variable: stat C:\AppServ\www\longma\admin\Runtime\Cache\4c18d5952d0dbf1eedb8a1ec796fa788.php 第 139 行.
NOTIC: [8] Undefined variable: stat C:\AppServ\www\longma\admin\Runtime\Cache\4c18d5952d0dbf1eedb8a1ec796fa788.php 第 147 行.
NOTIC: [8] Undefined variable: stat C:\AppServ\www\longma\admin\Runtime\Cache\4c18d5952d0dbf1eedb8a1ec796fa788.php 第 171 行.
NOTIC: [8] Undefined variable: stat C:\AppServ\www\longma\admin\Runtime\Cache\4c18d5952d0dbf1eedb8a1ec796fa788.php 第 172 行.
NOTIC: [8] Undefined variable: stat C:\AppServ\www\longma\admin\Runtime\Cache\4c18d5952d0dbf1eedb8a1ec796fa788.php 第 174 行.
NOTIC: [8] Undefined variable: stat C:\AppServ\www\longma\admin\Runtime\Cache\4c18d5952d0dbf1eedb8a1ec796fa788.php 第 175 行.
NOTIC: [8] Undefined variable: stat C:\AppServ\www\longma\admin\Runtime\Cache\4c18d5952d0dbf1eedb8a1ec796fa788.php 第 176 行.
NOTIC: [8] Undefined variable: log C:\AppServ\www\longma\admin\Runtime\Cache\4c18d5952d0dbf1eedb8a1ec796fa788.php 第 197 行.
NOTIC: [8] Undefined variable: sysinfo C:\AppServ\www\longma\admin\Runtime\Cache\4c18d5952d0dbf1eedb8a1ec796fa788.php 第 213 行.
NOTIC: [8] Undefined variable: sysinfo C:\AppServ\www\longma\admin\Runtime\Cache\4c18d5952d0dbf1eedb8a1ec796fa788.php 第 213 行.
NOTIC: [8] Undefined variable: sysinfo C:\AppServ\www\longma\admin\Runtime\Cache\4c18d5952d0dbf1eedb8a1ec796fa788.php 第 217 行.
NOTIC: [8] Undefined variable: sysinfo C:\AppServ\www\longma\admin\Runtime\Cache\4c18d5952d0dbf1eedb8a1ec796fa788.php 第 221 行.
INFO: ParseTemplate Behavior ::run [ RunTime:0.032482s ]
INFO: [ view_parse ] --END-- [ RunTime:0.032590s ]
INFO: [ view_filter ] --START--
INFO: ContentReplace Behavior ::run [ RunTime:0.000589s ]
INFO: TokenBuild Behavior ::run [ RunTime:0.000479s ]
INFO: WriteHtmlCache Behavior ::run [ RunTime:0.000367s ]
INFO: ShowRuntime Behavior ::run [ RunTime:0.000771s ]
INFO: [ view_filter ] --END-- [ RunTime:0.002385s ]
INFO: [ view_end ] --START--
INFO: ShowPageTrace Behavior ::run [ RunTime:0.000886s ]
INFO: [ view_end ] --END-- [ RunTime:0.000977s ]

[ 2014-03-25T10:13:58+08:00 ] 127.0.0.1 /longma/admin.php/Web/sclass
INFO: [ route_check ] --START--
INFO: CheckRoute Behavior ::run [ RunTime:0.001071s ]
INFO: [ route_check ] --END-- [ RunTime:0.001178s ]
INFO: [ app_begin ] --START--
INFO: ReadHtmlCache Behavior ::run [ RunTime:0.000736s ]
INFO: [ app_begin ] --END-- [ RunTime:0.000812s ]
SQL: SHOW COLUMNS FROM `lm_sclass` [ RunTime:0.006954s ]
SQL: SELECT * FROM `lm_sclass`  [ RunTime:0.003503s ]
INFO: [ view_parse ] --START--
INFO: ParseTemplate Behavior ::run [ RunTime:0.019547s ]
INFO: [ view_parse ] --END-- [ RunTime:0.019736s ]
INFO: [ view_filter ] --START--
INFO: ContentReplace Behavior ::run [ RunTime:0.000736s ]
INFO: TokenBuild Behavior ::run [ RunTime:0.000561s ]
INFO: WriteHtmlCache Behavior ::run [ RunTime:0.000391s ]
INFO: ShowRuntime Behavior ::run [ RunTime:0.000652s ]
INFO: [ view_filter ] --END-- [ RunTime:0.002572s ]
INFO: [ view_end ] --START--
INFO: ShowPageTrace Behavior ::run [ RunTime:0.000788s ]
INFO: [ view_end ] --END-- [ RunTime:0.001233s ]

[ 2014-03-25T10:14:03+08:00 ] 127.0.0.1 /longma/admin.php/Web/adds
INFO: [ route_check ] --START--
INFO: CheckRoute Behavior ::run [ RunTime:0.001018s ]
INFO: [ route_check ] --END-- [ RunTime:0.001123s ]
INFO: [ app_begin ] --START--
INFO: ReadHtmlCache Behavior ::run [ RunTime:0.000689s ]
INFO: [ app_begin ] --END-- [ RunTime:0.000759s ]
SQL: SHOW COLUMNS FROM `lm_bclass` [ RunTime:0.008132s ]
SQL: SELECT * FROM `lm_bclass`  [ RunTime:0.002631s ]
INFO: [ view_parse ] --START--
INFO: ParseTemplate Behavior ::run [ RunTime:0.019159s ]
INFO: [ view_parse ] --END-- [ RunTime:0.019373s ]
INFO: [ view_filter ] --START--
INFO: ContentReplace Behavior ::run [ RunTime:0.000709s ]
INFO: TokenBuild Behavior ::run [ RunTime:0.000560s ]
INFO: WriteHtmlCache Behavior ::run [ RunTime:0.000514s ]
INFO: ShowRuntime Behavior ::run [ RunTime:0.000752s ]
INFO: [ view_filter ] --END-- [ RunTime:0.002880s ]
INFO: [ view_end ] --START--
INFO: ShowPageTrace Behavior ::run [ RunTime:0.000917s ]
INFO: [ view_end ] --END-- [ RunTime:0.001018s ]

[ 2014-03-25T10:14:14+08:00 ] 127.0.0.1 /longma/admin.php/Web/inses
INFO: [ route_check ] --START--
INFO: CheckRoute Behavior ::run [ RunTime:0.001101s ]
INFO: [ route_check ] --END-- [ RunTime:0.001229s ]
INFO: [ app_begin ] --START--
INFO: ReadHtmlCache Behavior ::run [ RunTime:0.000734s ]
INFO: [ app_begin ] --END-- [ RunTime:0.000821s ]
SQL: SHOW COLUMNS FROM `lm_sclass` [ RunTime:0.013424s ]
SQL: INSERT INTO `lm_sclass` (`title`,`pid`) VALUES ('公司新闻',7) [ RunTime:0.002584s ]
INFO: [ view_parse ] --START--
INFO: ParseTemplate Behavior ::run [ RunTime:0.010600s ]
INFO: [ view_parse ] --END-- [ RunTime:0.010806s ]
INFO: [ view_filter ] --START--
INFO: ContentReplace Behavior ::run [ RunTime:0.000554s ]
INFO: TokenBuild Behavior ::run [ RunTime:0.000564s ]
INFO: WriteHtmlCache Behavior ::run [ RunTime:0.000364s ]
INFO: ShowRuntime Behavior ::run [ RunTime:0.000608s ]
INFO: [ view_filter ] --END-- [ RunTime:0.002353s ]
INFO: [ view_end ] --START--
INFO: ShowPageTrace Behavior ::run [ RunTime:0.000808s ]
INFO: [ view_end ] --END-- [ RunTime:0.000931s ]

[ 2014-03-25T10:14:15+08:00 ] 127.0.0.1 /longma/admin.php/Web/adds
INFO: [ route_check ] --START--
INFO: CheckRoute Behavior ::run [ RunTime:0.001046s ]
INFO: [ route_check ] --END-- [ RunTime:0.001155s ]
INFO: [ app_begin ] --START--
INFO: ReadHtmlCache Behavior ::run [ RunTime:0.000707s ]
INFO: [ app_begin ] --END-- [ RunTime:0.000780s ]
SQL: SHOW COLUMNS FROM `lm_bclass` [ RunTime:0.007425s ]
SQL: SELECT * FROM `lm_bclass`  [ RunTime:0.000651s ]
INFO: [ view_parse ] --START--
INFO: ParseTemplate Behavior ::run [ RunTime:0.019183s ]
INFO: [ view_parse ] --END-- [ RunTime:0.019360s ]
INFO: [ view_filter ] --START--
INFO: ContentReplace Behavior ::run [ RunTime:0.000941s ]
INFO: TokenBuild Behavior ::run [ RunTime:0.000673s ]
INFO: WriteHtmlCache Behavior ::run [ RunTime:0.000413s ]
INFO: ShowRuntime Behavior ::run [ RunTime:0.000615s ]
INFO: [ view_filter ] --END-- [ RunTime:0.002948s ]
INFO: [ view_end ] --START--
INFO: ShowPageTrace Behavior ::run [ RunTime:0.000935s ]
INFO: [ view_end ] --END-- [ RunTime:0.001043s ]

[ 2014-03-25T10:14:24+08:00 ] 127.0.0.1 /longma/admin.php/Web/inses
INFO: [ route_check ] --START--
INFO: CheckRoute Behavior ::run [ RunTime:0.001129s ]
INFO: [ route_check ] --END-- [ RunTime:0.001311s ]
INFO: [ app_begin ] --START--
INFO: ReadHtmlCache Behavior ::run [ RunTime:0.000712s ]
INFO: [ app_begin ] --END-- [ RunTime:0.000787s ]
SQL: SHOW COLUMNS FROM `lm_sclass` [ RunTime:0.007363s ]
SQL: INSERT INTO `lm_sclass` (`title`,`pid`) VALUES ('案例解析',8) [ RunTime:0.000805s ]
INFO: [ view_parse ] --START--
INFO: ParseTemplate Behavior ::run [ RunTime:0.011237s ]
INFO: [ view_parse ] --END-- [ RunTime:0.011481s ]
INFO: [ view_filter ] --START--
INFO: ContentReplace Behavior ::run [ RunTime:0.000500s ]
INFO: TokenBuild Behavior ::run [ RunTime:0.000516s ]
INFO: WriteHtmlCache Behavior ::run [ RunTime:0.000372s ]
INFO: ShowRuntime Behavior ::run [ RunTime:0.000608s ]
INFO: [ view_filter ] --END-- [ RunTime:0.002235s ]
INFO: [ view_end ] --START--
INFO: ShowPageTrace Behavior ::run [ RunTime:0.000822s ]
INFO: [ view_end ] --END-- [ RunTime:0.000926s ]

[ 2014-03-25T10:14:25+08:00 ] 127.0.0.1 /longma/admin.php/Web/adds
INFO: [ route_check ] --START--
INFO: CheckRoute Behavior ::run [ RunTime:0.000971s ]
INFO: [ route_check ] --END-- [ RunTime:0.001063s ]
INFO: [ app_begin ] --START--
INFO: ReadHtmlCache Behavior ::run [ RunTime:0.000732s ]
INFO: [ app_begin ] --END-- [ RunTime:0.000797s ]
SQL: SHOW COLUMNS FROM `lm_bclass` [ RunTime:0.006451s ]
SQL: SELECT * FROM `lm_bclass`  [ RunTime:0.000385s ]
INFO: [ view_parse ] --START--
INFO: ParseTemplate Behavior ::run [ RunTime:0.019052s ]
INFO: [ view_parse ] --END-- [ RunTime:0.019237s ]
INFO: [ view_filter ] --START--
INFO: ContentReplace Behavior ::run [ RunTime:0.000935s ]
INFO: TokenBuild Behavior ::run [ RunTime:0.000563s ]
INFO: WriteHtmlCache Behavior ::run [ RunTime:0.000372s ]
INFO: ShowRuntime Behavior ::run [ RunTime:0.000667s ]
INFO: [ view_filter ] --END-- [ RunTime:0.002857s ]
INFO: [ view_end ] --START--
INFO: ShowPageTrace Behavior ::run [ RunTime:0.000740s ]
INFO: [ view_end ] --END-- [ RunTime:0.000887s ]

[ 2014-03-25T10:14:37+08:00 ] 127.0.0.1 /longma/admin.php/Web/inses
INFO: [ route_check ] --START--
INFO: CheckRoute Behavior ::run [ RunTime:0.001048s ]
INFO: [ route_check ] --END-- [ RunTime:0.001162s ]
INFO: [ app_begin ] --START--
INFO: ReadHtmlCache Behavior ::run [ RunTime:0.001401s ]
INFO: [ app_begin ] --END-- [ RunTime:0.001565s ]
SQL: SHOW COLUMNS FROM `lm_sclass` [ RunTime:0.005899s ]
SQL: INSERT INTO `lm_sclass` (`title`,`pid`) VALUES ('业内资讯',9) [ RunTime:0.000335s ]
INFO: [ view_parse ] --START--
INFO: ParseTemplate Behavior ::run [ RunTime:0.010304s ]
INFO: [ view_parse ] --END-- [ RunTime:0.010450s ]
INFO: [ view_filter ] --START--
INFO: ContentReplace Behavior ::run [ RunTime:0.000475s ]
INFO: TokenBuild Behavior ::run [ RunTime:0.000472s ]
INFO: WriteHtmlCache Behavior ::run [ RunTime:0.000375s ]
INFO: ShowRuntime Behavior ::run [ RunTime:0.000605s ]
INFO: [ view_filter ] --END-- [ RunTime:0.002165s ]
INFO: [ view_end ] --START--
INFO: ShowPageTrace Behavior ::run [ RunTime:0.000776s ]
INFO: [ view_end ] --END-- [ RunTime:0.000880s ]

[ 2014-03-25T10:14:38+08:00 ] 127.0.0.1 /longma/admin.php/Web/adds
INFO: [ route_check ] --START--
INFO: CheckRoute Behavior ::run [ RunTime:0.001413s ]
INFO: [ route_check ] --END-- [ RunTime:0.001549s ]
INFO: [ app_begin ] --START--
INFO: ReadHtmlCache Behavior ::run [ RunTime:0.002635s ]
INFO: [ app_begin ] --END-- [ RunTime:0.002730s ]
SQL: SHOW COLUMNS FROM `lm_bclass` [ RunTime:0.006162s ]
SQL: SELECT * FROM `lm_bclass`  [ RunTime:0.000410s ]
INFO: [ view_parse ] --START--
INFO: ParseTemplate Behavior ::run [ RunTime:0.018880s ]
INFO: [ view_parse ] --END-- [ RunTime:0.019132s ]
INFO: [ view_filter ] --START--
INFO: ContentReplace Behavior ::run [ RunTime:0.000776s ]
INFO: TokenBuild Behavior ::run [ RunTime:0.000857s ]
INFO: WriteHtmlCache Behavior ::run [ RunTime:0.000528s ]
INFO: ShowRuntime Behavior ::run [ RunTime:0.000718s ]
INFO: [ view_filter ] --END-- [ RunTime:0.003241s ]
INFO: [ view_end ] --START--
INFO: ShowPageTrace Behavior ::run [ RunTime:0.000874s ]
INFO: [ view_end ] --END-- [ RunTime:0.001210s ]

[ 2014-03-25T10:14:46+08:00 ] 127.0.0.1 /longma/admin.php/Web/inses
INFO: [ route_check ] --START--
INFO: CheckRoute Behavior ::run [ RunTime:0.001149s ]
INFO: [ route_check ] --END-- [ RunTime:0.001307s ]
INFO: [ app_begin ] --START--
INFO: ReadHtmlCache Behavior ::run [ RunTime:0.000743s ]
INFO: [ app_begin ] --END-- [ RunTime:0.000822s ]
SQL: SHOW COLUMNS FROM `lm_sclass` [ RunTime:0.005218s ]
SQL: INSERT INTO `lm_sclass` (`title`,`pid`) VALUES ('媒体报道',10) [ RunTime:0.003188s ]
INFO: [ view_parse ] --START--
INFO: ParseTemplate Behavior ::run [ RunTime:0.010924s ]
INFO: [ view_parse ] --END-- [ RunTime:0.011076s ]
INFO: [ view_filter ] --START--
INFO: ContentReplace Behavior ::run [ RunTime:0.000489s ]
INFO: TokenBuild Behavior ::run [ RunTime:0.000794s ]
INFO: WriteHtmlCache Behavior ::run [ RunTime:0.000374s ]
INFO: ShowRuntime Behavior ::run [ RunTime:0.000575s ]
INFO: [ view_filter ] --END-- [ RunTime:0.002475s ]
INFO: [ view_end ] --START--
INFO: ShowPageTrace Behavior ::run [ RunTime:0.000777s ]
INFO: [ view_end ] --END-- [ RunTime:0.000882s ]

[ 2014-03-25T10:14:47+08:00 ] 127.0.0.1 /longma/admin.php/Web/adds
INFO: [ route_check ] --START--
INFO: CheckRoute Behavior ::run [ RunTime:0.001141s ]
INFO: [ route_check ] --END-- [ RunTime:0.001263s ]
INFO: [ app_begin ] --START--
INFO: ReadHtmlCache Behavior ::run [ RunTime:0.000702s ]
INFO: [ app_begin ] --END-- [ RunTime:0.000768s ]
SQL: SHOW COLUMNS FROM `lm_bclass` [ RunTime:0.004771s ]
SQL: SELECT * FROM `lm_bclass`  [ RunTime:0.002484s ]
INFO: [ view_parse ] --START--
INFO: ParseTemplate Behavior ::run [ RunTime:0.016578s ]
INFO: [ view_parse ] --END-- [ RunTime:0.016779s ]
INFO: [ view_filter ] --START--
INFO: ContentReplace Behavior ::run [ RunTime:0.000683s ]
INFO: TokenBuild Behavior ::run [ RunTime:0.000558s ]
INFO: WriteHtmlCache Behavior ::run [ RunTime:0.000370s ]
INFO: ShowRuntime Behavior ::run [ RunTime:0.000602s ]
INFO: [ view_filter ] --END-- [ RunTime:0.002474s ]
INFO: [ view_end ] --START--
INFO: ShowPageTrace Behavior ::run [ RunTime:0.000780s ]
INFO: [ view_end ] --END-- [ RunTime:0.000864s ]

[ 2014-03-25T10:15:39+08:00 ] 127.0.0.1 /longma/admin.php/Web/casel
INFO: [ route_check ] --START--
INFO: CheckRoute Behavior ::run [ RunTime:0.001094s ]
INFO: [ route_check ] --END-- [ RunTime:0.001203s ]
INFO: [ app_begin ] --START--
INFO: ReadHtmlCache Behavior ::run [ RunTime:0.000731s ]
INFO: [ app_begin ] --END-- [ RunTime:0.000807s ]
SQL: SHOW COLUMNS FROM `lm_company` [ RunTime:0.008086s ]
SQL: SELECT * FROM `lm_company` WHERE ( `id` NOT IN ('1','2','3') )  [ RunTime:0.003972s ]
INFO: [ view_parse ] --START--
INFO: ParseTemplate Behavior ::run [ RunTime:0.025799s ]
INFO: [ view_parse ] --END-- [ RunTime:0.025962s ]
INFO: [ view_filter ] --START--
INFO: ContentReplace Behavior ::run [ RunTime:0.000670s ]
INFO: TokenBuild Behavior ::run [ RunTime:0.000520s ]
INFO: WriteHtmlCache Behavior ::run [ RunTime:0.000370s ]
INFO: ShowRuntime Behavior ::run [ RunTime:0.000649s ]
INFO: [ view_filter ] --END-- [ RunTime:0.002410s ]
INFO: [ view_end ] --START--
INFO: ShowPageTrace Behavior ::run [ RunTime:0.001208s ]
INFO: [ view_end ] --END-- [ RunTime:0.001302s ]

[ 2014-03-25T10:15:41+08:00 ] 127.0.0.1 /longma/admin.php/Web/addcase
INFO: [ route_check ] --START--
INFO: CheckRoute Behavior ::run [ RunTime:0.001034s ]
INFO: [ route_check ] --END-- [ RunTime:0.001126s ]
INFO: [ app_begin ] --START--
INFO: ReadHtmlCache Behavior ::run [ RunTime:0.000667s ]
INFO: [ app_begin ] --END-- [ RunTime:0.000731s ]
SQL: SHOW COLUMNS FROM `lm_sclass` [ RunTime:0.004144s ]
SQL: SELECT * FROM `lm_sclass`  [ RunTime:0.002901s ]
INFO: [ view_parse ] --START--
INFO: ParseTemplate Behavior ::run [ RunTime:0.027793s ]
INFO: [ view_parse ] --END-- [ RunTime:0.028027s ]
INFO: [ view_filter ] --START--
INFO: ContentReplace Behavior ::run [ RunTime:0.000632s ]
INFO: TokenBuild Behavior ::run [ RunTime:0.000509s ]
INFO: WriteHtmlCache Behavior ::run [ RunTime:0.000394s ]
INFO: ShowRuntime Behavior ::run [ RunTime:0.000639s ]
INFO: [ view_filter ] --END-- [ RunTime:0.002364s ]
INFO: [ view_end ] --START--
INFO: ShowPageTrace Behavior ::run [ RunTime:0.001037s ]
INFO: [ view_end ] --END-- [ RunTime:0.001167s ]

[ 2014-03-25T10:16:09+08:00 ] 127.0.0.1 /longma/admin.php/Web/sclass
INFO: [ route_check ] --START--
INFO: CheckRoute Behavior ::run [ RunTime:0.002530s ]
INFO: [ route_check ] --END-- [ RunTime:0.002642s ]
INFO: [ app_begin ] --START--
INFO: ReadHtmlCache Behavior ::run [ RunTime:0.002074s ]
INFO: [ app_begin ] --END-- [ RunTime:0.002168s ]
SQL: SHOW COLUMNS FROM `lm_sclass` [ RunTime:0.004306s ]
SQL: SELECT * FROM `lm_sclass`  [ RunTime:0.001803s ]
INFO: [ view_parse ] --START--
INFO: ParseTemplate Behavior ::run [ RunTime:0.031321s ]
INFO: [ view_parse ] --END-- [ RunTime:0.031510s ]
INFO: [ view_filter ] --START--
INFO: ContentReplace Behavior ::run [ RunTime:0.002148s ]
INFO: TokenBuild Behavior ::run [ RunTime:0.001733s ]
INFO: WriteHtmlCache Behavior ::run [ RunTime:0.001510s ]
INFO: ShowRuntime Behavior ::run [ RunTime:0.001739s ]
INFO: [ view_filter ] --END-- [ RunTime:0.007378s ]
INFO: [ view_end ] --START--
INFO: ShowPageTrace Behavior ::run [ RunTime:0.012206s ]
INFO: [ view_end ] --END-- [ RunTime:0.012318s ]

