[ 2014-04-08T15:20:27+08:00 ] 10.0.3.6 /lm/admin.php/Web/casel
INFO: [ route_check ] --START--
INFO: CheckRoute Behavior ::run [ RunTime:0.000696s ]
INFO: [ route_check ] --END-- [ RunTime:0.000796s ]
INFO: [ app_begin ] --START--
INFO: ReadHtmlCache Behavior ::run [ RunTime:0.000511s ]
INFO: [ app_begin ] --END-- [ RunTime:0.000589s ]
NOTIC: [2048] Declaration of WebAction::show() should be compatible with Action::show($content, $charset = '', $contentType = '', $prefix = '') D:\phpsite\lm\Admin\Lib\Action\WebAction.class.php 第 680 行.
SQL: SHOW COLUMNS FROM `lm_company` [ RunTime:0.003118s ]
SQL: SELECT * FROM `lm_company` WHERE ( `id` NOT IN ('1','2','3') )  [ RunTime:0.000336s ]
INFO: [ view_parse ] --START--
INFO: ParseTemplate Behavior ::run [ RunTime:0.009728s ]
INFO: [ view_parse ] --END-- [ RunTime:0.009833s ]
INFO: [ view_filter ] --START--
INFO: ContentReplace Behavior ::run [ RunTime:0.000591s ]
INFO: TokenBuild Behavior ::run [ RunTime:0.000435s ]
INFO: WriteHtmlCache Behavior ::run [ RunTime:0.000377s ]
INFO: ShowRuntime Behavior ::run [ RunTime:0.000492s ]
INFO: [ view_filter ] --END-- [ RunTime:0.002085s ]
INFO: [ view_end ] --START--
INFO: ShowPageTrace Behavior ::run [ RunTime:0.000519s ]
INFO: [ view_end ] --END-- [ RunTime:0.000595s ]

[ 2014-04-08T15:20:29+08:00 ] 10.0.3.6 /lm/admin.php/Web/addcase
INFO: [ route_check ] --START--
INFO: CheckRoute Behavior ::run [ RunTime:0.000689s ]
INFO: [ route_check ] --END-- [ RunTime:0.000784s ]
INFO: [ app_begin ] --START--
INFO: ReadHtmlCache Behavior ::run [ RunTime:0.000482s ]
INFO: [ app_begin ] --END-- [ RunTime:0.000554s ]
NOTIC: [2048] Declaration of WebAction::show() should be compatible with Action::show($content, $charset = '', $contentType = '', $prefix = '') D:\phpsite\lm\Admin\Lib\Action\WebAction.class.php 第 680 行.
SQL: SHOW COLUMNS FROM `lm_sclass` [ RunTime:0.002923s ]
SQL: SELECT * FROM `lm_sclass`  [ RunTime:0.000236s ]
INFO: [ view_parse ] --START--
INFO: ParseTemplate Behavior ::run [ RunTime:0.009413s ]
INFO: [ view_parse ] --END-- [ RunTime:0.009514s ]
INFO: [ view_filter ] --START--
INFO: ContentReplace Behavior ::run [ RunTime:0.000480s ]
INFO: TokenBuild Behavior ::run [ RunTime:0.000400s ]
INFO: WriteHtmlCache Behavior ::run [ RunTime:0.000290s ]
INFO: ShowRuntime Behavior ::run [ RunTime:0.000446s ]
INFO: [ view_filter ] --END-- [ RunTime:0.001836s ]
INFO: [ view_end ] --START--
INFO: ShowPageTrace Behavior ::run [ RunTime:0.000479s ]
INFO: [ view_end ] --END-- [ RunTime:0.000545s ]

[ 2014-04-08T15:21:12+08:00 ] 10.0.3.6 /lm/admin.php/Web/insecase
INFO: [ route_check ] --START--
INFO: CheckRoute Behavior ::run [ RunTime:0.000576s ]
INFO: [ route_check ] --END-- [ RunTime:0.000686s ]
INFO: [ app_begin ] --START--
INFO: ReadHtmlCache Behavior ::run [ RunTime:0.000484s ]
INFO: [ app_begin ] --END-- [ RunTime:0.000594s ]
NOTIC: [2048] Declaration of WebAction::show() should be compatible with Action::show($content, $charset = '', $contentType = '', $prefix = '') D:\phpsite\lm\Admin\Lib\Action\WebAction.class.php 第 680 行.
SQL: SHOW COLUMNS FROM `lm_company` [ RunTime:0.003426s ]
SQL: SHOW COLUMNS FROM `lm_slide` [ RunTime:0.003088s ]
SQL: INSERT INTO `lm_company` (`title`,`lowertitle`,`outline`,`pid`,`content`,`pic`) VALUES ('asdfasd','fasdf','asdfasdf',2,'<p>asdfasdfdfasdfasf<br/></p>','5343a3680aeef.jpg') [ RunTime:0.000372s ]
SQL: INSERT INTO `lm_slide` (`image`,`title`,`url`,`pid`) VALUES ('5343a3680977f.png','','',39) [ RunTime:0.000177s ]
SQL: INSERT INTO `lm_slide` (`image`,`title`,`url`,`pid`) VALUES ('5343a36809c51.jpg','','',39) [ RunTime:0.000151s ]
SQL: INSERT INTO `lm_slide` (`image`,`title`,`url`,`pid`) VALUES ('5343a3680a020.jpg','','',39) [ RunTime:0.000146s ]
SQL: INSERT INTO `lm_slide` (`image`,`title`,`url`,`pid`) VALUES ('5343a3680a3af.jpg','','',39) [ RunTime:0.000164s ]
SQL: INSERT INTO `lm_slide` (`image`,`title`,`url`,`pid`) VALUES ('5343a3680a751.jpg','','',39) [ RunTime:0.000143s ]
SQL: INSERT INTO `lm_slide` (`image`,`title`,`url`,`pid`) VALUES ('5343a3680aac1.jpg','','',39) [ RunTime:0.000165s ]
INFO: [ view_parse ] --START--
INFO: ParseTemplate Behavior ::run [ RunTime:0.007352s ]
INFO: [ view_parse ] --END-- [ RunTime:0.007443s ]
INFO: [ view_filter ] --START--
INFO: ContentReplace Behavior ::run [ RunTime:0.000728s ]
INFO: TokenBuild Behavior ::run [ RunTime:0.000706s ]
INFO: WriteHtmlCache Behavior ::run [ RunTime:0.001924s ]
INFO: ShowRuntime Behavior ::run [ RunTime:0.000891s ]
INFO: [ view_filter ] --END-- [ RunTime:0.004484s ]
INFO: [ view_end ] --START--
INFO: ShowPageTrace Behavior ::run [ RunTime:0.000895s ]
INFO: [ view_end ] --END-- [ RunTime:0.000971s ]

[ 2014-04-08T15:21:13+08:00 ] 10.0.3.6 /lm/admin.php/Web/addcase
INFO: [ route_check ] --START--
INFO: CheckRoute Behavior ::run [ RunTime:0.001024s ]
INFO: [ route_check ] --END-- [ RunTime:0.001119s ]
INFO: [ app_begin ] --START--
INFO: ReadHtmlCache Behavior ::run [ RunTime:0.000850s ]
INFO: [ app_begin ] --END-- [ RunTime:0.000929s ]
NOTIC: [2048] Declaration of WebAction::show() should be compatible with Action::show($content, $charset = '', $contentType = '', $prefix = '') D:\phpsite\lm\Admin\Lib\Action\WebAction.class.php 第 680 行.
SQL: SHOW COLUMNS FROM `lm_sclass` [ RunTime:0.002941s ]
SQL: SELECT * FROM `lm_sclass`  [ RunTime:0.000251s ]
INFO: [ view_parse ] --START--
INFO: ParseTemplate Behavior ::run [ RunTime:0.011046s ]
INFO: [ view_parse ] --END-- [ RunTime:0.011148s ]
INFO: [ view_filter ] --START--
INFO: ContentReplace Behavior ::run [ RunTime:0.000813s ]
INFO: TokenBuild Behavior ::run [ RunTime:0.000719s ]
INFO: WriteHtmlCache Behavior ::run [ RunTime:0.000676s ]
INFO: ShowRuntime Behavior ::run [ RunTime:0.000767s ]
INFO: [ view_filter ] --END-- [ RunTime:0.003164s ]
INFO: [ view_end ] --START--
INFO: ShowPageTrace Behavior ::run [ RunTime:0.000829s ]
INFO: [ view_end ] --END-- [ RunTime:0.000897s ]

[ 2014-04-08T15:21:26+08:00 ] 10.0.3.6 /lm/admin.php/Web/casel
INFO: [ route_check ] --START--
INFO: CheckRoute Behavior ::run [ RunTime:0.000946s ]
INFO: [ route_check ] --END-- [ RunTime:0.001082s ]
INFO: [ app_begin ] --START--
INFO: ReadHtmlCache Behavior ::run [ RunTime:0.000681s ]
INFO: [ app_begin ] --END-- [ RunTime:0.000786s ]
NOTIC: [2048] Declaration of WebAction::show() should be compatible with Action::show($content, $charset = '', $contentType = '', $prefix = '') D:\phpsite\lm\Admin\Lib\Action\WebAction.class.php 第 680 行.
SQL: SHOW COLUMNS FROM `lm_company` [ RunTime:0.003790s ]
SQL: SELECT * FROM `lm_company` WHERE ( `id` NOT IN ('1','2','3') )  [ RunTime:0.000407s ]
INFO: [ view_parse ] --START--
INFO: ParseTemplate Behavior ::run [ RunTime:0.009956s ]
INFO: [ view_parse ] --END-- [ RunTime:0.010063s ]
INFO: [ view_filter ] --START--
INFO: ContentReplace Behavior ::run [ RunTime:0.000542s ]
INFO: TokenBuild Behavior ::run [ RunTime:0.000380s ]
INFO: WriteHtmlCache Behavior ::run [ RunTime:0.000300s ]
INFO: ShowRuntime Behavior ::run [ RunTime:0.000483s ]
INFO: [ view_filter ] --END-- [ RunTime:0.001909s ]
INFO: [ view_end ] --START--
INFO: ShowPageTrace Behavior ::run [ RunTime:0.000491s ]
INFO: [ view_end ] --END-- [ RunTime:0.000561s ]

[ 2014-04-08T15:21:34+08:00 ] 10.0.3.6 /lm/admin.php/Web/updacase/id/38
INFO: [ route_check ] --START--
INFO: CheckRoute Behavior ::run [ RunTime:0.000635s ]
INFO: [ route_check ] --END-- [ RunTime:0.000751s ]
INFO: [ app_begin ] --START--
INFO: ReadHtmlCache Behavior ::run [ RunTime:0.000455s ]
INFO: [ app_begin ] --END-- [ RunTime:0.000537s ]
NOTIC: [2048] Declaration of WebAction::show() should be compatible with Action::show($content, $charset = '', $contentType = '', $prefix = '') D:\phpsite\lm\Admin\Lib\Action\WebAction.class.php 第 680 行.
SQL: SHOW COLUMNS FROM `lm_company` [ RunTime:0.003801s ]
SQL: SHOW COLUMNS FROM `lm_sclass` [ RunTime:0.003396s ]
SQL: SELECT * FROM `lm_sclass`  [ RunTime:0.000261s ]
SQL: SELECT * FROM `lm_company` WHERE ( `id` = 38 ) LIMIT 1   [ RunTime:0.000211s ]
INFO: [ view_parse ] --START--
INFO: ParseTemplate Behavior ::run [ RunTime:0.009944s ]
INFO: [ view_parse ] --END-- [ RunTime:0.010042s ]
INFO: [ view_filter ] --START--
INFO: ContentReplace Behavior ::run [ RunTime:0.000455s ]
INFO: TokenBuild Behavior ::run [ RunTime:0.000366s ]
INFO: WriteHtmlCache Behavior ::run [ RunTime:0.000240s ]
INFO: ShowRuntime Behavior ::run [ RunTime:0.000406s ]
INFO: [ view_filter ] --END-- [ RunTime:0.001648s ]
INFO: [ view_end ] --START--
INFO: ShowPageTrace Behavior ::run [ RunTime:0.000432s ]
INFO: [ view_end ] --END-- [ RunTime:0.000498s ]

[ 2014-04-08T15:21:40+08:00 ] 10.0.3.6 /lm/admin.php/Web/savecase/id/38
INFO: [ route_check ] --START--
INFO: CheckRoute Behavior ::run [ RunTime:0.000606s ]
INFO: [ route_check ] --END-- [ RunTime:0.000700s ]
INFO: [ app_begin ] --START--
INFO: ReadHtmlCache Behavior ::run [ RunTime:0.000458s ]
INFO: [ app_begin ] --END-- [ RunTime:0.000531s ]
NOTIC: [2048] Declaration of WebAction::show() should be compatible with Action::show($content, $charset = '', $contentType = '', $prefix = '') D:\phpsite\lm\Admin\Lib\Action\WebAction.class.php 第 680 行.
SQL: SHOW COLUMNS FROM `lm_company` [ RunTime:0.002692s ]
NOTIC: [8] Undefined variable: i D:\phpsite\lm\Admin\Lib\Action\WebAction.class.php 第 108 行.
NOTIC: [8] Undefined variable: pic D:\phpsite\lm\Admin\Lib\Action\WebAction.class.php 第 108 行.
SQL: UPDATE `lm_company` SET `title`='标题 ',`lowertitle`='二级标题',`outline`='描述',`pid`=17,`content`='<p>北京正德嘉信知识产权代理有限公司是专业从事商标等知识产权事务的法律服务机构，汇集了一批在商标代理行业具有丰富的理论和实践经验，熟谙国内以及国际商标、版权等各种相关法律、处理知识产权纠纷和侵权行为的专业人士。</p>' WHERE ( `id` = 38 ) [ RunTime:0.000485s ]
INFO: [ view_parse ] --START--
INFO: ParseTemplate Behavior ::run [ RunTime:0.005938s ]
INFO: [ view_parse ] --END-- [ RunTime:0.006036s ]
INFO: [ view_filter ] --START--
INFO: ContentReplace Behavior ::run [ RunTime:0.000392s ]
INFO: TokenBuild Behavior ::run [ RunTime:0.000397s ]
INFO: WriteHtmlCache Behavior ::run [ RunTime:0.000305s ]
INFO: ShowRuntime Behavior ::run [ RunTime:0.000451s ]
INFO: [ view_filter ] --END-- [ RunTime:0.001754s ]
INFO: [ view_end ] --START--
INFO: ShowPageTrace Behavior ::run [ RunTime:0.000469s ]
INFO: [ view_end ] --END-- [ RunTime:0.000542s ]

[ 2014-04-08T15:21:41+08:00 ] 10.0.3.6 /lm/admin.php/Web/updacase/id/38
INFO: [ route_check ] --START--
INFO: CheckRoute Behavior ::run [ RunTime:0.000553s ]
INFO: [ route_check ] --END-- [ RunTime:0.000646s ]
INFO: [ app_begin ] --START--
INFO: ReadHtmlCache Behavior ::run [ RunTime:0.000413s ]
INFO: [ app_begin ] --END-- [ RunTime:0.000485s ]
NOTIC: [2048] Declaration of WebAction::show() should be compatible with Action::show($content, $charset = '', $contentType = '', $prefix = '') D:\phpsite\lm\Admin\Lib\Action\WebAction.class.php 第 680 行.
SQL: SHOW COLUMNS FROM `lm_company` [ RunTime:0.002850s ]
SQL: SHOW COLUMNS FROM `lm_sclass` [ RunTime:0.002815s ]
SQL: SELECT * FROM `lm_sclass`  [ RunTime:0.000236s ]
SQL: SELECT * FROM `lm_company` WHERE ( `id` = 38 ) LIMIT 1   [ RunTime:0.000226s ]
INFO: [ view_parse ] --START--
INFO: ParseTemplate Behavior ::run [ RunTime:0.009183s ]
INFO: [ view_parse ] --END-- [ RunTime:0.009280s ]
INFO: [ view_filter ] --START--
INFO: ContentReplace Behavior ::run [ RunTime:0.000416s ]
INFO: TokenBuild Behavior ::run [ RunTime:0.000370s ]
INFO: WriteHtmlCache Behavior ::run [ RunTime:0.000222s ]
INFO: ShowRuntime Behavior ::run [ RunTime:0.000382s ]
INFO: [ view_filter ] --END-- [ RunTime:0.001571s ]
INFO: [ view_end ] --START--
INFO: ShowPageTrace Behavior ::run [ RunTime:0.000435s ]
INFO: [ view_end ] --END-- [ RunTime:0.000499s ]

[ 2014-04-08T15:21:46+08:00 ] 10.0.3.6 /lm/admin.php/Web/casel
INFO: [ route_check ] --START--
INFO: CheckRoute Behavior ::run [ RunTime:0.000672s ]
INFO: [ route_check ] --END-- [ RunTime:0.000772s ]
INFO: [ app_begin ] --START--
INFO: ReadHtmlCache Behavior ::run [ RunTime:0.000475s ]
INFO: [ app_begin ] --END-- [ RunTime:0.000553s ]
NOTIC: [2048] Declaration of WebAction::show() should be compatible with Action::show($content, $charset = '', $contentType = '', $prefix = '') D:\phpsite\lm\Admin\Lib\Action\WebAction.class.php 第 680 行.
SQL: SHOW COLUMNS FROM `lm_company` [ RunTime:0.002823s ]
SQL: SELECT * FROM `lm_company` WHERE ( `id` NOT IN ('1','2','3') )  [ RunTime:0.000311s ]
INFO: [ view_parse ] --START--
INFO: ParseTemplate Behavior ::run [ RunTime:0.008789s ]
INFO: [ view_parse ] --END-- [ RunTime:0.008874s ]
INFO: [ view_filter ] --START--
INFO: ContentReplace Behavior ::run [ RunTime:0.000472s ]
INFO: TokenBuild Behavior ::run [ RunTime:0.000370s ]
INFO: WriteHtmlCache Behavior ::run [ RunTime:0.000236s ]
INFO: ShowRuntime Behavior ::run [ RunTime:0.000414s ]
INFO: [ view_filter ] --END-- [ RunTime:0.001676s ]
INFO: [ view_end ] --START--
INFO: ShowPageTrace Behavior ::run [ RunTime:0.000439s ]
INFO: [ view_end ] --END-- [ RunTime:0.000506s ]

[ 2014-04-08T15:21:51+08:00 ] 10.0.3.6 /lm/admin.php/Web/updacase/id/35
INFO: [ route_check ] --START--
INFO: CheckRoute Behavior ::run [ RunTime:0.000576s ]
INFO: [ route_check ] --END-- [ RunTime:0.000675s ]
INFO: [ app_begin ] --START--
INFO: ReadHtmlCache Behavior ::run [ RunTime:0.000430s ]
INFO: [ app_begin ] --END-- [ RunTime:0.000506s ]
NOTIC: [2048] Declaration of WebAction::show() should be compatible with Action::show($content, $charset = '', $contentType = '', $prefix = '') D:\phpsite\lm\Admin\Lib\Action\WebAction.class.php 第 680 行.
SQL: SHOW COLUMNS FROM `lm_company` [ RunTime:0.003820s ]
SQL: SHOW COLUMNS FROM `lm_sclass` [ RunTime:0.003148s ]
SQL: SELECT * FROM `lm_sclass`  [ RunTime:0.000280s ]
SQL: SELECT * FROM `lm_company` WHERE ( `id` = 35 ) LIMIT 1   [ RunTime:0.000225s ]
INFO: [ view_parse ] --START--
INFO: ParseTemplate Behavior ::run [ RunTime:0.009657s ]
INFO: [ view_parse ] --END-- [ RunTime:0.009754s ]
INFO: [ view_filter ] --START--
INFO: ContentReplace Behavior ::run [ RunTime:0.000485s ]
INFO: TokenBuild Behavior ::run [ RunTime:0.000382s ]
INFO: WriteHtmlCache Behavior ::run [ RunTime:0.000236s ]
INFO: ShowRuntime Behavior ::run [ RunTime:0.000452s ]
INFO: [ view_filter ] --END-- [ RunTime:0.001759s ]
INFO: [ view_end ] --START--
INFO: ShowPageTrace Behavior ::run [ RunTime:0.000506s ]
INFO: [ view_end ] --END-- [ RunTime:0.000576s ]

[ 2014-04-08T15:21:55+08:00 ] 10.0.3.6 /lm/admin.php/Web/savecase/id/35
INFO: [ route_check ] --START--
INFO: CheckRoute Behavior ::run [ RunTime:0.000753s ]
INFO: [ route_check ] --END-- [ RunTime:0.000877s ]
INFO: [ app_begin ] --START--
INFO: ReadHtmlCache Behavior ::run [ RunTime:0.000572s ]
INFO: [ app_begin ] --END-- [ RunTime:0.000671s ]
NOTIC: [2048] Declaration of WebAction::show() should be compatible with Action::show($content, $charset = '', $contentType = '', $prefix = '') D:\phpsite\lm\Admin\Lib\Action\WebAction.class.php 第 680 行.
SQL: SHOW COLUMNS FROM `lm_company` [ RunTime:0.003594s ]
NOTIC: [8] Undefined variable: i D:\phpsite\lm\Admin\Lib\Action\WebAction.class.php 第 108 行.
NOTIC: [8] Undefined variable: pic D:\phpsite\lm\Admin\Lib\Action\WebAction.class.php 第 108 行.
SQL: UPDATE `lm_company` SET `title`='标题 ',`lowertitle`='二级标题',`outline`='描述',`pid`=2,`content`='<p>北京正德嘉信知识产权代理有限公司是专业从事商标等知识产权事务的法律服务机构，汇集了一批在商标代理行业具有丰富的理论和实践经验，熟谙国内以及国际商标、版权等各种相关法律、处理知识产权纠纷和侵权行为的专业人士。</p>' WHERE ( `id` = 35 ) [ RunTime:0.000325s ]
INFO: [ view_parse ] --START--
INFO: ParseTemplate Behavior ::run [ RunTime:0.005770s ]
INFO: [ view_parse ] --END-- [ RunTime:0.005873s ]
INFO: [ view_filter ] --START--
INFO: ContentReplace Behavior ::run [ RunTime:0.000353s ]
INFO: TokenBuild Behavior ::run [ RunTime:0.000389s ]
INFO: WriteHtmlCache Behavior ::run [ RunTime:0.000230s ]
INFO: ShowRuntime Behavior ::run [ RunTime:0.000441s ]
INFO: [ view_filter ] --END-- [ RunTime:0.001622s ]
INFO: [ view_end ] --START--
INFO: ShowPageTrace Behavior ::run [ RunTime:0.000474s ]
INFO: [ view_end ] --END-- [ RunTime:0.000547s ]

[ 2014-04-08T15:21:57+08:00 ] 10.0.3.6 /lm/admin.php/Web/updacase/id/35
INFO: [ route_check ] --START--
INFO: CheckRoute Behavior ::run [ RunTime:0.000615s ]
INFO: [ route_check ] --END-- [ RunTime:0.000718s ]
INFO: [ app_begin ] --START--
INFO: ReadHtmlCache Behavior ::run [ RunTime:0.000524s ]
INFO: [ app_begin ] --END-- [ RunTime:0.000611s ]
NOTIC: [2048] Declaration of WebAction::show() should be compatible with Action::show($content, $charset = '', $contentType = '', $prefix = '') D:\phpsite\lm\Admin\Lib\Action\WebAction.class.php 第 680 行.
SQL: SHOW COLUMNS FROM `lm_company` [ RunTime:0.002739s ]
SQL: SHOW COLUMNS FROM `lm_sclass` [ RunTime:0.002636s ]
SQL: SELECT * FROM `lm_sclass`  [ RunTime:0.000262s ]
SQL: SELECT * FROM `lm_company` WHERE ( `id` = 35 ) LIMIT 1   [ RunTime:0.000270s ]
INFO: [ view_parse ] --START--
INFO: ParseTemplate Behavior ::run [ RunTime:0.009446s ]
INFO: [ view_parse ] --END-- [ RunTime:0.009536s ]
INFO: [ view_filter ] --START--
INFO: ContentReplace Behavior ::run [ RunTime:0.000441s ]
INFO: TokenBuild Behavior ::run [ RunTime:0.000352s ]
INFO: WriteHtmlCache Behavior ::run [ RunTime:0.000288s ]
INFO: ShowRuntime Behavior ::run [ RunTime:0.000407s ]
INFO: [ view_filter ] --END-- [ RunTime:0.001673s ]
INFO: [ view_end ] --START--
INFO: ShowPageTrace Behavior ::run [ RunTime:0.000450s ]
INFO: [ view_end ] --END-- [ RunTime:0.000524s ]

[ 2014-04-08T15:22:05+08:00 ] 10.0.3.6 /lm/admin.php/Config/listsConfig
INFO: [ route_check ] --START--
INFO: CheckRoute Behavior ::run [ RunTime:0.000587s ]
INFO: [ route_check ] --END-- [ RunTime:0.000690s ]
INFO: [ app_begin ] --START--
INFO: ReadHtmlCache Behavior ::run [ RunTime:0.000489s ]
INFO: [ app_begin ] --END-- [ RunTime:0.000574s ]
SQL: SHOW COLUMNS FROM `lm_webconfig` [ RunTime:0.003718s ]
SQL: SELECT * FROM `lm_webconfig`  [ RunTime:0.000276s ]
INFO: [ view_parse ] --START--
INFO: ParseTemplate Behavior ::run [ RunTime:0.009689s ]
INFO: [ view_parse ] --END-- [ RunTime:0.009782s ]
INFO: [ view_filter ] --START--
INFO: ContentReplace Behavior ::run [ RunTime:0.000420s ]
INFO: TokenBuild Behavior ::run [ RunTime:0.000389s ]
INFO: WriteHtmlCache Behavior ::run [ RunTime:0.000230s ]
INFO: ShowRuntime Behavior ::run [ RunTime:0.000407s ]
INFO: [ view_filter ] --END-- [ RunTime:0.001627s ]
INFO: [ view_end ] --START--
INFO: ShowPageTrace Behavior ::run [ RunTime:0.000469s ]
INFO: [ view_end ] --END-- [ RunTime:0.000535s ]

[ 2014-04-08T15:22:07+08:00 ] 10.0.3.6 /lm/admin.php/Web/casel
INFO: [ route_check ] --START--
INFO: CheckRoute Behavior ::run [ RunTime:0.000631s ]
INFO: [ route_check ] --END-- [ RunTime:0.000732s ]
INFO: [ app_begin ] --START--
INFO: ReadHtmlCache Behavior ::run [ RunTime:0.000478s ]
INFO: [ app_begin ] --END-- [ RunTime:0.000555s ]
NOTIC: [2048] Declaration of WebAction::show() should be compatible with Action::show($content, $charset = '', $contentType = '', $prefix = '') D:\phpsite\lm\Admin\Lib\Action\WebAction.class.php 第 680 行.
SQL: SHOW COLUMNS FROM `lm_company` [ RunTime:0.002792s ]
SQL: SELECT * FROM `lm_company` WHERE ( `id` NOT IN ('1','2','3') )  [ RunTime:0.000478s ]
INFO: [ view_parse ] --START--
INFO: ParseTemplate Behavior ::run [ RunTime:0.008983s ]
INFO: [ view_parse ] --END-- [ RunTime:0.009079s ]
INFO: [ view_filter ] --START--
INFO: ContentReplace Behavior ::run [ RunTime:0.000532s ]
INFO: TokenBuild Behavior ::run [ RunTime:0.000423s ]
INFO: WriteHtmlCache Behavior ::run [ RunTime:0.000273s ]
INFO: ShowRuntime Behavior ::run [ RunTime:0.000433s ]
INFO: [ view_filter ] --END-- [ RunTime:0.001846s ]
INFO: [ view_end ] --START--
INFO: ShowPageTrace Behavior ::run [ RunTime:0.000438s ]
INFO: [ view_end ] --END-- [ RunTime:0.000503s ]

[ 2014-04-08T15:22:14+08:00 ] 10.0.3.6 /lm/admin.php/Web/updacase/id/39
INFO: [ route_check ] --START--
INFO: CheckRoute Behavior ::run [ RunTime:0.000586s ]
INFO: [ route_check ] --END-- [ RunTime:0.000686s ]
INFO: [ app_begin ] --START--
INFO: ReadHtmlCache Behavior ::run [ RunTime:0.000448s ]
INFO: [ app_begin ] --END-- [ RunTime:0.000523s ]
NOTIC: [2048] Declaration of WebAction::show() should be compatible with Action::show($content, $charset = '', $contentType = '', $prefix = '') D:\phpsite\lm\Admin\Lib\Action\WebAction.class.php 第 680 行.
SQL: SHOW COLUMNS FROM `lm_company` [ RunTime:0.003095s ]
SQL: SHOW COLUMNS FROM `lm_sclass` [ RunTime:0.002692s ]
SQL: SELECT * FROM `lm_sclass`  [ RunTime:0.000351s ]
SQL: SELECT * FROM `lm_company` WHERE ( `id` = 39 ) LIMIT 1   [ RunTime:0.000272s ]
INFO: [ view_parse ] --START--
INFO: ParseTemplate Behavior ::run [ RunTime:0.009020s ]
INFO: [ view_parse ] --END-- [ RunTime:0.009104s ]
INFO: [ view_filter ] --START--
INFO: ContentReplace Behavior ::run [ RunTime:0.000415s ]
INFO: TokenBuild Behavior ::run [ RunTime:0.000374s ]
INFO: WriteHtmlCache Behavior ::run [ RunTime:0.000229s ]
INFO: ShowRuntime Behavior ::run [ RunTime:0.000409s ]
INFO: [ view_filter ] --END-- [ RunTime:0.001603s ]
INFO: [ view_end ] --START--
INFO: ShowPageTrace Behavior ::run [ RunTime:0.000420s ]
INFO: [ view_end ] --END-- [ RunTime:0.000484s ]

[ 2014-04-08T15:22:18+08:00 ] 10.0.3.6 /lm/admin.php/Web/savecase/id/39
INFO: [ route_check ] --START--
INFO: CheckRoute Behavior ::run [ RunTime:0.000542s ]
INFO: [ route_check ] --END-- [ RunTime:0.000631s ]
INFO: [ app_begin ] --START--
INFO: ReadHtmlCache Behavior ::run [ RunTime:0.000416s ]
INFO: [ app_begin ] --END-- [ RunTime:0.000486s ]
NOTIC: [2048] Declaration of WebAction::show() should be compatible with Action::show($content, $charset = '', $contentType = '', $prefix = '') D:\phpsite\lm\Admin\Lib\Action\WebAction.class.php 第 680 行.
SQL: SHOW COLUMNS FROM `lm_company` [ RunTime:0.003065s ]
NOTIC: [8] Undefined variable: i D:\phpsite\lm\Admin\Lib\Action\WebAction.class.php 第 108 行.
NOTIC: [8] Undefined variable: pic D:\phpsite\lm\Admin\Lib\Action\WebAction.class.php 第 108 行.
SQL: UPDATE `lm_company` SET `title`='asdfasd',`lowertitle`='fasdf',`outline`='asdfasdf',`pid`=2,`content`='<p>北京正德嘉信知识产权代理有限公司是专业从事商标等知识产权事务的法律服务机构，汇集了一批在商标代理行业具有丰富的理论和实践经验，熟谙国内以及国际商标、版权等各种相关法律、处理知识产权纠纷和侵权行为的专业人士。</p>' WHERE ( `id` = 39 ) [ RunTime:0.000313s ]
INFO: [ view_parse ] --START--
INFO: ParseTemplate Behavior ::run [ RunTime:0.005775s ]
INFO: [ view_parse ] --END-- [ RunTime:0.005862s ]
INFO: [ view_filter ] --START--
INFO: ContentReplace Behavior ::run [ RunTime:0.000310s ]
INFO: TokenBuild Behavior ::run [ RunTime:0.000355s ]
INFO: WriteHtmlCache Behavior ::run [ RunTime:0.000221s ]
INFO: ShowRuntime Behavior ::run [ RunTime:0.000390s ]
INFO: [ view_filter ] --END-- [ RunTime:0.001478s ]
INFO: [ view_end ] --START--
INFO: ShowPageTrace Behavior ::run [ RunTime:0.000425s ]
INFO: [ view_end ] --END-- [ RunTime:0.000494s ]

[ 2014-04-08T15:22:19+08:00 ] 10.0.3.6 /lm/admin.php/Web/updacase/id/39
INFO: [ route_check ] --START--
INFO: CheckRoute Behavior ::run [ RunTime:0.000632s ]
INFO: [ route_check ] --END-- [ RunTime:0.000740s ]
INFO: [ app_begin ] --START--
INFO: ReadHtmlCache Behavior ::run [ RunTime:0.000467s ]
INFO: [ app_begin ] --END-- [ RunTime:0.000548s ]
NOTIC: [2048] Declaration of WebAction::show() should be compatible with Action::show($content, $charset = '', $contentType = '', $prefix = '') D:\phpsite\lm\Admin\Lib\Action\WebAction.class.php 第 680 行.
SQL: SHOW COLUMNS FROM `lm_company` [ RunTime:0.003250s ]
SQL: SHOW COLUMNS FROM `lm_sclass` [ RunTime:0.002775s ]
SQL: SELECT * FROM `lm_sclass`  [ RunTime:0.000234s ]
SQL: SELECT * FROM `lm_company` WHERE ( `id` = 39 ) LIMIT 1   [ RunTime:0.000239s ]
INFO: [ view_parse ] --START--
INFO: ParseTemplate Behavior ::run [ RunTime:0.025858s ]
INFO: [ view_parse ] --END-- [ RunTime:0.025960s ]
INFO: [ view_filter ] --START--
INFO: ContentReplace Behavior ::run [ RunTime:0.000475s ]
INFO: TokenBuild Behavior ::run [ RunTime:0.000386s ]
INFO: WriteHtmlCache Behavior ::run [ RunTime:0.000257s ]
INFO: ShowRuntime Behavior ::run [ RunTime:0.000407s ]
INFO: [ view_filter ] --END-- [ RunTime:0.001768s ]
INFO: [ view_end ] --START--
INFO: ShowPageTrace Behavior ::run [ RunTime:0.000479s ]
INFO: [ view_end ] --END-- [ RunTime:0.000547s ]

[ 2014-04-08T15:22:33+08:00 ] 10.0.3.6 /lm/admin.php/Web/casel
INFO: [ route_check ] --START--
INFO: CheckRoute Behavior ::run [ RunTime:0.000781s ]
INFO: [ route_check ] --END-- [ RunTime:0.000890s ]
INFO: [ app_begin ] --START--
INFO: ReadHtmlCache Behavior ::run [ RunTime:0.000559s ]
INFO: [ app_begin ] --END-- [ RunTime:0.000642s ]
NOTIC: [2048] Declaration of WebAction::show() should be compatible with Action::show($content, $charset = '', $contentType = '', $prefix = '') D:\phpsite\lm\Admin\Lib\Action\WebAction.class.php 第 680 行.
SQL: SHOW COLUMNS FROM `lm_company` [ RunTime:0.003589s ]
SQL: SELECT * FROM `lm_company` WHERE ( `id` NOT IN ('1','2','3') )  [ RunTime:0.000314s ]
INFO: [ view_parse ] --START--
INFO: ParseTemplate Behavior ::run [ RunTime:0.009869s ]
INFO: [ view_parse ] --END-- [ RunTime:0.009961s ]
INFO: [ view_filter ] --START--
INFO: ContentReplace Behavior ::run [ RunTime:0.000540s ]
INFO: TokenBuild Behavior ::run [ RunTime:0.000453s ]
INFO: WriteHtmlCache Behavior ::run [ RunTime:0.000321s ]
INFO: ShowRuntime Behavior ::run [ RunTime:0.000491s ]
INFO: [ view_filter ] --END-- [ RunTime:0.002012s ]
INFO: [ view_end ] --START--
INFO: ShowPageTrace Behavior ::run [ RunTime:0.000528s ]
INFO: [ view_end ] --END-- [ RunTime:0.000602s ]

[ 2014-04-08T15:22:42+08:00 ] 10.0.3.6 /lm/admin.php/Web/updacase/id/39
INFO: [ route_check ] --START--
INFO: CheckRoute Behavior ::run [ RunTime:0.000693s ]
INFO: [ route_check ] --END-- [ RunTime:0.000803s ]
INFO: [ app_begin ] --START--
INFO: ReadHtmlCache Behavior ::run [ RunTime:0.000529s ]
INFO: [ app_begin ] --END-- [ RunTime:0.000617s ]
NOTIC: [2048] Declaration of WebAction::show() should be compatible with Action::show($content, $charset = '', $contentType = '', $prefix = '') D:\phpsite\lm\Admin\Lib\Action\WebAction.class.php 第 680 行.
SQL: SHOW COLUMNS FROM `lm_company` [ RunTime:0.002757s ]
SQL: SHOW COLUMNS FROM `lm_sclass` [ RunTime:0.002655s ]
SQL: SELECT * FROM `lm_sclass`  [ RunTime:0.000267s ]
SQL: SELECT * FROM `lm_company` WHERE ( `id` = 39 ) LIMIT 1   [ RunTime:0.000293s ]
INFO: [ view_parse ] --START--
INFO: ParseTemplate Behavior ::run [ RunTime:0.009500s ]
INFO: [ view_parse ] --END-- [ RunTime:0.009585s ]
INFO: [ view_filter ] --START--
INFO: ContentReplace Behavior ::run [ RunTime:0.000473s ]
INFO: TokenBuild Behavior ::run [ RunTime:0.000378s ]
INFO: WriteHtmlCache Behavior ::run [ RunTime:0.000307s ]
INFO: ShowRuntime Behavior ::run [ RunTime:0.000478s ]
INFO: [ view_filter ] --END-- [ RunTime:0.001852s ]
INFO: [ view_end ] --START--
INFO: ShowPageTrace Behavior ::run [ RunTime:0.000582s ]
INFO: [ view_end ] --END-- [ RunTime:0.000659s ]

[ 2014-04-08T15:22:45+08:00 ] 10.0.3.6 /lm/admin.php/Web/savecase/id/39
INFO: [ route_check ] --START--
INFO: CheckRoute Behavior ::run [ RunTime:0.000637s ]
INFO: [ route_check ] --END-- [ RunTime:0.000742s ]
INFO: [ app_begin ] --START--
INFO: ReadHtmlCache Behavior ::run [ RunTime:0.000473s ]
INFO: [ app_begin ] --END-- [ RunTime:0.000554s ]
NOTIC: [2048] Declaration of WebAction::show() should be compatible with Action::show($content, $charset = '', $contentType = '', $prefix = '') D:\phpsite\lm\Admin\Lib\Action\WebAction.class.php 第 680 行.
SQL: SHOW COLUMNS FROM `lm_company` [ RunTime:0.003232s ]
NOTIC: [8] Undefined variable: i D:\phpsite\lm\Admin\Lib\Action\WebAction.class.php 第 108 行.
NOTIC: [8] Undefined variable: pic D:\phpsite\lm\Admin\Lib\Action\WebAction.class.php 第 108 行.
SQL: UPDATE `lm_company` SET `title`='asdfasd',`lowertitle`='fasdf',`outline`='asdfasdf',`pid`=2,`content`='<p>北京正德嘉信知识产权代理有限公司是专业从事商标等知识产权事务的法律服务机构，汇集了一批在商标代理行业具有丰富的理论和实践经验，熟谙国内以及国际商标、版权等各种相关法律、处理知识产权纠纷和侵权行为的专业人士。</p>' WHERE ( `id` = 39 ) [ RunTime:0.000239s ]
NOTIC: [8] Undefined variable: i D:\phpsite\lm\Admin\Lib\Action\WebAction.class.php 第 126 行.
INFO: [ view_parse ] --START--
INFO: ParseTemplate Behavior ::run [ RunTime:0.005858s ]
INFO: [ view_parse ] --END-- [ RunTime:0.005948s ]
INFO: [ view_filter ] --START--
INFO: ContentReplace Behavior ::run [ RunTime:0.000360s ]
INFO: TokenBuild Behavior ::run [ RunTime:0.000410s ]
INFO: WriteHtmlCache Behavior ::run [ RunTime:0.000314s ]
INFO: ShowRuntime Behavior ::run [ RunTime:0.000473s ]
INFO: [ view_filter ] --END-- [ RunTime:0.001750s ]
INFO: [ view_end ] --START--
INFO: ShowPageTrace Behavior ::run [ RunTime:0.000596s ]
INFO: [ view_end ] --END-- [ RunTime:0.000664s ]

