[ 2014-03-24T11:43:47+08:00 ] 127.0.0.1 /longma/admin.PHP
INFO: [ app_begin ] --START--
INFO: ReadHtmlCache Behavior ::run [ RunTime:0.000081s ]
INFO: [ app_begin ] --END-- [ RunTime:0.001781s ]
INFO: [ view_parse ] --START--
NOTIC: [8] Undefined variable: stat C:\AppServ\www\longma\admin\Runtime\Cache\4c18d5952d0dbf1eedb8a1ec796fa788.php 第 131 行.
NOTIC: [8] Undefined variable: stat C:\AppServ\www\longma\admin\Runtime\Cache\4c18d5952d0dbf1eedb8a1ec796fa788.php 第 139 行.
NOTIC: [8] Undefined variable: stat C:\AppServ\www\longma\admin\Runtime\Cache\4c18d5952d0dbf1eedb8a1ec796fa788.php 第 147 行.
NOTIC: [8] Undefined variable: stat C:\AppServ\www\longma\admin\Runtime\Cache\4c18d5952d0dbf1eedb8a1ec796fa788.php 第 171 行.
NOTIC: [8] Undefined variable: stat C:\AppServ\www\longma\admin\Runtime\Cache\4c18d5952d0dbf1eedb8a1ec796fa788.php 第 172 行.
NOTIC: [8] Undefined variable: stat C:\AppServ\www\longma\admin\Runtime\Cache\4c18d5952d0dbf1eedb8a1ec796fa788.php 第 174 行.
NOTIC: [8] Undefined variable: stat C:\AppServ\www\longma\admin\Runtime\Cache\4c18d5952d0dbf1eedb8a1ec796fa788.php 第 175 行.
NOTIC: [8] Undefined variable: stat C:\AppServ\www\longma\admin\Runtime\Cache\4c18d5952d0dbf1eedb8a1ec796fa788.php 第 176 行.
NOTIC: [8] Undefined variable: log C:\AppServ\www\longma\admin\Runtime\Cache\4c18d5952d0dbf1eedb8a1ec796fa788.php 第 197 行.
NOTIC: [8] Undefined variable: sysinfo C:\AppServ\www\longma\admin\Runtime\Cache\4c18d5952d0dbf1eedb8a1ec796fa788.php 第 213 行.
NOTIC: [8] Undefined variable: sysinfo C:\AppServ\www\longma\admin\Runtime\Cache\4c18d5952d0dbf1eedb8a1ec796fa788.php 第 213 行.
NOTIC: [8] Undefined variable: sysinfo C:\AppServ\www\longma\admin\Runtime\Cache\4c18d5952d0dbf1eedb8a1ec796fa788.php 第 217 行.
NOTIC: [8] Undefined variable: sysinfo C:\AppServ\www\longma\admin\Runtime\Cache\4c18d5952d0dbf1eedb8a1ec796fa788.php 第 221 行.
INFO: ParseTemplate Behavior ::run [ RunTime:0.051835s ]
INFO: [ view_parse ] --END-- [ RunTime:0.051976s ]
INFO: [ view_filter ] --START--
INFO: ContentReplace Behavior ::run [ RunTime:0.001968s ]
INFO: TokenBuild Behavior ::run [ RunTime:0.001783s ]
INFO: WriteHtmlCache Behavior ::run [ RunTime:0.001663s ]
INFO: ShowRuntime Behavior ::run [ RunTime:0.002535s ]
INFO: [ view_filter ] --END-- [ RunTime:0.008155s ]
INFO: [ view_end ] --START--
INFO: ShowPageTrace Behavior ::run [ RunTime:0.011743s ]
INFO: [ view_end ] --END-- [ RunTime:0.011850s ]

[ 2014-03-24T11:43:49+08:00 ] 127.0.0.1 /longma/admin.PHP/Config/listsConfig
INFO: [ route_check ] --START--
INFO: CheckRoute Behavior ::run [ RunTime:0.001953s ]
INFO: [ route_check ] --END-- [ RunTime:0.002170s ]
INFO: [ app_begin ] --START--
INFO: ReadHtmlCache Behavior ::run [ RunTime:0.001024s ]
INFO: [ app_begin ] --END-- [ RunTime:0.001233s ]
SQL: SHOW COLUMNS FROM `lm_webconfig` [ RunTime:0.005954s ]
SQL: SELECT * FROM `lm_webconfig`  [ RunTime:0.003038s ]
INFO: [ view_parse ] --START--
INFO: ParseTemplate Behavior ::run [ RunTime:0.039117s ]
INFO: [ view_parse ] --END-- [ RunTime:0.039311s ]
INFO: [ view_filter ] --START--
INFO: ContentReplace Behavior ::run [ RunTime:0.000875s ]
INFO: TokenBuild Behavior ::run [ RunTime:0.000329s ]
INFO: WriteHtmlCache Behavior ::run [ RunTime:0.000452s ]
INFO: ShowRuntime Behavior ::run [ RunTime:0.000238s ]
INFO: [ view_filter ] --END-- [ RunTime:0.002934s ]
INFO: [ view_end ] --START--
INFO: ShowPageTrace Behavior ::run [ RunTime:0.000287s ]
INFO: [ view_end ] --END-- [ RunTime:0.000332s ]

[ 2014-03-24T11:43:52+08:00 ] 127.0.0.1 /longma/admin.PHP/Web/menu
INFO: [ route_check ] --START--
INFO: CheckRoute Behavior ::run [ RunTime:0.001277s ]
INFO: [ route_check ] --END-- [ RunTime:0.001394s ]
INFO: [ app_begin ] --START--
INFO: ReadHtmlCache Behavior ::run [ RunTime:0.000758s ]
INFO: [ app_begin ] --END-- [ RunTime:0.000843s ]
SQL: SHOW COLUMNS FROM `lm_menu` [ RunTime:0.005504s ]
SQL: SELECT * FROM `lm_menu`  [ RunTime:0.001734s ]
INFO: [ view_parse ] --START--
INFO: ParseTemplate Behavior ::run [ RunTime:0.027517s ]
INFO: [ view_parse ] --END-- [ RunTime:0.027798s ]
INFO: [ view_filter ] --START--
INFO: ContentReplace Behavior ::run [ RunTime:0.000935s ]
INFO: TokenBuild Behavior ::run [ RunTime:0.000730s ]
INFO: WriteHtmlCache Behavior ::run [ RunTime:0.000863s ]
INFO: ShowRuntime Behavior ::run [ RunTime:0.001435s ]
INFO: [ view_filter ] --END-- [ RunTime:0.004414s ]
INFO: [ view_end ] --START--
INFO: ShowPageTrace Behavior ::run [ RunTime:0.003771s ]
INFO: [ view_end ] --END-- [ RunTime:0.003930s ]

[ 2014-03-24T11:44:07+08:00 ] 127.0.0.1 /longma/admin.php/Web/menu
INFO: [ route_check ] --START--
INFO: CheckRoute Behavior ::run [ RunTime:0.002055s ]
INFO: [ route_check ] --END-- [ RunTime:0.002113s ]
INFO: [ app_begin ] --START--
INFO: ReadHtmlCache Behavior ::run [ RunTime:0.004036s ]
INFO: [ app_begin ] --END-- [ RunTime:0.005261s ]
SQL: SHOW COLUMNS FROM `lm_menu` [ RunTime:0.003899s ]
SQL: SELECT * FROM `lm_menu`  [ RunTime:0.002153s ]
INFO: [ view_parse ] --START--
INFO: ParseTemplate Behavior ::run [ RunTime:0.022752s ]
INFO: [ view_parse ] --END-- [ RunTime:0.022951s ]
INFO: [ view_filter ] --START--
INFO: ContentReplace Behavior ::run [ RunTime:0.000739s ]
INFO: TokenBuild Behavior ::run [ RunTime:0.000580s ]
INFO: WriteHtmlCache Behavior ::run [ RunTime:0.000361s ]
INFO: ShowRuntime Behavior ::run [ RunTime:0.000641s ]
INFO: [ view_filter ] --END-- [ RunTime:0.002603s ]
INFO: [ view_end ] --START--
INFO: ShowPageTrace Behavior ::run [ RunTime:0.000769s ]
INFO: [ view_end ] --END-- [ RunTime:0.000841s ]

[ 2014-03-24T11:44:10+08:00 ] 127.0.0.1 /longma/admin.php/Web/addm
INFO: [ route_check ] --START--
INFO: CheckRoute Behavior ::run [ RunTime:0.001146s ]
INFO: [ route_check ] --END-- [ RunTime:0.002242s ]
INFO: [ app_begin ] --START--
INFO: ReadHtmlCache Behavior ::run [ RunTime:0.004106s ]
INFO: [ app_begin ] --END-- [ RunTime:0.004604s ]
INFO: [ view_parse ] --START--
INFO: ParseTemplate Behavior ::run [ RunTime:0.018740s ]
INFO: [ view_parse ] --END-- [ RunTime:0.019943s ]
INFO: [ view_filter ] --START--
INFO: ContentReplace Behavior ::run [ RunTime:0.000705s ]
INFO: TokenBuild Behavior ::run [ RunTime:0.000578s ]
INFO: WriteHtmlCache Behavior ::run [ RunTime:0.008055s ]
INFO: ShowRuntime Behavior ::run [ RunTime:0.001190s ]
INFO: [ view_filter ] --END-- [ RunTime:0.011655s ]
INFO: [ view_end ] --START--
INFO: ShowPageTrace Behavior ::run [ RunTime:0.001168s ]
INFO: [ view_end ] --END-- [ RunTime:0.001492s ]

[ 2014-03-24T11:44:17+08:00 ] 127.0.0.1 /longma/admin.php/Login/
INFO: [ route_check ] --START--
INFO: CheckRoute Behavior ::run [ RunTime:0.001177s ]
INFO: [ route_check ] --END-- [ RunTime:0.001288s ]
INFO: [ app_begin ] --START--
INFO: ReadHtmlCache Behavior ::run [ RunTime:0.000690s ]
INFO: [ app_begin ] --END-- [ RunTime:0.000762s ]
INFO: [ view_parse ] --START--
INFO: ParseTemplate Behavior ::run [ RunTime:0.013460s ]
INFO: [ view_parse ] --END-- [ RunTime:0.014539s ]
INFO: [ view_filter ] --START--
INFO: ContentReplace Behavior ::run [ RunTime:0.000360s ]
INFO: TokenBuild Behavior ::run [ RunTime:0.000860s ]
INFO: WriteHtmlCache Behavior ::run [ RunTime:0.000414s ]
INFO: ShowRuntime Behavior ::run [ RunTime:0.000586s ]
INFO: [ view_filter ] --END-- [ RunTime:0.002531s ]
INFO: [ view_end ] --START--
INFO: ShowPageTrace Behavior ::run [ RunTime:0.000861s ]
INFO: [ view_end ] --END-- [ RunTime:0.000926s ]

[ 2014-03-24T11:44:48+08:00 ] 127.0.0.1 /longma/admin.php/
INFO: [ route_check ] --START--
INFO: CheckRoute Behavior ::run [ RunTime:0.001204s ]
INFO: [ route_check ] --END-- [ RunTime:0.001321s ]
INFO: [ app_begin ] --START--
INFO: ReadHtmlCache Behavior ::run [ RunTime:0.000859s ]
INFO: [ app_begin ] --END-- [ RunTime:0.000938s ]
INFO: [ view_parse ] --START--
INFO: ParseTemplate Behavior ::run [ RunTime:0.012844s ]
INFO: [ view_parse ] --END-- [ RunTime:0.012962s ]
INFO: [ view_filter ] --START--
INFO: ContentReplace Behavior ::run [ RunTime:0.000960s ]
INFO: TokenBuild Behavior ::run [ RunTime:0.000753s ]
INFO: WriteHtmlCache Behavior ::run [ RunTime:0.000423s ]
INFO: ShowRuntime Behavior ::run [ RunTime:0.000618s ]
INFO: [ view_filter ] --END-- [ RunTime:0.003008s ]
INFO: [ view_end ] --START--
INFO: ShowPageTrace Behavior ::run [ RunTime:0.000913s ]
INFO: [ view_end ] --END-- [ RunTime:0.001010s ]

[ 2014-03-24T11:44:49+08:00 ] 127.0.0.1 /longma/admin.php/Login/index
INFO: [ route_check ] --START--
INFO: CheckRoute Behavior ::run [ RunTime:0.011710s ]
INFO: [ route_check ] --END-- [ RunTime:0.011964s ]
INFO: [ app_begin ] --START--
INFO: ReadHtmlCache Behavior ::run [ RunTime:0.000767s ]
INFO: [ app_begin ] --END-- [ RunTime:0.000876s ]
INFO: [ view_parse ] --START--
INFO: ParseTemplate Behavior ::run [ RunTime:0.015901s ]
INFO: [ view_parse ] --END-- [ RunTime:0.016001s ]
INFO: [ view_filter ] --START--
INFO: ContentReplace Behavior ::run [ RunTime:0.000525s ]
INFO: TokenBuild Behavior ::run [ RunTime:0.000434s ]
INFO: WriteHtmlCache Behavior ::run [ RunTime:0.000560s ]
INFO: ShowRuntime Behavior ::run [ RunTime:0.000958s ]
INFO: [ view_filter ] --END-- [ RunTime:0.002574s ]
INFO: [ view_end ] --START--
INFO: ShowPageTrace Behavior ::run [ RunTime:0.000938s ]
INFO: [ view_end ] --END-- [ RunTime:0.000963s ]

[ 2014-03-24T21:00:00+08:00 ] 127.0.0.1 /longma/admin.php/
INFO: [ route_check ] --START--
INFO: CheckRoute Behavior ::run [ RunTime:0.000383s ]
INFO: [ route_check ] --END-- [ RunTime:0.001541s ]
INFO: [ app_begin ] --START--
INFO: ReadHtmlCache Behavior ::run [ RunTime:0.000717s ]
INFO: [ app_begin ] --END-- [ RunTime:0.000800s ]
INFO: [ view_parse ] --START--
NOTIC: [8] Undefined variable: stat C:\AppServ\www\longma\admin\Runtime\Cache\4c18d5952d0dbf1eedb8a1ec796fa788.php 第 131 行.
NOTIC: [8] Undefined variable: stat C:\AppServ\www\longma\admin\Runtime\Cache\4c18d5952d0dbf1eedb8a1ec796fa788.php 第 139 行.
NOTIC: [8] Undefined variable: stat C:\AppServ\www\longma\admin\Runtime\Cache\4c18d5952d0dbf1eedb8a1ec796fa788.php 第 147 行.
NOTIC: [8] Undefined variable: stat C:\AppServ\www\longma\admin\Runtime\Cache\4c18d5952d0dbf1eedb8a1ec796fa788.php 第 171 行.
NOTIC: [8] Undefined variable: stat C:\AppServ\www\longma\admin\Runtime\Cache\4c18d5952d0dbf1eedb8a1ec796fa788.php 第 172 行.
NOTIC: [8] Undefined variable: stat C:\AppServ\www\longma\admin\Runtime\Cache\4c18d5952d0dbf1eedb8a1ec796fa788.php 第 174 行.
NOTIC: [8] Undefined variable: stat C:\AppServ\www\longma\admin\Runtime\Cache\4c18d5952d0dbf1eedb8a1ec796fa788.php 第 175 行.
NOTIC: [8] Undefined variable: stat C:\AppServ\www\longma\admin\Runtime\Cache\4c18d5952d0dbf1eedb8a1ec796fa788.php 第 176 行.
NOTIC: [8] Undefined variable: log C:\AppServ\www\longma\admin\Runtime\Cache\4c18d5952d0dbf1eedb8a1ec796fa788.php 第 197 行.
NOTIC: [8] Undefined variable: sysinfo C:\AppServ\www\longma\admin\Runtime\Cache\4c18d5952d0dbf1eedb8a1ec796fa788.php 第 213 行.
NOTIC: [8] Undefined variable: sysinfo C:\AppServ\www\longma\admin\Runtime\Cache\4c18d5952d0dbf1eedb8a1ec796fa788.php 第 213 行.
NOTIC: [8] Undefined variable: sysinfo C:\AppServ\www\longma\admin\Runtime\Cache\4c18d5952d0dbf1eedb8a1ec796fa788.php 第 217 行.
NOTIC: [8] Undefined variable: sysinfo C:\AppServ\www\longma\admin\Runtime\Cache\4c18d5952d0dbf1eedb8a1ec796fa788.php 第 221 行.
INFO: ParseTemplate Behavior ::run [ RunTime:0.030965s ]
INFO: [ view_parse ] --END-- [ RunTime:0.031083s ]
INFO: [ view_filter ] --START--
INFO: ContentReplace Behavior ::run [ RunTime:0.000595s ]
INFO: TokenBuild Behavior ::run [ RunTime:0.000531s ]
INFO: WriteHtmlCache Behavior ::run [ RunTime:0.000478s ]
INFO: ShowRuntime Behavior ::run [ RunTime:0.000978s ]
INFO: [ view_filter ] --END-- [ RunTime:0.002863s ]
INFO: [ view_end ] --START--
INFO: ShowPageTrace Behavior ::run [ RunTime:0.000833s ]
INFO: [ view_end ] --END-- [ RunTime:0.000926s ]

[ 2014-03-24T21:00:19+08:00 ] 127.0.0.1 /longma/admin.php/Web/sclass
INFO: [ route_check ] --START--
INFO: CheckRoute Behavior ::run [ RunTime:0.003130s ]
INFO: [ route_check ] --END-- [ RunTime:0.004276s ]
INFO: [ app_begin ] --START--
INFO: ReadHtmlCache Behavior ::run [ RunTime:0.002719s ]
INFO: [ app_begin ] --END-- [ RunTime:0.002808s ]
SQL: SHOW COLUMNS FROM `lm_sclass` [ RunTime:0.004879s ]
SQL: SELECT * FROM `lm_sclass`  [ RunTime:0.003455s ]
INFO: [ view_parse ] --START--
INFO: ParseTemplate Behavior ::run [ RunTime:0.033916s ]
INFO: [ view_parse ] --END-- [ RunTime:0.034419s ]
INFO: [ view_filter ] --START--
INFO: ContentReplace Behavior ::run [ RunTime:0.003919s ]
INFO: TokenBuild Behavior ::run [ RunTime:0.003080s ]
INFO: WriteHtmlCache Behavior ::run [ RunTime:0.002273s ]
INFO: ShowRuntime Behavior ::run [ RunTime:0.002137s ]
INFO: [ view_filter ] --END-- [ RunTime:0.011841s ]
INFO: [ view_end ] --START--
INFO: ShowPageTrace Behavior ::run [ RunTime:0.002807s ]
INFO: [ view_end ] --END-- [ RunTime:0.002892s ]

[ 2014-03-24T21:00:28+08:00 ] 127.0.0.1 /longma/admin.php/Web/adds
INFO: [ route_check ] --START--
INFO: CheckRoute Behavior ::run [ RunTime:0.001520s ]
INFO: [ route_check ] --END-- [ RunTime:0.001658s ]
INFO: [ app_begin ] --START--
INFO: ReadHtmlCache Behavior ::run [ RunTime:0.000821s ]
INFO: [ app_begin ] --END-- [ RunTime:0.000915s ]
SQL: SHOW COLUMNS FROM `lm_bclass` [ RunTime:0.004698s ]
SQL: SELECT * FROM `lm_bclass`  [ RunTime:0.002756s ]
INFO: [ view_parse ] --START--
INFO: ParseTemplate Behavior ::run [ RunTime:0.023989s ]
INFO: [ view_parse ] --END-- [ RunTime:0.024267s ]
INFO: [ view_filter ] --START--
INFO: ContentReplace Behavior ::run [ RunTime:0.001258s ]
INFO: TokenBuild Behavior ::run [ RunTime:0.000608s ]
INFO: WriteHtmlCache Behavior ::run [ RunTime:0.000412s ]
INFO: ShowRuntime Behavior ::run [ RunTime:0.000711s ]
INFO: [ view_filter ] --END-- [ RunTime:0.003377s ]
INFO: [ view_end ] --START--
INFO: ShowPageTrace Behavior ::run [ RunTime:0.000906s ]
INFO: [ view_end ] --END-- [ RunTime:0.001002s ]

[ 2014-03-24T21:36:21+08:00 ] 127.0.0.1 /longma/admin.php/
INFO: [ route_check ] --START--
INFO: CheckRoute Behavior ::run [ RunTime:0.003551s ]
INFO: [ route_check ] --END-- [ RunTime:0.003668s ]
INFO: [ app_begin ] --START--
INFO: ReadHtmlCache Behavior ::run [ RunTime:0.003196s ]
INFO: [ app_begin ] --END-- [ RunTime:0.003296s ]
INFO: [ view_parse ] --START--
NOTIC: [8] Undefined variable: stat C:\AppServ\www\longma\admin\Runtime\Cache\4c18d5952d0dbf1eedb8a1ec796fa788.php 第 131 行.
NOTIC: [8] Undefined variable: stat C:\AppServ\www\longma\admin\Runtime\Cache\4c18d5952d0dbf1eedb8a1ec796fa788.php 第 139 行.
NOTIC: [8] Undefined variable: stat C:\AppServ\www\longma\admin\Runtime\Cache\4c18d5952d0dbf1eedb8a1ec796fa788.php 第 147 行.
NOTIC: [8] Undefined variable: stat C:\AppServ\www\longma\admin\Runtime\Cache\4c18d5952d0dbf1eedb8a1ec796fa788.php 第 171 行.
NOTIC: [8] Undefined variable: stat C:\AppServ\www\longma\admin\Runtime\Cache\4c18d5952d0dbf1eedb8a1ec796fa788.php 第 172 行.
NOTIC: [8] Undefined variable: stat C:\AppServ\www\longma\admin\Runtime\Cache\4c18d5952d0dbf1eedb8a1ec796fa788.php 第 174 行.
NOTIC: [8] Undefined variable: stat C:\AppServ\www\longma\admin\Runtime\Cache\4c18d5952d0dbf1eedb8a1ec796fa788.php 第 175 行.
NOTIC: [8] Undefined variable: stat C:\AppServ\www\longma\admin\Runtime\Cache\4c18d5952d0dbf1eedb8a1ec796fa788.php 第 176 行.
NOTIC: [8] Undefined variable: log C:\AppServ\www\longma\admin\Runtime\Cache\4c18d5952d0dbf1eedb8a1ec796fa788.php 第 197 行.
NOTIC: [8] Undefined variable: sysinfo C:\AppServ\www\longma\admin\Runtime\Cache\4c18d5952d0dbf1eedb8a1ec796fa788.php 第 213 行.
NOTIC: [8] Undefined variable: sysinfo C:\AppServ\www\longma\admin\Runtime\Cache\4c18d5952d0dbf1eedb8a1ec796fa788.php 第 213 行.
NOTIC: [8] Undefined variable: sysinfo C:\AppServ\www\longma\admin\Runtime\Cache\4c18d5952d0dbf1eedb8a1ec796fa788.php 第 217 行.
NOTIC: [8] Undefined variable: sysinfo C:\AppServ\www\longma\admin\Runtime\Cache\4c18d5952d0dbf1eedb8a1ec796fa788.php 第 221 行.
INFO: ParseTemplate Behavior ::run [ RunTime:0.033385s ]
INFO: [ view_parse ] --END-- [ RunTime:0.033484s ]
INFO: [ view_filter ] --START--
INFO: ContentReplace Behavior ::run [ RunTime:0.002820s ]
INFO: TokenBuild Behavior ::run [ RunTime:0.001611s ]
INFO: WriteHtmlCache Behavior ::run [ RunTime:0.002579s ]
INFO: ShowRuntime Behavior ::run [ RunTime:0.002824s ]
INFO: [ view_filter ] --END-- [ RunTime:0.010025s ]
INFO: [ view_end ] --START--
INFO: ShowPageTrace Behavior ::run [ RunTime:0.002113s ]
INFO: [ view_end ] --END-- [ RunTime:0.002188s ]

[ 2014-03-24T21:36:28+08:00 ] 127.0.0.1 /longma/admin.php/Web/sclass
INFO: [ route_check ] --START--
INFO: CheckRoute Behavior ::run [ RunTime:0.003390s ]
INFO: [ route_check ] --END-- [ RunTime:0.003504s ]
INFO: [ app_begin ] --START--
INFO: ReadHtmlCache Behavior ::run [ RunTime:0.002914s ]
INFO: [ app_begin ] --END-- [ RunTime:0.002985s ]
SQL: SHOW COLUMNS FROM `lm_sclass` [ RunTime:0.003872s ]
SQL: SELECT * FROM `lm_sclass`  [ RunTime:0.001747s ]
INFO: [ view_parse ] --START--
INFO: ParseTemplate Behavior ::run [ RunTime:0.030487s ]
INFO: [ view_parse ] --END-- [ RunTime:0.030730s ]
INFO: [ view_filter ] --START--
INFO: ContentReplace Behavior ::run [ RunTime:0.003214s ]
INFO: TokenBuild Behavior ::run [ RunTime:0.001155s ]
INFO: WriteHtmlCache Behavior ::run [ RunTime:0.002614s ]
INFO: ShowRuntime Behavior ::run [ RunTime:0.003038s ]
INFO: [ view_filter ] --END-- [ RunTime:0.010260s ]
INFO: [ view_end ] --START--
INFO: ShowPageTrace Behavior ::run [ RunTime:0.001395s ]
INFO: [ view_end ] --END-- [ RunTime:0.001483s ]

[ 2014-03-24T21:36:32+08:00 ] 127.0.0.1 /longma/admin.php/Web/updas/id/2
INFO: [ route_check ] --START--
INFO: CheckRoute Behavior ::run [ RunTime:0.003870s ]
INFO: [ route_check ] --END-- [ RunTime:0.004000s ]
INFO: [ app_begin ] --START--
INFO: ReadHtmlCache Behavior ::run [ RunTime:0.003292s ]
INFO: [ app_begin ] --END-- [ RunTime:0.003392s ]
SQL: SHOW COLUMNS FROM `lm_sclass` [ RunTime:0.004068s ]
SQL: SHOW COLUMNS FROM `lm_bclass` [ RunTime:0.004790s ]
SQL: SELECT * FROM `lm_sclass` WHERE ( `id` = 2 ) LIMIT 1   [ RunTime:0.002194s ]
SQL: SELECT * FROM `lm_bclass`  [ RunTime:0.000533s ]
INFO: [ view_parse ] --START--
INFO: ParseTemplate Behavior ::run [ RunTime:0.042168s ]
INFO: [ view_parse ] --END-- [ RunTime:0.042365s ]
INFO: [ view_filter ] --START--
INFO: ContentReplace Behavior ::run [ RunTime:0.001921s ]
INFO: TokenBuild Behavior ::run [ RunTime:0.001166s ]
INFO: WriteHtmlCache Behavior ::run [ RunTime:0.003176s ]
INFO: ShowRuntime Behavior ::run [ RunTime:0.003262s ]
INFO: [ view_filter ] --END-- [ RunTime:0.009766s ]
INFO: [ view_end ] --START--
INFO: ShowPageTrace Behavior ::run [ RunTime:0.010614s ]
INFO: [ view_end ] --END-- [ RunTime:0.010889s ]

[ 2014-03-24T21:36:40+08:00 ] 127.0.0.1 /longma/admin.php/Web/menu
INFO: [ route_check ] --START--
INFO: CheckRoute Behavior ::run [ RunTime:0.003669s ]
INFO: [ route_check ] --END-- [ RunTime:0.003793s ]
INFO: [ app_begin ] --START--
INFO: ReadHtmlCache Behavior ::run [ RunTime:0.003387s ]
INFO: [ app_begin ] --END-- [ RunTime:0.003480s ]
SQL: SHOW COLUMNS FROM `lm_menu` [ RunTime:0.004100s ]
SQL: SELECT * FROM `lm_menu`  [ RunTime:0.001736s ]
INFO: [ view_parse ] --START--
INFO: ParseTemplate Behavior ::run [ RunTime:0.040727s ]
INFO: [ view_parse ] --END-- [ RunTime:0.041071s ]
INFO: [ view_filter ] --START--
INFO: ContentReplace Behavior ::run [ RunTime:0.001519s ]
INFO: TokenBuild Behavior ::run [ RunTime:0.001264s ]
INFO: WriteHtmlCache Behavior ::run [ RunTime:0.002719s ]
INFO: ShowRuntime Behavior ::run [ RunTime:0.003005s ]
INFO: [ view_filter ] --END-- [ RunTime:0.008874s ]
INFO: [ view_end ] --START--
INFO: ShowPageTrace Behavior ::run [ RunTime:0.005554s ]
INFO: [ view_end ] --END-- [ RunTime:0.005655s ]

[ 2014-03-24T21:38:19+08:00 ] 127.0.0.1 /longma/admin.php/Config/listsConfig
INFO: [ route_check ] --START--
INFO: CheckRoute Behavior ::run [ RunTime:0.004295s ]
INFO: [ route_check ] --END-- [ RunTime:0.004488s ]
INFO: [ app_begin ] --START--
INFO: ReadHtmlCache Behavior ::run [ RunTime:0.003615s ]
INFO: [ app_begin ] --END-- [ RunTime:0.003770s ]
SQL: SHOW COLUMNS FROM `lm_webconfig` [ RunTime:0.004091s ]
SQL: SELECT * FROM `lm_webconfig`  [ RunTime:0.002333s ]
INFO: [ view_parse ] --START--
INFO: ParseTemplate Behavior ::run [ RunTime:0.034055s ]
INFO: [ view_parse ] --END-- [ RunTime:0.034187s ]
INFO: [ view_filter ] --START--
INFO: ContentReplace Behavior ::run [ RunTime:0.001221s ]
INFO: TokenBuild Behavior ::run [ RunTime:0.001106s ]
INFO: WriteHtmlCache Behavior ::run [ RunTime:0.002710s ]
INFO: ShowRuntime Behavior ::run [ RunTime:0.002877s ]
INFO: [ view_filter ] --END-- [ RunTime:0.008111s ]
INFO: [ view_end ] --START--
INFO: ShowPageTrace Behavior ::run [ RunTime:0.006557s ]
INFO: [ view_end ] --END-- [ RunTime:0.006669s ]

