[ 2014-04-10T09:05:57+08:00 ] 10.0.3.6 /lm/admin.php/Web/olay
INFO: [ route_check ] --START--
INFO: CheckRoute Behavior ::run [ RunTime:0.000700s ]
INFO: [ route_check ] --END-- [ RunTime:0.000806s ]
INFO: [ app_begin ] --START--
INFO: ReadHtmlCache Behavior ::run [ RunTime:0.000509s ]
INFO: [ app_begin ] --END-- [ RunTime:0.000584s ]
NOTIC: [2048] Declaration of WebAction::show() should be compatible with Action::show($content, $charset = '', $contentType = '', $prefix = '') D:\phpsite\lm\Admin\Lib\Action\WebAction.class.php 第 680 行.
SQL: SHOW COLUMNS FROM `lm_olay` [ RunTime:0.003783s ]
SQL: SELECT * FROM `lm_olay`  [ RunTime:0.000281s ]
INFO: [ view_parse ] --START--
INFO: ParseTemplate Behavior ::run [ RunTime:0.009864s ]
INFO: [ view_parse ] --END-- [ RunTime:0.010011s ]
INFO: [ view_filter ] --START--
INFO: ContentReplace Behavior ::run [ RunTime:0.000561s ]
INFO: TokenBuild Behavior ::run [ RunTime:0.000420s ]
INFO: WriteHtmlCache Behavior ::run [ RunTime:0.000300s ]
INFO: ShowRuntime Behavior ::run [ RunTime:0.000627s ]
INFO: [ view_filter ] --END-- [ RunTime:0.002128s ]
INFO: [ view_end ] --START--
INFO: ShowPageTrace Behavior ::run [ RunTime:0.000563s ]
INFO: [ view_end ] --END-- [ RunTime:0.000630s ]

[ 2014-04-10T09:06:00+08:00 ] 10.0.3.6 /lm/admin.php/Web/updaolay/id/6
INFO: [ route_check ] --START--
INFO: CheckRoute Behavior ::run [ RunTime:0.000610s ]
INFO: [ route_check ] --END-- [ RunTime:0.000710s ]
INFO: [ app_begin ] --START--
INFO: ReadHtmlCache Behavior ::run [ RunTime:0.000476s ]
INFO: [ app_begin ] --END-- [ RunTime:0.000552s ]
NOTIC: [2048] Declaration of WebAction::show() should be compatible with Action::show($content, $charset = '', $contentType = '', $prefix = '') D:\phpsite\lm\Admin\Lib\Action\WebAction.class.php 第 680 行.
SQL: SHOW COLUMNS FROM `lm_olay` [ RunTime:0.003166s ]
SQL: SELECT * FROM `lm_olay` WHERE ( `id` = 6 ) LIMIT 1   [ RunTime:0.000253s ]
INFO: [ view_parse ] --START--
INFO: ParseTemplate Behavior ::run [ RunTime:0.008998s ]
INFO: [ view_parse ] --END-- [ RunTime:0.009108s ]
INFO: [ view_filter ] --START--
INFO: ContentReplace Behavior ::run [ RunTime:0.000434s ]
INFO: TokenBuild Behavior ::run [ RunTime:0.000470s ]
INFO: WriteHtmlCache Behavior ::run [ RunTime:0.000314s ]
INFO: ShowRuntime Behavior ::run [ RunTime:0.000458s ]
INFO: [ view_filter ] --END-- [ RunTime:0.001887s ]
INFO: [ view_end ] --START--
INFO: ShowPageTrace Behavior ::run [ RunTime:0.000491s ]
INFO: [ view_end ] --END-- [ RunTime:0.000563s ]

[ 2014-04-10T09:06:19+08:00 ] 10.0.3.6 /lm/admin.php/Web/saveolay/id/6
INFO: [ route_check ] --START--
INFO: CheckRoute Behavior ::run [ RunTime:0.000646s ]
INFO: [ route_check ] --END-- [ RunTime:0.000747s ]
INFO: [ app_begin ] --START--
INFO: ReadHtmlCache Behavior ::run [ RunTime:0.000500s ]
INFO: [ app_begin ] --END-- [ RunTime:0.000600s ]
NOTIC: [2048] Declaration of WebAction::show() should be compatible with Action::show($content, $charset = '', $contentType = '', $prefix = '') D:\phpsite\lm\Admin\Lib\Action\WebAction.class.php 第 680 行.
SQL: SHOW COLUMNS FROM `lm_olay` [ RunTime:0.003179s ]
SQL: SELECT * FROM `lm_olay` WHERE ( `id` = 6 ) LIMIT 1   [ RunTime:0.000274s ]
NOTIC: [2] unlink(__PUBLIC__/images/): No such file or directory D:\phpsite\lm\Admin\Lib\Action\WebAction.class.php 第 502 行.
SQL: UPDATE `lm_olay` SET `title`='ssdgsdfsdfgsdfggggggggggggggggggggggggggggggggggggggggggg',`method`=1,`url`='dffffffffffffffffffffffffffffffffffffffffffffffffffffffffffffffffffffffffffffffffffffffffffffffffffffffffffffffffffffffffffffffffffffffffffffffffffffffffffffffffffffffffff',`image`='5345ee8b48017.png' WHERE ( `id` = 6 ) [ RunTime:0.010211s ]
INFO: [ view_parse ] --START--
INFO: ParseTemplate Behavior ::run [ RunTime:0.008214s ]
INFO: [ view_parse ] --END-- [ RunTime:0.008333s ]
INFO: [ view_filter ] --START--
INFO: ContentReplace Behavior ::run [ RunTime:0.000730s ]
INFO: TokenBuild Behavior ::run [ RunTime:0.000787s ]
INFO: WriteHtmlCache Behavior ::run [ RunTime:0.000561s ]
INFO: ShowRuntime Behavior ::run [ RunTime:0.000719s ]
INFO: [ view_filter ] --END-- [ RunTime:0.003022s ]
INFO: [ view_end ] --START--
INFO: ShowPageTrace Behavior ::run [ RunTime:0.000883s ]
INFO: [ view_end ] --END-- [ RunTime:0.000958s ]

[ 2014-04-10T09:06:20+08:00 ] 10.0.3.6 /lm/admin.php/Web/updaolay/id/6
INFO: [ route_check ] --START--
INFO: CheckRoute Behavior ::run [ RunTime:0.000959s ]
INFO: [ route_check ] --END-- [ RunTime:0.001053s ]
INFO: [ app_begin ] --START--
INFO: ReadHtmlCache Behavior ::run [ RunTime:0.000714s ]
INFO: [ app_begin ] --END-- [ RunTime:0.000785s ]
NOTIC: [2048] Declaration of WebAction::show() should be compatible with Action::show($content, $charset = '', $contentType = '', $prefix = '') D:\phpsite\lm\Admin\Lib\Action\WebAction.class.php 第 680 行.
SQL: SHOW COLUMNS FROM `lm_olay` [ RunTime:0.002954s ]
SQL: SELECT * FROM `lm_olay` WHERE ( `id` = 6 ) LIMIT 1   [ RunTime:0.000207s ]
INFO: [ view_parse ] --START--
INFO: ParseTemplate Behavior ::run [ RunTime:0.010236s ]
INFO: [ view_parse ] --END-- [ RunTime:0.010336s ]
INFO: [ view_filter ] --START--
INFO: ContentReplace Behavior ::run [ RunTime:0.000766s ]
INFO: TokenBuild Behavior ::run [ RunTime:0.000709s ]
INFO: WriteHtmlCache Behavior ::run [ RunTime:0.000572s ]
INFO: ShowRuntime Behavior ::run [ RunTime:0.000742s ]
INFO: [ view_filter ] --END-- [ RunTime:0.003006s ]
INFO: [ view_end ] --START--
INFO: ShowPageTrace Behavior ::run [ RunTime:0.000809s ]
INFO: [ view_end ] --END-- [ RunTime:0.000878s ]

[ 2014-04-10T09:06:23+08:00 ] 10.0.3.6 /lm/admin.php/Web/olay
INFO: [ route_check ] --START--
INFO: CheckRoute Behavior ::run [ RunTime:0.000868s ]
INFO: [ route_check ] --END-- [ RunTime:0.000962s ]
INFO: [ app_begin ] --START--
INFO: ReadHtmlCache Behavior ::run [ RunTime:0.000703s ]
INFO: [ app_begin ] --END-- [ RunTime:0.000775s ]
NOTIC: [2048] Declaration of WebAction::show() should be compatible with Action::show($content, $charset = '', $contentType = '', $prefix = '') D:\phpsite\lm\Admin\Lib\Action\WebAction.class.php 第 680 行.
SQL: SHOW COLUMNS FROM `lm_olay` [ RunTime:0.003155s ]
SQL: SELECT * FROM `lm_olay`  [ RunTime:0.000256s ]
INFO: [ view_parse ] --START--
INFO: ParseTemplate Behavior ::run [ RunTime:0.011047s ]
INFO: [ view_parse ] --END-- [ RunTime:0.011156s ]
INFO: [ view_filter ] --START--
INFO: ContentReplace Behavior ::run [ RunTime:0.000702s ]
INFO: TokenBuild Behavior ::run [ RunTime:0.000643s ]
INFO: WriteHtmlCache Behavior ::run [ RunTime:0.000512s ]
INFO: ShowRuntime Behavior ::run [ RunTime:0.000698s ]
INFO: [ view_filter ] --END-- [ RunTime:0.002751s ]
INFO: [ view_end ] --START--
INFO: ShowPageTrace Behavior ::run [ RunTime:0.000742s ]
INFO: [ view_end ] --END-- [ RunTime:0.000812s ]

[ 2014-04-10T09:06:30+08:00 ] 10.0.3.6 /lm/admin.php/Web/updaolay/id/6
INFO: [ route_check ] --START--
INFO: CheckRoute Behavior ::run [ RunTime:0.000938s ]
INFO: [ route_check ] --END-- [ RunTime:0.001081s ]
INFO: [ app_begin ] --START--
INFO: ReadHtmlCache Behavior ::run [ RunTime:0.001087s ]
INFO: [ app_begin ] --END-- [ RunTime:0.001171s ]
NOTIC: [2048] Declaration of WebAction::show() should be compatible with Action::show($content, $charset = '', $contentType = '', $prefix = '') D:\phpsite\lm\Admin\Lib\Action\WebAction.class.php 第 680 行.
SQL: SHOW COLUMNS FROM `lm_olay` [ RunTime:0.004287s ]
SQL: SELECT * FROM `lm_olay` WHERE ( `id` = 6 ) LIMIT 1   [ RunTime:0.000415s ]
INFO: [ view_parse ] --START--
INFO: ParseTemplate Behavior ::run [ RunTime:0.010280s ]
INFO: [ view_parse ] --END-- [ RunTime:0.010390s ]
INFO: [ view_filter ] --START--
INFO: ContentReplace Behavior ::run [ RunTime:0.000764s ]
INFO: TokenBuild Behavior ::run [ RunTime:0.000705s ]
INFO: WriteHtmlCache Behavior ::run [ RunTime:0.000540s ]
INFO: ShowRuntime Behavior ::run [ RunTime:0.000734s ]
INFO: [ view_filter ] --END-- [ RunTime:0.002963s ]
INFO: [ view_end ] --START--
INFO: ShowPageTrace Behavior ::run [ RunTime:0.000825s ]
INFO: [ view_end ] --END-- [ RunTime:0.000895s ]

[ 2014-04-10T09:07:45+08:00 ] 10.0.3.6 /lm/admin.php/Web/saveolay/id/6
INFO: [ route_check ] --START--
INFO: CheckRoute Behavior ::run [ RunTime:0.000905s ]
INFO: [ route_check ] --END-- [ RunTime:0.001014s ]
INFO: [ app_begin ] --START--
INFO: ReadHtmlCache Behavior ::run [ RunTime:0.000826s ]
INFO: [ app_begin ] --END-- [ RunTime:0.000907s ]
NOTIC: [2048] Declaration of WebAction::show() should be compatible with Action::show($content, $charset = '', $contentType = '', $prefix = '') D:\phpsite\lm\Admin\Lib\Action\WebAction.class.php 第 680 行.
SQL: SHOW COLUMNS FROM `lm_olay` [ RunTime:0.003132s ]
SQL: UPDATE `lm_olay` SET `title`='ssdgsdfsdfgsdfggggggggggggggggggggggggggggggggggggggggggg',`method`=1,`url`='dffffffffffffffffffffffffffffffffffffffffffffffffffffffffffffffffffffffffffffffffffffffffffffffffffffffffffffffffffffffffffffffffffffffffffffffffffffffffffffffffffffffffff' WHERE ( `id` = 6 ) [ RunTime:0.000376s ]
INFO: [ view_parse ] --START--
INFO: ParseTemplate Behavior ::run [ RunTime:0.007152s ]
INFO: [ view_parse ] --END-- [ RunTime:0.007267s ]
INFO: [ view_filter ] --START--
INFO: ContentReplace Behavior ::run [ RunTime:0.000702s ]
INFO: TokenBuild Behavior ::run [ RunTime:0.000712s ]
INFO: WriteHtmlCache Behavior ::run [ RunTime:0.000659s ]
INFO: ShowRuntime Behavior ::run [ RunTime:0.000849s ]
INFO: [ view_filter ] --END-- [ RunTime:0.003136s ]
INFO: [ view_end ] --START--
INFO: ShowPageTrace Behavior ::run [ RunTime:0.000802s ]
INFO: [ view_end ] --END-- [ RunTime:0.000871s ]

[ 2014-04-10T09:07:47+08:00 ] 10.0.3.6 /lm/admin.php/Web/updaolay/id/6
INFO: [ route_check ] --START--
INFO: CheckRoute Behavior ::run [ RunTime:0.001991s ]
INFO: [ route_check ] --END-- [ RunTime:0.002101s ]
INFO: [ app_begin ] --START--
INFO: ReadHtmlCache Behavior ::run [ RunTime:0.000848s ]
INFO: [ app_begin ] --END-- [ RunTime:0.000934s ]
NOTIC: [2048] Declaration of WebAction::show() should be compatible with Action::show($content, $charset = '', $contentType = '', $prefix = '') D:\phpsite\lm\Admin\Lib\Action\WebAction.class.php 第 680 行.
SQL: SHOW COLUMNS FROM `lm_olay` [ RunTime:0.003120s ]
SQL: SELECT * FROM `lm_olay` WHERE ( `id` = 6 ) LIMIT 1   [ RunTime:0.000258s ]
INFO: [ view_parse ] --START--
INFO: ParseTemplate Behavior ::run [ RunTime:0.010924s ]
INFO: [ view_parse ] --END-- [ RunTime:0.011024s ]
INFO: [ view_filter ] --START--
INFO: ContentReplace Behavior ::run [ RunTime:0.000774s ]
INFO: TokenBuild Behavior ::run [ RunTime:0.000699s ]
INFO: WriteHtmlCache Behavior ::run [ RunTime:0.000565s ]
INFO: ShowRuntime Behavior ::run [ RunTime:0.000676s ]
INFO: [ view_filter ] --END-- [ RunTime:0.002900s ]
INFO: [ view_end ] --START--
INFO: ShowPageTrace Behavior ::run [ RunTime:0.000755s ]
INFO: [ view_end ] --END-- [ RunTime:0.000838s ]

[ 2014-04-10T09:07:52+08:00 ] 10.0.3.6 /lm/admin.php/Web/olay
INFO: [ route_check ] --START--
INFO: CheckRoute Behavior ::run [ RunTime:0.000921s ]
INFO: [ route_check ] --END-- [ RunTime:0.001019s ]
INFO: [ app_begin ] --START--
INFO: ReadHtmlCache Behavior ::run [ RunTime:0.000752s ]
INFO: [ app_begin ] --END-- [ RunTime:0.000843s ]
NOTIC: [2048] Declaration of WebAction::show() should be compatible with Action::show($content, $charset = '', $contentType = '', $prefix = '') D:\phpsite\lm\Admin\Lib\Action\WebAction.class.php 第 680 行.
SQL: SHOW COLUMNS FROM `lm_olay` [ RunTime:0.002818s ]
SQL: SELECT * FROM `lm_olay`  [ RunTime:0.000248s ]
INFO: [ view_parse ] --START--
INFO: ParseTemplate Behavior ::run [ RunTime:0.010529s ]
INFO: [ view_parse ] --END-- [ RunTime:0.010655s ]
INFO: [ view_filter ] --START--
INFO: ContentReplace Behavior ::run [ RunTime:0.000729s ]
INFO: TokenBuild Behavior ::run [ RunTime:0.000764s ]
INFO: WriteHtmlCache Behavior ::run [ RunTime:0.000538s ]
INFO: ShowRuntime Behavior ::run [ RunTime:0.000698s ]
INFO: [ view_filter ] --END-- [ RunTime:0.002949s ]
INFO: [ view_end ] --START--
INFO: ShowPageTrace Behavior ::run [ RunTime:0.000776s ]
INFO: [ view_end ] --END-- [ RunTime:0.000846s ]

[ 2014-04-10T09:08:26+08:00 ] 10.0.3.6 /lm/admin.php/Web/olay
INFO: [ route_check ] --START--
INFO: CheckRoute Behavior ::run [ RunTime:0.000809s ]
INFO: [ route_check ] --END-- [ RunTime:0.000907s ]
INFO: [ app_begin ] --START--
INFO: ReadHtmlCache Behavior ::run [ RunTime:0.000653s ]
INFO: [ app_begin ] --END-- [ RunTime:0.000738s ]
NOTIC: [2048] Declaration of WebAction::show() should be compatible with Action::show($content, $charset = '', $contentType = '', $prefix = '') D:\phpsite\lm\Admin\Lib\Action\WebAction.class.php 第 680 行.
SQL: SHOW COLUMNS FROM `lm_olay` [ RunTime:0.003331s ]
SQL: SELECT * FROM `lm_olay`  [ RunTime:0.000228s ]
INFO: [ view_parse ] --START--
INFO: ParseTemplate Behavior ::run [ RunTime:0.009944s ]
INFO: [ view_parse ] --END-- [ RunTime:0.010042s ]
INFO: [ view_filter ] --START--
INFO: ContentReplace Behavior ::run [ RunTime:0.000569s ]
INFO: TokenBuild Behavior ::run [ RunTime:0.000468s ]
INFO: WriteHtmlCache Behavior ::run [ RunTime:0.000314s ]
INFO: ShowRuntime Behavior ::run [ RunTime:0.000469s ]
INFO: [ view_filter ] --END-- [ RunTime:0.002021s ]
INFO: [ view_end ] --START--
INFO: ShowPageTrace Behavior ::run [ RunTime:0.000505s ]
INFO: [ view_end ] --END-- [ RunTime:0.000579s ]

[ 2014-04-10T09:08:29+08:00 ] 10.0.3.6 /lm/admin.php/Web/delolay/id/6
INFO: [ route_check ] --START--
INFO: CheckRoute Behavior ::run [ RunTime:0.000686s ]
INFO: [ route_check ] --END-- [ RunTime:0.000772s ]
INFO: [ app_begin ] --START--
INFO: ReadHtmlCache Behavior ::run [ RunTime:0.000528s ]
INFO: [ app_begin ] --END-- [ RunTime:0.000598s ]
NOTIC: [2048] Declaration of WebAction::show() should be compatible with Action::show($content, $charset = '', $contentType = '', $prefix = '') D:\phpsite\lm\Admin\Lib\Action\WebAction.class.php 第 680 行.
SQL: SHOW COLUMNS FROM `lm_olay` [ RunTime:0.003091s ]
SQL: SELECT * FROM `lm_olay` WHERE ( `id` = 6 ) LIMIT 1   [ RunTime:0.000268s ]
NOTIC: [2] unlink(__PUBLIC__/images/5345ee8b48017.png): No such file or directory D:\phpsite\lm\Admin\Lib\Action\WebAction.class.php 第 473 行.
SQL: DELETE FROM `lm_olay` WHERE ( `id` = 6 ) [ RunTime:0.000221s ]
INFO: [ view_parse ] --START--
INFO: ParseTemplate Behavior ::run [ RunTime:0.005891s ]
INFO: [ view_parse ] --END-- [ RunTime:0.005993s ]
INFO: [ view_filter ] --START--
INFO: ContentReplace Behavior ::run [ RunTime:0.000449s ]
INFO: TokenBuild Behavior ::run [ RunTime:0.000481s ]
INFO: WriteHtmlCache Behavior ::run [ RunTime:0.000324s ]
INFO: ShowRuntime Behavior ::run [ RunTime:0.000552s ]
INFO: [ view_filter ] --END-- [ RunTime:0.001993s ]
INFO: [ view_end ] --START--
INFO: ShowPageTrace Behavior ::run [ RunTime:0.000605s ]
INFO: [ view_end ] --END-- [ RunTime:0.000681s ]

[ 2014-04-10T09:08:30+08:00 ] 10.0.3.6 /lm/admin.php/Web/olay
INFO: [ route_check ] --START--
INFO: CheckRoute Behavior ::run [ RunTime:0.000683s ]
INFO: [ route_check ] --END-- [ RunTime:0.000776s ]
INFO: [ app_begin ] --START--
INFO: ReadHtmlCache Behavior ::run [ RunTime:0.000681s ]
INFO: [ app_begin ] --END-- [ RunTime:0.000767s ]
NOTIC: [2048] Declaration of WebAction::show() should be compatible with Action::show($content, $charset = '', $contentType = '', $prefix = '') D:\phpsite\lm\Admin\Lib\Action\WebAction.class.php 第 680 行.
SQL: SHOW COLUMNS FROM `lm_olay` [ RunTime:0.003155s ]
SQL: SELECT * FROM `lm_olay`  [ RunTime:0.000240s ]
INFO: [ view_parse ] --START--
INFO: ParseTemplate Behavior ::run [ RunTime:0.009636s ]
INFO: [ view_parse ] --END-- [ RunTime:0.009738s ]
INFO: [ view_filter ] --START--
INFO: ContentReplace Behavior ::run [ RunTime:0.000514s ]
INFO: TokenBuild Behavior ::run [ RunTime:0.000405s ]
INFO: WriteHtmlCache Behavior ::run [ RunTime:0.000291s ]
INFO: ShowRuntime Behavior ::run [ RunTime:0.000453s ]
INFO: [ view_filter ] --END-- [ RunTime:0.001885s ]
INFO: [ view_end ] --START--
INFO: ShowPageTrace Behavior ::run [ RunTime:0.000520s ]
INFO: [ view_end ] --END-- [ RunTime:0.000588s ]

[ 2014-04-10T09:08:35+08:00 ] 10.0.3.6 /lm/admin.php/Web/addolay
INFO: [ route_check ] --START--
INFO: CheckRoute Behavior ::run [ RunTime:0.000678s ]
INFO: [ route_check ] --END-- [ RunTime:0.000777s ]
INFO: [ app_begin ] --START--
INFO: ReadHtmlCache Behavior ::run [ RunTime:0.000603s ]
INFO: [ app_begin ] --END-- [ RunTime:0.000684s ]
NOTIC: [2048] Declaration of WebAction::show() should be compatible with Action::show($content, $charset = '', $contentType = '', $prefix = '') D:\phpsite\lm\Admin\Lib\Action\WebAction.class.php 第 680 行.
INFO: [ view_parse ] --START--
INFO: ParseTemplate Behavior ::run [ RunTime:0.008135s ]
INFO: [ view_parse ] --END-- [ RunTime:0.008230s ]
INFO: [ view_filter ] --START--
INFO: ContentReplace Behavior ::run [ RunTime:0.000581s ]
INFO: TokenBuild Behavior ::run [ RunTime:0.000468s ]
INFO: WriteHtmlCache Behavior ::run [ RunTime:0.000320s ]
INFO: ShowRuntime Behavior ::run [ RunTime:0.000487s ]
INFO: [ view_filter ] --END-- [ RunTime:0.002053s ]
INFO: [ view_end ] --START--
INFO: ShowPageTrace Behavior ::run [ RunTime:0.000548s ]
INFO: [ view_end ] --END-- [ RunTime:0.000618s ]

[ 2014-04-10T09:13:22+08:00 ] 10.0.3.6 /lm/admin.php/Web/olay
INFO: [ route_check ] --START--
INFO: CheckRoute Behavior ::run [ RunTime:0.000945s ]
INFO: [ route_check ] --END-- [ RunTime:0.001063s ]
INFO: [ app_begin ] --START--
INFO: ReadHtmlCache Behavior ::run [ RunTime:0.000697s ]
INFO: [ app_begin ] --END-- [ RunTime:0.000787s ]
NOTIC: [2048] Declaration of WebAction::show() should be compatible with Action::show($content, $charset = '', $contentType = '', $prefix = '') D:\phpsite\lm\Admin\Lib\Action\WebAction.class.php 第 680 行.
SQL: SHOW COLUMNS FROM `lm_olay` [ RunTime:0.003221s ]
SQL: SELECT * FROM `lm_olay`  [ RunTime:0.000197s ]
INFO: [ view_parse ] --START--
INFO: ParseTemplate Behavior ::run [ RunTime:0.010557s ]
INFO: [ view_parse ] --END-- [ RunTime:0.010675s ]
INFO: [ view_filter ] --START--
INFO: ContentReplace Behavior ::run [ RunTime:0.000494s ]
INFO: TokenBuild Behavior ::run [ RunTime:0.000446s ]
INFO: WriteHtmlCache Behavior ::run [ RunTime:0.000350s ]
INFO: ShowRuntime Behavior ::run [ RunTime:0.000526s ]
INFO: [ view_filter ] --END-- [ RunTime:0.002008s ]
INFO: [ view_end ] --START--
INFO: ShowPageTrace Behavior ::run [ RunTime:0.000533s ]
INFO: [ view_end ] --END-- [ RunTime:0.000602s ]

[ 2014-04-10T09:13:23+08:00 ] 10.0.3.6 /lm/admin.php/Web/addolay
INFO: [ route_check ] --START--
INFO: CheckRoute Behavior ::run [ RunTime:0.000641s ]
INFO: [ route_check ] --END-- [ RunTime:0.000728s ]
INFO: [ app_begin ] --START--
INFO: ReadHtmlCache Behavior ::run [ RunTime:0.000489s ]
INFO: [ app_begin ] --END-- [ RunTime:0.000559s ]
NOTIC: [2048] Declaration of WebAction::show() should be compatible with Action::show($content, $charset = '', $contentType = '', $prefix = '') D:\phpsite\lm\Admin\Lib\Action\WebAction.class.php 第 680 行.
INFO: [ view_parse ] --START--
INFO: ParseTemplate Behavior ::run [ RunTime:0.007913s ]
INFO: [ view_parse ] --END-- [ RunTime:0.008001s ]
INFO: [ view_filter ] --START--
INFO: ContentReplace Behavior ::run [ RunTime:0.000561s ]
INFO: TokenBuild Behavior ::run [ RunTime:0.000458s ]
INFO: WriteHtmlCache Behavior ::run [ RunTime:0.000358s ]
INFO: ShowRuntime Behavior ::run [ RunTime:0.000469s ]
INFO: [ view_filter ] --END-- [ RunTime:0.002029s ]
INFO: [ view_end ] --START--
INFO: ShowPageTrace Behavior ::run [ RunTime:0.000548s ]
INFO: [ view_end ] --END-- [ RunTime:0.000614s ]

[ 2014-04-10T09:13:35+08:00 ] 10.0.3.6 /lm/admin.php/Web/addolay
INFO: [ route_check ] --START--
INFO: CheckRoute Behavior ::run [ RunTime:0.000949s ]
INFO: [ route_check ] --END-- [ RunTime:0.001078s ]
INFO: [ app_begin ] --START--
INFO: ReadHtmlCache Behavior ::run [ RunTime:0.000586s ]
INFO: [ app_begin ] --END-- [ RunTime:0.000665s ]
NOTIC: [2048] Declaration of WebAction::show() should be compatible with Action::show($content, $charset = '', $contentType = '', $prefix = '') D:\phpsite\lm\Admin\Lib\Action\WebAction.class.php 第 680 行.
INFO: [ view_parse ] --START--
INFO: ParseTemplate Behavior ::run [ RunTime:0.008868s ]
INFO: [ view_parse ] --END-- [ RunTime:0.008968s ]
INFO: [ view_filter ] --START--
INFO: ContentReplace Behavior ::run [ RunTime:0.000523s ]
INFO: TokenBuild Behavior ::run [ RunTime:0.000442s ]
INFO: WriteHtmlCache Behavior ::run [ RunTime:0.000321s ]
INFO: ShowRuntime Behavior ::run [ RunTime:0.000502s ]
INFO: [ view_filter ] --END-- [ RunTime:0.001990s ]
INFO: [ view_end ] --START--
INFO: ShowPageTrace Behavior ::run [ RunTime:0.000542s ]
INFO: [ view_end ] --END-- [ RunTime:0.000610s ]

[ 2014-04-10T09:14:05+08:00 ] 10.0.3.6 /lm/admin.php/Web/addolay
INFO: [ route_check ] --START--
INFO: CheckRoute Behavior ::run [ RunTime:0.000861s ]
INFO: [ route_check ] --END-- [ RunTime:0.000985s ]
INFO: [ app_begin ] --START--
INFO: ReadHtmlCache Behavior ::run [ RunTime:0.000667s ]
INFO: [ app_begin ] --END-- [ RunTime:0.000766s ]
NOTIC: [2048] Declaration of WebAction::show() should be compatible with Action::show($content, $charset = '', $contentType = '', $prefix = '') D:\phpsite\lm\Admin\Lib\Action\WebAction.class.php 第 680 行.
INFO: [ view_parse ] --START--
INFO: ParseTemplate Behavior ::run [ RunTime:0.009147s ]
INFO: [ view_parse ] --END-- [ RunTime:0.009254s ]
INFO: [ view_filter ] --START--
INFO: ContentReplace Behavior ::run [ RunTime:0.000631s ]
INFO: TokenBuild Behavior ::run [ RunTime:0.000538s ]
INFO: WriteHtmlCache Behavior ::run [ RunTime:0.000344s ]
INFO: ShowRuntime Behavior ::run [ RunTime:0.000508s ]
INFO: [ view_filter ] --END-- [ RunTime:0.002218s ]
INFO: [ view_end ] --START--
INFO: ShowPageTrace Behavior ::run [ RunTime:0.000563s ]
INFO: [ view_end ] --END-- [ RunTime:0.000642s ]

[ 2014-04-10T09:14:34+08:00 ] 10.0.3.6 /lm/admin.php/Web/addolay
INFO: [ route_check ] --START--
INFO: CheckRoute Behavior ::run [ RunTime:0.000764s ]
INFO: [ route_check ] --END-- [ RunTime:0.000900s ]
INFO: [ app_begin ] --START--
INFO: ReadHtmlCache Behavior ::run [ RunTime:0.000597s ]
INFO: [ app_begin ] --END-- [ RunTime:0.000675s ]
NOTIC: [2048] Declaration of WebAction::show() should be compatible with Action::show($content, $charset = '', $contentType = '', $prefix = '') D:\phpsite\lm\Admin\Lib\Action\WebAction.class.php 第 680 行.
INFO: [ view_parse ] --START--
INFO: ParseTemplate Behavior ::run [ RunTime:0.008641s ]
INFO: [ view_parse ] --END-- [ RunTime:0.008745s ]
INFO: [ view_filter ] --START--
INFO: ContentReplace Behavior ::run [ RunTime:0.000589s ]
INFO: TokenBuild Behavior ::run [ RunTime:0.000529s ]
INFO: WriteHtmlCache Behavior ::run [ RunTime:0.000321s ]
INFO: ShowRuntime Behavior ::run [ RunTime:0.000480s ]
INFO: [ view_filter ] --END-- [ RunTime:0.002153s ]
INFO: [ view_end ] --START--
INFO: ShowPageTrace Behavior ::run [ RunTime:0.000559s ]
INFO: [ view_end ] --END-- [ RunTime:0.000633s ]

[ 2014-04-10T09:18:10+08:00 ] 10.0.3.6 /lm/admin.php/Web/addolay
INFO: [ route_check ] --START--
INFO: CheckRoute Behavior ::run [ RunTime:0.000768s ]
INFO: [ route_check ] --END-- [ RunTime:0.000871s ]
INFO: [ app_begin ] --START--
INFO: ReadHtmlCache Behavior ::run [ RunTime:0.000595s ]
INFO: [ app_begin ] --END-- [ RunTime:0.000673s ]
NOTIC: [2048] Declaration of WebAction::show() should be compatible with Action::show($content, $charset = '', $contentType = '', $prefix = '') D:\phpsite\lm\Admin\Lib\Action\WebAction.class.php 第 680 行.
INFO: [ view_parse ] --START--
INFO: ParseTemplate Behavior ::run [ RunTime:0.009191s ]
INFO: [ view_parse ] --END-- [ RunTime:0.009300s ]
INFO: [ view_filter ] --START--
INFO: ContentReplace Behavior ::run [ RunTime:0.000585s ]
INFO: TokenBuild Behavior ::run [ RunTime:0.000516s ]
INFO: WriteHtmlCache Behavior ::run [ RunTime:0.000435s ]
INFO: ShowRuntime Behavior ::run [ RunTime:0.000540s ]
INFO: [ view_filter ] --END-- [ RunTime:0.002287s ]
INFO: [ view_end ] --START--
INFO: ShowPageTrace Behavior ::run [ RunTime:0.000595s ]
INFO: [ view_end ] --END-- [ RunTime:0.000666s ]

[ 2014-04-10T09:34:11+08:00 ] 10.0.3.6 /lm/admin.php/Web/addolay
INFO: [ route_check ] --START--
INFO: CheckRoute Behavior ::run [ RunTime:0.000757s ]
INFO: [ route_check ] --END-- [ RunTime:0.000866s ]
INFO: [ app_begin ] --START--
INFO: ReadHtmlCache Behavior ::run [ RunTime:0.000605s ]
INFO: [ app_begin ] --END-- [ RunTime:0.000684s ]
NOTIC: [2048] Declaration of WebAction::show() should be compatible with Action::show($content, $charset = '', $contentType = '', $prefix = '') D:\phpsite\lm\Admin\Lib\Action\WebAction.class.php 第 680 行.
INFO: [ view_parse ] --START--
INFO: ParseTemplate Behavior ::run [ RunTime:0.009027s ]
INFO: [ view_parse ] --END-- [ RunTime:0.009133s ]
INFO: [ view_filter ] --START--
INFO: ContentReplace Behavior ::run [ RunTime:0.000692s ]
INFO: TokenBuild Behavior ::run [ RunTime:0.000451s ]
INFO: WriteHtmlCache Behavior ::run [ RunTime:0.000356s ]
INFO: ShowRuntime Behavior ::run [ RunTime:0.000512s ]
INFO: [ view_filter ] --END-- [ RunTime:0.002229s ]
INFO: [ view_end ] --START--
INFO: ShowPageTrace Behavior ::run [ RunTime:0.000612s ]
INFO: [ view_end ] --END-- [ RunTime:0.000688s ]

[ 2014-04-10T09:34:46+08:00 ] 10.0.3.6 /lm/admin.php/Web/addolay
INFO: [ route_check ] --START--
INFO: CheckRoute Behavior ::run [ RunTime:0.000748s ]
INFO: [ route_check ] --END-- [ RunTime:0.000852s ]
INFO: [ app_begin ] --START--
INFO: ReadHtmlCache Behavior ::run [ RunTime:0.000600s ]
INFO: [ app_begin ] --END-- [ RunTime:0.000679s ]
NOTIC: [2048] Declaration of WebAction::show() should be compatible with Action::show($content, $charset = '', $contentType = '', $prefix = '') D:\phpsite\lm\Admin\Lib\Action\WebAction.class.php 第 680 行.
INFO: [ view_parse ] --START--
INFO: ParseTemplate Behavior ::run [ RunTime:0.008780s ]
INFO: [ view_parse ] --END-- [ RunTime:0.008887s ]
INFO: [ view_filter ] --START--
INFO: ContentReplace Behavior ::run [ RunTime:0.000619s ]
INFO: TokenBuild Behavior ::run [ RunTime:0.000506s ]
INFO: WriteHtmlCache Behavior ::run [ RunTime:0.000386s ]
INFO: ShowRuntime Behavior ::run [ RunTime:0.000540s ]
INFO: [ view_filter ] --END-- [ RunTime:0.002263s ]
INFO: [ view_end ] --START--
INFO: ShowPageTrace Behavior ::run [ RunTime:0.000643s ]
INFO: [ view_end ] --END-- [ RunTime:0.000721s ]

[ 2014-04-10T09:34:47+08:00 ] 10.0.3.6 /lm/admin.php/Web/addolay
INFO: [ route_check ] --START--
INFO: CheckRoute Behavior ::run [ RunTime:0.000821s ]
INFO: [ route_check ] --END-- [ RunTime:0.000924s ]
INFO: [ app_begin ] --START--
INFO: ReadHtmlCache Behavior ::run [ RunTime:0.000780s ]
INFO: [ app_begin ] --END-- [ RunTime:0.000874s ]
NOTIC: [2048] Declaration of WebAction::show() should be compatible with Action::show($content, $charset = '', $contentType = '', $prefix = '') D:\phpsite\lm\Admin\Lib\Action\WebAction.class.php 第 680 行.
INFO: [ view_parse ] --START--
INFO: ParseTemplate Behavior ::run [ RunTime:0.008229s ]
INFO: [ view_parse ] --END-- [ RunTime:0.008319s ]
INFO: [ view_filter ] --START--
INFO: ContentReplace Behavior ::run [ RunTime:0.000511s ]
INFO: TokenBuild Behavior ::run [ RunTime:0.000417s ]
INFO: WriteHtmlCache Behavior ::run [ RunTime:0.000317s ]
INFO: ShowRuntime Behavior ::run [ RunTime:0.000478s ]
INFO: [ view_filter ] --END-- [ RunTime:0.001909s ]
INFO: [ view_end ] --START--
INFO: ShowPageTrace Behavior ::run [ RunTime:0.000591s ]
INFO: [ view_end ] --END-- [ RunTime:0.000660s ]

[ 2014-04-10T09:48:15+08:00 ] 10.0.3.6 /lm/admin.php/Web/addolay
INFO: [ route_check ] --START--
INFO: CheckRoute Behavior ::run [ RunTime:0.000942s ]
INFO: [ route_check ] --END-- [ RunTime:0.001059s ]
INFO: [ app_begin ] --START--
INFO: ReadHtmlCache Behavior ::run [ RunTime:0.000612s ]
INFO: [ app_begin ] --END-- [ RunTime:0.000697s ]
NOTIC: [2048] Declaration of WebAction::show() should be compatible with Action::show($content, $charset = '', $contentType = '', $prefix = '') D:\phpsite\lm\Admin\Lib\Action\WebAction.class.php 第 680 行.
INFO: [ view_parse ] --START--
INFO: ParseTemplate Behavior ::run [ RunTime:0.009992s ]
INFO: [ view_parse ] --END-- [ RunTime:0.010105s ]
INFO: [ view_filter ] --START--
INFO: ContentReplace Behavior ::run [ RunTime:0.000570s ]
INFO: TokenBuild Behavior ::run [ RunTime:0.000501s ]
INFO: WriteHtmlCache Behavior ::run [ RunTime:0.000403s ]
INFO: ShowRuntime Behavior ::run [ RunTime:0.000566s ]
INFO: [ view_filter ] --END-- [ RunTime:0.002256s ]
INFO: [ view_end ] --START--
INFO: ShowPageTrace Behavior ::run [ RunTime:0.000571s ]
INFO: [ view_end ] --END-- [ RunTime:0.000645s ]

[ 2014-04-10T09:53:39+08:00 ] 10.0.3.6 /lm/admin.php/Web/olay
INFO: [ route_check ] --START--
INFO: CheckRoute Behavior ::run [ RunTime:0.001342s ]
INFO: [ route_check ] --END-- [ RunTime:0.001522s ]
INFO: [ app_begin ] --START--
INFO: ReadHtmlCache Behavior ::run [ RunTime:0.001076s ]
INFO: [ app_begin ] --END-- [ RunTime:0.001228s ]
NOTIC: [2048] Declaration of WebAction::show() should be compatible with Action::show($content, $charset = '', $contentType = '', $prefix = '') D:\phpsite\lm\Admin\Lib\Action\WebAction.class.php 第 680 行.
SQL: SHOW COLUMNS FROM `lm_olay` [ RunTime:0.004935s ]
SQL: SELECT * FROM `lm_olay`  [ RunTime:0.000273s ]
INFO: [ view_parse ] --START--
INFO: ParseTemplate Behavior ::run [ RunTime:0.010608s ]
INFO: [ view_parse ] --END-- [ RunTime:0.010726s ]
INFO: [ view_filter ] --START--
INFO: ContentReplace Behavior ::run [ RunTime:0.000685s ]
INFO: TokenBuild Behavior ::run [ RunTime:0.000727s ]
INFO: WriteHtmlCache Behavior ::run [ RunTime:0.000370s ]
INFO: ShowRuntime Behavior ::run [ RunTime:0.000526s ]
INFO: [ view_filter ] --END-- [ RunTime:0.002533s ]
INFO: [ view_end ] --START--
INFO: ShowPageTrace Behavior ::run [ RunTime:0.000585s ]
INFO: [ view_end ] --END-- [ RunTime:0.000659s ]

[ 2014-04-10T09:53:41+08:00 ] 10.0.3.6 /lm/admin.php/Web/addolay
INFO: [ route_check ] --START--
INFO: CheckRoute Behavior ::run [ RunTime:0.001410s ]
INFO: [ route_check ] --END-- [ RunTime:0.001577s ]
INFO: [ app_begin ] --START--
INFO: ReadHtmlCache Behavior ::run [ RunTime:0.001015s ]
INFO: [ app_begin ] --END-- [ RunTime:0.001154s ]
NOTIC: [2048] Declaration of WebAction::show() should be compatible with Action::show($content, $charset = '', $contentType = '', $prefix = '') D:\phpsite\lm\Admin\Lib\Action\WebAction.class.php 第 680 行.
INFO: [ view_parse ] --START--
INFO: ParseTemplate Behavior ::run [ RunTime:0.008224s ]
INFO: [ view_parse ] --END-- [ RunTime:0.008326s ]
INFO: [ view_filter ] --START--
INFO: ContentReplace Behavior ::run [ RunTime:0.000553s ]
INFO: TokenBuild Behavior ::run [ RunTime:0.000473s ]
INFO: WriteHtmlCache Behavior ::run [ RunTime:0.000359s ]
INFO: ShowRuntime Behavior ::run [ RunTime:0.000541s ]
INFO: [ view_filter ] --END-- [ RunTime:0.002132s ]
INFO: [ view_end ] --START--
INFO: ShowPageTrace Behavior ::run [ RunTime:0.000598s ]
INFO: [ view_end ] --END-- [ RunTime:0.000670s ]

[ 2014-04-10T10:07:16+08:00 ] 10.0.3.6 /lm/admin.php/Basis/cop
INFO: [ route_check ] --START--
INFO: CheckRoute Behavior ::run [ RunTime:0.000784s ]
INFO: [ route_check ] --END-- [ RunTime:0.000888s ]
INFO: [ app_begin ] --START--
INFO: ReadHtmlCache Behavior ::run [ RunTime:0.000571s ]
INFO: [ app_begin ] --END-- [ RunTime:0.000647s ]
SQL: SHOW COLUMNS FROM `lm_webconfig` [ RunTime:0.003018s ]
SQL: SELECT * FROM `lm_webconfig` WHERE ( `item` = 'copyright' ) LIMIT 1   [ RunTime:0.000317s ]
INFO: [ view_parse ] --START--
INFO: ParseTemplate Behavior ::run [ RunTime:0.008848s ]
INFO: [ view_parse ] --END-- [ RunTime:0.008954s ]
INFO: [ view_filter ] --START--
INFO: ContentReplace Behavior ::run [ RunTime:0.000546s ]
INFO: TokenBuild Behavior ::run [ RunTime:0.000567s ]
INFO: WriteHtmlCache Behavior ::run [ RunTime:0.000437s ]
INFO: ShowRuntime Behavior ::run [ RunTime:0.000538s ]
INFO: [ view_filter ] --END-- [ RunTime:0.002315s ]
INFO: [ view_end ] --START--
INFO: ShowPageTrace Behavior ::run [ RunTime:0.000568s ]
INFO: [ view_end ] --END-- [ RunTime:0.000642s ]

[ 2014-04-10T10:37:23+08:00 ] 10.0.3.6 /lm/admin.php
INFO: [ app_begin ] --START--
INFO: ReadHtmlCache Behavior ::run [ RunTime:0.000649s ]
INFO: [ app_begin ] --END-- [ RunTime:0.000805s ]

[ 2014-04-10T10:37:24+08:00 ] 10.0.3.6 /lm/admin.php/Login/login.html
INFO: [ route_check ] --START--
INFO: CheckRoute Behavior ::run [ RunTime:0.001755s ]
INFO: [ route_check ] --END-- [ RunTime:0.001961s ]
INFO: [ app_begin ] --START--
INFO: ReadHtmlCache Behavior ::run [ RunTime:0.001206s ]
INFO: [ app_begin ] --END-- [ RunTime:0.001365s ]
SQL: SHOW COLUMNS FROM `lm_user` [ RunTime:0.003322s ]
NOTIC: [8] Undefined index: username D:\phpsite\lm\Admin\Lib\Action\LoginAction.class.php 第 21 行.
NOTIC: [8] Undefined index: userpwd D:\phpsite\lm\Admin\Lib\Action\LoginAction.class.php 第 21 行.
SQL: SELECT * FROM `lm_user` WHERE ( `username` = null ) AND ( `userpwd` = 'd41d8cd98f00b204e9800998ecf8427e' ) LIMIT 1   [ RunTime:0.000267s ]
INFO: [ view_parse ] --START--
INFO: ParseTemplate Behavior ::run [ RunTime:0.006648s ]
INFO: [ view_parse ] --END-- [ RunTime:0.006756s ]
INFO: [ view_filter ] --START--
INFO: ContentReplace Behavior ::run [ RunTime:0.000505s ]
INFO: TokenBuild Behavior ::run [ RunTime:0.000539s ]
INFO: WriteHtmlCache Behavior ::run [ RunTime:0.000434s ]
INFO: ShowRuntime Behavior ::run [ RunTime:0.000582s ]
INFO: [ view_filter ] --END-- [ RunTime:0.002293s ]
INFO: [ view_end ] --START--
INFO: ShowPageTrace Behavior ::run [ RunTime:0.000680s ]
INFO: [ view_end ] --END-- [ RunTime:0.000759s ]

[ 2014-04-10T10:38:27+08:00 ] 10.0.3.6 /lm/admin.php/Basis/cop
INFO: [ route_check ] --START--
INFO: CheckRoute Behavior ::run [ RunTime:0.000706s ]
INFO: [ route_check ] --END-- [ RunTime:0.000805s ]
INFO: [ app_begin ] --START--
INFO: ReadHtmlCache Behavior ::run [ RunTime:0.000596s ]
INFO: [ app_begin ] --END-- [ RunTime:0.000672s ]

[ 2014-04-10T10:38:28+08:00 ] 10.0.3.6 /lm/admin.php/Login/login.html
INFO: [ route_check ] --START--
INFO: CheckRoute Behavior ::run [ RunTime:0.000820s ]
INFO: [ route_check ] --END-- [ RunTime:0.000926s ]
INFO: [ app_begin ] --START--
INFO: ReadHtmlCache Behavior ::run [ RunTime:0.000703s ]
INFO: [ app_begin ] --END-- [ RunTime:0.000787s ]
SQL: SHOW COLUMNS FROM `lm_user` [ RunTime:0.002713s ]
NOTIC: [8] Undefined index: username D:\phpsite\lm\Admin\Lib\Action\LoginAction.class.php 第 13 行.
NOTIC: [8] Undefined index: userpwd D:\phpsite\lm\Admin\Lib\Action\LoginAction.class.php 第 13 行.
SQL: SELECT * FROM `lm_user` WHERE ( `username` = null ) AND ( `userpwd` = 'd41d8cd98f00b204e9800998ecf8427e' ) LIMIT 1   [ RunTime:0.000260s ]
INFO: [ view_parse ] --START--
INFO: ParseTemplate Behavior ::run [ RunTime:0.006892s ]
INFO: [ view_parse ] --END-- [ RunTime:0.006991s ]
INFO: [ view_filter ] --START--
INFO: ContentReplace Behavior ::run [ RunTime:0.000489s ]
INFO: TokenBuild Behavior ::run [ RunTime:0.000810s ]
INFO: WriteHtmlCache Behavior ::run [ RunTime:0.000434s ]
INFO: ShowRuntime Behavior ::run [ RunTime:0.000611s ]
INFO: [ view_filter ] --END-- [ RunTime:0.002599s ]
INFO: [ view_end ] --START--
INFO: ShowPageTrace Behavior ::run [ RunTime:0.000695s ]
INFO: [ view_end ] --END-- [ RunTime:0.000781s ]

[ 2014-04-10T10:38:33+08:00 ] 10.0.3.6 /lm/admin.php/Web/addolay
INFO: [ route_check ] --START--
INFO: CheckRoute Behavior ::run [ RunTime:0.000875s ]
INFO: [ route_check ] --END-- [ RunTime:0.000985s ]
INFO: [ app_begin ] --START--
INFO: ReadHtmlCache Behavior ::run [ RunTime:0.000617s ]
INFO: [ app_begin ] --END-- [ RunTime:0.000698s ]
NOTIC: [2048] Declaration of WebAction::show() should be compatible with Action::show($content, $charset = '', $contentType = '', $prefix = '') D:\phpsite\lm\Admin\Lib\Action\WebAction.class.php 第 2 行.

[ 2014-04-10T10:38:34+08:00 ] 10.0.3.6 /lm/admin.php/Login/login.html
INFO: [ route_check ] --START--
INFO: CheckRoute Behavior ::run [ RunTime:0.000714s ]
INFO: [ route_check ] --END-- [ RunTime:0.000802s ]
INFO: [ app_begin ] --START--
INFO: ReadHtmlCache Behavior ::run [ RunTime:0.000535s ]
INFO: [ app_begin ] --END-- [ RunTime:0.000606s ]
SQL: SHOW COLUMNS FROM `lm_user` [ RunTime:0.003294s ]
NOTIC: [8] Undefined index: username D:\phpsite\lm\Admin\Lib\Action\LoginAction.class.php 第 13 行.
NOTIC: [8] Undefined index: userpwd D:\phpsite\lm\Admin\Lib\Action\LoginAction.class.php 第 13 行.
SQL: SELECT * FROM `lm_user` WHERE ( `username` = null ) AND ( `userpwd` = 'd41d8cd98f00b204e9800998ecf8427e' ) LIMIT 1   [ RunTime:0.000215s ]
INFO: [ view_parse ] --START--
INFO: ParseTemplate Behavior ::run [ RunTime:0.006061s ]
INFO: [ view_parse ] --END-- [ RunTime:0.006147s ]
INFO: [ view_filter ] --START--
INFO: ContentReplace Behavior ::run [ RunTime:0.000474s ]
INFO: TokenBuild Behavior ::run [ RunTime:0.000549s ]
INFO: WriteHtmlCache Behavior ::run [ RunTime:0.000399s ]
INFO: ShowRuntime Behavior ::run [ RunTime:0.000609s ]
INFO: [ view_filter ] --END-- [ RunTime:0.002239s ]
INFO: [ view_end ] --START--
INFO: ShowPageTrace Behavior ::run [ RunTime:0.000668s ]
INFO: [ view_end ] --END-- [ RunTime:0.000740s ]

[ 2014-04-10T10:39:03+08:00 ] 10.0.3.6 /lm/admin.php/Web/olay
INFO: [ route_check ] --START--
INFO: CheckRoute Behavior ::run [ RunTime:0.001046s ]
INFO: [ route_check ] --END-- [ RunTime:0.001169s ]
INFO: [ app_begin ] --START--
INFO: ReadHtmlCache Behavior ::run [ RunTime:0.000745s ]
INFO: [ app_begin ] --END-- [ RunTime:0.000843s ]
NOTIC: [2048] Declaration of WebAction::show() should be compatible with Action::show($content, $charset = '', $contentType = '', $prefix = '') D:\phpsite\lm\Admin\Lib\Action\WebAction.class.php 第 2 行.

[ 2014-04-10T10:39:04+08:00 ] 10.0.3.6 /lm/admin.php/Login/index.html
INFO: [ route_check ] --START--
INFO: CheckRoute Behavior ::run [ RunTime:0.001268s ]
INFO: [ route_check ] --END-- [ RunTime:0.001453s ]
INFO: [ app_begin ] --START--
INFO: ReadHtmlCache Behavior ::run [ RunTime:0.000931s ]
INFO: [ app_begin ] --END-- [ RunTime:0.001057s ]
INFO: [ view_parse ] --START--
INFO: ParseTemplate Behavior ::run [ RunTime:0.010954s ]
INFO: [ view_parse ] --END-- [ RunTime:0.011104s ]
INFO: [ view_filter ] --START--
INFO: ContentReplace Behavior ::run [ RunTime:0.000901s ]
INFO: TokenBuild Behavior ::run [ RunTime:0.000855s ]
INFO: WriteHtmlCache Behavior ::run [ RunTime:0.000619s ]
INFO: ShowRuntime Behavior ::run [ RunTime:0.000857s ]
INFO: [ view_filter ] --END-- [ RunTime:0.003641s ]
INFO: [ view_end ] --START--
INFO: ShowPageTrace Behavior ::run [ RunTime:0.000986s ]
INFO: [ view_end ] --END-- [ RunTime:0.001110s ]

[ 2014-04-10T10:39:11+08:00 ] 10.0.3.6 /lm/admin.php/Login/login
INFO: [ route_check ] --START--
INFO: CheckRoute Behavior ::run [ RunTime:0.000816s ]
INFO: [ route_check ] --END-- [ RunTime:0.000942s ]
INFO: [ app_begin ] --START--
INFO: ReadHtmlCache Behavior ::run [ RunTime:0.000758s ]
INFO: [ app_begin ] --END-- [ RunTime:0.000846s ]
SQL: SHOW COLUMNS FROM `lm_user` [ RunTime:0.002825s ]
SQL: SELECT * FROM `lm_user` WHERE ( `username` = 'admin' ) AND ( `userpwd` = '21232f297a57a5a743894a0e4a801fc3' ) LIMIT 1   [ RunTime:0.000281s ]
NOTIC: [8] A session had already been started - ignoring session_start() D:\phpsite\lm\Admin\Lib\Action\LoginAction.class.php 第 15 行.
INFO: [ view_parse ] --START--
INFO: ParseTemplate Behavior ::run [ RunTime:0.006563s ]
INFO: [ view_parse ] --END-- [ RunTime:0.006651s ]
INFO: [ view_filter ] --START--
INFO: ContentReplace Behavior ::run [ RunTime:0.000512s ]
INFO: TokenBuild Behavior ::run [ RunTime:0.000462s ]
INFO: WriteHtmlCache Behavior ::run [ RunTime:0.000355s ]
INFO: ShowRuntime Behavior ::run [ RunTime:0.000594s ]
INFO: [ view_filter ] --END-- [ RunTime:0.002136s ]
INFO: [ view_end ] --START--
INFO: ShowPageTrace Behavior ::run [ RunTime:0.000562s ]
INFO: [ view_end ] --END-- [ RunTime:0.000629s ]

[ 2014-04-10T10:39:12+08:00 ] 10.0.3.6 /lm/admin.php/Index/index
INFO: [ route_check ] --START--
INFO: CheckRoute Behavior ::run [ RunTime:0.002016s ]
INFO: [ route_check ] --END-- [ RunTime:0.002132s ]
INFO: [ app_begin ] --START--
INFO: ReadHtmlCache Behavior ::run [ RunTime:0.000650s ]
INFO: [ app_begin ] --END-- [ RunTime:0.000735s ]
INFO: [ view_parse ] --START--
NOTIC: [8] Undefined variable: stat D:\phpsite\lm\Admin\Runtime\Cache\20eabf8d43f497715f3e1a7ec1a2f00f.php 第 131 行.
NOTIC: [8] Undefined variable: stat D:\phpsite\lm\Admin\Runtime\Cache\20eabf8d43f497715f3e1a7ec1a2f00f.php 第 139 行.
NOTIC: [8] Undefined variable: stat D:\phpsite\lm\Admin\Runtime\Cache\20eabf8d43f497715f3e1a7ec1a2f00f.php 第 147 行.
NOTIC: [8] Undefined variable: stat D:\phpsite\lm\Admin\Runtime\Cache\20eabf8d43f497715f3e1a7ec1a2f00f.php 第 171 行.
NOTIC: [8] Undefined variable: stat D:\phpsite\lm\Admin\Runtime\Cache\20eabf8d43f497715f3e1a7ec1a2f00f.php 第 172 行.
NOTIC: [8] Undefined variable: stat D:\phpsite\lm\Admin\Runtime\Cache\20eabf8d43f497715f3e1a7ec1a2f00f.php 第 174 行.
NOTIC: [8] Undefined variable: stat D:\phpsite\lm\Admin\Runtime\Cache\20eabf8d43f497715f3e1a7ec1a2f00f.php 第 175 行.
NOTIC: [8] Undefined variable: stat D:\phpsite\lm\Admin\Runtime\Cache\20eabf8d43f497715f3e1a7ec1a2f00f.php 第 176 行.
NOTIC: [8] Undefined variable: log D:\phpsite\lm\Admin\Runtime\Cache\20eabf8d43f497715f3e1a7ec1a2f00f.php 第 197 行.
NOTIC: [8] Undefined variable: sysinfo D:\phpsite\lm\Admin\Runtime\Cache\20eabf8d43f497715f3e1a7ec1a2f00f.php 第 213 行.
NOTIC: [8] Undefined variable: sysinfo D:\phpsite\lm\Admin\Runtime\Cache\20eabf8d43f497715f3e1a7ec1a2f00f.php 第 213 行.
NOTIC: [8] Undefined variable: sysinfo D:\phpsite\lm\Admin\Runtime\Cache\20eabf8d43f497715f3e1a7ec1a2f00f.php 第 217 行.
NOTIC: [8] Undefined variable: sysinfo D:\phpsite\lm\Admin\Runtime\Cache\20eabf8d43f497715f3e1a7ec1a2f00f.php 第 221 行.
INFO: ParseTemplate Behavior ::run [ RunTime:0.013378s ]
INFO: [ view_parse ] --END-- [ RunTime:0.013471s ]
INFO: [ view_filter ] --START--
INFO: ContentReplace Behavior ::run [ RunTime:0.000706s ]
INFO: TokenBuild Behavior ::run [ RunTime:0.000560s ]
INFO: WriteHtmlCache Behavior ::run [ RunTime:0.000400s ]
INFO: ShowRuntime Behavior ::run [ RunTime:0.000598s ]
INFO: [ view_filter ] --END-- [ RunTime:0.002491s ]
INFO: [ view_end ] --START--
INFO: ShowPageTrace Behavior ::run [ RunTime:0.000637s ]
INFO: [ view_end ] --END-- [ RunTime:0.000717s ]

[ 2014-04-10T10:39:14+08:00 ] 10.0.3.6 /lm/admin.php/Index/index
INFO: [ route_check ] --START--
INFO: CheckRoute Behavior ::run [ RunTime:0.001365s ]
INFO: [ route_check ] --END-- [ RunTime:0.001548s ]
INFO: [ app_begin ] --START--
INFO: ReadHtmlCache Behavior ::run [ RunTime:0.001077s ]
INFO: [ app_begin ] --END-- [ RunTime:0.001231s ]
INFO: [ view_parse ] --START--
NOTIC: [8] Undefined variable: stat D:\phpsite\lm\Admin\Runtime\Cache\20eabf8d43f497715f3e1a7ec1a2f00f.php 第 131 行.
NOTIC: [8] Undefined variable: stat D:\phpsite\lm\Admin\Runtime\Cache\20eabf8d43f497715f3e1a7ec1a2f00f.php 第 139 行.
NOTIC: [8] Undefined variable: stat D:\phpsite\lm\Admin\Runtime\Cache\20eabf8d43f497715f3e1a7ec1a2f00f.php 第 147 行.
NOTIC: [8] Undefined variable: stat D:\phpsite\lm\Admin\Runtime\Cache\20eabf8d43f497715f3e1a7ec1a2f00f.php 第 171 行.
NOTIC: [8] Undefined variable: stat D:\phpsite\lm\Admin\Runtime\Cache\20eabf8d43f497715f3e1a7ec1a2f00f.php 第 172 行.
NOTIC: [8] Undefined variable: stat D:\phpsite\lm\Admin\Runtime\Cache\20eabf8d43f497715f3e1a7ec1a2f00f.php 第 174 行.
NOTIC: [8] Undefined variable: stat D:\phpsite\lm\Admin\Runtime\Cache\20eabf8d43f497715f3e1a7ec1a2f00f.php 第 175 行.
NOTIC: [8] Undefined variable: stat D:\phpsite\lm\Admin\Runtime\Cache\20eabf8d43f497715f3e1a7ec1a2f00f.php 第 176 行.
NOTIC: [8] Undefined variable: log D:\phpsite\lm\Admin\Runtime\Cache\20eabf8d43f497715f3e1a7ec1a2f00f.php 第 197 行.
NOTIC: [8] Undefined variable: sysinfo D:\phpsite\lm\Admin\Runtime\Cache\20eabf8d43f497715f3e1a7ec1a2f00f.php 第 213 行.
NOTIC: [8] Undefined variable: sysinfo D:\phpsite\lm\Admin\Runtime\Cache\20eabf8d43f497715f3e1a7ec1a2f00f.php 第 213 行.
NOTIC: [8] Undefined variable: sysinfo D:\phpsite\lm\Admin\Runtime\Cache\20eabf8d43f497715f3e1a7ec1a2f00f.php 第 217 行.
NOTIC: [8] Undefined variable: sysinfo D:\phpsite\lm\Admin\Runtime\Cache\20eabf8d43f497715f3e1a7ec1a2f00f.php 第 221 行.
INFO: ParseTemplate Behavior ::run [ RunTime:0.012475s ]
INFO: [ view_parse ] --END-- [ RunTime:0.012562s ]
INFO: [ view_filter ] --START--
INFO: ContentReplace Behavior ::run [ RunTime:0.000534s ]
INFO: TokenBuild Behavior ::run [ RunTime:0.000419s ]
INFO: WriteHtmlCache Behavior ::run [ RunTime:0.000317s ]
INFO: ShowRuntime Behavior ::run [ RunTime:0.000490s ]
INFO: [ view_filter ] --END-- [ RunTime:0.001947s ]
INFO: [ view_end ] --START--
INFO: ShowPageTrace Behavior ::run [ RunTime:0.000525s ]
INFO: [ view_end ] --END-- [ RunTime:0.000592s ]

[ 2014-04-10T10:39:15+08:00 ] 10.0.3.6 /lm/admin.php/Index/index
INFO: [ route_check ] --START--
INFO: CheckRoute Behavior ::run [ RunTime:0.000654s ]
INFO: [ route_check ] --END-- [ RunTime:0.000742s ]
INFO: [ app_begin ] --START--
INFO: ReadHtmlCache Behavior ::run [ RunTime:0.000508s ]
INFO: [ app_begin ] --END-- [ RunTime:0.000578s ]
INFO: [ view_parse ] --START--
NOTIC: [8] Undefined variable: stat D:\phpsite\lm\Admin\Runtime\Cache\20eabf8d43f497715f3e1a7ec1a2f00f.php 第 131 行.
NOTIC: [8] Undefined variable: stat D:\phpsite\lm\Admin\Runtime\Cache\20eabf8d43f497715f3e1a7ec1a2f00f.php 第 139 行.
NOTIC: [8] Undefined variable: stat D:\phpsite\lm\Admin\Runtime\Cache\20eabf8d43f497715f3e1a7ec1a2f00f.php 第 147 行.
NOTIC: [8] Undefined variable: stat D:\phpsite\lm\Admin\Runtime\Cache\20eabf8d43f497715f3e1a7ec1a2f00f.php 第 171 行.
NOTIC: [8] Undefined variable: stat D:\phpsite\lm\Admin\Runtime\Cache\20eabf8d43f497715f3e1a7ec1a2f00f.php 第 172 行.
NOTIC: [8] Undefined variable: stat D:\phpsite\lm\Admin\Runtime\Cache\20eabf8d43f497715f3e1a7ec1a2f00f.php 第 174 行.
NOTIC: [8] Undefined variable: stat D:\phpsite\lm\Admin\Runtime\Cache\20eabf8d43f497715f3e1a7ec1a2f00f.php 第 175 行.
NOTIC: [8] Undefined variable: stat D:\phpsite\lm\Admin\Runtime\Cache\20eabf8d43f497715f3e1a7ec1a2f00f.php 第 176 行.
NOTIC: [8] Undefined variable: log D:\phpsite\lm\Admin\Runtime\Cache\20eabf8d43f497715f3e1a7ec1a2f00f.php 第 197 行.
NOTIC: [8] Undefined variable: sysinfo D:\phpsite\lm\Admin\Runtime\Cache\20eabf8d43f497715f3e1a7ec1a2f00f.php 第 213 行.
NOTIC: [8] Undefined variable: sysinfo D:\phpsite\lm\Admin\Runtime\Cache\20eabf8d43f497715f3e1a7ec1a2f00f.php 第 213 行.
NOTIC: [8] Undefined variable: sysinfo D:\phpsite\lm\Admin\Runtime\Cache\20eabf8d43f497715f3e1a7ec1a2f00f.php 第 217 行.
NOTIC: [8] Undefined variable: sysinfo D:\phpsite\lm\Admin\Runtime\Cache\20eabf8d43f497715f3e1a7ec1a2f00f.php 第 221 行.
INFO: ParseTemplate Behavior ::run [ RunTime:0.011183s ]
INFO: [ view_parse ] --END-- [ RunTime:0.011259s ]
INFO: [ view_filter ] --START--
INFO: ContentReplace Behavior ::run [ RunTime:0.000529s ]
INFO: TokenBuild Behavior ::run [ RunTime:0.000443s ]
INFO: WriteHtmlCache Behavior ::run [ RunTime:0.000326s ]
INFO: ShowRuntime Behavior ::run [ RunTime:0.000484s ]
INFO: [ view_filter ] --END-- [ RunTime:0.001961s ]
INFO: [ view_end ] --START--
INFO: ShowPageTrace Behavior ::run [ RunTime:0.000518s ]
INFO: [ view_end ] --END-- [ RunTime:0.000582s ]

[ 2014-04-10T10:40:57+08:00 ] 10.0.3.6 /lm/admin.php/Index/index
INFO: [ route_check ] --START--
INFO: CheckRoute Behavior ::run [ RunTime:0.000854s ]
INFO: [ route_check ] --END-- [ RunTime:0.000966s ]
INFO: [ app_begin ] --START--
INFO: ReadHtmlCache Behavior ::run [ RunTime:0.000679s ]
INFO: [ app_begin ] --END-- [ RunTime:0.000770s ]
INFO: [ view_parse ] --START--
NOTIC: [8] Undefined variable: stat D:\phpsite\lm\Admin\Runtime\Cache\20eabf8d43f497715f3e1a7ec1a2f00f.php 第 131 行.
NOTIC: [8] Undefined variable: stat D:\phpsite\lm\Admin\Runtime\Cache\20eabf8d43f497715f3e1a7ec1a2f00f.php 第 139 行.
NOTIC: [8] Undefined variable: stat D:\phpsite\lm\Admin\Runtime\Cache\20eabf8d43f497715f3e1a7ec1a2f00f.php 第 147 行.
NOTIC: [8] Undefined variable: stat D:\phpsite\lm\Admin\Runtime\Cache\20eabf8d43f497715f3e1a7ec1a2f00f.php 第 171 行.
NOTIC: [8] Undefined variable: stat D:\phpsite\lm\Admin\Runtime\Cache\20eabf8d43f497715f3e1a7ec1a2f00f.php 第 172 行.
NOTIC: [8] Undefined variable: stat D:\phpsite\lm\Admin\Runtime\Cache\20eabf8d43f497715f3e1a7ec1a2f00f.php 第 174 行.
NOTIC: [8] Undefined variable: stat D:\phpsite\lm\Admin\Runtime\Cache\20eabf8d43f497715f3e1a7ec1a2f00f.php 第 175 行.
NOTIC: [8] Undefined variable: stat D:\phpsite\lm\Admin\Runtime\Cache\20eabf8d43f497715f3e1a7ec1a2f00f.php 第 176 行.
NOTIC: [8] Undefined variable: log D:\phpsite\lm\Admin\Runtime\Cache\20eabf8d43f497715f3e1a7ec1a2f00f.php 第 197 行.
NOTIC: [8] Undefined variable: sysinfo D:\phpsite\lm\Admin\Runtime\Cache\20eabf8d43f497715f3e1a7ec1a2f00f.php 第 213 行.
NOTIC: [8] Undefined variable: sysinfo D:\phpsite\lm\Admin\Runtime\Cache\20eabf8d43f497715f3e1a7ec1a2f00f.php 第 213 行.
NOTIC: [8] Undefined variable: sysinfo D:\phpsite\lm\Admin\Runtime\Cache\20eabf8d43f497715f3e1a7ec1a2f00f.php 第 217 行.
NOTIC: [8] Undefined variable: sysinfo D:\phpsite\lm\Admin\Runtime\Cache\20eabf8d43f497715f3e1a7ec1a2f00f.php 第 221 行.
INFO: ParseTemplate Behavior ::run [ RunTime:0.013832s ]
INFO: [ view_parse ] --END-- [ RunTime:0.013944s ]
INFO: [ view_filter ] --START--
INFO: ContentReplace Behavior ::run [ RunTime:0.000599s ]
INFO: TokenBuild Behavior ::run [ RunTime:0.000529s ]
INFO: WriteHtmlCache Behavior ::run [ RunTime:0.000398s ]
INFO: ShowRuntime Behavior ::run [ RunTime:0.000545s ]
INFO: [ view_filter ] --END-- [ RunTime:0.002273s ]
INFO: [ view_end ] --START--
INFO: ShowPageTrace Behavior ::run [ RunTime:0.000578s ]
INFO: [ view_end ] --END-- [ RunTime:0.000647s ]

[ 2014-04-10T10:41:01+08:00 ] 10.0.3.6 /lm/admin.php/Index/index
INFO: [ route_check ] --START--
INFO: CheckRoute Behavior ::run [ RunTime:0.000806s ]
INFO: [ route_check ] --END-- [ RunTime:0.000940s ]
INFO: [ app_begin ] --START--
INFO: ReadHtmlCache Behavior ::run [ RunTime:0.000634s ]
INFO: [ app_begin ] --END-- [ RunTime:0.000736s ]

[ 2014-04-10T10:41:02+08:00 ] 10.0.3.6 /lm/admin.php/Login/index.html
INFO: [ route_check ] --START--
INFO: CheckRoute Behavior ::run [ RunTime:0.000706s ]
INFO: [ route_check ] --END-- [ RunTime:0.000804s ]
INFO: [ app_begin ] --START--
INFO: ReadHtmlCache Behavior ::run [ RunTime:0.000544s ]
INFO: [ app_begin ] --END-- [ RunTime:0.000615s ]
INFO: [ view_parse ] --START--
INFO: ParseTemplate Behavior ::run [ RunTime:0.005819s ]
INFO: [ view_parse ] --END-- [ RunTime:0.005918s ]
INFO: [ view_filter ] --START--
INFO: ContentReplace Behavior ::run [ RunTime:0.000439s ]
INFO: TokenBuild Behavior ::run [ RunTime:0.000442s ]
INFO: WriteHtmlCache Behavior ::run [ RunTime:0.000342s ]
INFO: ShowRuntime Behavior ::run [ RunTime:0.000540s ]
INFO: [ view_filter ] --END-- [ RunTime:0.001976s ]
INFO: [ view_end ] --START--
INFO: ShowPageTrace Behavior ::run [ RunTime:0.000572s ]
INFO: [ view_end ] --END-- [ RunTime:0.000640s ]

[ 2014-04-10T10:41:25+08:00 ] 10.0.3.6 /lm/admin.php/Login/index.html
INFO: [ route_check ] --START--
INFO: CheckRoute Behavior ::run [ RunTime:0.000739s ]
INFO: [ route_check ] --END-- [ RunTime:0.000841s ]
INFO: [ app_begin ] --START--
INFO: ReadHtmlCache Behavior ::run [ RunTime:0.000568s ]
INFO: [ app_begin ] --END-- [ RunTime:0.000643s ]
INFO: [ view_parse ] --START--
INFO: ParseTemplate Behavior ::run [ RunTime:0.006396s ]
INFO: [ view_parse ] --END-- [ RunTime:0.006498s ]
INFO: [ view_filter ] --START--
INFO: ContentReplace Behavior ::run [ RunTime:0.000474s ]
INFO: TokenBuild Behavior ::run [ RunTime:0.000464s ]
INFO: WriteHtmlCache Behavior ::run [ RunTime:0.000350s ]
INFO: ShowRuntime Behavior ::run [ RunTime:0.000857s ]
INFO: [ view_filter ] --END-- [ RunTime:0.002366s ]
INFO: [ view_end ] --START--
INFO: ShowPageTrace Behavior ::run [ RunTime:0.000705s ]
INFO: [ view_end ] --END-- [ RunTime:0.000801s ]

[ 2014-04-10T10:41:31+08:00 ] 10.0.3.6 /lm/admin.php/Login/login
INFO: [ route_check ] --START--
INFO: CheckRoute Behavior ::run [ RunTime:0.000777s ]
INFO: [ route_check ] --END-- [ RunTime:0.000882s ]
INFO: [ app_begin ] --START--
INFO: ReadHtmlCache Behavior ::run [ RunTime:0.000592s ]
INFO: [ app_begin ] --END-- [ RunTime:0.000672s ]
SQL: SHOW COLUMNS FROM `lm_user` [ RunTime:0.003075s ]
SQL: SELECT * FROM `lm_user` WHERE ( `username` = 'admin' ) AND ( `userpwd` = '21232f297a57a5a743894a0e4a801fc3' ) LIMIT 1   [ RunTime:0.000287s ]
NOTIC: [8] A session had already been started - ignoring session_start() D:\phpsite\lm\Admin\Lib\Action\LoginAction.class.php 第 15 行.
NOTIC: [8] A session had already been started - ignoring session_start() D:\phpsite\lm\ThinkPHP\Common\functions.php 第 566 行.
INFO: [ view_parse ] --START--
INFO: ParseTemplate Behavior ::run [ RunTime:0.006195s ]
INFO: [ view_parse ] --END-- [ RunTime:0.006285s ]
INFO: [ view_filter ] --START--
INFO: ContentReplace Behavior ::run [ RunTime:0.000463s ]
INFO: TokenBuild Behavior ::run [ RunTime:0.000468s ]
INFO: WriteHtmlCache Behavior ::run [ RunTime:0.000353s ]
INFO: ShowRuntime Behavior ::run [ RunTime:0.000599s ]
INFO: [ view_filter ] --END-- [ RunTime:0.002079s ]
INFO: [ view_end ] --START--
INFO: ShowPageTrace Behavior ::run [ RunTime:0.000607s ]
INFO: [ view_end ] --END-- [ RunTime:0.000678s ]

[ 2014-04-10T10:41:32+08:00 ] 10.0.3.6 /lm/admin.php/Index/index
INFO: [ route_check ] --START--
INFO: CheckRoute Behavior ::run [ RunTime:0.000726s ]
INFO: [ route_check ] --END-- [ RunTime:0.000815s ]
INFO: [ app_begin ] --START--
INFO: ReadHtmlCache Behavior ::run [ RunTime:0.000507s ]
INFO: [ app_begin ] --END-- [ RunTime:0.000575s ]

[ 2014-04-10T10:41:33+08:00 ] 10.0.3.6 /lm/admin.php/Login/index.html
INFO: [ route_check ] --START--
INFO: CheckRoute Behavior ::run [ RunTime:0.001434s ]
INFO: [ route_check ] --END-- [ RunTime:0.001614s ]
INFO: [ app_begin ] --START--
INFO: ReadHtmlCache Behavior ::run [ RunTime:0.001129s ]
INFO: [ app_begin ] --END-- [ RunTime:0.001278s ]
INFO: [ view_parse ] --START--
INFO: ParseTemplate Behavior ::run [ RunTime:0.006563s ]
INFO: [ view_parse ] --END-- [ RunTime:0.006668s ]
INFO: [ view_filter ] --START--
INFO: ContentReplace Behavior ::run [ RunTime:0.000503s ]
INFO: TokenBuild Behavior ::run [ RunTime:0.000457s ]
INFO: WriteHtmlCache Behavior ::run [ RunTime:0.000355s ]
INFO: ShowRuntime Behavior ::run [ RunTime:0.000477s ]
INFO: [ view_filter ] --END-- [ RunTime:0.001992s ]
INFO: [ view_end ] --START--
INFO: ShowPageTrace Behavior ::run [ RunTime:0.000636s ]
INFO: [ view_end ] --END-- [ RunTime:0.000726s ]

[ 2014-04-10T10:41:40+08:00 ] 10.0.3.6 /lm/admin.php/Login/login
INFO: [ route_check ] --START--
INFO: CheckRoute Behavior ::run [ RunTime:0.000803s ]
INFO: [ route_check ] --END-- [ RunTime:0.000936s ]
INFO: [ app_begin ] --START--
INFO: ReadHtmlCache Behavior ::run [ RunTime:0.000648s ]
INFO: [ app_begin ] --END-- [ RunTime:0.000736s ]
SQL: SHOW COLUMNS FROM `lm_user` [ RunTime:0.003704s ]
SQL: SELECT * FROM `lm_user` WHERE ( `username` = 'admin' ) AND ( `userpwd` = '21232f297a57a5a743894a0e4a801fc3' ) LIMIT 1   [ RunTime:0.000277s ]
NOTIC: [8] A session had already been started - ignoring session_start() D:\phpsite\lm\Admin\Lib\Action\LoginAction.class.php 第 15 行.
NOTIC: [8] A session had already been started - ignoring session_start() D:\phpsite\lm\ThinkPHP\Common\functions.php 第 566 行.
INFO: [ view_parse ] --START--
INFO: ParseTemplate Behavior ::run [ RunTime:0.006577s ]
INFO: [ view_parse ] --END-- [ RunTime:0.006676s ]
INFO: [ view_filter ] --START--
INFO: ContentReplace Behavior ::run [ RunTime:0.000475s ]
INFO: TokenBuild Behavior ::run [ RunTime:0.000447s ]
INFO: WriteHtmlCache Behavior ::run [ RunTime:0.000358s ]
INFO: ShowRuntime Behavior ::run [ RunTime:0.000533s ]
INFO: [ view_filter ] --END-- [ RunTime:0.002040s ]
INFO: [ view_end ] --START--
INFO: ShowPageTrace Behavior ::run [ RunTime:0.000727s ]
INFO: [ view_end ] --END-- [ RunTime:0.000806s ]

[ 2014-04-10T10:41:41+08:00 ] 10.0.3.6 /lm/admin.php/Index/index
INFO: [ route_check ] --START--
INFO: CheckRoute Behavior ::run [ RunTime:0.000681s ]
INFO: [ route_check ] --END-- [ RunTime:0.000771s ]
INFO: [ app_begin ] --START--
INFO: ReadHtmlCache Behavior ::run [ RunTime:0.000751s ]
INFO: [ app_begin ] --END-- [ RunTime:0.000844s ]

[ 2014-04-10T10:41:42+08:00 ] 10.0.3.6 /lm/admin.php/Login/index.html
INFO: [ route_check ] --START--
INFO: CheckRoute Behavior ::run [ RunTime:0.000721s ]
INFO: [ route_check ] --END-- [ RunTime:0.000816s ]
INFO: [ app_begin ] --START--
INFO: ReadHtmlCache Behavior ::run [ RunTime:0.000588s ]
INFO: [ app_begin ] --END-- [ RunTime:0.000665s ]
INFO: [ view_parse ] --START--
INFO: ParseTemplate Behavior ::run [ RunTime:0.006233s ]
INFO: [ view_parse ] --END-- [ RunTime:0.006322s ]
INFO: [ view_filter ] --START--
INFO: ContentReplace Behavior ::run [ RunTime:0.000493s ]
INFO: TokenBuild Behavior ::run [ RunTime:0.000438s ]
INFO: WriteHtmlCache Behavior ::run [ RunTime:0.000358s ]
INFO: ShowRuntime Behavior ::run [ RunTime:0.000718s ]
INFO: [ view_filter ] --END-- [ RunTime:0.002292s ]
INFO: [ view_end ] --START--
INFO: ShowPageTrace Behavior ::run [ RunTime:0.000645s ]
INFO: [ view_end ] --END-- [ RunTime:0.000734s ]

[ 2014-04-10T10:45:00+08:00 ] 10.0.3.6 /lm/admin.php/Login/index.html
INFO: [ route_check ] --START--
INFO: CheckRoute Behavior ::run [ RunTime:0.000755s ]
INFO: [ route_check ] --END-- [ RunTime:0.000870s ]
INFO: [ app_begin ] --START--
INFO: ReadHtmlCache Behavior ::run [ RunTime:0.000609s ]
INFO: [ app_begin ] --END-- [ RunTime:0.000683s ]
INFO: [ view_parse ] --START--
INFO: ParseTemplate Behavior ::run [ RunTime:0.007286s ]
INFO: [ view_parse ] --END-- [ RunTime:0.007393s ]
INFO: [ view_filter ] --START--
INFO: ContentReplace Behavior ::run [ RunTime:0.000708s ]
INFO: TokenBuild Behavior ::run [ RunTime:0.000467s ]
INFO: WriteHtmlCache Behavior ::run [ RunTime:0.000385s ]
INFO: ShowRuntime Behavior ::run [ RunTime:0.000538s ]
INFO: [ view_filter ] --END-- [ RunTime:0.002326s ]
INFO: [ view_end ] --START--
INFO: ShowPageTrace Behavior ::run [ RunTime:0.000765s ]
INFO: [ view_end ] --END-- [ RunTime:0.000839s ]

[ 2014-04-10T10:45:04+08:00 ] 10.0.3.6 /lm/admin.php/Login/login
INFO: [ route_check ] --START--
INFO: CheckRoute Behavior ::run [ RunTime:0.000759s ]
INFO: [ route_check ] --END-- [ RunTime:0.000867s ]
INFO: [ app_begin ] --START--
INFO: ReadHtmlCache Behavior ::run [ RunTime:0.000609s ]
INFO: [ app_begin ] --END-- [ RunTime:0.000689s ]
SQL: SHOW COLUMNS FROM `lm_user` [ RunTime:0.003494s ]
SQL: SELECT * FROM `lm_user` WHERE ( `username` = 'admin' ) AND ( `userpwd` = '21232f297a57a5a743894a0e4a801fc3' ) LIMIT 1   [ RunTime:0.000226s ]
NOTIC: [8] A session had already been started - ignoring session_start() D:\phpsite\lm\Admin\Lib\Action\LoginAction.class.php 第 15 行.
INFO: [ view_parse ] --START--
INFO: ParseTemplate Behavior ::run [ RunTime:0.006912s ]
INFO: [ view_parse ] --END-- [ RunTime:0.007012s ]
INFO: [ view_filter ] --START--
INFO: ContentReplace Behavior ::run [ RunTime:0.000480s ]
INFO: TokenBuild Behavior ::run [ RunTime:0.000499s ]
INFO: WriteHtmlCache Behavior ::run [ RunTime:0.000377s ]
INFO: ShowRuntime Behavior ::run [ RunTime:0.000554s ]
INFO: [ view_filter ] --END-- [ RunTime:0.002129s ]
INFO: [ view_end ] --START--
INFO: ShowPageTrace Behavior ::run [ RunTime:0.000684s ]
INFO: [ view_end ] --END-- [ RunTime:0.000762s ]

[ 2014-04-10T10:45:05+08:00 ] 10.0.3.6 /lm/admin.php/Index/index
INFO: [ route_check ] --START--
INFO: CheckRoute Behavior ::run [ RunTime:0.000723s ]
INFO: [ route_check ] --END-- [ RunTime:0.000818s ]
INFO: [ app_begin ] --START--
INFO: ReadHtmlCache Behavior ::run [ RunTime:0.000604s ]
INFO: [ app_begin ] --END-- [ RunTime:0.000675s ]
INFO: [ view_parse ] --START--
NOTIC: [8] Undefined variable: stat D:\phpsite\lm\Admin\Runtime\Cache\20eabf8d43f497715f3e1a7ec1a2f00f.php 第 131 行.
NOTIC: [8] Undefined variable: stat D:\phpsite\lm\Admin\Runtime\Cache\20eabf8d43f497715f3e1a7ec1a2f00f.php 第 139 行.
NOTIC: [8] Undefined variable: stat D:\phpsite\lm\Admin\Runtime\Cache\20eabf8d43f497715f3e1a7ec1a2f00f.php 第 147 行.
NOTIC: [8] Undefined variable: stat D:\phpsite\lm\Admin\Runtime\Cache\20eabf8d43f497715f3e1a7ec1a2f00f.php 第 171 行.
NOTIC: [8] Undefined variable: stat D:\phpsite\lm\Admin\Runtime\Cache\20eabf8d43f497715f3e1a7ec1a2f00f.php 第 172 行.
NOTIC: [8] Undefined variable: stat D:\phpsite\lm\Admin\Runtime\Cache\20eabf8d43f497715f3e1a7ec1a2f00f.php 第 174 行.
NOTIC: [8] Undefined variable: stat D:\phpsite\lm\Admin\Runtime\Cache\20eabf8d43f497715f3e1a7ec1a2f00f.php 第 175 行.
NOTIC: [8] Undefined variable: stat D:\phpsite\lm\Admin\Runtime\Cache\20eabf8d43f497715f3e1a7ec1a2f00f.php 第 176 行.
NOTIC: [8] Undefined variable: log D:\phpsite\lm\Admin\Runtime\Cache\20eabf8d43f497715f3e1a7ec1a2f00f.php 第 197 行.
NOTIC: [8] Undefined variable: sysinfo D:\phpsite\lm\Admin\Runtime\Cache\20eabf8d43f497715f3e1a7ec1a2f00f.php 第 213 行.
NOTIC: [8] Undefined variable: sysinfo D:\phpsite\lm\Admin\Runtime\Cache\20eabf8d43f497715f3e1a7ec1a2f00f.php 第 213 行.
NOTIC: [8] Undefined variable: sysinfo D:\phpsite\lm\Admin\Runtime\Cache\20eabf8d43f497715f3e1a7ec1a2f00f.php 第 217 行.
NOTIC: [8] Undefined variable: sysinfo D:\phpsite\lm\Admin\Runtime\Cache\20eabf8d43f497715f3e1a7ec1a2f00f.php 第 221 行.
INFO: ParseTemplate Behavior ::run [ RunTime:0.011039s ]
INFO: [ view_parse ] --END-- [ RunTime:0.011117s ]
INFO: [ view_filter ] --START--
INFO: ContentReplace Behavior ::run [ RunTime:0.000575s ]
INFO: TokenBuild Behavior ::run [ RunTime:0.000782s ]
INFO: WriteHtmlCache Behavior ::run [ RunTime:0.000391s ]
INFO: ShowRuntime Behavior ::run [ RunTime:0.000582s ]
INFO: [ view_filter ] --END-- [ RunTime:0.002549s ]
INFO: [ view_end ] --START--
INFO: ShowPageTrace Behavior ::run [ RunTime:0.000597s ]
INFO: [ view_end ] --END-- [ RunTime:0.000667s ]

[ 2014-04-10T10:45:12+08:00 ] 10.0.3.6 /lm/admin.php/Login/logout
INFO: [ route_check ] --START--
INFO: CheckRoute Behavior ::run [ RunTime:0.000709s ]
INFO: [ route_check ] --END-- [ RunTime:0.000807s ]
INFO: [ app_begin ] --START--
INFO: ReadHtmlCache Behavior ::run [ RunTime:0.000566s ]
INFO: [ app_begin ] --END-- [ RunTime:0.000641s ]
ERR: 非法操作:logout

[ 2014-04-10T10:46:01+08:00 ] 10.0.3.6 /lm/admin.php/Login/logout
INFO: [ route_check ] --START--
INFO: CheckRoute Behavior ::run [ RunTime:0.001187s ]
INFO: [ route_check ] --END-- [ RunTime:0.001305s ]
INFO: [ app_begin ] --START--
INFO: ReadHtmlCache Behavior ::run [ RunTime:0.000647s ]
INFO: [ app_begin ] --END-- [ RunTime:0.000732s ]
INFO: [ view_parse ] --START--
INFO: ParseTemplate Behavior ::run [ RunTime:0.007356s ]
INFO: [ view_parse ] --END-- [ RunTime:0.007468s ]
INFO: [ view_filter ] --START--
INFO: ContentReplace Behavior ::run [ RunTime:0.000556s ]
INFO: TokenBuild Behavior ::run [ RunTime:0.000518s ]
INFO: WriteHtmlCache Behavior ::run [ RunTime:0.000431s ]
INFO: ShowRuntime Behavior ::run [ RunTime:0.000822s ]
INFO: [ view_filter ] --END-- [ RunTime:0.002585s ]
INFO: [ view_end ] --START--
INFO: ShowPageTrace Behavior ::run [ RunTime:0.000665s ]
INFO: [ view_end ] --END-- [ RunTime:0.000741s ]

[ 2014-04-10T10:46:05+08:00 ] 10.0.3.6 /lm/admin.php/Login/login
INFO: [ route_check ] --START--
INFO: CheckRoute Behavior ::run [ RunTime:0.000841s ]
INFO: [ route_check ] --END-- [ RunTime:0.000948s ]
INFO: [ app_begin ] --START--
INFO: ReadHtmlCache Behavior ::run [ RunTime:0.000683s ]
INFO: [ app_begin ] --END-- [ RunTime:0.000765s ]
SQL: SHOW COLUMNS FROM `lm_user` [ RunTime:0.003274s ]
SQL: SELECT * FROM `lm_user` WHERE ( `username` = 'admin' ) AND ( `userpwd` = '21232f297a57a5a743894a0e4a801fc3' ) LIMIT 1   [ RunTime:0.000338s ]
NOTIC: [8] A session had already been started - ignoring session_start() D:\phpsite\lm\Admin\Lib\Action\LoginAction.class.php 第 15 行.
INFO: [ view_parse ] --START--
INFO: ParseTemplate Behavior ::run [ RunTime:0.007855s ]
INFO: [ view_parse ] --END-- [ RunTime:0.007966s ]
INFO: [ view_filter ] --START--
INFO: ContentReplace Behavior ::run [ RunTime:0.000541s ]
INFO: TokenBuild Behavior ::run [ RunTime:0.000601s ]
INFO: WriteHtmlCache Behavior ::run [ RunTime:0.000399s ]
INFO: ShowRuntime Behavior ::run [ RunTime:0.000554s ]
INFO: [ view_filter ] --END-- [ RunTime:0.002373s ]
INFO: [ view_end ] --START--
INFO: ShowPageTrace Behavior ::run [ RunTime:0.000625s ]
INFO: [ view_end ] --END-- [ RunTime:0.000703s ]

[ 2014-04-10T10:46:06+08:00 ] 10.0.3.6 /lm/admin.php/Index/index
INFO: [ route_check ] --START--
INFO: CheckRoute Behavior ::run [ RunTime:0.000685s ]
INFO: [ route_check ] --END-- [ RunTime:0.000779s ]
INFO: [ app_begin ] --START--
INFO: ReadHtmlCache Behavior ::run [ RunTime:0.000520s ]
INFO: [ app_begin ] --END-- [ RunTime:0.000590s ]
INFO: [ view_parse ] --START--
NOTIC: [8] Undefined variable: stat D:\phpsite\lm\Admin\Runtime\Cache\20eabf8d43f497715f3e1a7ec1a2f00f.php 第 131 行.
NOTIC: [8] Undefined variable: stat D:\phpsite\lm\Admin\Runtime\Cache\20eabf8d43f497715f3e1a7ec1a2f00f.php 第 139 行.
NOTIC: [8] Undefined variable: stat D:\phpsite\lm\Admin\Runtime\Cache\20eabf8d43f497715f3e1a7ec1a2f00f.php 第 147 行.
NOTIC: [8] Undefined variable: stat D:\phpsite\lm\Admin\Runtime\Cache\20eabf8d43f497715f3e1a7ec1a2f00f.php 第 171 行.
NOTIC: [8] Undefined variable: stat D:\phpsite\lm\Admin\Runtime\Cache\20eabf8d43f497715f3e1a7ec1a2f00f.php 第 172 行.
NOTIC: [8] Undefined variable: stat D:\phpsite\lm\Admin\Runtime\Cache\20eabf8d43f497715f3e1a7ec1a2f00f.php 第 174 行.
NOTIC: [8] Undefined variable: stat D:\phpsite\lm\Admin\Runtime\Cache\20eabf8d43f497715f3e1a7ec1a2f00f.php 第 175 行.
NOTIC: [8] Undefined variable: stat D:\phpsite\lm\Admin\Runtime\Cache\20eabf8d43f497715f3e1a7ec1a2f00f.php 第 176 行.
NOTIC: [8] Undefined variable: log D:\phpsite\lm\Admin\Runtime\Cache\20eabf8d43f497715f3e1a7ec1a2f00f.php 第 197 行.
NOTIC: [8] Undefined variable: sysinfo D:\phpsite\lm\Admin\Runtime\Cache\20eabf8d43f497715f3e1a7ec1a2f00f.php 第 213 行.
NOTIC: [8] Undefined variable: sysinfo D:\phpsite\lm\Admin\Runtime\Cache\20eabf8d43f497715f3e1a7ec1a2f00f.php 第 213 行.
NOTIC: [8] Undefined variable: sysinfo D:\phpsite\lm\Admin\Runtime\Cache\20eabf8d43f497715f3e1a7ec1a2f00f.php 第 217 行.
NOTIC: [8] Undefined variable: sysinfo D:\phpsite\lm\Admin\Runtime\Cache\20eabf8d43f497715f3e1a7ec1a2f00f.php 第 221 行.
INFO: ParseTemplate Behavior ::run [ RunTime:0.012088s ]
INFO: [ view_parse ] --END-- [ RunTime:0.012180s ]
INFO: [ view_filter ] --START--
INFO: ContentReplace Behavior ::run [ RunTime:0.000635s ]
INFO: TokenBuild Behavior ::run [ RunTime:0.000469s ]
INFO: WriteHtmlCache Behavior ::run [ RunTime:0.000348s ]
INFO: ShowRuntime Behavior ::run [ RunTime:0.000520s ]
INFO: [ view_filter ] --END-- [ RunTime:0.002185s ]
INFO: [ view_end ] --START--
INFO: ShowPageTrace Behavior ::run [ RunTime:0.000560s ]
INFO: [ view_end ] --END-- [ RunTime:0.000633s ]

[ 2014-04-10T10:46:08+08:00 ] 10.0.3.6 /lm/admin.php/Login/logout
INFO: [ route_check ] --START--
INFO: CheckRoute Behavior ::run [ RunTime:0.000705s ]
INFO: [ route_check ] --END-- [ RunTime:0.000823s ]
INFO: [ app_begin ] --START--
INFO: ReadHtmlCache Behavior ::run [ RunTime:0.000576s ]
INFO: [ app_begin ] --END-- [ RunTime:0.000649s ]
INFO: [ view_parse ] --START--
INFO: ParseTemplate Behavior ::run [ RunTime:0.006272s ]
INFO: [ view_parse ] --END-- [ RunTime:0.006369s ]
INFO: [ view_filter ] --START--
INFO: ContentReplace Behavior ::run [ RunTime:0.000477s ]
INFO: TokenBuild Behavior ::run [ RunTime:0.000438s ]
INFO: WriteHtmlCache Behavior ::run [ RunTime:0.000429s ]
INFO: ShowRuntime Behavior ::run [ RunTime:0.000579s ]
INFO: [ view_filter ] --END-- [ RunTime:0.002123s ]
INFO: [ view_end ] --START--
INFO: ShowPageTrace Behavior ::run [ RunTime:0.000595s ]
INFO: [ view_end ] --END-- [ RunTime:0.000686s ]

[ 2014-04-10T10:46:11+08:00 ] 10.0.3.6 /lm/admin.php/Login/logout
INFO: [ route_check ] --START--
INFO: CheckRoute Behavior ::run [ RunTime:0.000713s ]
INFO: [ route_check ] --END-- [ RunTime:0.000810s ]
INFO: [ app_begin ] --START--
INFO: ReadHtmlCache Behavior ::run [ RunTime:0.000625s ]
INFO: [ app_begin ] --END-- [ RunTime:0.000703s ]
INFO: [ view_parse ] --START--
INFO: ParseTemplate Behavior ::run [ RunTime:0.006472s ]
INFO: [ view_parse ] --END-- [ RunTime:0.006591s ]
INFO: [ view_filter ] --START--
INFO: ContentReplace Behavior ::run [ RunTime:0.000539s ]
INFO: TokenBuild Behavior ::run [ RunTime:0.000473s ]
INFO: WriteHtmlCache Behavior ::run [ RunTime:0.000375s ]
INFO: ShowRuntime Behavior ::run [ RunTime:0.000522s ]
INFO: [ view_filter ] --END-- [ RunTime:0.002124s ]
INFO: [ view_end ] --START--
INFO: ShowPageTrace Behavior ::run [ RunTime:0.000602s ]
INFO: [ view_end ] --END-- [ RunTime:0.000677s ]

[ 2014-04-10T10:46:14+08:00 ] 10.0.3.6 /lm/admin.php/
INFO: [ route_check ] --START--
INFO: CheckRoute Behavior ::run [ RunTime:0.000716s ]
INFO: [ route_check ] --END-- [ RunTime:0.000814s ]
INFO: [ app_begin ] --START--
INFO: ReadHtmlCache Behavior ::run [ RunTime:0.000530s ]
INFO: [ app_begin ] --END-- [ RunTime:0.000599s ]

[ 2014-04-10T10:46:15+08:00 ] 10.0.3.6 /lm/admin.php/Login/index.html
INFO: [ route_check ] --START--
INFO: CheckRoute Behavior ::run [ RunTime:0.000733s ]
INFO: [ route_check ] --END-- [ RunTime:0.000836s ]
INFO: [ app_begin ] --START--
INFO: ReadHtmlCache Behavior ::run [ RunTime:0.000579s ]
INFO: [ app_begin ] --END-- [ RunTime:0.000656s ]
INFO: [ view_parse ] --START--
INFO: ParseTemplate Behavior ::run [ RunTime:0.007915s ]
INFO: [ view_parse ] --END-- [ RunTime:0.008015s ]
INFO: [ view_filter ] --START--
INFO: ContentReplace Behavior ::run [ RunTime:0.000503s ]
INFO: TokenBuild Behavior ::run [ RunTime:0.000476s ]
INFO: WriteHtmlCache Behavior ::run [ RunTime:0.000413s ]
INFO: ShowRuntime Behavior ::run [ RunTime:0.000586s ]
INFO: [ view_filter ] --END-- [ RunTime:0.002195s ]
INFO: [ view_end ] --START--
INFO: ShowPageTrace Behavior ::run [ RunTime:0.000613s ]
INFO: [ view_end ] --END-- [ RunTime:0.000688s ]

