[ 2014-04-01T14:14:13+08:00 ] 127.0.0.1 /longma/admin.php/
INFO: [ route_check ] --START--
INFO: CheckRoute Behavior ::run [ RunTime:0.005622s ]
INFO: [ route_check ] --END-- [ RunTime:0.005787s ]
INFO: [ app_begin ] --START--
INFO: ReadHtmlCache Behavior ::run [ RunTime:0.001901s ]
INFO: [ app_begin ] --END-- [ RunTime:0.002891s ]
INFO: [ view_parse ] --START--
NOTIC: [8] Undefined variable: stat C:\AppServ\www\longma\admin\Runtime\Cache\4c18d5952d0dbf1eedb8a1ec796fa788.php 第 131 行.
NOTIC: [8] Undefined variable: stat C:\AppServ\www\longma\admin\Runtime\Cache\4c18d5952d0dbf1eedb8a1ec796fa788.php 第 139 行.
NOTIC: [8] Undefined variable: stat C:\AppServ\www\longma\admin\Runtime\Cache\4c18d5952d0dbf1eedb8a1ec796fa788.php 第 147 行.
NOTIC: [8] Undefined variable: stat C:\AppServ\www\longma\admin\Runtime\Cache\4c18d5952d0dbf1eedb8a1ec796fa788.php 第 171 行.
NOTIC: [8] Undefined variable: stat C:\AppServ\www\longma\admin\Runtime\Cache\4c18d5952d0dbf1eedb8a1ec796fa788.php 第 172 行.
NOTIC: [8] Undefined variable: stat C:\AppServ\www\longma\admin\Runtime\Cache\4c18d5952d0dbf1eedb8a1ec796fa788.php 第 174 行.
NOTIC: [8] Undefined variable: stat C:\AppServ\www\longma\admin\Runtime\Cache\4c18d5952d0dbf1eedb8a1ec796fa788.php 第 175 行.
NOTIC: [8] Undefined variable: stat C:\AppServ\www\longma\admin\Runtime\Cache\4c18d5952d0dbf1eedb8a1ec796fa788.php 第 176 行.
NOTIC: [8] Undefined variable: log C:\AppServ\www\longma\admin\Runtime\Cache\4c18d5952d0dbf1eedb8a1ec796fa788.php 第 197 行.
NOTIC: [8] Undefined variable: sysinfo C:\AppServ\www\longma\admin\Runtime\Cache\4c18d5952d0dbf1eedb8a1ec796fa788.php 第 213 行.
NOTIC: [8] Undefined variable: sysinfo C:\AppServ\www\longma\admin\Runtime\Cache\4c18d5952d0dbf1eedb8a1ec796fa788.php 第 213 行.
NOTIC: [8] Undefined variable: sysinfo C:\AppServ\www\longma\admin\Runtime\Cache\4c18d5952d0dbf1eedb8a1ec796fa788.php 第 217 行.
NOTIC: [8] Undefined variable: sysinfo C:\AppServ\www\longma\admin\Runtime\Cache\4c18d5952d0dbf1eedb8a1ec796fa788.php 第 221 行.
INFO: ParseTemplate Behavior ::run [ RunTime:0.044595s ]
INFO: [ view_parse ] --END-- [ RunTime:0.044724s ]
INFO: [ view_filter ] --START--
INFO: ContentReplace Behavior ::run [ RunTime:0.004138s ]
INFO: TokenBuild Behavior ::run [ RunTime:0.003272s ]
INFO: WriteHtmlCache Behavior ::run [ RunTime:0.003722s ]
INFO: ShowRuntime Behavior ::run [ RunTime:0.003577s ]
INFO: [ view_filter ] --END-- [ RunTime:0.014953s ]
INFO: [ view_end ] --START--
INFO: ShowPageTrace Behavior ::run [ RunTime:0.004235s ]
INFO: [ view_end ] --END-- [ RunTime:0.004349s ]

[ 2014-04-01T14:14:18+08:00 ] 127.0.0.1 /longma/admin.php/Web/casel
INFO: [ route_check ] --START--
INFO: CheckRoute Behavior ::run [ RunTime:0.002926s ]
INFO: [ route_check ] --END-- [ RunTime:0.002939s ]
INFO: [ app_begin ] --START--
INFO: ReadHtmlCache Behavior ::run [ RunTime:0.003140s ]
INFO: [ app_begin ] --END-- [ RunTime:0.003190s ]
SQL: SHOW COLUMNS FROM `lm_company` [ RunTime:0.009462s ]
SQL: SELECT * FROM `lm_company` WHERE ( `id` NOT IN ('1','2','3') )  [ RunTime:0.008770s ]
INFO: [ view_parse ] --START--
INFO: ParseTemplate Behavior ::run [ RunTime:0.042985s ]
INFO: [ view_parse ] --END-- [ RunTime:0.043828s ]
INFO: [ view_filter ] --START--
INFO: ContentReplace Behavior ::run [ RunTime:0.003554s ]
INFO: TokenBuild Behavior ::run [ RunTime:0.004534s ]
INFO: WriteHtmlCache Behavior ::run [ RunTime:0.002870s ]
INFO: ShowRuntime Behavior ::run [ RunTime:0.005868s ]
INFO: [ view_filter ] --END-- [ RunTime:0.017134s ]
INFO: [ view_end ] --START--
INFO: ShowPageTrace Behavior ::run [ RunTime:0.010059s ]
INFO: [ view_end ] --END-- [ RunTime:0.010803s ]

[ 2014-04-01T14:14:20+08:00 ] 127.0.0.1 /longma/admin.php/Web/addcase
INFO: [ route_check ] --START--
INFO: CheckRoute Behavior ::run [ RunTime:0.001145s ]
INFO: [ route_check ] --END-- [ RunTime:0.001278s ]
INFO: [ app_begin ] --START--
INFO: ReadHtmlCache Behavior ::run [ RunTime:0.000885s ]
INFO: [ app_begin ] --END-- [ RunTime:0.000967s ]
SQL: SHOW COLUMNS FROM `lm_sclass` [ RunTime:0.004043s ]
SQL: SELECT * FROM `lm_sclass`  [ RunTime:0.002880s ]
INFO: [ view_parse ] --START--
INFO: ParseTemplate Behavior ::run [ RunTime:0.041417s ]
INFO: [ view_parse ] --END-- [ RunTime:0.041656s ]
INFO: [ view_filter ] --START--
INFO: ContentReplace Behavior ::run [ RunTime:0.003062s ]
INFO: TokenBuild Behavior ::run [ RunTime:0.004160s ]
INFO: WriteHtmlCache Behavior ::run [ RunTime:0.003016s ]
INFO: ShowRuntime Behavior ::run [ RunTime:0.003310s ]
INFO: [ view_filter ] --END-- [ RunTime:0.013775s ]
INFO: [ view_end ] --START--
INFO: ShowPageTrace Behavior ::run [ RunTime:0.009728s ]
INFO: [ view_end ] --END-- [ RunTime:0.009828s ]

[ 2014-04-01T14:19:12+08:00 ] 127.0.0.1 /longma/admin.php/
INFO: [ route_check ] --START--
INFO: CheckRoute Behavior ::run [ RunTime:0.000978s ]
INFO: [ route_check ] --END-- [ RunTime:0.002928s ]
INFO: [ app_begin ] --START--
INFO: ReadHtmlCache Behavior ::run [ RunTime:0.002258s ]
INFO: [ app_begin ] --END-- [ RunTime:0.002382s ]
INFO: [ view_parse ] --START--
NOTIC: [8] Undefined variable: stat C:\AppServ\www\longma\admin\Runtime\Cache\4c18d5952d0dbf1eedb8a1ec796fa788.php 第 131 行.
NOTIC: [8] Undefined variable: stat C:\AppServ\www\longma\admin\Runtime\Cache\4c18d5952d0dbf1eedb8a1ec796fa788.php 第 139 行.
NOTIC: [8] Undefined variable: stat C:\AppServ\www\longma\admin\Runtime\Cache\4c18d5952d0dbf1eedb8a1ec796fa788.php 第 147 行.
NOTIC: [8] Undefined variable: stat C:\AppServ\www\longma\admin\Runtime\Cache\4c18d5952d0dbf1eedb8a1ec796fa788.php 第 171 行.
NOTIC: [8] Undefined variable: stat C:\AppServ\www\longma\admin\Runtime\Cache\4c18d5952d0dbf1eedb8a1ec796fa788.php 第 172 行.
NOTIC: [8] Undefined variable: stat C:\AppServ\www\longma\admin\Runtime\Cache\4c18d5952d0dbf1eedb8a1ec796fa788.php 第 174 行.
NOTIC: [8] Undefined variable: stat C:\AppServ\www\longma\admin\Runtime\Cache\4c18d5952d0dbf1eedb8a1ec796fa788.php 第 175 行.
NOTIC: [8] Undefined variable: stat C:\AppServ\www\longma\admin\Runtime\Cache\4c18d5952d0dbf1eedb8a1ec796fa788.php 第 176 行.
NOTIC: [8] Undefined variable: log C:\AppServ\www\longma\admin\Runtime\Cache\4c18d5952d0dbf1eedb8a1ec796fa788.php 第 197 行.
NOTIC: [8] Undefined variable: sysinfo C:\AppServ\www\longma\admin\Runtime\Cache\4c18d5952d0dbf1eedb8a1ec796fa788.php 第 213 行.
NOTIC: [8] Undefined variable: sysinfo C:\AppServ\www\longma\admin\Runtime\Cache\4c18d5952d0dbf1eedb8a1ec796fa788.php 第 213 行.
NOTIC: [8] Undefined variable: sysinfo C:\AppServ\www\longma\admin\Runtime\Cache\4c18d5952d0dbf1eedb8a1ec796fa788.php 第 217 行.
NOTIC: [8] Undefined variable: sysinfo C:\AppServ\www\longma\admin\Runtime\Cache\4c18d5952d0dbf1eedb8a1ec796fa788.php 第 221 行.
INFO: ParseTemplate Behavior ::run [ RunTime:0.044662s ]
INFO: [ view_parse ] --END-- [ RunTime:0.045556s ]
INFO: [ view_filter ] --START--
INFO: ContentReplace Behavior ::run [ RunTime:0.001485s ]
INFO: TokenBuild Behavior ::run [ RunTime:0.002601s ]
INFO: WriteHtmlCache Behavior ::run [ RunTime:0.001619s ]
INFO: ShowRuntime Behavior ::run [ RunTime:0.001770s ]
INFO: [ view_filter ] --END-- [ RunTime:0.008379s ]
INFO: [ view_end ] --START--
INFO: ShowPageTrace Behavior ::run [ RunTime:0.008403s ]
INFO: [ view_end ] --END-- [ RunTime:0.008789s ]

[ 2014-04-01T14:19:20+08:00 ] 127.0.0.1 /longma/admin.php/Web/casel
INFO: [ route_check ] --START--
INFO: CheckRoute Behavior ::run [ RunTime:0.001062s ]
INFO: [ route_check ] --END-- [ RunTime:0.002074s ]
INFO: [ app_begin ] --START--
INFO: ReadHtmlCache Behavior ::run [ RunTime:0.000716s ]
INFO: [ app_begin ] --END-- [ RunTime:0.000792s ]
SQL: SHOW COLUMNS FROM `lm_company` [ RunTime:0.005600s ]
SQL: SELECT * FROM `lm_company` WHERE ( `id` NOT IN ('1','2','3') )  [ RunTime:0.002329s ]
INFO: [ view_parse ] --START--
INFO: ParseTemplate Behavior ::run [ RunTime:0.023250s ]
INFO: [ view_parse ] --END-- [ RunTime:0.023636s ]
INFO: [ view_filter ] --START--
INFO: ContentReplace Behavior ::run [ RunTime:0.000674s ]
INFO: TokenBuild Behavior ::run [ RunTime:0.002421s ]
INFO: WriteHtmlCache Behavior ::run [ RunTime:0.000415s ]
INFO: ShowRuntime Behavior ::run [ RunTime:0.000961s ]
INFO: [ view_filter ] --END-- [ RunTime:0.004692s ]
INFO: [ view_end ] --START--
INFO: ShowPageTrace Behavior ::run [ RunTime:0.000223s ]
INFO: [ view_end ] --END-- [ RunTime:0.000370s ]

[ 2014-04-01T14:19:21+08:00 ] 127.0.0.1 /longma/admin.php/Web/addcase
INFO: [ route_check ] --START--
INFO: CheckRoute Behavior ::run [ RunTime:0.000877s ]
INFO: [ route_check ] --END-- [ RunTime:0.001019s ]
INFO: [ app_begin ] --START--
INFO: ReadHtmlCache Behavior ::run [ RunTime:0.000045s ]
INFO: [ app_begin ] --END-- [ RunTime:0.000116s ]
SQL: SHOW COLUMNS FROM `lm_sclass` [ RunTime:0.003737s ]
SQL: SELECT * FROM `lm_sclass`  [ RunTime:0.002556s ]
INFO: [ view_parse ] --START--
INFO: ParseTemplate Behavior ::run [ RunTime:0.033543s ]
INFO: [ view_parse ] --END-- [ RunTime:0.033733s ]
INFO: [ view_filter ] --START--
INFO: ContentReplace Behavior ::run [ RunTime:0.000747s ]
INFO: TokenBuild Behavior ::run [ RunTime:0.000621s ]
INFO: WriteHtmlCache Behavior ::run [ RunTime:0.000398s ]
INFO: ShowRuntime Behavior ::run [ RunTime:0.000906s ]
INFO: [ view_filter ] --END-- [ RunTime:0.002890s ]
INFO: [ view_end ] --START--
INFO: ShowPageTrace Behavior ::run [ RunTime:0.000833s ]
INFO: [ view_end ] --END-- [ RunTime:0.000928s ]

[ 2014-04-01T14:25:16+08:00 ] 127.0.0.1 /longma/admin.php/
INFO: [ route_check ] --START--
INFO: CheckRoute Behavior ::run [ RunTime:0.002624s ]
INFO: [ route_check ] --END-- [ RunTime:0.002943s ]
INFO: [ app_begin ] --START--
INFO: ReadHtmlCache Behavior ::run [ RunTime:0.001966s ]
INFO: [ app_begin ] --END-- [ RunTime:0.002059s ]
INFO: [ view_parse ] --START--
NOTIC: [8] Undefined variable: stat C:\AppServ\www\longma\admin\Runtime\Cache\4c18d5952d0dbf1eedb8a1ec796fa788.php 第 131 行.
NOTIC: [8] Undefined variable: stat C:\AppServ\www\longma\admin\Runtime\Cache\4c18d5952d0dbf1eedb8a1ec796fa788.php 第 139 行.
NOTIC: [8] Undefined variable: stat C:\AppServ\www\longma\admin\Runtime\Cache\4c18d5952d0dbf1eedb8a1ec796fa788.php 第 147 行.
NOTIC: [8] Undefined variable: stat C:\AppServ\www\longma\admin\Runtime\Cache\4c18d5952d0dbf1eedb8a1ec796fa788.php 第 171 行.
NOTIC: [8] Undefined variable: stat C:\AppServ\www\longma\admin\Runtime\Cache\4c18d5952d0dbf1eedb8a1ec796fa788.php 第 172 行.
NOTIC: [8] Undefined variable: stat C:\AppServ\www\longma\admin\Runtime\Cache\4c18d5952d0dbf1eedb8a1ec796fa788.php 第 174 行.
NOTIC: [8] Undefined variable: stat C:\AppServ\www\longma\admin\Runtime\Cache\4c18d5952d0dbf1eedb8a1ec796fa788.php 第 175 行.
NOTIC: [8] Undefined variable: stat C:\AppServ\www\longma\admin\Runtime\Cache\4c18d5952d0dbf1eedb8a1ec796fa788.php 第 176 行.
NOTIC: [8] Undefined variable: log C:\AppServ\www\longma\admin\Runtime\Cache\4c18d5952d0dbf1eedb8a1ec796fa788.php 第 197 行.
NOTIC: [8] Undefined variable: sysinfo C:\AppServ\www\longma\admin\Runtime\Cache\4c18d5952d0dbf1eedb8a1ec796fa788.php 第 213 行.
NOTIC: [8] Undefined variable: sysinfo C:\AppServ\www\longma\admin\Runtime\Cache\4c18d5952d0dbf1eedb8a1ec796fa788.php 第 213 行.
NOTIC: [8] Undefined variable: sysinfo C:\AppServ\www\longma\admin\Runtime\Cache\4c18d5952d0dbf1eedb8a1ec796fa788.php 第 217 行.
NOTIC: [8] Undefined variable: sysinfo C:\AppServ\www\longma\admin\Runtime\Cache\4c18d5952d0dbf1eedb8a1ec796fa788.php 第 221 行.
INFO: ParseTemplate Behavior ::run [ RunTime:0.038860s ]
INFO: [ view_parse ] --END-- [ RunTime:0.039905s ]
INFO: [ view_filter ] --START--
INFO: ContentReplace Behavior ::run [ RunTime:0.002665s ]
INFO: TokenBuild Behavior ::run [ RunTime:0.002144s ]
INFO: WriteHtmlCache Behavior ::run [ RunTime:0.001706s ]
INFO: ShowRuntime Behavior ::run [ RunTime:0.002585s ]
INFO: [ view_filter ] --END-- [ RunTime:0.009326s ]
INFO: [ view_end ] --START--
INFO: ShowPageTrace Behavior ::run [ RunTime:0.018810s ]
INFO: [ view_end ] --END-- [ RunTime:0.018965s ]

[ 2014-04-01T14:25:19+08:00 ] 127.0.0.1 /longma/admin.php/Web/casel
INFO: [ route_check ] --START--
INFO: CheckRoute Behavior ::run [ RunTime:0.000294s ]
INFO: [ route_check ] --END-- [ RunTime:0.000417s ]
INFO: [ app_begin ] --START--
INFO: ReadHtmlCache Behavior ::run [ RunTime:0.000730s ]
INFO: [ app_begin ] --END-- [ RunTime:0.000806s ]
SQL: SHOW COLUMNS FROM `lm_company` [ RunTime:0.004931s ]
SQL: SELECT * FROM `lm_company` WHERE ( `id` NOT IN ('1','2','3') )  [ RunTime:0.001342s ]
INFO: [ view_parse ] --START--
INFO: ParseTemplate Behavior ::run [ RunTime:0.021620s ]
INFO: [ view_parse ] --END-- [ RunTime:0.021773s ]
INFO: [ view_filter ] --START--
INFO: ContentReplace Behavior ::run [ RunTime:0.000073s ]
INFO: TokenBuild Behavior ::run [ RunTime:0.000712s ]
INFO: WriteHtmlCache Behavior ::run [ RunTime:0.000450s ]
INFO: ShowRuntime Behavior ::run [ RunTime:0.000647s ]
INFO: [ view_filter ] --END-- [ RunTime:0.002954s ]
INFO: [ view_end ] --START--
INFO: ShowPageTrace Behavior ::run [ RunTime:0.001172s ]
INFO: [ view_end ] --END-- [ RunTime:0.001277s ]

[ 2014-04-01T14:25:25+08:00 ] 127.0.0.1 /longma/admin.php/Web/updacase/id/4
INFO: [ route_check ] --START--
INFO: CheckRoute Behavior ::run [ RunTime:0.000114s ]
INFO: [ route_check ] --END-- [ RunTime:0.001448s ]
INFO: [ app_begin ] --START--
INFO: ReadHtmlCache Behavior ::run [ RunTime:0.000731s ]
INFO: [ app_begin ] --END-- [ RunTime:0.000863s ]
SQL: SHOW COLUMNS FROM `lm_company` [ RunTime:0.005662s ]
SQL: SHOW COLUMNS FROM `lm_sclass` [ RunTime:0.008341s ]
SQL: SELECT * FROM `lm_sclass`  [ RunTime:0.003788s ]
SQL: SELECT * FROM `lm_company` WHERE ( `id` = 4 ) LIMIT 1   [ RunTime:0.000463s ]
INFO: [ view_parse ] --START--
INFO: ParseTemplate Behavior ::run [ RunTime:0.026992s ]
INFO: [ view_parse ] --END-- [ RunTime:0.027189s ]
INFO: [ view_filter ] --START--
INFO: ContentReplace Behavior ::run [ RunTime:0.000574s ]
INFO: TokenBuild Behavior ::run [ RunTime:0.000537s ]
INFO: WriteHtmlCache Behavior ::run [ RunTime:0.000351s ]
INFO: ShowRuntime Behavior ::run [ RunTime:0.000609s ]
INFO: [ view_filter ] --END-- [ RunTime:0.002259s ]
INFO: [ view_end ] --START--
INFO: ShowPageTrace Behavior ::run [ RunTime:0.003323s ]
INFO: [ view_end ] --END-- [ RunTime:0.003423s ]

[ 2014-04-01T14:26:15+08:00 ] 127.0.0.1 /longma/admin.php/Web/savecase/id/4
INFO: [ route_check ] --START--
INFO: CheckRoute Behavior ::run [ RunTime:0.001121s ]
INFO: [ route_check ] --END-- [ RunTime:0.001232s ]
INFO: [ app_begin ] --START--
INFO: ReadHtmlCache Behavior ::run [ RunTime:0.001449s ]
INFO: [ app_begin ] --END-- [ RunTime:0.001554s ]
SQL: SHOW COLUMNS FROM `lm_company` [ RunTime:0.005909s ]
NOTIC: [8] Undefined variable: i C:\AppServ\www\longma\admin\Lib\Action\WebAction.class.php 第 115 行.
NOTIC: [8] Undefined variable: pic C:\AppServ\www\longma\admin\Lib\Action\WebAction.class.php 第 115 行.
SQL: UPDATE `lm_company` SET `title`='设计应用一',`lowertitle`='设计应用一',`outline`='设计应用一',`pid`=1,`content`='<p>设计应一<iframe class=\"ueditor_baidumap\" src=\"http://localhost/longma/Public/ueditor/dialogs/map/show.html#center=116.230254,40.223046&zoom=14&width=530&height=340&markers=116.238159,40.22558&markerStyles=l,A\" frameborder=\"0\" height=\"344\" width=\"534\"></iframe></p>' WHERE ( `id` = 4 ) [ RunTime:0.006030s ]
INFO: [ view_parse ] --START--
INFO: ParseTemplate Behavior ::run [ RunTime:0.013069s ]
INFO: [ view_parse ] --END-- [ RunTime:0.013245s ]
INFO: [ view_filter ] --START--
INFO: ContentReplace Behavior ::run [ RunTime:0.000532s ]
INFO: TokenBuild Behavior ::run [ RunTime:0.000549s ]
INFO: WriteHtmlCache Behavior ::run [ RunTime:0.000370s ]
INFO: ShowRuntime Behavior ::run [ RunTime:0.000682s ]
INFO: [ view_filter ] --END-- [ RunTime:0.002349s ]
INFO: [ view_end ] --START--
INFO: ShowPageTrace Behavior ::run [ RunTime:0.000790s ]
INFO: [ view_end ] --END-- [ RunTime:0.000891s ]

[ 2014-04-01T14:26:17+08:00 ] 127.0.0.1 /longma/admin.php/Web/updacase/id/4
INFO: [ route_check ] --START--
INFO: CheckRoute Behavior ::run [ RunTime:0.001035s ]
INFO: [ route_check ] --END-- [ RunTime:0.001171s ]
INFO: [ app_begin ] --START--
INFO: ReadHtmlCache Behavior ::run [ RunTime:0.000030s ]
INFO: [ app_begin ] --END-- [ RunTime:0.000088s ]
SQL: SHOW COLUMNS FROM `lm_company` [ RunTime:0.005767s ]
SQL: SHOW COLUMNS FROM `lm_sclass` [ RunTime:0.004749s ]
SQL: SELECT * FROM `lm_sclass`  [ RunTime:0.002998s ]
SQL: SELECT * FROM `lm_company` WHERE ( `id` = 4 ) LIMIT 1   [ RunTime:0.000943s ]
INFO: [ view_parse ] --START--
INFO: ParseTemplate Behavior ::run [ RunTime:0.024951s ]
INFO: [ view_parse ] --END-- [ RunTime:0.025103s ]
INFO: [ view_filter ] --START--
INFO: ContentReplace Behavior ::run [ RunTime:0.000598s ]
INFO: TokenBuild Behavior ::run [ RunTime:0.000495s ]
INFO: WriteHtmlCache Behavior ::run [ RunTime:0.000380s ]
INFO: ShowRuntime Behavior ::run [ RunTime:0.000604s ]
INFO: [ view_filter ] --END-- [ RunTime:0.002271s ]
INFO: [ view_end ] --START--
INFO: ShowPageTrace Behavior ::run [ RunTime:0.001021s ]
INFO: [ view_end ] --END-- [ RunTime:0.001119s ]

[ 2014-04-01T14:26:21+08:00 ] 127.0.0.1 /longma/admin.php/Web/casel
INFO: [ route_check ] --START--
INFO: CheckRoute Behavior ::run [ RunTime:0.001883s ]
INFO: [ route_check ] --END-- [ RunTime:0.002150s ]
INFO: [ app_begin ] --START--
INFO: ReadHtmlCache Behavior ::run [ RunTime:0.001070s ]
INFO: [ app_begin ] --END-- [ RunTime:0.001164s ]
SQL: SHOW COLUMNS FROM `lm_company` [ RunTime:0.005302s ]
SQL: SELECT * FROM `lm_company` WHERE ( `id` NOT IN ('1','2','3') )  [ RunTime:0.001344s ]
INFO: [ view_parse ] --START--
INFO: ParseTemplate Behavior ::run [ RunTime:0.022102s ]
INFO: [ view_parse ] --END-- [ RunTime:0.022251s ]
INFO: [ view_filter ] --START--
INFO: ContentReplace Behavior ::run [ RunTime:0.000701s ]
INFO: TokenBuild Behavior ::run [ RunTime:0.000511s ]
INFO: WriteHtmlCache Behavior ::run [ RunTime:0.000374s ]
INFO: ShowRuntime Behavior ::run [ RunTime:0.000660s ]
INFO: [ view_filter ] --END-- [ RunTime:0.002437s ]
INFO: [ view_end ] --START--
INFO: ShowPageTrace Behavior ::run [ RunTime:0.001392s ]
INFO: [ view_end ] --END-- [ RunTime:0.001471s ]

